2025-05-14 16:49:13,156 Epoch 1/500
2025-05-14 16:52:32,651 Current Learning Rate: 0.0009999901
2025-05-14 16:52:32,741 Train Loss: 0.0146494, Val Loss: 0.0075079
2025-05-14 16:52:32,741 Epoch 2/500
2025-05-14 16:55:51,208 Current Learning Rate: 0.0009999605
2025-05-14 16:55:51,300 Train Loss: 0.0053854, Val Loss: 0.0057288
2025-05-14 16:55:51,300 Epoch 3/500
2025-05-14 16:59:09,855 Current Learning Rate: 0.0009999112
2025-05-14 16:59:09,856 Train Loss: 0.0042502, Val Loss: 0.0059786
2025-05-14 16:59:09,856 Epoch 4/500
2025-05-14 17:02:28,733 Current Learning Rate: 0.0009998421
2025-05-14 17:02:28,862 Train Loss: 0.0035074, Val Loss: 0.0050700
2025-05-14 17:02:28,862 Epoch 5/500
2025-05-14 17:05:47,932 Current Learning Rate: 0.0009997533
2025-05-14 17:05:47,933 Train Loss: 0.0029147, Val Loss: 0.0053379
2025-05-14 17:05:47,933 Epoch 6/500
2025-05-14 17:09:07,547 Current Learning Rate: 0.0009996447
2025-05-14 17:09:07,548 Train Loss: 0.0024355, Val Loss: 0.0057925
2025-05-14 17:09:07,548 Epoch 7/500
2025-05-14 17:12:27,750 Current Learning Rate: 0.0009995165
2025-05-14 17:12:27,751 Train Loss: 0.0020542, Val Loss: 0.0051339
2025-05-14 17:12:27,751 Epoch 8/500
2025-05-14 17:15:48,478 Current Learning Rate: 0.0009993685
2025-05-14 17:15:48,479 Train Loss: 0.0017623, Val Loss: 0.0052084
2025-05-14 17:15:48,479 Epoch 9/500
2025-05-14 17:19:08,988 Current Learning Rate: 0.0009992008
2025-05-14 17:19:08,989 Train Loss: 0.0015306, Val Loss: 0.0051996
2025-05-14 17:19:08,989 Epoch 10/500
2025-05-14 17:22:29,245 Current Learning Rate: 0.0009990134
2025-05-14 17:22:29,245 Train Loss: 0.0013698, Val Loss: 0.0050805
2025-05-14 17:22:29,245 Epoch 11/500
2025-05-14 17:25:49,465 Current Learning Rate: 0.0009988063
2025-05-14 17:25:49,465 Train Loss: 0.0012485, Val Loss: 0.0052269
2025-05-14 17:25:49,465 Epoch 12/500
2025-05-14 17:29:10,105 Current Learning Rate: 0.0009985795
2025-05-14 17:29:10,105 Train Loss: 0.0011579, Val Loss: 0.0051977
2025-05-14 17:29:10,105 Epoch 13/500
2025-05-14 17:32:30,158 Current Learning Rate: 0.0009983330
2025-05-14 17:32:30,158 Train Loss: 0.0010696, Val Loss: 0.0053921
2025-05-14 17:32:30,159 Epoch 14/500
2025-05-14 17:35:50,109 Current Learning Rate: 0.0009980668
2025-05-14 17:35:50,109 Train Loss: 0.0010371, Val Loss: 0.0050857
2025-05-14 17:35:50,109 Epoch 15/500
2025-05-14 17:39:10,529 Current Learning Rate: 0.0009977810
2025-05-14 17:39:10,633 Train Loss: 0.0009551, Val Loss: 0.0049077
2025-05-14 17:39:10,634 Epoch 16/500
2025-05-14 17:42:30,937 Current Learning Rate: 0.0009974755
2025-05-14 17:42:30,938 Train Loss: 0.0008996, Val Loss: 0.0052018
2025-05-14 17:42:30,938 Epoch 17/500
2025-05-14 17:45:50,830 Current Learning Rate: 0.0009971504
2025-05-14 17:45:50,831 Train Loss: 0.0008573, Val Loss: 0.0050879
2025-05-14 17:45:50,831 Epoch 18/500
2025-05-14 17:49:11,111 Current Learning Rate: 0.0009968057
2025-05-14 17:49:11,112 Train Loss: 0.0008293, Val Loss: 0.0049875
2025-05-14 17:49:11,112 Epoch 19/500
2025-05-14 17:52:31,069 Current Learning Rate: 0.0009964413
2025-05-14 17:52:31,070 Train Loss: 0.0007888, Val Loss: 0.0049765
2025-05-14 17:52:31,070 Epoch 20/500
2025-05-14 17:55:50,576 Current Learning Rate: 0.0009960574
2025-05-14 17:55:50,576 Train Loss: 0.0007592, Val Loss: 0.0052795
2025-05-14 17:55:50,576 Epoch 21/500
2025-05-14 17:59:09,992 Current Learning Rate: 0.0009956538
2025-05-14 17:59:09,993 Train Loss: 0.0007253, Val Loss: 0.0051283
2025-05-14 17:59:09,994 Epoch 22/500
2025-05-14 18:02:29,322 Current Learning Rate: 0.0009952307
2025-05-14 18:02:29,413 Train Loss: 0.0007122, Val Loss: 0.0048964
2025-05-14 18:02:29,413 Epoch 23/500
2025-05-14 18:05:48,967 Current Learning Rate: 0.0009947881
2025-05-14 18:05:48,968 Train Loss: 0.0006804, Val Loss: 0.0051807
2025-05-14 18:05:48,968 Epoch 24/500
2025-05-14 18:09:08,271 Current Learning Rate: 0.0009943259
2025-05-14 18:09:08,272 Train Loss: 0.0006602, Val Loss: 0.0049120
2025-05-14 18:09:08,272 Epoch 25/500
2025-05-14 18:12:27,722 Current Learning Rate: 0.0009938442
2025-05-14 18:12:27,722 Train Loss: 0.0006429, Val Loss: 0.0051206
2025-05-14 18:12:27,723 Epoch 26/500
2025-05-14 18:15:47,236 Current Learning Rate: 0.0009933430
2025-05-14 18:15:47,237 Train Loss: 0.0006224, Val Loss: 0.0049571
2025-05-14 18:15:47,237 Epoch 27/500
2025-05-14 18:19:06,753 Current Learning Rate: 0.0009928223
2025-05-14 18:19:06,754 Train Loss: 0.0006091, Val Loss: 0.0049251
2025-05-14 18:19:06,754 Epoch 28/500
2025-05-14 18:22:25,917 Current Learning Rate: 0.0009922822
2025-05-14 18:22:25,918 Train Loss: 0.0005892, Val Loss: 0.0048967
2025-05-14 18:22:25,918 Epoch 29/500
2025-05-14 18:25:45,305 Current Learning Rate: 0.0009917226
2025-05-14 18:25:45,398 Train Loss: 0.0005853, Val Loss: 0.0048527
2025-05-14 18:25:45,399 Epoch 30/500
2025-05-14 18:29:04,648 Current Learning Rate: 0.0009911436
2025-05-14 18:29:04,648 Train Loss: 0.0005589, Val Loss: 0.0050119
2025-05-14 18:29:04,648 Epoch 31/500
2025-05-14 18:32:24,197 Current Learning Rate: 0.0009905453
2025-05-14 18:32:24,197 Train Loss: 0.0005606, Val Loss: 0.0049480
2025-05-14 18:32:24,198 Epoch 32/500
2025-05-14 18:35:43,586 Current Learning Rate: 0.0009899275
2025-05-14 18:35:43,586 Train Loss: 0.0005421, Val Loss: 0.0048560
2025-05-14 18:35:43,586 Epoch 33/500
2025-05-14 18:39:02,916 Current Learning Rate: 0.0009892905
2025-05-14 18:39:02,917 Train Loss: 0.0005258, Val Loss: 0.0049058
2025-05-14 18:39:02,917 Epoch 34/500
2025-05-14 18:42:22,414 Current Learning Rate: 0.0009886341
2025-05-14 18:42:22,415 Train Loss: 0.0005121, Val Loss: 0.0051542
2025-05-14 18:42:22,416 Epoch 35/500
2025-05-14 18:45:41,520 Current Learning Rate: 0.0009879584
2025-05-14 18:45:41,521 Train Loss: 0.0005142, Val Loss: 0.0049985
2025-05-14 18:45:41,521 Epoch 36/500
2025-05-14 18:49:00,868 Current Learning Rate: 0.0009872634
2025-05-14 18:49:00,869 Train Loss: 0.0004934, Val Loss: 0.0049866
2025-05-14 18:49:00,870 Epoch 37/500
2025-05-14 18:52:20,443 Current Learning Rate: 0.0009865493
2025-05-14 18:52:20,444 Train Loss: 0.0004889, Val Loss: 0.0049647
2025-05-14 18:52:20,445 Epoch 38/500
2025-05-14 18:55:39,932 Current Learning Rate: 0.0009858159
2025-05-14 18:55:39,933 Train Loss: 0.0004861, Val Loss: 0.0048620
2025-05-14 18:55:39,933 Epoch 39/500
2025-05-14 18:58:59,473 Current Learning Rate: 0.0009850633
2025-05-14 18:58:59,474 Train Loss: 0.0004749, Val Loss: 0.0049566
2025-05-14 18:58:59,475 Epoch 40/500
2025-05-14 19:02:18,941 Current Learning Rate: 0.0009842916
2025-05-14 19:02:18,942 Train Loss: 0.0004595, Val Loss: 0.0050484
2025-05-14 19:02:18,943 Epoch 41/500
2025-05-14 19:05:38,336 Current Learning Rate: 0.0009835007
2025-05-14 19:05:38,466 Train Loss: 0.0004543, Val Loss: 0.0048811
2025-05-14 19:05:38,467 Epoch 42/500
2025-05-14 19:08:58,115 Current Learning Rate: 0.0009826908
2025-05-14 19:08:58,116 Train Loss: 0.0004462, Val Loss: 0.0049081
2025-05-14 19:08:58,116 Epoch 43/500
2025-05-14 19:12:17,707 Current Learning Rate: 0.0009818618
2025-05-14 19:12:17,707 Train Loss: 0.0004393, Val Loss: 0.0049095
2025-05-14 19:12:17,708 Epoch 44/500
2025-05-14 19:15:37,188 Current Learning Rate: 0.0009810138
2025-05-14 19:15:37,193 Train Loss: 0.0004342, Val Loss: 0.0049064
2025-05-14 19:15:37,193 Epoch 45/500
2025-05-14 19:18:56,739 Current Learning Rate: 0.0009801468
2025-05-14 19:18:56,740 Train Loss: 0.0004311, Val Loss: 0.0049271
2025-05-14 19:18:56,740 Epoch 46/500
2025-05-14 19:22:16,050 Current Learning Rate: 0.0009792609
2025-05-14 19:22:16,052 Train Loss: 0.0004217, Val Loss: 0.0049828
2025-05-14 19:22:16,052 Epoch 47/500
2025-05-14 19:25:35,595 Current Learning Rate: 0.0009783560
2025-05-14 19:25:35,596 Train Loss: 0.0004128, Val Loss: 0.0050209
2025-05-14 19:25:35,596 Epoch 48/500
2025-05-14 19:28:55,204 Current Learning Rate: 0.0009774323
2025-05-14 19:28:55,205 Train Loss: 0.0004126, Val Loss: 0.0048608
2025-05-14 19:28:55,205 Epoch 49/500
2025-05-14 19:32:14,622 Current Learning Rate: 0.0009764897
2025-05-14 19:32:14,623 Train Loss: 0.0004044, Val Loss: 0.0049013
2025-05-14 19:32:14,623 Epoch 50/500
2025-05-14 19:35:34,069 Current Learning Rate: 0.0009755283
2025-05-14 19:35:34,184 Saved periodic model at epoch 50 to /jizhicfs/easyluwu/ocean_project/NeurIPS_2025_wuhao/checkpoints/CNO_0511_McWilliams2d_epoch_50.pth
2025-05-14 19:35:34,184 Train Loss: 0.0003988, Val Loss: 0.0049594
2025-05-14 19:35:34,184 Epoch 51/500
2025-05-14 19:38:53,797 Current Learning Rate: 0.0009745481
2025-05-14 19:38:53,798 Train Loss: 0.0003894, Val Loss: 0.0050324
2025-05-14 19:38:53,798 Epoch 52/500
2025-05-14 19:42:13,275 Current Learning Rate: 0.0009735492
2025-05-14 19:42:13,275 Train Loss: 0.0003916, Val Loss: 0.0050329
2025-05-14 19:42:13,275 Epoch 53/500
2025-05-14 19:45:32,877 Current Learning Rate: 0.0009725315
2025-05-14 19:45:32,878 Train Loss: 0.0003831, Val Loss: 0.0049319
2025-05-14 19:45:32,878 Epoch 54/500
2025-05-14 19:48:52,442 Current Learning Rate: 0.0009714953
2025-05-14 19:48:52,443 Train Loss: 0.0003835, Val Loss: 0.0048685
2025-05-14 19:48:52,443 Epoch 55/500
2025-05-14 19:52:11,755 Current Learning Rate: 0.0009704404
2025-05-14 19:52:11,805 Train Loss: 0.0003705, Val Loss: 0.0049019
2025-05-14 19:52:11,806 Epoch 56/500
2025-05-14 19:55:31,449 Current Learning Rate: 0.0009693669
2025-05-14 19:55:31,450 Train Loss: 0.0003741, Val Loss: 0.0049126
2025-05-14 19:55:31,451 Epoch 57/500
2025-05-14 19:58:50,987 Current Learning Rate: 0.0009682749
2025-05-14 19:58:51,203 Train Loss: 0.0003611, Val Loss: 0.0048499
2025-05-14 19:58:51,203 Epoch 58/500
2025-05-14 20:02:10,908 Current Learning Rate: 0.0009671645
2025-05-14 20:02:10,908 Train Loss: 0.0003616, Val Loss: 0.0049039
2025-05-14 20:02:10,908 Epoch 59/500
2025-05-14 20:05:30,496 Current Learning Rate: 0.0009660356
2025-05-14 20:05:30,497 Train Loss: 0.0003522, Val Loss: 0.0049105
2025-05-14 20:05:30,497 Epoch 60/500
2025-05-14 20:08:50,277 Current Learning Rate: 0.0009648882
2025-05-14 20:08:50,376 Train Loss: 0.0003497, Val Loss: 0.0048471
2025-05-14 20:08:50,377 Epoch 61/500
2025-05-14 20:12:09,975 Current Learning Rate: 0.0009637226
2025-05-14 20:12:09,976 Train Loss: 0.0003508, Val Loss: 0.0048570
2025-05-14 20:12:09,976 Epoch 62/500
2025-05-14 20:15:29,621 Current Learning Rate: 0.0009625386
2025-05-14 20:15:29,854 Train Loss: 0.0003457, Val Loss: 0.0049547
2025-05-14 20:15:29,855 Epoch 63/500
2025-05-14 20:18:49,273 Current Learning Rate: 0.0009613364
2025-05-14 20:18:49,274 Train Loss: 0.0003416, Val Loss: 0.0048744
2025-05-14 20:18:49,274 Epoch 64/500
2025-05-14 20:22:08,601 Current Learning Rate: 0.0009601159
2025-05-14 20:22:08,705 Train Loss: 0.0003385, Val Loss: 0.0048221
2025-05-14 20:22:08,705 Epoch 65/500
2025-05-14 20:25:28,026 Current Learning Rate: 0.0009588773
2025-05-14 20:25:28,027 Train Loss: 0.0003280, Val Loss: 0.0048776
2025-05-14 20:25:28,027 Epoch 66/500
2025-05-14 20:28:47,532 Current Learning Rate: 0.0009576206
2025-05-14 20:28:47,532 Train Loss: 0.0003294, Val Loss: 0.0048405
2025-05-14 20:28:47,533 Epoch 67/500
2025-05-14 20:32:07,068 Current Learning Rate: 0.0009563458
2025-05-14 20:32:07,068 Train Loss: 0.0003287, Val Loss: 0.0049079
2025-05-14 20:32:07,069 Epoch 68/500
2025-05-14 20:35:26,667 Current Learning Rate: 0.0009550530
2025-05-14 20:35:26,667 Train Loss: 0.0003209, Val Loss: 0.0049200
2025-05-14 20:35:26,668 Epoch 69/500
2025-05-14 20:38:46,108 Current Learning Rate: 0.0009537422
2025-05-14 20:38:46,109 Train Loss: 0.0003236, Val Loss: 0.0048511
2025-05-14 20:38:46,109 Epoch 70/500
2025-05-14 20:42:05,602 Current Learning Rate: 0.0009524135
2025-05-14 20:42:05,603 Train Loss: 0.0003117, Val Loss: 0.0048972
2025-05-14 20:42:05,603 Epoch 71/500
2025-05-14 20:45:25,279 Current Learning Rate: 0.0009510670
2025-05-14 20:45:25,280 Train Loss: 0.0003158, Val Loss: 0.0049279
2025-05-14 20:45:25,281 Epoch 72/500
2025-05-14 20:48:44,881 Current Learning Rate: 0.0009497026
2025-05-14 20:48:44,882 Train Loss: 0.0003103, Val Loss: 0.0049142
2025-05-14 20:48:44,882 Epoch 73/500
2025-05-14 20:52:04,527 Current Learning Rate: 0.0009483205
2025-05-14 20:52:04,528 Train Loss: 0.0003069, Val Loss: 0.0049148
2025-05-14 20:52:04,528 Epoch 74/500
2025-05-14 20:55:24,235 Current Learning Rate: 0.0009469207
2025-05-14 20:55:24,249 Train Loss: 0.0003085, Val Loss: 0.0048427
2025-05-14 20:55:24,249 Epoch 75/500
2025-05-14 20:58:43,699 Current Learning Rate: 0.0009455033
2025-05-14 20:58:43,800 Train Loss: 0.0002996, Val Loss: 0.0048196
2025-05-14 20:58:43,800 Epoch 76/500
2025-05-14 21:02:03,351 Current Learning Rate: 0.0009440682
2025-05-14 21:02:03,351 Train Loss: 0.0002982, Val Loss: 0.0049288
2025-05-14 21:02:03,352 Epoch 77/500
2025-05-14 21:05:23,251 Current Learning Rate: 0.0009426157
2025-05-14 21:05:23,252 Train Loss: 0.0003052, Val Loss: 0.0049469
2025-05-14 21:05:23,252 Epoch 78/500
2025-05-14 21:08:43,011 Current Learning Rate: 0.0009411456
2025-05-14 21:08:43,012 Train Loss: 0.0002935, Val Loss: 0.0048525
2025-05-14 21:08:43,012 Epoch 79/500
2025-05-14 21:12:02,768 Current Learning Rate: 0.0009396582
2025-05-14 21:12:02,769 Train Loss: 0.0002928, Val Loss: 0.0048591
2025-05-14 21:12:02,769 Epoch 80/500
2025-05-14 21:15:22,528 Current Learning Rate: 0.0009381533
2025-05-14 21:15:22,529 Train Loss: 0.0002854, Val Loss: 0.0048624
2025-05-14 21:15:22,529 Epoch 81/500
2025-05-14 21:18:42,244 Current Learning Rate: 0.0009366312
2025-05-14 21:18:42,245 Train Loss: 0.0002864, Val Loss: 0.0048677
2025-05-14 21:18:42,246 Epoch 82/500
2025-05-14 21:22:01,864 Current Learning Rate: 0.0009350919
2025-05-14 21:22:01,865 Train Loss: 0.0002846, Val Loss: 0.0049591
2025-05-14 21:22:01,865 Epoch 83/500
2025-05-14 21:25:21,450 Current Learning Rate: 0.0009335354
2025-05-14 21:25:21,451 Train Loss: 0.0002840, Val Loss: 0.0048630
2025-05-14 21:25:21,452 Epoch 84/500
2025-05-14 21:28:40,806 Current Learning Rate: 0.0009319617
2025-05-14 21:28:40,807 Train Loss: 0.0002792, Val Loss: 0.0049010
2025-05-14 21:28:40,807 Epoch 85/500
2025-05-14 21:32:00,332 Current Learning Rate: 0.0009303710
2025-05-14 21:32:00,332 Train Loss: 0.0002830, Val Loss: 0.0049212
2025-05-14 21:32:00,333 Epoch 86/500
2025-05-14 21:35:19,794 Current Learning Rate: 0.0009287633
2025-05-14 21:35:19,795 Train Loss: 0.0002733, Val Loss: 0.0048810
2025-05-14 21:35:19,795 Epoch 87/500
2025-05-14 21:38:55,291 Current Learning Rate: 0.0009271387
2025-05-14 21:38:55,291 Train Loss: 0.0002749, Val Loss: 0.0049123
2025-05-14 21:38:55,291 Epoch 88/500
2025-05-14 21:42:38,016 Current Learning Rate: 0.0009254972
2025-05-14 21:42:38,016 Train Loss: 0.0002702, Val Loss: 0.0049081
2025-05-14 21:42:38,016 Epoch 89/500
2025-05-14 21:46:22,627 Current Learning Rate: 0.0009238390
2025-05-14 21:46:22,627 Train Loss: 0.0002695, Val Loss: 0.0049268
2025-05-14 21:46:22,627 Epoch 90/500
2025-05-14 21:50:07,026 Current Learning Rate: 0.0009221640
2025-05-14 21:50:07,027 Train Loss: 0.0002679, Val Loss: 0.0048814
2025-05-14 21:50:07,027 Epoch 91/500
2025-05-14 21:53:51,670 Current Learning Rate: 0.0009204723
2025-05-14 21:53:51,671 Train Loss: 0.0002651, Val Loss: 0.0048637
2025-05-14 21:53:51,671 Epoch 92/500
2025-05-14 21:57:15,982 Current Learning Rate: 0.0009187640
2025-05-14 21:57:15,983 Train Loss: 0.0002606, Val Loss: 0.0049141
2025-05-14 21:57:15,983 Epoch 93/500
2025-05-14 22:00:36,547 Current Learning Rate: 0.0009170392
2025-05-14 22:00:36,548 Train Loss: 0.0002624, Val Loss: 0.0048998
2025-05-14 22:00:36,548 Epoch 94/500
2025-05-14 22:03:57,175 Current Learning Rate: 0.0009152979
2025-05-14 22:03:57,176 Train Loss: 0.0002599, Val Loss: 0.0049449
2025-05-14 22:03:57,176 Epoch 95/500
2025-05-14 22:07:23,026 Current Learning Rate: 0.0009135403
2025-05-14 22:07:23,027 Train Loss: 0.0002602, Val Loss: 0.0050394
2025-05-14 22:07:23,027 Epoch 96/500
2025-05-14 22:10:47,757 Current Learning Rate: 0.0009117663
2025-05-14 22:10:47,757 Train Loss: 0.0002543, Val Loss: 0.0050090
2025-05-14 22:10:47,758 Epoch 97/500
2025-05-14 22:14:07,821 Current Learning Rate: 0.0009099761
2025-05-14 22:14:07,822 Train Loss: 0.0002554, Val Loss: 0.0049157
2025-05-14 22:14:07,822 Epoch 98/500
2025-05-14 22:17:28,108 Current Learning Rate: 0.0009081696
2025-05-14 22:17:28,108 Train Loss: 0.0002537, Val Loss: 0.0048521
2025-05-14 22:17:28,109 Epoch 99/500
2025-05-14 22:20:48,339 Current Learning Rate: 0.0009063471
2025-05-14 22:20:48,339 Train Loss: 0.0002490, Val Loss: 0.0048671
2025-05-14 22:20:48,340 Epoch 100/500
2025-05-14 22:24:10,348 Current Learning Rate: 0.0009045085
2025-05-14 22:24:10,445 Saved periodic model at epoch 100 to /jizhicfs/easyluwu/ocean_project/NeurIPS_2025_wuhao/checkpoints/CNO_0511_McWilliams2d_epoch_100.pth
2025-05-14 22:24:10,445 Train Loss: 0.0002496, Val Loss: 0.0049031
2025-05-14 22:24:10,445 Epoch 101/500
2025-05-14 22:27:38,736 Current Learning Rate: 0.0009026539
2025-05-14 22:27:38,737 Train Loss: 0.0002460, Val Loss: 0.0049525
2025-05-14 22:27:38,737 Epoch 102/500
2025-05-14 22:30:58,456 Current Learning Rate: 0.0009007835
2025-05-14 22:30:58,458 Train Loss: 0.0002465, Val Loss: 0.0049327
2025-05-14 22:30:58,462 Epoch 103/500
2025-05-14 22:34:18,716 Current Learning Rate: 0.0008988972
2025-05-14 22:34:18,717 Train Loss: 0.0002460, Val Loss: 0.0048764
2025-05-14 22:34:18,718 Epoch 104/500
2025-05-14 22:37:56,714 Current Learning Rate: 0.0008969952
2025-05-14 22:37:56,715 Train Loss: 0.0002413, Val Loss: 0.0049477
2025-05-14 22:37:56,715 Epoch 105/500
2025-05-14 22:41:27,501 Current Learning Rate: 0.0008950775
2025-05-14 22:41:27,501 Train Loss: 0.0002408, Val Loss: 0.0048984
2025-05-14 22:41:27,501 Epoch 106/500
2025-05-14 22:44:47,546 Current Learning Rate: 0.0008931442
2025-05-14 22:44:47,546 Train Loss: 0.0002405, Val Loss: 0.0049588
2025-05-14 22:44:47,547 Epoch 107/500
2025-05-14 22:48:31,340 Current Learning Rate: 0.0008911954
2025-05-14 22:48:31,340 Train Loss: 0.0002351, Val Loss: 0.0049455
2025-05-14 22:48:31,340 Epoch 108/500
2025-05-14 22:51:59,717 Current Learning Rate: 0.0008892312
2025-05-14 22:51:59,717 Train Loss: 0.0002381, Val Loss: 0.0049900
2025-05-14 22:51:59,717 Epoch 109/500
2025-05-14 22:55:29,310 Current Learning Rate: 0.0008872515
2025-05-14 22:55:29,310 Train Loss: 0.0002372, Val Loss: 0.0049852
2025-05-14 22:55:29,310 Epoch 110/500
2025-05-14 22:58:52,637 Current Learning Rate: 0.0008852566
2025-05-14 22:58:52,637 Train Loss: 0.0002358, Val Loss: 0.0049554
2025-05-14 22:58:52,638 Epoch 111/500
2025-05-14 23:02:11,975 Current Learning Rate: 0.0008832465
2025-05-14 23:02:11,975 Train Loss: 0.0002316, Val Loss: 0.0048995
2025-05-14 23:02:11,976 Epoch 112/500
2025-05-14 23:05:31,902 Current Learning Rate: 0.0008812213
2025-05-14 23:05:31,903 Train Loss: 0.0002320, Val Loss: 0.0049060
2025-05-14 23:05:31,903 Epoch 113/500
2025-05-14 23:08:51,803 Current Learning Rate: 0.0008791810
2025-05-14 23:08:51,804 Train Loss: 0.0002309, Val Loss: 0.0048606
2025-05-14 23:08:51,804 Epoch 114/500
2025-05-14 23:12:11,852 Current Learning Rate: 0.0008771257
2025-05-14 23:12:11,853 Train Loss: 0.0002295, Val Loss: 0.0049434
2025-05-14 23:12:11,853 Epoch 115/500
2025-05-14 23:15:31,583 Current Learning Rate: 0.0008750555
2025-05-14 23:15:31,584 Train Loss: 0.0002280, Val Loss: 0.0048812
2025-05-14 23:15:31,585 Epoch 116/500
2025-05-14 23:18:51,932 Current Learning Rate: 0.0008729706
2025-05-14 23:18:51,933 Train Loss: 0.0002258, Val Loss: 0.0049541
2025-05-14 23:18:51,933 Epoch 117/500
2025-05-14 23:22:12,299 Current Learning Rate: 0.0008708709
2025-05-14 23:22:12,300 Train Loss: 0.0002250, Val Loss: 0.0049260
2025-05-14 23:22:12,300 Epoch 118/500
2025-05-14 23:25:32,343 Current Learning Rate: 0.0008687566
2025-05-14 23:25:32,343 Train Loss: 0.0002267, Val Loss: 0.0048833
2025-05-14 23:25:32,344 Epoch 119/500
2025-05-14 23:28:52,496 Current Learning Rate: 0.0008666277
2025-05-14 23:28:52,496 Train Loss: 0.0002252, Val Loss: 0.0049796
2025-05-14 23:28:52,497 Epoch 120/500
2025-05-14 23:32:12,469 Current Learning Rate: 0.0008644843
2025-05-14 23:32:12,469 Train Loss: 0.0002192, Val Loss: 0.0049049
2025-05-14 23:32:12,470 Epoch 121/500
2025-05-14 23:35:32,536 Current Learning Rate: 0.0008623266
2025-05-14 23:35:32,538 Train Loss: 0.0002212, Val Loss: 0.0049340
2025-05-14 23:35:32,538 Epoch 122/500
2025-05-14 23:38:52,770 Current Learning Rate: 0.0008601545
2025-05-14 23:38:52,771 Train Loss: 0.0002179, Val Loss: 0.0050118
2025-05-14 23:38:52,771 Epoch 123/500
2025-05-14 23:42:12,765 Current Learning Rate: 0.0008579682
2025-05-14 23:42:12,766 Train Loss: 0.0002170, Val Loss: 0.0048849
2025-05-14 23:42:12,767 Epoch 124/500
2025-05-14 23:45:32,660 Current Learning Rate: 0.0008557678
2025-05-14 23:45:32,661 Train Loss: 0.0002150, Val Loss: 0.0049695
2025-05-14 23:45:32,661 Epoch 125/500
2025-05-14 23:48:52,454 Current Learning Rate: 0.0008535534
2025-05-14 23:48:52,456 Train Loss: 0.0002143, Val Loss: 0.0049244
2025-05-14 23:48:52,456 Epoch 126/500
2025-05-14 23:52:12,369 Current Learning Rate: 0.0008513250
2025-05-14 23:52:12,370 Train Loss: 0.0002181, Val Loss: 0.0049405
2025-05-14 23:52:12,371 Epoch 127/500
2025-05-14 23:55:32,108 Current Learning Rate: 0.0008490827
2025-05-14 23:55:32,114 Train Loss: 0.0002121, Val Loss: 0.0049202
2025-05-14 23:55:32,115 Epoch 128/500
2025-05-14 23:58:51,771 Current Learning Rate: 0.0008468267
2025-05-14 23:58:51,771 Train Loss: 0.0002134, Val Loss: 0.0049538
2025-05-14 23:58:51,772 Epoch 129/500
2025-05-15 00:02:11,475 Current Learning Rate: 0.0008445569
2025-05-15 00:02:11,476 Train Loss: 0.0002112, Val Loss: 0.0049619
2025-05-15 00:02:11,477 Epoch 130/500
2025-05-15 00:05:31,671 Current Learning Rate: 0.0008422736
2025-05-15 00:05:31,674 Train Loss: 0.0002089, Val Loss: 0.0049050
2025-05-15 00:05:31,674 Epoch 131/500
2025-05-15 00:08:51,549 Current Learning Rate: 0.0008399767
2025-05-15 00:08:51,550 Train Loss: 0.0002107, Val Loss: 0.0049403
2025-05-15 00:08:51,551 Epoch 132/500
2025-05-15 00:12:11,669 Current Learning Rate: 0.0008376664
2025-05-15 00:12:11,670 Train Loss: 0.0002083, Val Loss: 0.0049893
2025-05-15 00:12:11,671 Epoch 133/500
2025-05-15 00:15:31,842 Current Learning Rate: 0.0008353428
2025-05-15 00:15:31,843 Train Loss: 0.0002068, Val Loss: 0.0050132
2025-05-15 00:15:31,843 Epoch 134/500
2025-05-15 00:18:51,178 Current Learning Rate: 0.0008330059
2025-05-15 00:18:51,179 Train Loss: 0.0002058, Val Loss: 0.0050169
2025-05-15 00:18:51,179 Epoch 135/500
2025-05-15 00:22:10,708 Current Learning Rate: 0.0008306559
2025-05-15 00:22:10,709 Train Loss: 0.0002041, Val Loss: 0.0049299
2025-05-15 00:22:10,709 Epoch 136/500
2025-05-15 00:25:30,851 Current Learning Rate: 0.0008282929
2025-05-15 00:25:30,852 Train Loss: 0.0002071, Val Loss: 0.0049382
2025-05-15 00:25:30,853 Epoch 137/500
2025-05-15 00:28:51,253 Current Learning Rate: 0.0008259169
2025-05-15 00:28:51,255 Train Loss: 0.0002010, Val Loss: 0.0049741
2025-05-15 00:28:51,255 Epoch 138/500
2025-05-15 00:32:11,239 Current Learning Rate: 0.0008235280
2025-05-15 00:32:11,240 Train Loss: 0.0002002, Val Loss: 0.0049474
2025-05-15 00:32:11,241 Epoch 139/500
2025-05-15 00:35:31,666 Current Learning Rate: 0.0008211263
2025-05-15 00:35:31,667 Train Loss: 0.0002056, Val Loss: 0.0049168
2025-05-15 00:35:31,668 Epoch 140/500
2025-05-15 00:38:51,720 Current Learning Rate: 0.0008187120
2025-05-15 00:38:51,721 Train Loss: 0.0001981, Val Loss: 0.0049863
2025-05-15 00:38:51,722 Epoch 141/500
2025-05-15 00:42:11,728 Current Learning Rate: 0.0008162851
2025-05-15 00:42:11,729 Train Loss: 0.0002070, Val Loss: 0.0049751
2025-05-15 00:42:11,729 Epoch 142/500
2025-05-15 00:45:31,921 Current Learning Rate: 0.0008138457
2025-05-15 00:45:31,922 Train Loss: 0.0001967, Val Loss: 0.0049371
2025-05-15 00:45:31,922 Epoch 143/500
2025-05-15 00:48:51,594 Current Learning Rate: 0.0008113939
2025-05-15 00:48:51,595 Train Loss: 0.0001938, Val Loss: 0.0050892
2025-05-15 00:48:51,595 Epoch 144/500
2025-05-15 00:52:11,140 Current Learning Rate: 0.0008089298
2025-05-15 00:52:11,141 Train Loss: 0.0001975, Val Loss: 0.0049794
2025-05-15 00:52:11,141 Epoch 145/500
2025-05-15 00:55:31,479 Current Learning Rate: 0.0008064535
2025-05-15 00:55:31,481 Train Loss: 0.0001960, Val Loss: 0.0049446
2025-05-15 00:55:31,481 Epoch 146/500
2025-05-15 00:58:51,544 Current Learning Rate: 0.0008039651
2025-05-15 00:58:51,545 Train Loss: 0.0001955, Val Loss: 0.0049205
2025-05-15 00:58:51,546 Epoch 147/500
2025-05-15 01:02:11,518 Current Learning Rate: 0.0008014648
2025-05-15 01:02:11,519 Train Loss: 0.0001932, Val Loss: 0.0049925
2025-05-15 01:02:11,519 Epoch 148/500
2025-05-15 01:05:31,912 Current Learning Rate: 0.0007989525
2025-05-15 01:05:31,914 Train Loss: 0.0001917, Val Loss: 0.0049657
2025-05-15 01:05:31,914 Epoch 149/500
2025-05-15 01:08:52,028 Current Learning Rate: 0.0007964284
2025-05-15 01:08:52,029 Train Loss: 0.0001920, Val Loss: 0.0049836
2025-05-15 01:08:52,029 Epoch 150/500
2025-05-15 01:12:12,358 Current Learning Rate: 0.0007938926
2025-05-15 01:12:12,512 Saved periodic model at epoch 150 to /jizhicfs/easyluwu/ocean_project/NeurIPS_2025_wuhao/checkpoints/CNO_0511_McWilliams2d_epoch_150.pth
2025-05-15 01:12:12,512 Train Loss: 0.0001915, Val Loss: 0.0049743
2025-05-15 01:12:12,512 Epoch 151/500
2025-05-15 01:15:32,624 Current Learning Rate: 0.0007913452
2025-05-15 01:15:32,625 Train Loss: 0.0001903, Val Loss: 0.0049792
2025-05-15 01:15:32,625 Epoch 152/500
2025-05-15 01:18:52,335 Current Learning Rate: 0.0007887864
2025-05-15 01:18:52,336 Train Loss: 0.0001893, Val Loss: 0.0049510
2025-05-15 01:18:52,336 Epoch 153/500
2025-05-15 01:22:12,328 Current Learning Rate: 0.0007862161
2025-05-15 01:22:12,329 Train Loss: 0.0001877, Val Loss: 0.0049825
2025-05-15 01:22:12,329 Epoch 154/500
2025-05-15 01:25:32,139 Current Learning Rate: 0.0007836345
2025-05-15 01:25:32,140 Train Loss: 0.0001853, Val Loss: 0.0049094
2025-05-15 01:25:32,140 Epoch 155/500
2025-05-15 01:28:52,269 Current Learning Rate: 0.0007810417
2025-05-15 01:28:52,270 Train Loss: 0.0001861, Val Loss: 0.0049302
2025-05-15 01:28:52,270 Epoch 156/500
2025-05-15 01:32:12,254 Current Learning Rate: 0.0007784378
2025-05-15 01:32:12,255 Train Loss: 0.0001877, Val Loss: 0.0049108
2025-05-15 01:32:12,255 Epoch 157/500
2025-05-15 01:35:31,865 Current Learning Rate: 0.0007758229
2025-05-15 01:35:31,869 Train Loss: 0.0001863, Val Loss: 0.0049698
2025-05-15 01:35:31,870 Epoch 158/500
2025-05-15 01:38:51,540 Current Learning Rate: 0.0007731972
2025-05-15 01:38:51,541 Train Loss: 0.0001856, Val Loss: 0.0049935
2025-05-15 01:38:51,542 Epoch 159/500
2025-05-15 01:42:11,494 Current Learning Rate: 0.0007705606
2025-05-15 01:42:11,495 Train Loss: 0.0001825, Val Loss: 0.0049162
2025-05-15 01:42:11,495 Epoch 160/500
2025-05-15 01:45:31,877 Current Learning Rate: 0.0007679134
2025-05-15 01:45:31,878 Train Loss: 0.0001824, Val Loss: 0.0050352
2025-05-15 01:45:31,878 Epoch 161/500
2025-05-15 01:48:52,362 Current Learning Rate: 0.0007652556
2025-05-15 01:48:52,363 Train Loss: 0.0001821, Val Loss: 0.0049842
2025-05-15 01:48:52,364 Epoch 162/500
2025-05-15 01:52:12,595 Current Learning Rate: 0.0007625873
2025-05-15 01:52:12,597 Train Loss: 0.0001820, Val Loss: 0.0048972
2025-05-15 01:52:12,597 Epoch 163/500
2025-05-15 01:55:32,797 Current Learning Rate: 0.0007599087
2025-05-15 01:55:32,799 Train Loss: 0.0001797, Val Loss: 0.0049866
2025-05-15 01:55:32,799 Epoch 164/500
2025-05-15 01:58:52,609 Current Learning Rate: 0.0007572198
2025-05-15 01:58:52,610 Train Loss: 0.0001809, Val Loss: 0.0049461
2025-05-15 01:58:52,611 Epoch 165/500
2025-05-15 02:02:12,394 Current Learning Rate: 0.0007545207
2025-05-15 02:02:12,394 Train Loss: 0.0001778, Val Loss: 0.0050086
2025-05-15 02:02:12,394 Epoch 166/500
2025-05-15 02:05:32,421 Current Learning Rate: 0.0007518116
2025-05-15 02:05:32,422 Train Loss: 0.0001787, Val Loss: 0.0049482
2025-05-15 02:05:32,423 Epoch 167/500
2025-05-15 02:08:52,036 Current Learning Rate: 0.0007490926
2025-05-15 02:08:52,037 Train Loss: 0.0001787, Val Loss: 0.0049656
2025-05-15 02:08:52,037 Epoch 168/500
2025-05-15 02:12:11,978 Current Learning Rate: 0.0007463637
2025-05-15 02:12:11,979 Train Loss: 0.0001769, Val Loss: 0.0049426
2025-05-15 02:12:11,979 Epoch 169/500
2025-05-15 02:15:31,782 Current Learning Rate: 0.0007436251
2025-05-15 02:15:31,783 Train Loss: 0.0001743, Val Loss: 0.0049668
2025-05-15 02:15:31,783 Epoch 170/500
2025-05-15 02:18:51,503 Current Learning Rate: 0.0007408768
2025-05-15 02:18:51,504 Train Loss: 0.0001767, Val Loss: 0.0049337
2025-05-15 02:18:51,504 Epoch 171/500
2025-05-15 02:22:11,330 Current Learning Rate: 0.0007381191
2025-05-15 02:22:11,331 Train Loss: 0.0001737, Val Loss: 0.0049567
2025-05-15 02:22:11,331 Epoch 172/500
2025-05-15 02:25:30,905 Current Learning Rate: 0.0007353520
2025-05-15 02:25:30,907 Train Loss: 0.0001744, Val Loss: 0.0049468
2025-05-15 02:25:30,907 Epoch 173/500
2025-05-15 02:28:50,796 Current Learning Rate: 0.0007325755
2025-05-15 02:28:50,797 Train Loss: 0.0001728, Val Loss: 0.0049523
2025-05-15 02:28:50,797 Epoch 174/500
2025-05-15 02:32:10,405 Current Learning Rate: 0.0007297899
2025-05-15 02:32:10,406 Train Loss: 0.0001729, Val Loss: 0.0049279
2025-05-15 02:32:10,407 Epoch 175/500
2025-05-15 02:35:30,119 Current Learning Rate: 0.0007269952
2025-05-15 02:35:30,120 Train Loss: 0.0001717, Val Loss: 0.0049629
2025-05-15 02:35:30,121 Epoch 176/500
2025-05-15 02:38:50,291 Current Learning Rate: 0.0007241916
2025-05-15 02:38:50,324 Train Loss: 0.0001722, Val Loss: 0.0049391
2025-05-15 02:38:50,325 Epoch 177/500
2025-05-15 02:42:10,678 Current Learning Rate: 0.0007213791
2025-05-15 02:42:10,679 Train Loss: 0.0001711, Val Loss: 0.0049564
2025-05-15 02:42:10,679 Epoch 178/500
2025-05-15 02:45:30,918 Current Learning Rate: 0.0007185579
2025-05-15 02:45:30,919 Train Loss: 0.0001710, Val Loss: 0.0049548
2025-05-15 02:45:30,919 Epoch 179/500
2025-05-15 02:48:51,072 Current Learning Rate: 0.0007157280
2025-05-15 02:48:51,074 Train Loss: 0.0001703, Val Loss: 0.0049320
2025-05-15 02:48:51,074 Epoch 180/500
2025-05-15 02:52:10,899 Current Learning Rate: 0.0007128896
2025-05-15 02:52:10,900 Train Loss: 0.0001673, Val Loss: 0.0049570
2025-05-15 02:52:10,900 Epoch 181/500
2025-05-15 02:55:30,418 Current Learning Rate: 0.0007100429
2025-05-15 02:55:30,419 Train Loss: 0.0001682, Val Loss: 0.0049613
2025-05-15 02:55:30,420 Epoch 182/500
2025-05-15 02:58:50,130 Current Learning Rate: 0.0007071878
2025-05-15 02:58:50,131 Train Loss: 0.0001688, Val Loss: 0.0049811
2025-05-15 02:58:50,131 Epoch 183/500
2025-05-15 03:02:10,188 Current Learning Rate: 0.0007043245
2025-05-15 03:02:10,190 Train Loss: 0.0001668, Val Loss: 0.0049597
2025-05-15 03:02:10,190 Epoch 184/500
2025-05-15 03:05:30,252 Current Learning Rate: 0.0007014532
2025-05-15 03:05:30,253 Train Loss: 0.0001665, Val Loss: 0.0049200
2025-05-15 03:05:30,254 Epoch 185/500
2025-05-15 03:08:50,432 Current Learning Rate: 0.0006985739
2025-05-15 03:08:50,433 Train Loss: 0.0001660, Val Loss: 0.0049922
2025-05-15 03:08:50,434 Epoch 186/500
2025-05-15 03:12:10,674 Current Learning Rate: 0.0006956868
2025-05-15 03:12:10,704 Train Loss: 0.0001651, Val Loss: 0.0049578
2025-05-15 03:12:10,705 Epoch 187/500
2025-05-15 03:15:30,462 Current Learning Rate: 0.0006927920
2025-05-15 03:15:30,463 Train Loss: 0.0001638, Val Loss: 0.0049719
2025-05-15 03:15:30,463 Epoch 188/500
2025-05-15 03:18:50,328 Current Learning Rate: 0.0006898895
2025-05-15 03:18:50,329 Train Loss: 0.0001652, Val Loss: 0.0049130
2025-05-15 03:18:50,329 Epoch 189/500
2025-05-15 03:22:10,410 Current Learning Rate: 0.0006869796
2025-05-15 03:22:10,411 Train Loss: 0.0001623, Val Loss: 0.0049648
2025-05-15 03:22:10,411 Epoch 190/500
2025-05-15 03:25:30,393 Current Learning Rate: 0.0006840623
2025-05-15 03:25:30,394 Train Loss: 0.0001633, Val Loss: 0.0050049
2025-05-15 03:25:30,394 Epoch 191/500
2025-05-15 03:28:50,742 Current Learning Rate: 0.0006811377
2025-05-15 03:28:50,743 Train Loss: 0.0001629, Val Loss: 0.0049492
2025-05-15 03:28:50,743 Epoch 192/500
2025-05-15 03:32:10,697 Current Learning Rate: 0.0006782059
2025-05-15 03:32:10,698 Train Loss: 0.0001609, Val Loss: 0.0049553
2025-05-15 03:32:10,698 Epoch 193/500
2025-05-15 03:35:30,748 Current Learning Rate: 0.0006752672
2025-05-15 03:35:30,750 Train Loss: 0.0001609, Val Loss: 0.0049656
2025-05-15 03:35:30,750 Epoch 194/500
2025-05-15 03:38:50,628 Current Learning Rate: 0.0006723215
2025-05-15 03:38:50,629 Train Loss: 0.0001608, Val Loss: 0.0049251
2025-05-15 03:38:50,629 Epoch 195/500
2025-05-15 03:42:10,719 Current Learning Rate: 0.0006693690
2025-05-15 03:42:10,720 Train Loss: 0.0001602, Val Loss: 0.0049693
2025-05-15 03:42:10,720 Epoch 196/500
2025-05-15 03:45:30,390 Current Learning Rate: 0.0006664098
2025-05-15 03:45:30,391 Train Loss: 0.0001600, Val Loss: 0.0049750
2025-05-15 03:45:30,391 Epoch 197/500
2025-05-15 03:48:49,992 Current Learning Rate: 0.0006634440
2025-05-15 03:48:49,992 Train Loss: 0.0001580, Val Loss: 0.0049807
2025-05-15 03:48:49,993 Epoch 198/500
2025-05-15 03:52:09,726 Current Learning Rate: 0.0006604718
2025-05-15 03:52:09,728 Train Loss: 0.0001581, Val Loss: 0.0049641
2025-05-15 03:52:09,728 Epoch 199/500
2025-05-15 03:55:29,683 Current Learning Rate: 0.0006574933
2025-05-15 03:55:29,685 Train Loss: 0.0001578, Val Loss: 0.0049564
2025-05-15 03:55:29,685 Epoch 200/500
2025-05-15 03:58:49,544 Current Learning Rate: 0.0006545085
2025-05-15 03:58:49,673 Saved periodic model at epoch 200 to /jizhicfs/easyluwu/ocean_project/NeurIPS_2025_wuhao/checkpoints/CNO_0511_McWilliams2d_epoch_200.pth
2025-05-15 03:58:49,673 Train Loss: 0.0001560, Val Loss: 0.0049949
2025-05-15 03:58:49,673 Epoch 201/500
2025-05-15 04:02:09,978 Current Learning Rate: 0.0006515176
2025-05-15 04:02:09,978 Train Loss: 0.0001568, Val Loss: 0.0049483
2025-05-15 04:02:09,979 Epoch 202/500
2025-05-15 04:05:30,372 Current Learning Rate: 0.0006485208
2025-05-15 04:05:30,372 Train Loss: 0.0001553, Val Loss: 0.0049484
2025-05-15 04:05:30,373 Epoch 203/500
2025-05-15 04:08:50,126 Current Learning Rate: 0.0006455181
2025-05-15 04:08:50,127 Train Loss: 0.0001557, Val Loss: 0.0049615
2025-05-15 04:08:50,127 Epoch 204/500
2025-05-15 04:12:09,804 Current Learning Rate: 0.0006425096
2025-05-15 04:12:09,805 Train Loss: 0.0001560, Val Loss: 0.0049794
2025-05-15 04:12:09,805 Epoch 205/500
2025-05-15 04:15:29,810 Current Learning Rate: 0.0006394956
2025-05-15 04:15:29,811 Train Loss: 0.0001535, Val Loss: 0.0049325
2025-05-15 04:15:29,811 Epoch 206/500
2025-05-15 04:18:50,052 Current Learning Rate: 0.0006364760
2025-05-15 04:18:50,053 Train Loss: 0.0001535, Val Loss: 0.0049630
2025-05-15 04:18:50,053 Epoch 207/500
2025-05-15 04:22:10,132 Current Learning Rate: 0.0006334510
2025-05-15 04:22:10,133 Train Loss: 0.0001536, Val Loss: 0.0049596
2025-05-15 04:22:10,134 Epoch 208/500
2025-05-15 04:25:30,053 Current Learning Rate: 0.0006304208
2025-05-15 04:25:30,054 Train Loss: 0.0001520, Val Loss: 0.0049963
2025-05-15 04:25:30,054 Epoch 209/500
2025-05-15 04:28:49,941 Current Learning Rate: 0.0006273854
2025-05-15 04:28:49,942 Train Loss: 0.0001531, Val Loss: 0.0050176
2025-05-15 04:28:49,942 Epoch 210/500
2025-05-15 04:32:09,461 Current Learning Rate: 0.0006243449
2025-05-15 04:32:09,462 Train Loss: 0.0001512, Val Loss: 0.0049505
2025-05-15 04:32:09,462 Epoch 211/500
2025-05-15 04:35:28,879 Current Learning Rate: 0.0006212996
2025-05-15 04:35:28,880 Train Loss: 0.0001506, Val Loss: 0.0050028
2025-05-15 04:35:28,880 Epoch 212/500
2025-05-15 04:38:48,507 Current Learning Rate: 0.0006182495
2025-05-15 04:38:48,508 Train Loss: 0.0001513, Val Loss: 0.0049948
2025-05-15 04:38:48,508 Epoch 213/500
2025-05-15 04:42:08,315 Current Learning Rate: 0.0006151947
2025-05-15 04:42:08,316 Train Loss: 0.0001496, Val Loss: 0.0049589
2025-05-15 04:42:08,317 Epoch 214/500
2025-05-15 04:45:27,846 Current Learning Rate: 0.0006121354
2025-05-15 04:45:27,847 Train Loss: 0.0001503, Val Loss: 0.0050346
2025-05-15 04:45:27,847 Epoch 215/500
2025-05-15 04:48:47,364 Current Learning Rate: 0.0006090716
2025-05-15 04:48:47,366 Train Loss: 0.0001496, Val Loss: 0.0049620
2025-05-15 04:48:47,366 Epoch 216/500
2025-05-15 04:52:07,172 Current Learning Rate: 0.0006060036
2025-05-15 04:52:07,173 Train Loss: 0.0001494, Val Loss: 0.0049581
2025-05-15 04:52:07,174 Epoch 217/500
2025-05-15 04:55:26,482 Current Learning Rate: 0.0006029313
2025-05-15 04:55:26,483 Train Loss: 0.0001469, Val Loss: 0.0049266
2025-05-15 04:55:26,484 Epoch 218/500
2025-05-15 04:58:46,211 Current Learning Rate: 0.0005998550
2025-05-15 04:58:46,213 Train Loss: 0.0001478, Val Loss: 0.0049543
2025-05-15 04:58:46,213 Epoch 219/500
2025-05-15 05:02:05,971 Current Learning Rate: 0.0005967747
2025-05-15 05:02:05,972 Train Loss: 0.0001464, Val Loss: 0.0049973
2025-05-15 05:02:05,972 Epoch 220/500
2025-05-15 05:05:25,877 Current Learning Rate: 0.0005936907
2025-05-15 05:05:25,878 Train Loss: 0.0001472, Val Loss: 0.0049445
2025-05-15 05:05:25,878 Epoch 221/500
2025-05-15 05:08:45,603 Current Learning Rate: 0.0005906029
2025-05-15 05:08:45,604 Train Loss: 0.0001454, Val Loss: 0.0049961
2025-05-15 05:08:45,604 Epoch 222/500
2025-05-15 05:12:05,700 Current Learning Rate: 0.0005875115
2025-05-15 05:12:05,701 Train Loss: 0.0001453, Val Loss: 0.0049518
2025-05-15 05:12:05,702 Epoch 223/500
2025-05-15 05:15:25,683 Current Learning Rate: 0.0005844167
2025-05-15 05:15:25,684 Train Loss: 0.0001456, Val Loss: 0.0049976
2025-05-15 05:15:25,684 Epoch 224/500
2025-05-15 05:18:45,463 Current Learning Rate: 0.0005813186
2025-05-15 05:18:45,464 Train Loss: 0.0001447, Val Loss: 0.0049860
2025-05-15 05:18:45,464 Epoch 225/500
2025-05-15 05:22:05,093 Current Learning Rate: 0.0005782172
2025-05-15 05:22:05,094 Train Loss: 0.0001458, Val Loss: 0.0049641
2025-05-15 05:22:05,094 Epoch 226/500
2025-05-15 05:25:24,702 Current Learning Rate: 0.0005751128
2025-05-15 05:25:24,703 Train Loss: 0.0001438, Val Loss: 0.0049374
2025-05-15 05:25:24,703 Epoch 227/500
2025-05-15 05:28:44,246 Current Learning Rate: 0.0005720054
2025-05-15 05:28:44,247 Train Loss: 0.0001425, Val Loss: 0.0049934
2025-05-15 05:28:44,247 Epoch 228/500
2025-05-15 05:32:04,127 Current Learning Rate: 0.0005688951
2025-05-15 05:32:04,128 Train Loss: 0.0001427, Val Loss: 0.0049867
2025-05-15 05:32:04,128 Epoch 229/500
2025-05-15 05:35:23,978 Current Learning Rate: 0.0005657822
2025-05-15 05:35:23,979 Train Loss: 0.0001436, Val Loss: 0.0049601
2025-05-15 05:35:23,979 Epoch 230/500
2025-05-15 05:38:44,306 Current Learning Rate: 0.0005626666
2025-05-15 05:38:44,307 Train Loss: 0.0001421, Val Loss: 0.0049588
2025-05-15 05:38:44,307 Epoch 231/500
2025-05-15 05:42:03,997 Current Learning Rate: 0.0005595486
2025-05-15 05:42:03,999 Train Loss: 0.0001425, Val Loss: 0.0049788
2025-05-15 05:42:03,999 Epoch 232/500
2025-05-15 05:45:23,950 Current Learning Rate: 0.0005564282
2025-05-15 05:45:23,950 Train Loss: 0.0001407, Val Loss: 0.0049542
2025-05-15 05:45:23,951 Epoch 233/500
2025-05-15 05:48:43,656 Current Learning Rate: 0.0005533056
2025-05-15 05:48:43,657 Train Loss: 0.0001407, Val Loss: 0.0050021
2025-05-15 05:48:43,658 Epoch 234/500
2025-05-15 05:52:03,496 Current Learning Rate: 0.0005501809
2025-05-15 05:52:03,497 Train Loss: 0.0001407, Val Loss: 0.0049892
2025-05-15 05:52:03,497 Epoch 235/500
2025-05-15 05:55:23,085 Current Learning Rate: 0.0005470542
2025-05-15 05:55:23,087 Train Loss: 0.0001401, Val Loss: 0.0049790
2025-05-15 05:55:23,087 Epoch 236/500
2025-05-15 05:58:42,772 Current Learning Rate: 0.0005439256
2025-05-15 05:58:42,773 Train Loss: 0.0001391, Val Loss: 0.0049907
2025-05-15 05:58:42,773 Epoch 237/500
2025-05-15 06:02:02,602 Current Learning Rate: 0.0005407953
2025-05-15 06:02:02,603 Train Loss: 0.0001384, Val Loss: 0.0049558
2025-05-15 06:02:02,603 Epoch 238/500
2025-05-15 06:05:22,166 Current Learning Rate: 0.0005376634
2025-05-15 06:05:22,167 Train Loss: 0.0001389, Val Loss: 0.0049556
2025-05-15 06:05:22,167 Epoch 239/500
2025-05-15 06:08:42,171 Current Learning Rate: 0.0005345300
2025-05-15 06:08:42,172 Train Loss: 0.0001390, Val Loss: 0.0049666
2025-05-15 06:08:42,173 Epoch 240/500
2025-05-15 06:12:02,163 Current Learning Rate: 0.0005313953
2025-05-15 06:12:02,242 Train Loss: 0.0001374, Val Loss: 0.0049897
2025-05-15 06:12:02,243 Epoch 241/500
2025-05-15 06:15:22,471 Current Learning Rate: 0.0005282593
2025-05-15 06:15:22,479 Train Loss: 0.0001380, Val Loss: 0.0050278
2025-05-15 06:15:22,479 Epoch 242/500
2025-05-15 06:18:42,688 Current Learning Rate: 0.0005251222
2025-05-15 06:18:42,689 Train Loss: 0.0001362, Val Loss: 0.0049968
2025-05-15 06:18:42,689 Epoch 243/500
2025-05-15 06:22:02,615 Current Learning Rate: 0.0005219841
2025-05-15 06:22:02,616 Train Loss: 0.0001359, Val Loss: 0.0049545
2025-05-15 06:22:02,616 Epoch 244/500
2025-05-15 06:25:22,525 Current Learning Rate: 0.0005188451
2025-05-15 06:25:22,528 Train Loss: 0.0001369, Val Loss: 0.0050099
2025-05-15 06:25:22,528 Epoch 245/500
2025-05-15 06:28:42,372 Current Learning Rate: 0.0005157054
2025-05-15 06:28:42,373 Train Loss: 0.0001355, Val Loss: 0.0049881
2025-05-15 06:28:42,373 Epoch 246/500
2025-05-15 06:32:02,078 Current Learning Rate: 0.0005125650
2025-05-15 06:32:02,080 Train Loss: 0.0001358, Val Loss: 0.0049829
2025-05-15 06:32:02,080 Epoch 247/500
2025-05-15 06:35:22,062 Current Learning Rate: 0.0005094242
2025-05-15 06:35:22,063 Train Loss: 0.0001342, Val Loss: 0.0049773
2025-05-15 06:35:22,063 Epoch 248/500
2025-05-15 06:38:41,675 Current Learning Rate: 0.0005062830
2025-05-15 06:38:41,676 Train Loss: 0.0001345, Val Loss: 0.0049738
2025-05-15 06:38:41,677 Epoch 249/500
2025-05-15 06:42:01,717 Current Learning Rate: 0.0005031416
2025-05-15 06:42:01,718 Train Loss: 0.0001332, Val Loss: 0.0049668
2025-05-15 06:42:01,718 Epoch 250/500
2025-05-15 06:45:20,887 Current Learning Rate: 0.0005000000
2025-05-15 06:45:21,002 Saved periodic model at epoch 250 to /jizhicfs/easyluwu/ocean_project/NeurIPS_2025_wuhao/checkpoints/CNO_0511_McWilliams2d_epoch_250.pth
2025-05-15 06:45:21,003 Train Loss: 0.0001345, Val Loss: 0.0050240
2025-05-15 06:45:21,003 Epoch 251/500
2025-05-15 06:48:40,142 Current Learning Rate: 0.0004968584
2025-05-15 06:48:40,143 Train Loss: 0.0001330, Val Loss: 0.0049814
2025-05-15 06:48:40,143 Epoch 252/500
2025-05-15 06:51:59,988 Current Learning Rate: 0.0004937170
2025-05-15 06:51:59,989 Train Loss: 0.0001331, Val Loss: 0.0050084
2025-05-15 06:51:59,989 Epoch 253/500
2025-05-15 06:55:20,006 Current Learning Rate: 0.0004905758
2025-05-15 06:55:20,006 Train Loss: 0.0001328, Val Loss: 0.0049863
2025-05-15 06:55:20,006 Epoch 254/500
2025-05-15 06:58:39,970 Current Learning Rate: 0.0004874350
2025-05-15 06:58:39,971 Train Loss: 0.0001319, Val Loss: 0.0049941
2025-05-15 06:58:39,971 Epoch 255/500
2025-05-15 07:01:59,532 Current Learning Rate: 0.0004842946
2025-05-15 07:01:59,534 Train Loss: 0.0001313, Val Loss: 0.0050009
2025-05-15 07:01:59,534 Epoch 256/500
2025-05-15 07:05:19,429 Current Learning Rate: 0.0004811549
2025-05-15 07:05:19,431 Train Loss: 0.0001324, Val Loss: 0.0050327
2025-05-15 07:05:19,431 Epoch 257/500
2025-05-15 07:08:39,127 Current Learning Rate: 0.0004780159
2025-05-15 07:08:39,128 Train Loss: 0.0001315, Val Loss: 0.0049895
2025-05-15 07:08:39,128 Epoch 258/500
2025-05-15 07:11:59,133 Current Learning Rate: 0.0004748778
2025-05-15 07:11:59,134 Train Loss: 0.0001313, Val Loss: 0.0050396
2025-05-15 07:11:59,134 Epoch 259/500
2025-05-15 07:15:18,651 Current Learning Rate: 0.0004717407
2025-05-15 07:15:18,653 Train Loss: 0.0001304, Val Loss: 0.0050025
2025-05-15 07:15:18,653 Epoch 260/500
2025-05-15 07:18:38,421 Current Learning Rate: 0.0004686047
2025-05-15 07:18:38,423 Train Loss: 0.0001294, Val Loss: 0.0050167
2025-05-15 07:18:38,423 Epoch 261/500
2025-05-15 07:21:58,336 Current Learning Rate: 0.0004654700
2025-05-15 07:21:58,337 Train Loss: 0.0001291, Val Loss: 0.0050467
2025-05-15 07:21:58,337 Epoch 262/500
2025-05-15 07:25:18,491 Current Learning Rate: 0.0004623366
2025-05-15 07:25:18,492 Train Loss: 0.0001301, Val Loss: 0.0049944
2025-05-15 07:25:18,492 Epoch 263/500
2025-05-15 07:28:38,561 Current Learning Rate: 0.0004592047
2025-05-15 07:28:38,563 Train Loss: 0.0001296, Val Loss: 0.0050087
2025-05-15 07:28:38,564 Epoch 264/500
2025-05-15 07:31:58,697 Current Learning Rate: 0.0004560744
2025-05-15 07:31:58,698 Train Loss: 0.0001286, Val Loss: 0.0050107
2025-05-15 07:31:58,698 Epoch 265/500
2025-05-15 07:35:18,128 Current Learning Rate: 0.0004529458
2025-05-15 07:35:18,129 Train Loss: 0.0001278, Val Loss: 0.0049838
2025-05-15 07:35:18,129 Epoch 266/500
2025-05-15 07:38:37,992 Current Learning Rate: 0.0004498191
2025-05-15 07:38:37,993 Train Loss: 0.0001282, Val Loss: 0.0049998
2025-05-15 07:38:37,993 Epoch 267/500
2025-05-15 07:41:57,832 Current Learning Rate: 0.0004466944
2025-05-15 07:41:57,833 Train Loss: 0.0001279, Val Loss: 0.0049828
2025-05-15 07:41:57,834 Epoch 268/500
2025-05-15 07:45:17,677 Current Learning Rate: 0.0004435718
2025-05-15 07:45:17,678 Train Loss: 0.0001277, Val Loss: 0.0050092
2025-05-15 07:45:17,678 Epoch 269/500
2025-05-15 07:48:37,991 Current Learning Rate: 0.0004404514
2025-05-15 07:48:37,993 Train Loss: 0.0001269, Val Loss: 0.0050122
2025-05-15 07:48:37,993 Epoch 270/500
2025-05-15 07:51:57,901 Current Learning Rate: 0.0004373334
2025-05-15 07:51:57,903 Train Loss: 0.0001263, Val Loss: 0.0049832
2025-05-15 07:51:57,903 Epoch 271/500
2025-05-15 07:55:18,073 Current Learning Rate: 0.0004342178
2025-05-15 07:55:18,073 Train Loss: 0.0001260, Val Loss: 0.0050115
2025-05-15 07:55:18,074 Epoch 272/500
2025-05-15 07:58:38,214 Current Learning Rate: 0.0004311049
2025-05-15 07:58:38,215 Train Loss: 0.0001260, Val Loss: 0.0049840
2025-05-15 07:58:38,216 Epoch 273/500
2025-05-15 08:01:57,661 Current Learning Rate: 0.0004279946
2025-05-15 08:01:57,663 Train Loss: 0.0001255, Val Loss: 0.0050233
2025-05-15 08:01:57,663 Epoch 274/500
2025-05-15 08:05:17,433 Current Learning Rate: 0.0004248872
2025-05-15 08:05:17,433 Train Loss: 0.0001257, Val Loss: 0.0050106
2025-05-15 08:05:17,433 Epoch 275/500
2025-05-15 08:08:37,149 Current Learning Rate: 0.0004217828
2025-05-15 08:08:37,151 Train Loss: 0.0001250, Val Loss: 0.0050141
2025-05-15 08:08:37,151 Epoch 276/500
2025-05-15 08:11:56,687 Current Learning Rate: 0.0004186814
2025-05-15 08:11:56,688 Train Loss: 0.0001249, Val Loss: 0.0049982
2025-05-15 08:11:56,688 Epoch 277/500
2025-05-15 08:15:16,263 Current Learning Rate: 0.0004155833
2025-05-15 08:15:16,264 Train Loss: 0.0001245, Val Loss: 0.0050127
2025-05-15 08:15:16,264 Epoch 278/500
2025-05-15 08:18:36,285 Current Learning Rate: 0.0004124885
2025-05-15 08:18:36,286 Train Loss: 0.0001240, Val Loss: 0.0050160
2025-05-15 08:18:36,286 Epoch 279/500
2025-05-15 08:21:55,876 Current Learning Rate: 0.0004093971
2025-05-15 08:21:55,877 Train Loss: 0.0001228, Val Loss: 0.0050118
2025-05-15 08:21:55,878 Epoch 280/500
2025-05-15 08:25:15,127 Current Learning Rate: 0.0004063093
2025-05-15 08:25:15,128 Train Loss: 0.0001239, Val Loss: 0.0050484
2025-05-15 08:25:15,128 Epoch 281/500
2025-05-15 08:28:34,565 Current Learning Rate: 0.0004032253
2025-05-15 08:28:34,566 Train Loss: 0.0001227, Val Loss: 0.0049837
2025-05-15 08:28:34,566 Epoch 282/500
2025-05-15 08:31:54,086 Current Learning Rate: 0.0004001450
2025-05-15 08:31:54,087 Train Loss: 0.0001229, Val Loss: 0.0050073
2025-05-15 08:31:54,088 Epoch 283/500
2025-05-15 08:35:13,484 Current Learning Rate: 0.0003970687
2025-05-15 08:35:13,485 Train Loss: 0.0001225, Val Loss: 0.0050067
2025-05-15 08:35:13,485 Epoch 284/500
2025-05-15 08:38:33,480 Current Learning Rate: 0.0003939964
2025-05-15 08:38:33,481 Train Loss: 0.0001219, Val Loss: 0.0049903
2025-05-15 08:38:33,481 Epoch 285/500
2025-05-15 08:41:53,392 Current Learning Rate: 0.0003909284
2025-05-15 08:41:53,393 Train Loss: 0.0001229, Val Loss: 0.0049929
2025-05-15 08:41:53,393 Epoch 286/500
2025-05-15 08:45:13,399 Current Learning Rate: 0.0003878646
2025-05-15 08:45:13,400 Train Loss: 0.0001210, Val Loss: 0.0050085
2025-05-15 08:45:13,400 Epoch 287/500
2025-05-15 08:48:33,131 Current Learning Rate: 0.0003848053
2025-05-15 08:48:33,131 Train Loss: 0.0001209, Val Loss: 0.0050082
2025-05-15 08:48:33,131 Epoch 288/500
2025-05-15 08:51:52,514 Current Learning Rate: 0.0003817505
2025-05-15 08:51:52,514 Train Loss: 0.0001201, Val Loss: 0.0050158
2025-05-15 08:51:52,514 Epoch 289/500
2025-05-15 08:55:11,991 Current Learning Rate: 0.0003787004
2025-05-15 08:55:11,992 Train Loss: 0.0001208, Val Loss: 0.0050045
2025-05-15 08:55:11,992 Epoch 290/500
2025-05-15 08:58:31,390 Current Learning Rate: 0.0003756551
2025-05-15 08:58:31,392 Train Loss: 0.0001206, Val Loss: 0.0050219
2025-05-15 08:58:31,392 Epoch 291/500
2025-05-15 09:01:51,116 Current Learning Rate: 0.0003726146
2025-05-15 09:01:51,117 Train Loss: 0.0001196, Val Loss: 0.0050233
2025-05-15 09:01:51,117 Epoch 292/500
2025-05-15 09:05:10,869 Current Learning Rate: 0.0003695792
2025-05-15 09:05:10,870 Train Loss: 0.0001201, Val Loss: 0.0049996
2025-05-15 09:05:10,871 Epoch 293/500
2025-05-15 09:08:30,525 Current Learning Rate: 0.0003665490
2025-05-15 09:08:30,526 Train Loss: 0.0001196, Val Loss: 0.0050476
2025-05-15 09:08:30,526 Epoch 294/500
2025-05-15 09:11:50,243 Current Learning Rate: 0.0003635240
2025-05-15 09:11:50,245 Train Loss: 0.0001188, Val Loss: 0.0050238
2025-05-15 09:11:50,245 Epoch 295/500
2025-05-15 09:15:09,569 Current Learning Rate: 0.0003605044
2025-05-15 09:15:09,570 Train Loss: 0.0001187, Val Loss: 0.0050004
2025-05-15 09:15:09,571 Epoch 296/500
2025-05-15 09:18:28,572 Current Learning Rate: 0.0003574904
2025-05-15 09:18:28,573 Train Loss: 0.0001189, Val Loss: 0.0050093
2025-05-15 09:18:28,573 Epoch 297/500
2025-05-15 09:21:47,727 Current Learning Rate: 0.0003544819
2025-05-15 09:21:47,733 Train Loss: 0.0001182, Val Loss: 0.0050144
2025-05-15 09:21:47,733 Epoch 298/500
2025-05-15 09:25:07,228 Current Learning Rate: 0.0003514792
2025-05-15 09:25:07,231 Train Loss: 0.0001182, Val Loss: 0.0050400
2025-05-15 09:25:07,231 Epoch 299/500
2025-05-15 09:28:26,768 Current Learning Rate: 0.0003484824
2025-05-15 09:28:26,769 Train Loss: 0.0001181, Val Loss: 0.0050221
2025-05-15 09:28:26,770 Epoch 300/500
2025-05-15 09:31:46,501 Current Learning Rate: 0.0003454915
2025-05-15 09:31:46,609 Saved periodic model at epoch 300 to /jizhicfs/easyluwu/ocean_project/NeurIPS_2025_wuhao/checkpoints/CNO_0511_McWilliams2d_epoch_300.pth
2025-05-15 09:31:46,610 Train Loss: 0.0001172, Val Loss: 0.0050295
2025-05-15 09:31:46,610 Epoch 301/500
2025-05-15 09:35:06,789 Current Learning Rate: 0.0003425067
2025-05-15 09:35:06,790 Train Loss: 0.0001174, Val Loss: 0.0049980
2025-05-15 09:35:06,790 Epoch 302/500
2025-05-15 09:38:27,206 Current Learning Rate: 0.0003395282
2025-05-15 09:38:27,206 Train Loss: 0.0001170, Val Loss: 0.0050289
2025-05-15 09:38:27,207 Epoch 303/500
2025-05-15 09:41:47,216 Current Learning Rate: 0.0003365560
2025-05-15 09:41:47,218 Train Loss: 0.0001164, Val Loss: 0.0050184
2025-05-15 09:41:47,218 Epoch 304/500
2025-05-15 09:45:06,795 Current Learning Rate: 0.0003335902
2025-05-15 09:45:06,797 Train Loss: 0.0001166, Val Loss: 0.0050343
2025-05-15 09:45:06,797 Epoch 305/500
2025-05-15 09:48:26,265 Current Learning Rate: 0.0003306310
2025-05-15 09:48:26,266 Train Loss: 0.0001159, Val Loss: 0.0050193
2025-05-15 09:48:26,267 Epoch 306/500
2025-05-15 09:51:46,231 Current Learning Rate: 0.0003276785
2025-05-15 09:51:46,234 Train Loss: 0.0001160, Val Loss: 0.0050057
2025-05-15 09:51:46,235 Epoch 307/500
2025-05-15 09:55:06,103 Current Learning Rate: 0.0003247328
2025-05-15 09:55:06,105 Train Loss: 0.0001153, Val Loss: 0.0050109
2025-05-15 09:55:06,105 Epoch 308/500
2025-05-15 09:58:26,198 Current Learning Rate: 0.0003217941
2025-05-15 09:58:26,198 Train Loss: 0.0001153, Val Loss: 0.0050239
2025-05-15 09:58:26,199 Epoch 309/500
2025-05-15 10:01:46,344 Current Learning Rate: 0.0003188623
2025-05-15 10:01:46,345 Train Loss: 0.0001151, Val Loss: 0.0050278
2025-05-15 10:01:46,345 Epoch 310/500
2025-05-15 10:05:06,193 Current Learning Rate: 0.0003159377
2025-05-15 10:05:06,194 Train Loss: 0.0001152, Val Loss: 0.0050269
2025-05-15 10:05:06,194 Epoch 311/500
2025-05-15 10:08:26,065 Current Learning Rate: 0.0003130204
2025-05-15 10:08:26,083 Train Loss: 0.0001142, Val Loss: 0.0050236
2025-05-15 10:08:26,084 Epoch 312/500
2025-05-15 10:11:45,932 Current Learning Rate: 0.0003101105
2025-05-15 10:11:45,933 Train Loss: 0.0001148, Val Loss: 0.0050142
2025-05-15 10:11:45,933 Epoch 313/500
2025-05-15 10:15:05,789 Current Learning Rate: 0.0003072080
2025-05-15 10:15:05,790 Train Loss: 0.0001139, Val Loss: 0.0049921
2025-05-15 10:15:05,791 Epoch 314/500
2025-05-15 10:18:25,718 Current Learning Rate: 0.0003043132
2025-05-15 10:18:25,719 Train Loss: 0.0001133, Val Loss: 0.0050127
2025-05-15 10:18:25,719 Epoch 315/500
2025-05-15 10:21:46,038 Current Learning Rate: 0.0003014261
2025-05-15 10:21:46,039 Train Loss: 0.0001137, Val Loss: 0.0050595
2025-05-15 10:21:46,039 Epoch 316/500
2025-05-15 10:25:05,998 Current Learning Rate: 0.0002985468
2025-05-15 10:25:06,000 Train Loss: 0.0001136, Val Loss: 0.0050242
2025-05-15 10:25:06,001 Epoch 317/500
2025-05-15 10:28:25,959 Current Learning Rate: 0.0002956755
2025-05-15 10:28:25,961 Train Loss: 0.0001134, Val Loss: 0.0050128
2025-05-15 10:28:25,961 Epoch 318/500
2025-05-15 10:31:46,384 Current Learning Rate: 0.0002928122
2025-05-15 10:31:46,386 Train Loss: 0.0001135, Val Loss: 0.0050114
2025-05-15 10:31:46,386 Epoch 319/500
2025-05-15 10:35:06,070 Current Learning Rate: 0.0002899571
2025-05-15 10:35:06,071 Train Loss: 0.0001123, Val Loss: 0.0050200
2025-05-15 10:35:06,071 Epoch 320/500
2025-05-15 10:38:25,426 Current Learning Rate: 0.0002871104
2025-05-15 10:38:25,427 Train Loss: 0.0001120, Val Loss: 0.0050319
2025-05-15 10:38:25,427 Epoch 321/500
2025-05-15 10:41:44,975 Current Learning Rate: 0.0002842720
2025-05-15 10:41:44,976 Train Loss: 0.0001121, Val Loss: 0.0050158
2025-05-15 10:41:44,976 Epoch 322/500
2025-05-15 10:45:04,795 Current Learning Rate: 0.0002814421
2025-05-15 10:45:04,796 Train Loss: 0.0001120, Val Loss: 0.0050087
2025-05-15 10:45:04,796 Epoch 323/500
2025-05-15 10:48:25,185 Current Learning Rate: 0.0002786209
2025-05-15 10:48:25,187 Train Loss: 0.0001122, Val Loss: 0.0050331
2025-05-15 10:48:25,187 Epoch 324/500
2025-05-15 10:51:45,301 Current Learning Rate: 0.0002758084
2025-05-15 10:51:45,302 Train Loss: 0.0001114, Val Loss: 0.0050251
2025-05-15 10:51:45,302 Epoch 325/500
2025-05-15 10:55:05,415 Current Learning Rate: 0.0002730048
2025-05-15 10:55:05,416 Train Loss: 0.0001115, Val Loss: 0.0050480
2025-05-15 10:55:05,416 Epoch 326/500
2025-05-15 10:58:25,411 Current Learning Rate: 0.0002702101
2025-05-15 10:58:25,412 Train Loss: 0.0001108, Val Loss: 0.0049942
2025-05-15 10:58:25,412 Epoch 327/500
2025-05-15 11:01:45,262 Current Learning Rate: 0.0002674245
2025-05-15 11:01:45,264 Train Loss: 0.0001111, Val Loss: 0.0050649
2025-05-15 11:01:45,264 Epoch 328/500
2025-05-15 11:05:04,818 Current Learning Rate: 0.0002646480
2025-05-15 11:05:04,818 Train Loss: 0.0001103, Val Loss: 0.0050289
2025-05-15 11:05:04,819 Epoch 329/500
2025-05-15 11:08:24,250 Current Learning Rate: 0.0002618809
2025-05-15 11:08:24,251 Train Loss: 0.0001108, Val Loss: 0.0050374
2025-05-15 11:08:24,252 Epoch 330/500
2025-05-15 11:11:43,860 Current Learning Rate: 0.0002591232
2025-05-15 11:11:43,861 Train Loss: 0.0001105, Val Loss: 0.0050625
2025-05-15 11:11:43,861 Epoch 331/500
2025-05-15 11:15:03,874 Current Learning Rate: 0.0002563749
2025-05-15 11:15:03,875 Train Loss: 0.0001102, Val Loss: 0.0050279
2025-05-15 11:15:03,876 Epoch 332/500
2025-05-15 11:18:23,837 Current Learning Rate: 0.0002536363
2025-05-15 11:18:23,838 Train Loss: 0.0001101, Val Loss: 0.0050331
2025-05-15 11:18:23,839 Epoch 333/500
2025-05-15 11:21:43,712 Current Learning Rate: 0.0002509074
2025-05-15 11:21:43,714 Train Loss: 0.0001091, Val Loss: 0.0050251
2025-05-15 11:21:43,714 Epoch 334/500
2025-05-15 11:25:03,691 Current Learning Rate: 0.0002481884
2025-05-15 11:25:03,693 Train Loss: 0.0001092, Val Loss: 0.0050379
2025-05-15 11:25:03,693 Epoch 335/500
2025-05-15 11:28:23,390 Current Learning Rate: 0.0002454793
2025-05-15 11:28:23,392 Train Loss: 0.0001092, Val Loss: 0.0050281
2025-05-15 11:28:23,392 Epoch 336/500
2025-05-15 11:31:43,479 Current Learning Rate: 0.0002427802
2025-05-15 11:31:43,480 Train Loss: 0.0001089, Val Loss: 0.0050519
2025-05-15 11:31:43,481 Epoch 337/500
2025-05-15 11:35:03,439 Current Learning Rate: 0.0002400913
2025-05-15 11:35:03,441 Train Loss: 0.0001089, Val Loss: 0.0050501
2025-05-15 11:35:03,441 Epoch 338/500
2025-05-15 11:38:23,288 Current Learning Rate: 0.0002374127
2025-05-15 11:38:23,289 Train Loss: 0.0001083, Val Loss: 0.0050287
2025-05-15 11:38:23,289 Epoch 339/500
2025-05-15 11:41:43,368 Current Learning Rate: 0.0002347444
2025-05-15 11:41:43,370 Train Loss: 0.0001078, Val Loss: 0.0050160
2025-05-15 11:41:43,370 Epoch 340/500
2025-05-15 11:45:03,604 Current Learning Rate: 0.0002320866
2025-05-15 11:45:03,606 Train Loss: 0.0001079, Val Loss: 0.0050288
2025-05-15 11:45:03,606 Epoch 341/500
2025-05-15 11:48:23,862 Current Learning Rate: 0.0002294394
2025-05-15 11:48:23,863 Train Loss: 0.0001080, Val Loss: 0.0050387
2025-05-15 11:48:23,863 Epoch 342/500
2025-05-15 11:51:43,736 Current Learning Rate: 0.0002268028
2025-05-15 11:51:43,738 Train Loss: 0.0001079, Val Loss: 0.0050325
2025-05-15 11:51:43,738 Epoch 343/500
2025-05-15 11:55:03,462 Current Learning Rate: 0.0002241771
2025-05-15 11:55:03,463 Train Loss: 0.0001076, Val Loss: 0.0050574
2025-05-15 11:55:03,463 Epoch 344/500
2025-05-15 11:58:23,477 Current Learning Rate: 0.0002215622
2025-05-15 11:58:23,478 Train Loss: 0.0001070, Val Loss: 0.0050727
2025-05-15 11:58:23,478 Epoch 345/500
2025-05-15 12:01:43,353 Current Learning Rate: 0.0002189583
2025-05-15 12:01:43,355 Train Loss: 0.0001072, Val Loss: 0.0050290
2025-05-15 12:01:43,355 Epoch 346/500
2025-05-15 12:05:03,250 Current Learning Rate: 0.0002163655
2025-05-15 12:05:03,251 Train Loss: 0.0001069, Val Loss: 0.0050201
2025-05-15 12:05:03,252 Epoch 347/500
2025-05-15 12:08:23,276 Current Learning Rate: 0.0002137839
2025-05-15 12:08:23,277 Train Loss: 0.0001062, Val Loss: 0.0050406
2025-05-15 12:08:23,277 Epoch 348/500
2025-05-15 12:11:43,531 Current Learning Rate: 0.0002112136
2025-05-15 12:11:43,532 Train Loss: 0.0001066, Val Loss: 0.0050282
2025-05-15 12:11:43,533 Epoch 349/500
2025-05-15 12:15:03,862 Current Learning Rate: 0.0002086548
2025-05-15 12:15:03,863 Train Loss: 0.0001062, Val Loss: 0.0050328
2025-05-15 12:15:03,863 Epoch 350/500
2025-05-15 12:18:24,234 Current Learning Rate: 0.0002061074
2025-05-15 12:18:24,346 Saved periodic model at epoch 350 to /jizhicfs/easyluwu/ocean_project/NeurIPS_2025_wuhao/checkpoints/CNO_0511_McWilliams2d_epoch_350.pth
2025-05-15 12:18:24,346 Train Loss: 0.0001062, Val Loss: 0.0050291
2025-05-15 12:18:24,347 Epoch 351/500
2025-05-15 12:21:44,482 Current Learning Rate: 0.0002035716
2025-05-15 12:21:44,483 Train Loss: 0.0001059, Val Loss: 0.0050655
2025-05-15 12:21:44,483 Epoch 352/500
2025-05-15 12:25:04,799 Current Learning Rate: 0.0002010475
2025-05-15 12:25:04,800 Train Loss: 0.0001057, Val Loss: 0.0050393
2025-05-15 12:25:04,800 Epoch 353/500
2025-05-15 12:28:25,275 Current Learning Rate: 0.0001985352
2025-05-15 12:28:25,285 Train Loss: 0.0001052, Val Loss: 0.0050551
2025-05-15 12:28:25,285 Epoch 354/500
2025-05-15 12:31:45,703 Current Learning Rate: 0.0001960349
2025-05-15 12:31:45,704 Train Loss: 0.0001051, Val Loss: 0.0050363
2025-05-15 12:31:45,704 Epoch 355/500
2025-05-15 12:35:05,832 Current Learning Rate: 0.0001935465
2025-05-15 12:35:05,833 Train Loss: 0.0001054, Val Loss: 0.0050276
2025-05-15 12:35:05,833 Epoch 356/500
2025-05-15 12:38:25,675 Current Learning Rate: 0.0001910702
2025-05-15 12:38:25,677 Train Loss: 0.0001046, Val Loss: 0.0050426
2025-05-15 12:38:25,677 Epoch 357/500
2025-05-15 12:41:45,831 Current Learning Rate: 0.0001886061
2025-05-15 12:41:45,832 Train Loss: 0.0001048, Val Loss: 0.0050356
2025-05-15 12:41:45,833 Epoch 358/500
2025-05-15 12:45:05,988 Current Learning Rate: 0.0001861543
2025-05-15 12:45:05,989 Train Loss: 0.0001045, Val Loss: 0.0050438
2025-05-15 12:45:05,989 Epoch 359/500
2025-05-15 12:48:26,152 Current Learning Rate: 0.0001837149
2025-05-15 12:48:26,154 Train Loss: 0.0001047, Val Loss: 0.0050398
2025-05-15 12:48:26,154 Epoch 360/500
2025-05-15 12:51:46,742 Current Learning Rate: 0.0001812880
2025-05-15 12:51:46,746 Train Loss: 0.0001042, Val Loss: 0.0050722
2025-05-15 12:51:46,746 Epoch 361/500
2025-05-15 12:55:08,042 Current Learning Rate: 0.0001788737
2025-05-15 12:55:08,044 Train Loss: 0.0001044, Val Loss: 0.0050517
2025-05-15 12:55:08,044 Epoch 362/500
2025-05-15 12:58:28,504 Current Learning Rate: 0.0001764720
2025-05-15 12:58:28,505 Train Loss: 0.0001038, Val Loss: 0.0050629
2025-05-15 12:58:28,505 Epoch 363/500
2025-05-15 13:01:48,749 Current Learning Rate: 0.0001740831
2025-05-15 13:01:48,751 Train Loss: 0.0001039, Val Loss: 0.0050426
2025-05-15 13:01:48,751 Epoch 364/500
2025-05-15 13:05:08,886 Current Learning Rate: 0.0001717071
2025-05-15 13:05:08,892 Train Loss: 0.0001035, Val Loss: 0.0050384
2025-05-15 13:05:08,892 Epoch 365/500
2025-05-15 13:08:28,714 Current Learning Rate: 0.0001693441
2025-05-15 13:08:28,715 Train Loss: 0.0001034, Val Loss: 0.0050272
2025-05-15 13:08:28,715 Epoch 366/500
2025-05-15 13:11:48,004 Current Learning Rate: 0.0001669941
2025-05-15 13:11:48,005 Train Loss: 0.0001030, Val Loss: 0.0050346
2025-05-15 13:11:48,005 Epoch 367/500
2025-05-15 13:15:07,829 Current Learning Rate: 0.0001646572
2025-05-15 13:15:07,830 Train Loss: 0.0001029, Val Loss: 0.0050397
2025-05-15 13:15:07,831 Epoch 368/500
2025-05-15 13:18:27,957 Current Learning Rate: 0.0001623336
2025-05-15 13:18:27,958 Train Loss: 0.0001031, Val Loss: 0.0050530
2025-05-15 13:18:27,958 Epoch 369/500
2025-05-15 13:21:47,738 Current Learning Rate: 0.0001600233
2025-05-15 13:21:47,739 Train Loss: 0.0001032, Val Loss: 0.0050397
2025-05-15 13:21:47,739 Epoch 370/500
2025-05-15 13:25:07,705 Current Learning Rate: 0.0001577264
2025-05-15 13:25:07,707 Train Loss: 0.0001026, Val Loss: 0.0050512
2025-05-15 13:25:07,707 Epoch 371/500
2025-05-15 13:28:27,964 Current Learning Rate: 0.0001554431
2025-05-15 13:28:27,965 Train Loss: 0.0001022, Val Loss: 0.0050529
2025-05-15 13:28:27,966 Epoch 372/500
2025-05-15 13:31:48,105 Current Learning Rate: 0.0001531733
2025-05-15 13:31:48,105 Train Loss: 0.0001025, Val Loss: 0.0050408
2025-05-15 13:31:48,105 Epoch 373/500
2025-05-15 13:35:08,538 Current Learning Rate: 0.0001509173
2025-05-15 13:35:08,539 Train Loss: 0.0001020, Val Loss: 0.0050440
2025-05-15 13:35:08,540 Epoch 374/500
2025-05-15 13:38:28,669 Current Learning Rate: 0.0001486750
2025-05-15 13:38:28,670 Train Loss: 0.0001020, Val Loss: 0.0050644
2025-05-15 13:38:28,670 Epoch 375/500
2025-05-15 13:41:48,430 Current Learning Rate: 0.0001464466
2025-05-15 13:41:48,431 Train Loss: 0.0001019, Val Loss: 0.0050437
2025-05-15 13:41:48,431 Epoch 376/500
2025-05-15 13:45:08,228 Current Learning Rate: 0.0001442322
2025-05-15 13:45:08,230 Train Loss: 0.0001016, Val Loss: 0.0050464
2025-05-15 13:45:08,230 Epoch 377/500
2025-05-15 13:48:28,121 Current Learning Rate: 0.0001420318
2025-05-15 13:48:28,123 Train Loss: 0.0001013, Val Loss: 0.0050289
2025-05-15 13:48:28,123 Epoch 378/500
2025-05-15 13:51:48,346 Current Learning Rate: 0.0001398455
2025-05-15 13:51:48,347 Train Loss: 0.0001015, Val Loss: 0.0050455
2025-05-15 13:51:48,347 Epoch 379/500
2025-05-15 13:55:08,775 Current Learning Rate: 0.0001376734
2025-05-15 13:55:08,782 Train Loss: 0.0001013, Val Loss: 0.0050419
2025-05-15 13:55:08,783 Epoch 380/500
2025-05-15 13:58:29,064 Current Learning Rate: 0.0001355157
2025-05-15 13:58:29,065 Train Loss: 0.0001012, Val Loss: 0.0050298
2025-05-15 13:58:29,066 Epoch 381/500
2025-05-15 14:01:49,404 Current Learning Rate: 0.0001333723
2025-05-15 14:01:49,406 Train Loss: 0.0001008, Val Loss: 0.0050588
2025-05-15 14:01:49,406 Epoch 382/500
2025-05-15 14:05:09,672 Current Learning Rate: 0.0001312434
2025-05-15 14:05:09,674 Train Loss: 0.0001008, Val Loss: 0.0050525
2025-05-15 14:05:09,674 Epoch 383/500
2025-05-15 14:08:29,911 Current Learning Rate: 0.0001291291
2025-05-15 14:08:29,954 Train Loss: 0.0001006, Val Loss: 0.0050432
2025-05-15 14:08:29,955 Epoch 384/500
2025-05-15 14:11:49,756 Current Learning Rate: 0.0001270294
2025-05-15 14:11:49,757 Train Loss: 0.0001005, Val Loss: 0.0050544
2025-05-15 14:11:49,758 Epoch 385/500
2025-05-15 14:15:09,607 Current Learning Rate: 0.0001249445
2025-05-15 14:15:09,609 Train Loss: 0.0001001, Val Loss: 0.0050415
2025-05-15 14:15:09,609 Epoch 386/500
2025-05-15 14:18:29,536 Current Learning Rate: 0.0001228743
2025-05-15 14:18:29,537 Train Loss: 0.0001002, Val Loss: 0.0050438
2025-05-15 14:18:29,538 Epoch 387/500
2025-05-15 14:21:49,613 Current Learning Rate: 0.0001208190
2025-05-15 14:21:49,614 Train Loss: 0.0001000, Val Loss: 0.0050584
2025-05-15 14:21:49,614 Epoch 388/500
2025-05-15 14:25:09,680 Current Learning Rate: 0.0001187787
2025-05-15 14:25:09,681 Train Loss: 0.0001001, Val Loss: 0.0050573
2025-05-15 14:25:09,681 Epoch 389/500
2025-05-15 14:28:29,468 Current Learning Rate: 0.0001167535
2025-05-15 14:28:29,469 Train Loss: 0.0000999, Val Loss: 0.0050524
2025-05-15 14:28:29,470 Epoch 390/500
2025-05-15 14:31:49,169 Current Learning Rate: 0.0001147434
2025-05-15 14:31:49,171 Train Loss: 0.0000997, Val Loss: 0.0050491
2025-05-15 14:31:49,171 Epoch 391/500
2025-05-15 14:35:09,058 Current Learning Rate: 0.0001127485
2025-05-15 14:35:09,060 Train Loss: 0.0000996, Val Loss: 0.0050548
2025-05-15 14:35:09,060 Epoch 392/500
2025-05-15 14:38:29,569 Current Learning Rate: 0.0001107688
2025-05-15 14:38:29,570 Train Loss: 0.0000997, Val Loss: 0.0050420
2025-05-15 14:38:29,570 Epoch 393/500
2025-05-15 14:41:50,043 Current Learning Rate: 0.0001088046
2025-05-15 14:41:50,045 Train Loss: 0.0000996, Val Loss: 0.0050664
2025-05-15 14:41:50,045 Epoch 394/500
2025-05-15 14:45:10,179 Current Learning Rate: 0.0001068558
2025-05-15 14:45:10,180 Train Loss: 0.0000993, Val Loss: 0.0050525
2025-05-15 14:45:10,180 Epoch 395/500
2025-05-15 14:48:30,614 Current Learning Rate: 0.0001049225
2025-05-15 14:48:30,615 Train Loss: 0.0000992, Val Loss: 0.0050619
2025-05-15 14:48:30,615 Epoch 396/500
2025-05-15 14:51:50,660 Current Learning Rate: 0.0001030048
2025-05-15 14:51:50,662 Train Loss: 0.0000989, Val Loss: 0.0050288
2025-05-15 14:51:50,663 Epoch 397/500
2025-05-15 14:55:10,584 Current Learning Rate: 0.0001011028
2025-05-15 14:55:10,586 Train Loss: 0.0000989, Val Loss: 0.0050564
2025-05-15 14:55:10,586 Epoch 398/500
2025-05-15 14:58:30,870 Current Learning Rate: 0.0000992165
2025-05-15 14:58:30,872 Train Loss: 0.0000989, Val Loss: 0.0050501
2025-05-15 14:58:30,872 Epoch 399/500
2025-05-15 15:01:50,879 Current Learning Rate: 0.0000973461
2025-05-15 15:01:50,880 Train Loss: 0.0000985, Val Loss: 0.0050551
2025-05-15 15:01:50,881 Epoch 400/500
2025-05-15 15:05:10,975 Current Learning Rate: 0.0000954915
2025-05-15 15:05:11,087 Saved periodic model at epoch 400 to /jizhicfs/easyluwu/ocean_project/NeurIPS_2025_wuhao/checkpoints/CNO_0511_McWilliams2d_epoch_400.pth
2025-05-15 15:05:11,087 Train Loss: 0.0000986, Val Loss: 0.0050469
2025-05-15 15:05:11,087 Epoch 401/500
2025-05-15 15:08:31,342 Current Learning Rate: 0.0000936529
2025-05-15 15:08:31,342 Train Loss: 0.0000985, Val Loss: 0.0050474
2025-05-15 15:08:31,343 Epoch 402/500
2025-05-15 15:11:51,520 Current Learning Rate: 0.0000918304
2025-05-15 15:11:51,520 Train Loss: 0.0000981, Val Loss: 0.0050519
2025-05-15 15:11:51,521 Epoch 403/500
2025-05-15 15:15:11,718 Current Learning Rate: 0.0000900239
2025-05-15 15:15:11,719 Train Loss: 0.0000979, Val Loss: 0.0050589
2025-05-15 15:15:11,719 Epoch 404/500
2025-05-15 15:18:31,927 Current Learning Rate: 0.0000882337
2025-05-15 15:18:31,942 Train Loss: 0.0000980, Val Loss: 0.0050426
2025-05-15 15:18:31,942 Epoch 405/500
2025-05-15 15:21:52,306 Current Learning Rate: 0.0000864597
2025-05-15 15:21:52,307 Train Loss: 0.0000978, Val Loss: 0.0050478
2025-05-15 15:21:52,308 Epoch 406/500
2025-05-15 15:25:12,249 Current Learning Rate: 0.0000847021
2025-05-15 15:25:12,252 Train Loss: 0.0000978, Val Loss: 0.0050520
2025-05-15 15:25:12,253 Epoch 407/500
2025-05-15 15:28:32,177 Current Learning Rate: 0.0000829608
2025-05-15 15:28:32,178 Train Loss: 0.0000977, Val Loss: 0.0050638
2025-05-15 15:28:32,178 Epoch 408/500
2025-05-15 15:31:51,822 Current Learning Rate: 0.0000812360
2025-05-15 15:31:51,823 Train Loss: 0.0000975, Val Loss: 0.0050542
2025-05-15 15:31:51,824 Epoch 409/500
2025-05-15 15:35:11,733 Current Learning Rate: 0.0000795277
2025-05-15 15:35:11,734 Train Loss: 0.0000976, Val Loss: 0.0050563
2025-05-15 15:35:11,734 Epoch 410/500
2025-05-15 15:38:31,427 Current Learning Rate: 0.0000778360
2025-05-15 15:38:31,429 Train Loss: 0.0000973, Val Loss: 0.0050580
2025-05-15 15:38:31,429 Epoch 411/500
2025-05-15 15:41:51,398 Current Learning Rate: 0.0000761610
2025-05-15 15:41:51,399 Train Loss: 0.0000972, Val Loss: 0.0050511
2025-05-15 15:41:51,399 Epoch 412/500
2025-05-15 15:45:11,041 Current Learning Rate: 0.0000745028
2025-05-15 15:45:11,042 Train Loss: 0.0000971, Val Loss: 0.0050596
2025-05-15 15:45:11,042 Epoch 413/500
2025-05-15 15:48:30,836 Current Learning Rate: 0.0000728613
2025-05-15 15:48:30,838 Train Loss: 0.0000969, Val Loss: 0.0050708
2025-05-15 15:48:30,839 Epoch 414/500
2025-05-15 15:51:51,116 Current Learning Rate: 0.0000712367
2025-05-15 15:51:51,118 Train Loss: 0.0000969, Val Loss: 0.0050538
2025-05-15 15:51:51,118 Epoch 415/500
2025-05-15 15:55:11,353 Current Learning Rate: 0.0000696290
2025-05-15 15:55:11,355 Train Loss: 0.0000967, Val Loss: 0.0050648
2025-05-15 15:55:11,355 Epoch 416/500
2025-05-15 15:58:31,839 Current Learning Rate: 0.0000680383
2025-05-15 15:58:31,841 Train Loss: 0.0000969, Val Loss: 0.0050538
2025-05-15 15:58:31,841 Epoch 417/500
2025-05-15 16:01:51,925 Current Learning Rate: 0.0000664646
2025-05-15 16:01:51,926 Train Loss: 0.0000967, Val Loss: 0.0050604
2025-05-15 16:01:51,927 Epoch 418/500
2025-05-15 16:05:11,856 Current Learning Rate: 0.0000649081
2025-05-15 16:05:11,857 Train Loss: 0.0000966, Val Loss: 0.0050586
2025-05-15 16:05:11,858 Epoch 419/500
2025-05-15 16:08:31,998 Current Learning Rate: 0.0000633688
2025-05-15 16:08:32,003 Train Loss: 0.0000964, Val Loss: 0.0050681
2025-05-15 16:08:32,004 Epoch 420/500
2025-05-15 16:11:52,052 Current Learning Rate: 0.0000618467
2025-05-15 16:11:52,054 Train Loss: 0.0000963, Val Loss: 0.0050590
2025-05-15 16:11:52,054 Epoch 421/500
2025-05-15 16:15:12,088 Current Learning Rate: 0.0000603418
2025-05-15 16:15:12,089 Train Loss: 0.0000963, Val Loss: 0.0050638
2025-05-15 16:15:12,090 Epoch 422/500
2025-05-15 16:18:31,900 Current Learning Rate: 0.0000588544
2025-05-15 16:18:31,901 Train Loss: 0.0000962, Val Loss: 0.0050668
2025-05-15 16:18:31,901 Epoch 423/500
2025-05-15 16:21:51,872 Current Learning Rate: 0.0000573843
2025-05-15 16:21:51,892 Train Loss: 0.0000961, Val Loss: 0.0050438
2025-05-15 16:21:51,893 Epoch 424/500
2025-05-15 16:25:11,744 Current Learning Rate: 0.0000559318
2025-05-15 16:25:11,745 Train Loss: 0.0000960, Val Loss: 0.0050520
2025-05-15 16:25:11,745 Epoch 425/500
2025-05-15 16:28:31,546 Current Learning Rate: 0.0000544967
2025-05-15 16:28:31,610 Train Loss: 0.0000958, Val Loss: 0.0050535
2025-05-15 16:28:31,611 Epoch 426/500
2025-05-15 16:31:51,188 Current Learning Rate: 0.0000530793
2025-05-15 16:31:51,189 Train Loss: 0.0000958, Val Loss: 0.0050588
2025-05-15 16:31:51,190 Epoch 427/500
2025-05-15 16:35:10,537 Current Learning Rate: 0.0000516795
2025-05-15 16:35:10,538 Train Loss: 0.0000957, Val Loss: 0.0050514
2025-05-15 16:35:10,538 Epoch 428/500
2025-05-15 16:38:29,927 Current Learning Rate: 0.0000502974
2025-05-15 16:38:29,942 Train Loss: 0.0000957, Val Loss: 0.0050614
2025-05-15 16:38:29,942 Epoch 429/500
2025-05-15 16:41:49,588 Current Learning Rate: 0.0000489330
2025-05-15 16:41:49,589 Train Loss: 0.0000955, Val Loss: 0.0050670
2025-05-15 16:41:49,590 Epoch 430/500
2025-05-15 16:45:09,587 Current Learning Rate: 0.0000475865
2025-05-15 16:45:09,588 Train Loss: 0.0000955, Val Loss: 0.0050567
2025-05-15 16:45:09,589 Epoch 431/500
2025-05-15 16:48:29,742 Current Learning Rate: 0.0000462578
2025-05-15 16:48:29,743 Train Loss: 0.0000953, Val Loss: 0.0050580
2025-05-15 16:48:29,744 Epoch 432/500
2025-05-15 16:51:49,962 Current Learning Rate: 0.0000449470
2025-05-15 16:51:49,963 Train Loss: 0.0000951, Val Loss: 0.0050645
2025-05-15 16:51:49,963 Epoch 433/500
2025-05-15 16:55:10,156 Current Learning Rate: 0.0000436542
2025-05-15 16:55:10,157 Train Loss: 0.0000953, Val Loss: 0.0050619
2025-05-15 16:55:10,158 Epoch 434/500
2025-05-15 16:58:30,588 Current Learning Rate: 0.0000423794
2025-05-15 16:58:30,608 Train Loss: 0.0000952, Val Loss: 0.0050581
2025-05-15 16:58:30,609 Epoch 435/500
2025-05-15 17:01:50,629 Current Learning Rate: 0.0000411227
2025-05-15 17:01:50,631 Train Loss: 0.0000951, Val Loss: 0.0050622
2025-05-15 17:01:50,631 Epoch 436/500
2025-05-15 17:05:10,591 Current Learning Rate: 0.0000398841
2025-05-15 17:05:10,592 Train Loss: 0.0000951, Val Loss: 0.0050542
2025-05-15 17:05:10,593 Epoch 437/500
2025-05-15 17:08:30,390 Current Learning Rate: 0.0000386636
2025-05-15 17:08:30,391 Train Loss: 0.0000950, Val Loss: 0.0050585
2025-05-15 17:08:30,391 Epoch 438/500
2025-05-15 17:11:50,632 Current Learning Rate: 0.0000374614
2025-05-15 17:11:50,633 Train Loss: 0.0000948, Val Loss: 0.0050583
2025-05-15 17:11:50,633 Epoch 439/500
2025-05-15 17:15:10,384 Current Learning Rate: 0.0000362774
2025-05-15 17:15:10,385 Train Loss: 0.0000948, Val Loss: 0.0050692
2025-05-15 17:15:10,386 Epoch 440/500
2025-05-15 17:18:30,027 Current Learning Rate: 0.0000351118
2025-05-15 17:18:30,028 Train Loss: 0.0000946, Val Loss: 0.0050663
2025-05-15 17:18:30,029 Epoch 441/500
2025-05-15 17:21:49,839 Current Learning Rate: 0.0000339644
2025-05-15 17:21:50,063 Train Loss: 0.0000947, Val Loss: 0.0050608
2025-05-15 17:21:50,063 Epoch 442/500
2025-05-15 17:25:10,079 Current Learning Rate: 0.0000328355
2025-05-15 17:25:10,092 Train Loss: 0.0000946, Val Loss: 0.0050639
2025-05-15 17:25:10,092 Epoch 443/500
2025-05-15 17:28:30,480 Current Learning Rate: 0.0000317251
2025-05-15 17:28:30,481 Train Loss: 0.0000945, Val Loss: 0.0050588
2025-05-15 17:28:30,482 Epoch 444/500
2025-05-15 17:31:50,334 Current Learning Rate: 0.0000306331
2025-05-15 17:31:50,379 Train Loss: 0.0000944, Val Loss: 0.0050666
2025-05-15 17:31:50,380 Epoch 445/500
2025-05-15 17:35:10,072 Current Learning Rate: 0.0000295596
2025-05-15 17:35:10,073 Train Loss: 0.0000943, Val Loss: 0.0050612
2025-05-15 17:35:10,074 Epoch 446/500
2025-05-15 17:38:29,784 Current Learning Rate: 0.0000285047
2025-05-15 17:38:29,785 Train Loss: 0.0000944, Val Loss: 0.0050567
2025-05-15 17:38:29,786 Epoch 447/500
2025-05-15 17:41:49,466 Current Learning Rate: 0.0000274685
2025-05-15 17:41:49,471 Train Loss: 0.0000943, Val Loss: 0.0050582
2025-05-15 17:41:49,471 Epoch 448/500
2025-05-15 17:45:09,139 Current Learning Rate: 0.0000264508
2025-05-15 17:45:09,140 Train Loss: 0.0000942, Val Loss: 0.0050590
2025-05-15 17:45:09,141 Epoch 449/500
2025-05-15 17:48:28,593 Current Learning Rate: 0.0000254519
2025-05-15 17:48:28,594 Train Loss: 0.0000941, Val Loss: 0.0050563
2025-05-15 17:48:28,595 Epoch 450/500
2025-05-15 17:51:48,052 Current Learning Rate: 0.0000244717
2025-05-15 17:51:48,579 Saved periodic model at epoch 450 to /jizhicfs/easyluwu/ocean_project/NeurIPS_2025_wuhao/checkpoints/CNO_0511_McWilliams2d_epoch_450.pth
2025-05-15 17:51:48,579 Train Loss: 0.0000941, Val Loss: 0.0050619
2025-05-15 17:51:48,579 Epoch 451/500
2025-05-15 17:55:08,600 Current Learning Rate: 0.0000235103
2025-05-15 17:55:08,601 Train Loss: 0.0000941, Val Loss: 0.0050574
2025-05-15 17:55:08,601 Epoch 452/500
2025-05-15 17:58:28,767 Current Learning Rate: 0.0000225677
2025-05-15 17:58:28,768 Train Loss: 0.0000939, Val Loss: 0.0050647
2025-05-15 17:58:28,768 Epoch 453/500
2025-05-15 18:01:48,756 Current Learning Rate: 0.0000216440
2025-05-15 18:01:48,757 Train Loss: 0.0000939, Val Loss: 0.0050677
2025-05-15 18:01:48,757 Epoch 454/500
2025-05-15 18:05:08,818 Current Learning Rate: 0.0000207391
2025-05-15 18:05:08,820 Train Loss: 0.0000937, Val Loss: 0.0050614
2025-05-15 18:05:08,820 Epoch 455/500
2025-05-15 18:08:28,735 Current Learning Rate: 0.0000198532
2025-05-15 18:08:28,736 Train Loss: 0.0000937, Val Loss: 0.0050620
2025-05-15 18:08:28,736 Epoch 456/500
2025-05-15 18:11:48,692 Current Learning Rate: 0.0000189862
2025-05-15 18:11:48,692 Train Loss: 0.0000937, Val Loss: 0.0050601
2025-05-15 18:11:48,692 Epoch 457/500
2025-05-15 18:15:08,379 Current Learning Rate: 0.0000181382
2025-05-15 18:15:08,380 Train Loss: 0.0000936, Val Loss: 0.0050659
2025-05-15 18:15:08,381 Epoch 458/500
2025-05-15 18:18:27,885 Current Learning Rate: 0.0000173092
2025-05-15 18:18:27,886 Train Loss: 0.0000938, Val Loss: 0.0050584
2025-05-15 18:18:27,887 Epoch 459/500
2025-05-15 18:21:47,710 Current Learning Rate: 0.0000164993
2025-05-15 18:21:47,712 Train Loss: 0.0000936, Val Loss: 0.0050610
2025-05-15 18:21:47,712 Epoch 460/500
2025-05-15 18:25:07,827 Current Learning Rate: 0.0000157084
2025-05-15 18:25:07,829 Train Loss: 0.0000934, Val Loss: 0.0050566
2025-05-15 18:25:07,829 Epoch 461/500
2025-05-15 18:28:27,737 Current Learning Rate: 0.0000149367
2025-05-15 18:28:27,738 Train Loss: 0.0000935, Val Loss: 0.0050591
2025-05-15 18:28:27,738 Epoch 462/500
2025-05-15 18:31:47,581 Current Learning Rate: 0.0000141841
2025-05-15 18:31:47,582 Train Loss: 0.0000935, Val Loss: 0.0050575
2025-05-15 18:31:47,583 Epoch 463/500
2025-05-15 18:35:07,655 Current Learning Rate: 0.0000134507
2025-05-15 18:35:07,656 Train Loss: 0.0000933, Val Loss: 0.0050585
2025-05-15 18:35:07,656 Epoch 464/500
2025-05-15 18:38:27,513 Current Learning Rate: 0.0000127366
2025-05-15 18:38:27,600 Train Loss: 0.0000934, Val Loss: 0.0050625
2025-05-15 18:38:27,601 Epoch 465/500
2025-05-15 18:41:47,387 Current Learning Rate: 0.0000120416
2025-05-15 18:41:47,388 Train Loss: 0.0000932, Val Loss: 0.0050614
2025-05-15 18:41:47,389 Epoch 466/500
2025-05-15 18:45:07,182 Current Learning Rate: 0.0000113659
2025-05-15 18:45:07,183 Train Loss: 0.0000932, Val Loss: 0.0050615
2025-05-15 18:45:07,183 Epoch 467/500
2025-05-15 18:48:26,930 Current Learning Rate: 0.0000107095
2025-05-15 18:48:26,931 Train Loss: 0.0000931, Val Loss: 0.0050586
2025-05-15 18:48:26,931 Epoch 468/500
2025-05-15 18:51:46,780 Current Learning Rate: 0.0000100725
2025-05-15 18:51:46,781 Train Loss: 0.0000932, Val Loss: 0.0050578
2025-05-15 18:51:46,781 Epoch 469/500
2025-05-15 18:55:07,159 Current Learning Rate: 0.0000094547
2025-05-15 18:55:07,160 Train Loss: 0.0000931, Val Loss: 0.0050569
2025-05-15 18:55:07,160 Epoch 470/500
2025-05-15 18:58:27,458 Current Learning Rate: 0.0000088564
2025-05-15 18:58:27,459 Train Loss: 0.0000932, Val Loss: 0.0050598
2025-05-15 18:58:27,459 Epoch 471/500
2025-05-15 19:01:47,905 Current Learning Rate: 0.0000082774
2025-05-15 19:01:47,906 Train Loss: 0.0000931, Val Loss: 0.0050629
2025-05-15 19:01:47,906 Epoch 472/500
2025-05-15 19:05:08,367 Current Learning Rate: 0.0000077178
2025-05-15 19:05:08,368 Train Loss: 0.0000931, Val Loss: 0.0050579
2025-05-15 19:05:08,368 Epoch 473/500
2025-05-15 19:08:29,239 Current Learning Rate: 0.0000071777
2025-05-15 19:08:29,240 Train Loss: 0.0000929, Val Loss: 0.0050630
2025-05-15 19:08:29,240 Epoch 474/500
2025-05-15 19:11:49,043 Current Learning Rate: 0.0000066570
2025-05-15 19:11:49,044 Train Loss: 0.0000929, Val Loss: 0.0050605
2025-05-15 19:11:49,045 Epoch 475/500
2025-05-15 19:15:08,954 Current Learning Rate: 0.0000061558
2025-05-15 19:15:08,969 Train Loss: 0.0000928, Val Loss: 0.0050606
2025-05-15 19:15:08,969 Epoch 476/500
2025-05-15 19:18:29,210 Current Learning Rate: 0.0000056741
2025-05-15 19:18:29,212 Train Loss: 0.0000928, Val Loss: 0.0050614
2025-05-15 19:18:29,212 Epoch 477/500
2025-05-15 19:21:49,190 Current Learning Rate: 0.0000052119
2025-05-15 19:21:49,191 Train Loss: 0.0000929, Val Loss: 0.0050637
2025-05-15 19:21:49,192 Epoch 478/500
2025-05-15 19:25:08,757 Current Learning Rate: 0.0000047693
2025-05-15 19:25:08,758 Train Loss: 0.0000928, Val Loss: 0.0050605
2025-05-15 19:25:08,758 Epoch 479/500
2025-05-15 19:28:28,750 Current Learning Rate: 0.0000043462
2025-05-15 19:28:28,751 Train Loss: 0.0000928, Val Loss: 0.0050649
2025-05-15 19:28:28,752 Epoch 480/500
2025-05-15 19:31:48,469 Current Learning Rate: 0.0000039426
2025-05-15 19:31:48,471 Train Loss: 0.0000928, Val Loss: 0.0050638
2025-05-15 19:31:48,471 Epoch 481/500
2025-05-15 19:35:08,230 Current Learning Rate: 0.0000035587
2025-05-15 19:35:08,232 Train Loss: 0.0000927, Val Loss: 0.0050634
2025-05-15 19:35:08,232 Epoch 482/500
2025-05-15 19:38:28,015 Current Learning Rate: 0.0000031943
2025-05-15 19:38:28,017 Train Loss: 0.0000928, Val Loss: 0.0050583
2025-05-15 19:38:28,017 Epoch 483/500
2025-05-15 19:41:47,728 Current Learning Rate: 0.0000028496
2025-05-15 19:41:47,729 Train Loss: 0.0000926, Val Loss: 0.0050597
2025-05-15 19:41:47,729 Epoch 484/500
2025-05-15 19:45:07,689 Current Learning Rate: 0.0000025245
2025-05-15 19:45:07,690 Train Loss: 0.0000928, Val Loss: 0.0050630
2025-05-15 19:45:07,691 Epoch 485/500
2025-05-15 19:48:27,649 Current Learning Rate: 0.0000022190
2025-05-15 19:48:27,651 Train Loss: 0.0000926, Val Loss: 0.0050593
2025-05-15 19:48:27,651 Epoch 486/500
2025-05-15 19:51:47,566 Current Learning Rate: 0.0000019332
2025-05-15 19:51:47,568 Train Loss: 0.0000926, Val Loss: 0.0050607
2025-05-15 19:51:47,568 Epoch 487/500
2025-05-15 19:55:07,403 Current Learning Rate: 0.0000016670
2025-05-15 19:55:07,404 Train Loss: 0.0000926, Val Loss: 0.0050639
2025-05-15 19:55:07,405 Epoch 488/500
2025-05-15 19:58:27,719 Current Learning Rate: 0.0000014205
2025-05-15 19:58:27,720 Train Loss: 0.0000927, Val Loss: 0.0050611
2025-05-15 19:58:27,721 Epoch 489/500
2025-05-15 20:01:47,837 Current Learning Rate: 0.0000011937
2025-05-15 20:01:47,882 Train Loss: 0.0000926, Val Loss: 0.0050676
2025-05-15 20:01:47,884 Epoch 490/500
2025-05-15 20:05:07,768 Current Learning Rate: 0.0000009866
2025-05-15 20:05:07,769 Train Loss: 0.0000925, Val Loss: 0.0050676
2025-05-15 20:05:07,770 Epoch 491/500
2025-05-15 20:08:27,331 Current Learning Rate: 0.0000007992
2025-05-15 20:08:27,332 Train Loss: 0.0000926, Val Loss: 0.0050627
2025-05-15 20:08:27,333 Epoch 492/500
2025-05-15 20:11:47,296 Current Learning Rate: 0.0000006315
2025-05-15 20:11:47,297 Train Loss: 0.0000926, Val Loss: 0.0050601
2025-05-15 20:11:47,297 Epoch 493/500
2025-05-15 20:15:07,061 Current Learning Rate: 0.0000004835
2025-05-15 20:15:07,071 Train Loss: 0.0000925, Val Loss: 0.0050660
2025-05-15 20:15:07,071 Epoch 494/500
2025-05-15 20:18:26,611 Current Learning Rate: 0.0000003553
2025-05-15 20:18:26,894 Train Loss: 0.0000926, Val Loss: 0.0050611
2025-05-15 20:18:26,895 Epoch 495/500
2025-05-15 20:21:46,777 Current Learning Rate: 0.0000002467
2025-05-15 20:21:46,779 Train Loss: 0.0000925, Val Loss: 0.0050614
2025-05-15 20:21:46,779 Epoch 496/500
2025-05-15 20:25:06,630 Current Learning Rate: 0.0000001579
2025-05-15 20:25:06,632 Train Loss: 0.0000924, Val Loss: 0.0050624
2025-05-15 20:25:06,632 Epoch 497/500
2025-05-15 20:28:26,554 Current Learning Rate: 0.0000000888
2025-05-15 20:28:26,555 Train Loss: 0.0000925, Val Loss: 0.0050561
2025-05-15 20:28:26,555 Epoch 498/500
2025-05-15 20:31:46,018 Current Learning Rate: 0.0000000395
2025-05-15 20:31:46,019 Train Loss: 0.0000926, Val Loss: 0.0050606
2025-05-15 20:31:46,020 Epoch 499/500
2025-05-15 20:35:05,564 Current Learning Rate: 0.0000000099
2025-05-15 20:35:05,565 Train Loss: 0.0000925, Val Loss: 0.0050593
2025-05-15 20:35:05,566 Epoch 500/500
2025-05-15 20:38:25,403 Current Learning Rate: 0.0000000000
2025-05-15 20:38:25,517 Saved periodic model at epoch 500 to /jizhicfs/easyluwu/ocean_project/NeurIPS_2025_wuhao/checkpoints/CNO_0511_McWilliams2d_epoch_500.pth
2025-05-15 20:38:25,517 Train Loss: 0.0000924, Val Loss: 0.0050638
