2025-05-14 14:59:28,571 Epoch 1/500
2025-05-14 14:59:42,540 Current Learning Rate: 0.0009999901
2025-05-14 14:59:42,628 Train Loss: 0.0222586, Val Loss: 0.0164169
2025-05-14 14:59:42,628 Epoch 2/500
2025-05-14 14:59:55,521 Current Learning Rate: 0.0009999605
2025-05-14 14:59:55,626 Train Loss: 0.0121685, Val Loss: 0.0113480
2025-05-14 14:59:55,626 Epoch 3/500
2025-05-14 15:00:08,154 Current Learning Rate: 0.0009999112
2025-05-14 15:00:08,300 Train Loss: 0.0089808, Val Loss: 0.0092057
2025-05-14 15:00:08,301 Epoch 4/500
2025-05-14 15:00:20,817 Current Learning Rate: 0.0009998421
2025-05-14 15:00:20,947 Train Loss: 0.0074715, Val Loss: 0.0089013
2025-05-14 15:00:20,948 Epoch 5/500
2025-05-14 15:00:33,356 Current Learning Rate: 0.0009997533
2025-05-14 15:00:33,462 Train Loss: 0.0063756, Val Loss: 0.0067317
2025-05-14 15:00:33,462 Epoch 6/500
2025-05-14 15:00:46,308 Current Learning Rate: 0.0009996447
2025-05-14 15:00:46,436 Train Loss: 0.0056335, Val Loss: 0.0062037
2025-05-14 15:00:46,436 Epoch 7/500
2025-05-14 15:00:59,075 Current Learning Rate: 0.0009995165
2025-05-14 15:00:59,201 Train Loss: 0.0049901, Val Loss: 0.0054572
2025-05-14 15:00:59,202 Epoch 8/500
2025-05-14 15:01:11,901 Current Learning Rate: 0.0009993685
2025-05-14 15:01:12,023 Train Loss: 0.0047404, Val Loss: 0.0053599
2025-05-14 15:01:12,023 Epoch 9/500
2025-05-14 15:01:24,588 Current Learning Rate: 0.0009992008
2025-05-14 15:01:24,710 Train Loss: 0.0043173, Val Loss: 0.0051280
2025-05-14 15:01:24,711 Epoch 10/500
2025-05-14 15:01:37,546 Current Learning Rate: 0.0009990134
2025-05-14 15:01:37,697 Train Loss: 0.0040341, Val Loss: 0.0042257
2025-05-14 15:01:37,698 Epoch 11/500
2025-05-14 15:01:50,651 Current Learning Rate: 0.0009988063
2025-05-14 15:01:50,652 Train Loss: 0.0037919, Val Loss: 0.0055468
2025-05-14 15:01:50,652 Epoch 12/500
2025-05-14 15:02:18,619 Current Learning Rate: 0.0009985795
2025-05-14 15:02:18,621 Train Loss: 0.0036521, Val Loss: 0.0050544
2025-05-14 15:02:18,621 Epoch 13/500
2025-05-14 15:02:49,547 Current Learning Rate: 0.0009983330
2025-05-14 15:02:49,547 Train Loss: 0.0033951, Val Loss: 0.0054351
2025-05-14 15:02:49,547 Epoch 14/500
2025-05-14 15:03:31,285 Current Learning Rate: 0.0009980668
2025-05-14 15:03:31,409 Train Loss: 0.0033011, Val Loss: 0.0038635
2025-05-14 15:03:31,409 Epoch 15/500
2025-05-14 15:04:25,760 Current Learning Rate: 0.0009977810
2025-05-14 15:04:25,761 Train Loss: 0.0031753, Val Loss: 0.0045428
2025-05-14 15:04:25,761 Epoch 16/500
2025-05-14 15:05:21,431 Current Learning Rate: 0.0009974755
2025-05-14 15:05:21,580 Train Loss: 0.0030277, Val Loss: 0.0036656
2025-05-14 15:05:21,580 Epoch 17/500
2025-05-14 15:06:16,446 Current Learning Rate: 0.0009971504
2025-05-14 15:06:16,574 Train Loss: 0.0029371, Val Loss: 0.0035657
2025-05-14 15:06:16,574 Epoch 18/500
2025-05-14 15:07:11,400 Current Learning Rate: 0.0009968057
2025-05-14 15:07:11,400 Train Loss: 0.0028356, Val Loss: 0.0039975
2025-05-14 15:07:11,401 Epoch 19/500
2025-05-14 15:08:06,328 Current Learning Rate: 0.0009964413
2025-05-14 15:08:06,329 Train Loss: 0.0028983, Val Loss: 0.0044980
2025-05-14 15:08:06,329 Epoch 20/500
2025-05-14 15:09:00,374 Current Learning Rate: 0.0009960574
2025-05-14 15:09:00,493 Train Loss: 0.0026595, Val Loss: 0.0034552
2025-05-14 15:09:00,493 Epoch 21/500
2025-05-14 15:09:54,914 Current Learning Rate: 0.0009956538
2025-05-14 15:09:54,914 Train Loss: 0.0025812, Val Loss: 0.0036324
2025-05-14 15:09:54,914 Epoch 22/500
2025-05-14 15:10:49,080 Current Learning Rate: 0.0009952307
2025-05-14 15:10:49,190 Train Loss: 0.0025403, Val Loss: 0.0032711
2025-05-14 15:10:49,191 Epoch 23/500
2025-05-14 15:11:52,952 Current Learning Rate: 0.0009947881
2025-05-14 15:11:53,082 Train Loss: 0.0023438, Val Loss: 0.0032212
2025-05-14 15:11:53,082 Epoch 24/500
2025-05-14 15:13:05,164 Current Learning Rate: 0.0009943259
2025-05-14 15:13:05,165 Train Loss: 0.0023409, Val Loss: 0.0034867
2025-05-14 15:13:05,165 Epoch 25/500
2025-05-14 15:14:16,725 Current Learning Rate: 0.0009938442
2025-05-14 15:14:16,864 Train Loss: 0.0022945, Val Loss: 0.0029385
2025-05-14 15:14:16,864 Epoch 26/500
2025-05-14 15:15:29,205 Current Learning Rate: 0.0009933430
2025-05-14 15:15:29,205 Train Loss: 0.0022191, Val Loss: 0.0029444
2025-05-14 15:15:29,206 Epoch 27/500
2025-05-14 15:16:48,205 Current Learning Rate: 0.0009928223
2025-05-14 15:16:48,205 Train Loss: 0.0021391, Val Loss: 0.0035083
2025-05-14 15:16:48,205 Epoch 28/500
2025-05-14 15:18:07,742 Current Learning Rate: 0.0009922822
2025-05-14 15:18:07,742 Train Loss: 0.0021764, Val Loss: 0.0041518
2025-05-14 15:18:07,743 Epoch 29/500
2025-05-14 15:19:27,046 Current Learning Rate: 0.0009917226
2025-05-14 15:19:27,181 Train Loss: 0.0021344, Val Loss: 0.0029338
2025-05-14 15:19:27,181 Epoch 30/500
2025-05-14 15:20:46,861 Current Learning Rate: 0.0009911436
2025-05-14 15:20:46,862 Train Loss: 0.0020729, Val Loss: 0.0031387
2025-05-14 15:20:46,862 Epoch 31/500
2025-05-14 15:22:06,316 Current Learning Rate: 0.0009905453
2025-05-14 15:22:06,542 Train Loss: 0.0019995, Val Loss: 0.0025046
2025-05-14 15:22:06,542 Epoch 32/500
2025-05-14 15:23:26,795 Current Learning Rate: 0.0009899275
2025-05-14 15:23:26,936 Train Loss: 0.0019795, Val Loss: 0.0024578
2025-05-14 15:23:26,936 Epoch 33/500
2025-05-14 15:24:47,327 Current Learning Rate: 0.0009892905
2025-05-14 15:24:47,328 Train Loss: 0.0019473, Val Loss: 0.0026729
2025-05-14 15:24:47,328 Epoch 34/500
2025-05-14 15:26:06,827 Current Learning Rate: 0.0009886341
2025-05-14 15:26:06,827 Train Loss: 0.0018822, Val Loss: 0.0025621
2025-05-14 15:26:06,828 Epoch 35/500
2025-05-14 15:27:26,992 Current Learning Rate: 0.0009879584
2025-05-14 15:27:26,993 Train Loss: 0.0018484, Val Loss: 0.0025224
2025-05-14 15:27:26,993 Epoch 36/500
2025-05-14 15:28:47,297 Current Learning Rate: 0.0009872634
2025-05-14 15:28:47,424 Train Loss: 0.0017749, Val Loss: 0.0023219
2025-05-14 15:28:47,425 Epoch 37/500
2025-05-14 15:30:07,200 Current Learning Rate: 0.0009865493
2025-05-14 15:30:07,200 Train Loss: 0.0018122, Val Loss: 0.0027346
2025-05-14 15:30:07,200 Epoch 38/500
2025-05-14 15:31:26,778 Current Learning Rate: 0.0009858159
2025-05-14 15:31:26,778 Train Loss: 0.0017411, Val Loss: 0.0025837
2025-05-14 15:31:26,778 Epoch 39/500
2025-05-14 15:32:46,274 Current Learning Rate: 0.0009850633
2025-05-14 15:32:46,275 Train Loss: 0.0017411, Val Loss: 0.0024661
2025-05-14 15:32:46,275 Epoch 40/500
2025-05-14 15:34:06,118 Current Learning Rate: 0.0009842916
2025-05-14 15:34:06,118 Train Loss: 0.0016429, Val Loss: 0.0024699
2025-05-14 15:34:06,118 Epoch 41/500
2025-05-14 15:35:24,643 Current Learning Rate: 0.0009835007
2025-05-14 15:35:24,644 Train Loss: 0.0016607, Val Loss: 0.0024125
2025-05-14 15:35:24,644 Epoch 42/500
2025-05-14 15:36:44,149 Current Learning Rate: 0.0009826908
2025-05-14 15:36:44,262 Train Loss: 0.0015714, Val Loss: 0.0022016
2025-05-14 15:36:44,262 Epoch 43/500
2025-05-14 15:38:03,411 Current Learning Rate: 0.0009818618
2025-05-14 15:38:03,532 Train Loss: 0.0015737, Val Loss: 0.0021754
2025-05-14 15:38:03,532 Epoch 44/500
2025-05-14 15:39:21,907 Current Learning Rate: 0.0009810138
2025-05-14 15:39:21,907 Train Loss: 0.0015564, Val Loss: 0.0023214
2025-05-14 15:39:21,907 Epoch 45/500
2025-05-14 15:40:40,863 Current Learning Rate: 0.0009801468
2025-05-14 15:40:40,863 Train Loss: 0.0015681, Val Loss: 0.0027697
2025-05-14 15:40:40,863 Epoch 46/500
2025-05-14 15:41:59,643 Current Learning Rate: 0.0009792609
2025-05-14 15:41:59,644 Train Loss: 0.0014776, Val Loss: 0.0021770
2025-05-14 15:41:59,645 Epoch 47/500
2025-05-14 15:43:18,240 Current Learning Rate: 0.0009783560
2025-05-14 15:43:18,241 Train Loss: 0.0014733, Val Loss: 0.0022386
2025-05-14 15:43:18,241 Epoch 48/500
2025-05-14 15:44:37,526 Current Learning Rate: 0.0009774323
2025-05-14 15:44:37,526 Train Loss: 0.0015577, Val Loss: 0.0027452
2025-05-14 15:44:37,526 Epoch 49/500
2025-05-14 15:45:56,256 Current Learning Rate: 0.0009764897
2025-05-14 15:45:56,257 Train Loss: 0.0014969, Val Loss: 0.0022305
2025-05-14 15:45:56,257 Epoch 50/500
2025-05-14 15:47:14,971 Current Learning Rate: 0.0009755283
2025-05-14 15:47:15,259 Saved periodic model at epoch 50 to /jizhicfs/easyluwu/ocean_project/NeurIPS_2025_wuhao/checkpoints/CNO_0512_LiNS2d_epoch_50.pth
2025-05-14 15:47:15,259 Train Loss: 0.0013882, Val Loss: 0.0020447
2025-05-14 15:47:15,260 Epoch 51/500
2025-05-14 15:48:34,729 Current Learning Rate: 0.0009745481
2025-05-14 15:48:34,730 Train Loss: 0.0013904, Val Loss: 0.0021378
2025-05-14 15:48:34,730 Epoch 52/500
2025-05-14 15:49:53,241 Current Learning Rate: 0.0009735492
2025-05-14 15:49:53,241 Train Loss: 0.0013874, Val Loss: 0.0021085
2025-05-14 15:49:53,242 Epoch 53/500
2025-05-14 15:51:11,784 Current Learning Rate: 0.0009725315
2025-05-14 15:51:11,785 Train Loss: 0.0013664, Val Loss: 0.0020544
2025-05-14 15:51:11,785 Epoch 54/500
2025-05-14 15:52:30,814 Current Learning Rate: 0.0009714953
2025-05-14 15:52:30,815 Train Loss: 0.0013846, Val Loss: 0.0021345
2025-05-14 15:52:30,815 Epoch 55/500
2025-05-14 15:53:49,960 Current Learning Rate: 0.0009704404
2025-05-14 15:53:49,961 Train Loss: 0.0012834, Val Loss: 0.0021517
2025-05-14 15:53:49,961 Epoch 56/500
2025-05-14 15:55:08,858 Current Learning Rate: 0.0009693669
2025-05-14 15:55:08,859 Train Loss: 0.0012568, Val Loss: 0.0020962
2025-05-14 15:55:08,859 Epoch 57/500
2025-05-14 15:56:28,066 Current Learning Rate: 0.0009682749
2025-05-14 15:56:28,066 Train Loss: 0.0013412, Val Loss: 0.0022356
2025-05-14 15:56:28,067 Epoch 58/500
2025-05-14 15:57:46,602 Current Learning Rate: 0.0009671645
2025-05-14 15:57:46,603 Train Loss: 0.0012950, Val Loss: 0.0021033
2025-05-14 15:57:46,603 Epoch 59/500
2025-05-14 15:59:05,595 Current Learning Rate: 0.0009660356
2025-05-14 15:59:05,775 Train Loss: 0.0012554, Val Loss: 0.0019357
2025-05-14 15:59:05,775 Epoch 60/500
2025-05-14 16:00:25,356 Current Learning Rate: 0.0009648882
2025-05-14 16:00:25,467 Train Loss: 0.0012218, Val Loss: 0.0018761
2025-05-14 16:00:25,467 Epoch 61/500
2025-05-14 16:01:43,739 Current Learning Rate: 0.0009637226
2025-05-14 16:01:43,739 Train Loss: 0.0012134, Val Loss: 0.0020452
2025-05-14 16:01:43,739 Epoch 62/500
2025-05-14 16:03:02,363 Current Learning Rate: 0.0009625386
2025-05-14 16:03:02,363 Train Loss: 0.0012179, Val Loss: 0.0021020
2025-05-14 16:03:02,363 Epoch 63/500
2025-05-14 16:04:21,840 Current Learning Rate: 0.0009613364
2025-05-14 16:04:21,841 Train Loss: 0.0011918, Val Loss: 0.0019255
2025-05-14 16:04:21,841 Epoch 64/500
2025-05-14 16:05:40,704 Current Learning Rate: 0.0009601159
2025-05-14 16:05:40,705 Train Loss: 0.0011449, Val Loss: 0.0020113
2025-05-14 16:05:40,705 Epoch 65/500
2025-05-14 16:06:59,732 Current Learning Rate: 0.0009588773
2025-05-14 16:06:59,733 Train Loss: 0.0011641, Val Loss: 0.0023300
2025-05-14 16:06:59,733 Epoch 66/500
2025-05-14 16:08:18,524 Current Learning Rate: 0.0009576206
2025-05-14 16:08:18,650 Train Loss: 0.0010998, Val Loss: 0.0017989
2025-05-14 16:08:18,651 Epoch 67/500
2025-05-14 16:09:37,074 Current Learning Rate: 0.0009563458
2025-05-14 16:09:37,074 Train Loss: 0.0010881, Val Loss: 0.0020796
2025-05-14 16:09:37,074 Epoch 68/500
2025-05-14 16:10:55,882 Current Learning Rate: 0.0009550530
2025-05-14 16:10:55,883 Train Loss: 0.0011193, Val Loss: 0.0018330
2025-05-14 16:10:55,883 Epoch 69/500
2025-05-14 16:12:15,026 Current Learning Rate: 0.0009537422
2025-05-14 16:12:15,027 Train Loss: 0.0011074, Val Loss: 0.0018015
2025-05-14 16:12:15,027 Epoch 70/500
2025-05-14 16:13:34,061 Current Learning Rate: 0.0009524135
2025-05-14 16:13:34,061 Train Loss: 0.0010612, Val Loss: 0.0019275
2025-05-14 16:13:34,061 Epoch 71/500
2025-05-14 16:14:53,037 Current Learning Rate: 0.0009510670
2025-05-14 16:14:53,038 Train Loss: 0.0010873, Val Loss: 0.0020562
2025-05-14 16:14:53,038 Epoch 72/500
2025-05-14 16:16:12,537 Current Learning Rate: 0.0009497026
2025-05-14 16:16:12,646 Train Loss: 0.0010617, Val Loss: 0.0017400
2025-05-14 16:16:12,646 Epoch 73/500
2025-05-14 16:17:31,750 Current Learning Rate: 0.0009483205
2025-05-14 16:17:31,751 Train Loss: 0.0010301, Val Loss: 0.0018992
2025-05-14 16:17:31,751 Epoch 74/500
2025-05-14 16:18:51,040 Current Learning Rate: 0.0009469207
2025-05-14 16:18:51,040 Train Loss: 0.0009776, Val Loss: 0.0018031
2025-05-14 16:18:51,041 Epoch 75/500
2025-05-14 16:20:09,419 Current Learning Rate: 0.0009455033
2025-05-14 16:20:09,420 Train Loss: 0.0009834, Val Loss: 0.0017792
2025-05-14 16:20:09,420 Epoch 76/500
2025-05-14 16:21:28,653 Current Learning Rate: 0.0009440682
2025-05-14 16:21:28,653 Train Loss: 0.0009968, Val Loss: 0.0019158
2025-05-14 16:21:28,653 Epoch 77/500
2025-05-14 16:22:47,237 Current Learning Rate: 0.0009426157
2025-05-14 16:22:47,238 Train Loss: 0.0010054, Val Loss: 0.0019553
2025-05-14 16:22:47,238 Epoch 78/500
2025-05-14 16:24:05,861 Current Learning Rate: 0.0009411456
2025-05-14 16:24:05,862 Train Loss: 0.0009763, Val Loss: 0.0017575
2025-05-14 16:24:05,862 Epoch 79/500
2025-05-14 16:25:25,031 Current Learning Rate: 0.0009396582
2025-05-14 16:25:25,031 Train Loss: 0.0009426, Val Loss: 0.0018362
2025-05-14 16:25:25,031 Epoch 80/500
2025-05-14 16:26:44,178 Current Learning Rate: 0.0009381533
2025-05-14 16:26:44,179 Train Loss: 0.0009684, Val Loss: 0.0018036
2025-05-14 16:26:44,179 Epoch 81/500
2025-05-14 16:28:02,626 Current Learning Rate: 0.0009366312
2025-05-14 16:28:02,627 Train Loss: 0.0009370, Val Loss: 0.0019075
2025-05-14 16:28:02,627 Epoch 82/500
2025-05-14 16:29:22,060 Current Learning Rate: 0.0009350919
2025-05-14 16:29:22,176 Train Loss: 0.0009171, Val Loss: 0.0017268
2025-05-14 16:29:22,177 Epoch 83/500
2025-05-14 16:30:40,794 Current Learning Rate: 0.0009335354
2025-05-14 16:30:40,921 Train Loss: 0.0009300, Val Loss: 0.0016316
2025-05-14 16:30:40,922 Epoch 84/500
2025-05-14 16:31:59,596 Current Learning Rate: 0.0009319617
2025-05-14 16:31:59,597 Train Loss: 0.0009284, Val Loss: 0.0017104
2025-05-14 16:31:59,597 Epoch 85/500
2025-05-14 16:33:18,919 Current Learning Rate: 0.0009303710
2025-05-14 16:33:18,919 Train Loss: 0.0008958, Val Loss: 0.0018737
2025-05-14 16:33:18,920 Epoch 86/500
2025-05-14 16:34:38,186 Current Learning Rate: 0.0009287633
2025-05-14 16:34:38,187 Train Loss: 0.0008781, Val Loss: 0.0019818
2025-05-14 16:34:38,187 Epoch 87/500
2025-05-14 16:35:56,992 Current Learning Rate: 0.0009271387
2025-05-14 16:35:56,993 Train Loss: 0.0008992, Val Loss: 0.0017546
2025-05-14 16:35:56,993 Epoch 88/500
2025-05-14 16:37:16,592 Current Learning Rate: 0.0009254972
2025-05-14 16:37:16,592 Train Loss: 0.0008576, Val Loss: 0.0016971
2025-05-14 16:37:16,592 Epoch 89/500
2025-05-14 16:38:35,468 Current Learning Rate: 0.0009238390
2025-05-14 16:38:35,469 Train Loss: 0.0008962, Val Loss: 0.0017325
2025-05-14 16:38:35,469 Epoch 90/500
2025-05-14 16:39:53,971 Current Learning Rate: 0.0009221640
2025-05-14 16:39:53,971 Train Loss: 0.0008524, Val Loss: 0.0023955
2025-05-14 16:39:53,971 Epoch 91/500
2025-05-14 16:41:12,998 Current Learning Rate: 0.0009204723
2025-05-14 16:41:12,998 Train Loss: 0.0008683, Val Loss: 0.0016775
2025-05-14 16:41:12,998 Epoch 92/500
2025-05-14 16:42:32,242 Current Learning Rate: 0.0009187640
2025-05-14 16:42:32,242 Train Loss: 0.0008713, Val Loss: 0.0016338
2025-05-14 16:42:32,243 Epoch 93/500
2025-05-14 16:43:50,857 Current Learning Rate: 0.0009170392
2025-05-14 16:43:50,858 Train Loss: 0.0008783, Val Loss: 0.0016394
2025-05-14 16:43:50,858 Epoch 94/500
2025-05-14 16:45:10,342 Current Learning Rate: 0.0009152979
2025-05-14 16:45:10,463 Train Loss: 0.0007978, Val Loss: 0.0015605
2025-05-14 16:45:10,463 Epoch 95/500
2025-05-14 16:46:28,901 Current Learning Rate: 0.0009135403
2025-05-14 16:46:29,030 Train Loss: 0.0007805, Val Loss: 0.0015323
2025-05-14 16:46:29,031 Epoch 96/500
2025-05-14 16:47:48,433 Current Learning Rate: 0.0009117663
2025-05-14 16:47:48,434 Train Loss: 0.0007866, Val Loss: 0.0018576
2025-05-14 16:47:48,434 Epoch 97/500
2025-05-14 16:49:07,839 Current Learning Rate: 0.0009099761
2025-05-14 16:49:07,840 Train Loss: 0.0008072, Val Loss: 0.0016335
2025-05-14 16:49:07,840 Epoch 98/500
2025-05-14 16:50:27,173 Current Learning Rate: 0.0009081696
2025-05-14 16:50:27,174 Train Loss: 0.0007875, Val Loss: 0.0015851
2025-05-14 16:50:27,174 Epoch 99/500
2025-05-14 16:51:46,222 Current Learning Rate: 0.0009063471
2025-05-14 16:51:46,223 Train Loss: 0.0007553, Val Loss: 0.0015905
2025-05-14 16:51:46,223 Epoch 100/500
2025-05-14 16:53:06,162 Current Learning Rate: 0.0009045085
2025-05-14 16:53:06,294 Saved periodic model at epoch 100 to /jizhicfs/easyluwu/ocean_project/NeurIPS_2025_wuhao/checkpoints/CNO_0512_LiNS2d_epoch_100.pth
2025-05-14 16:53:06,295 Train Loss: 0.0007761, Val Loss: 0.0017860
2025-05-14 16:53:06,295 Epoch 101/500
2025-05-14 16:54:25,749 Current Learning Rate: 0.0009026539
2025-05-14 16:54:25,750 Train Loss: 0.0007497, Val Loss: 0.0015982
2025-05-14 16:54:25,750 Epoch 102/500
2025-05-14 16:55:44,980 Current Learning Rate: 0.0009007835
2025-05-14 16:55:44,980 Train Loss: 0.0007612, Val Loss: 0.0015934
2025-05-14 16:55:44,980 Epoch 103/500
2025-05-14 16:57:04,044 Current Learning Rate: 0.0008988972
2025-05-14 16:57:04,044 Train Loss: 0.0007304, Val Loss: 0.0017269
2025-05-14 16:57:04,045 Epoch 104/500
2025-05-14 16:58:22,999 Current Learning Rate: 0.0008969952
2025-05-14 16:58:23,000 Train Loss: 0.0007285, Val Loss: 0.0015512
2025-05-14 16:58:23,000 Epoch 105/500
2025-05-14 16:59:42,168 Current Learning Rate: 0.0008950775
2025-05-14 16:59:42,169 Train Loss: 0.0007063, Val Loss: 0.0015693
2025-05-14 16:59:42,169 Epoch 106/500
2025-05-14 17:01:01,677 Current Learning Rate: 0.0008931442
2025-05-14 17:01:03,692 Train Loss: 0.0007287, Val Loss: 0.0015313
2025-05-14 17:01:03,693 Epoch 107/500
2025-05-14 17:02:23,223 Current Learning Rate: 0.0008911954
2025-05-14 17:02:23,326 Train Loss: 0.0007477, Val Loss: 0.0015093
2025-05-14 17:02:23,326 Epoch 108/500
2025-05-14 17:03:42,457 Current Learning Rate: 0.0008892312
2025-05-14 17:03:42,457 Train Loss: 0.0007221, Val Loss: 0.0015707
2025-05-14 17:03:42,457 Epoch 109/500
2025-05-14 17:05:02,377 Current Learning Rate: 0.0008872515
2025-05-14 17:05:02,377 Train Loss: 0.0006934, Val Loss: 0.0015868
2025-05-14 17:05:02,378 Epoch 110/500
2025-05-14 17:06:21,324 Current Learning Rate: 0.0008852566
2025-05-14 17:06:21,324 Train Loss: 0.0007595, Val Loss: 0.0016183
2025-05-14 17:06:21,325 Epoch 111/500
2025-05-14 17:07:40,302 Current Learning Rate: 0.0008832465
2025-05-14 17:07:40,302 Train Loss: 0.0007027, Val Loss: 0.0015572
2025-05-14 17:07:40,302 Epoch 112/500
2025-05-14 17:08:59,789 Current Learning Rate: 0.0008812213
2025-05-14 17:08:59,789 Train Loss: 0.0006983, Val Loss: 0.0015134
2025-05-14 17:08:59,789 Epoch 113/500
2025-05-14 17:10:19,577 Current Learning Rate: 0.0008791810
2025-05-14 17:10:19,577 Train Loss: 0.0006680, Val Loss: 0.0015565
2025-05-14 17:10:19,578 Epoch 114/500
2025-05-14 17:11:38,610 Current Learning Rate: 0.0008771257
2025-05-14 17:11:38,611 Train Loss: 0.0006529, Val Loss: 0.0016257
2025-05-14 17:11:38,611 Epoch 115/500
2025-05-14 17:12:57,712 Current Learning Rate: 0.0008750555
2025-05-14 17:12:57,820 Train Loss: 0.0006623, Val Loss: 0.0014849
2025-05-14 17:12:57,821 Epoch 116/500
2025-05-14 17:14:16,660 Current Learning Rate: 0.0008729706
2025-05-14 17:14:16,660 Train Loss: 0.0006475, Val Loss: 0.0015265
2025-05-14 17:14:16,661 Epoch 117/500
2025-05-14 17:15:35,337 Current Learning Rate: 0.0008708709
2025-05-14 17:15:35,338 Train Loss: 0.0006235, Val Loss: 0.0015569
2025-05-14 17:15:35,338 Epoch 118/500
2025-05-14 17:16:55,006 Current Learning Rate: 0.0008687566
2025-05-14 17:16:55,119 Train Loss: 0.0006884, Val Loss: 0.0014680
2025-05-14 17:16:55,119 Epoch 119/500
2025-05-14 17:18:14,412 Current Learning Rate: 0.0008666277
2025-05-14 17:18:14,412 Train Loss: 0.0006430, Val Loss: 0.0015996
2025-05-14 17:18:14,413 Epoch 120/500
2025-05-14 17:19:33,556 Current Learning Rate: 0.0008644843
2025-05-14 17:19:33,557 Train Loss: 0.0007009, Val Loss: 0.0015525
2025-05-14 17:19:33,557 Epoch 121/500
2025-05-14 17:20:53,040 Current Learning Rate: 0.0008623266
2025-05-14 17:20:53,040 Train Loss: 0.0006243, Val Loss: 0.0016408
2025-05-14 17:20:53,040 Epoch 122/500
2025-05-14 17:22:12,588 Current Learning Rate: 0.0008601545
2025-05-14 17:22:12,588 Train Loss: 0.0006152, Val Loss: 0.0015934
2025-05-14 17:22:12,589 Epoch 123/500
2025-05-14 17:23:31,459 Current Learning Rate: 0.0008579682
2025-05-14 17:23:31,459 Train Loss: 0.0006135, Val Loss: 0.0015670
2025-05-14 17:23:31,460 Epoch 124/500
2025-05-14 17:24:51,225 Current Learning Rate: 0.0008557678
2025-05-14 17:24:51,225 Train Loss: 0.0006459, Val Loss: 0.0015063
2025-05-14 17:24:51,226 Epoch 125/500
2025-05-14 17:26:11,017 Current Learning Rate: 0.0008535534
2025-05-14 17:26:11,017 Train Loss: 0.0005919, Val Loss: 0.0015977
2025-05-14 17:26:11,017 Epoch 126/500
2025-05-14 17:27:30,151 Current Learning Rate: 0.0008513250
2025-05-14 17:27:30,151 Train Loss: 0.0006469, Val Loss: 0.0020016
2025-05-14 17:27:30,152 Epoch 127/500
2025-05-14 17:28:49,322 Current Learning Rate: 0.0008490827
2025-05-14 17:28:49,322 Train Loss: 0.0006413, Val Loss: 0.0015217
2025-05-14 17:28:49,322 Epoch 128/500
2025-05-14 17:30:09,053 Current Learning Rate: 0.0008468267
2025-05-14 17:30:09,172 Train Loss: 0.0005704, Val Loss: 0.0014260
2025-05-14 17:30:09,172 Epoch 129/500
2025-05-14 17:31:28,791 Current Learning Rate: 0.0008445569
2025-05-14 17:31:28,791 Train Loss: 0.0005688, Val Loss: 0.0016235
2025-05-14 17:31:28,791 Epoch 130/500
2025-05-14 17:32:47,641 Current Learning Rate: 0.0008422736
2025-05-14 17:32:47,642 Train Loss: 0.0005770, Val Loss: 0.0014556
2025-05-14 17:32:47,642 Epoch 131/500
2025-05-14 17:34:06,900 Current Learning Rate: 0.0008399767
2025-05-14 17:34:06,901 Train Loss: 0.0005802, Val Loss: 0.0014582
2025-05-14 17:34:06,901 Epoch 132/500
2025-05-14 17:35:25,690 Current Learning Rate: 0.0008376664
2025-05-14 17:35:25,690 Train Loss: 0.0005678, Val Loss: 0.0015423
2025-05-14 17:35:25,690 Epoch 133/500
2025-05-14 17:36:44,976 Current Learning Rate: 0.0008353428
2025-05-14 17:36:45,080 Train Loss: 0.0005723, Val Loss: 0.0014034
2025-05-14 17:36:45,081 Epoch 134/500
2025-05-14 17:38:03,942 Current Learning Rate: 0.0008330059
2025-05-14 17:38:03,943 Train Loss: 0.0005760, Val Loss: 0.0014682
2025-05-14 17:38:03,943 Epoch 135/500
2025-05-14 17:39:22,675 Current Learning Rate: 0.0008306559
2025-05-14 17:39:22,676 Train Loss: 0.0005454, Val Loss: 0.0014205
2025-05-14 17:39:22,676 Epoch 136/500
2025-05-14 17:40:41,911 Current Learning Rate: 0.0008282929
2025-05-14 17:40:41,912 Train Loss: 0.0005558, Val Loss: 0.0014307
2025-05-14 17:40:41,912 Epoch 137/500
2025-05-14 17:42:01,355 Current Learning Rate: 0.0008259169
2025-05-14 17:42:01,355 Train Loss: 0.0005546, Val Loss: 0.0015058
2025-05-14 17:42:01,356 Epoch 138/500
2025-05-14 17:43:20,743 Current Learning Rate: 0.0008235280
2025-05-14 17:43:20,743 Train Loss: 0.0005570, Val Loss: 0.0014992
2025-05-14 17:43:20,743 Epoch 139/500
2025-05-14 17:44:39,162 Current Learning Rate: 0.0008211263
2025-05-14 17:44:39,162 Train Loss: 0.0005517, Val Loss: 0.0014055
2025-05-14 17:44:39,162 Epoch 140/500
2025-05-14 17:45:58,259 Current Learning Rate: 0.0008187120
2025-05-14 17:45:58,259 Train Loss: 0.0005153, Val Loss: 0.0014635
2025-05-14 17:45:58,260 Epoch 141/500
2025-05-14 17:47:17,323 Current Learning Rate: 0.0008162851
2025-05-14 17:47:17,324 Train Loss: 0.0005245, Val Loss: 0.0014489
2025-05-14 17:47:17,324 Epoch 142/500
2025-05-14 17:48:36,313 Current Learning Rate: 0.0008138457
2025-05-14 17:48:36,439 Train Loss: 0.0005376, Val Loss: 0.0013771
2025-05-14 17:48:36,440 Epoch 143/500
2025-05-14 17:49:56,002 Current Learning Rate: 0.0008113939
2025-05-14 17:49:56,003 Train Loss: 0.0005158, Val Loss: 0.0015285
2025-05-14 17:49:56,003 Epoch 144/500
2025-05-14 17:51:15,170 Current Learning Rate: 0.0008089298
2025-05-14 17:51:15,178 Train Loss: 0.0005279, Val Loss: 0.0015299
2025-05-14 17:51:15,179 Epoch 145/500
2025-05-14 17:52:35,455 Current Learning Rate: 0.0008064535
2025-05-14 17:52:35,456 Train Loss: 0.0005316, Val Loss: 0.0014702
2025-05-14 17:52:35,456 Epoch 146/500
2025-05-14 17:53:55,095 Current Learning Rate: 0.0008039651
2025-05-14 17:53:55,095 Train Loss: 0.0005267, Val Loss: 0.0014520
2025-05-14 17:53:55,095 Epoch 147/500
2025-05-14 17:55:14,116 Current Learning Rate: 0.0008014648
2025-05-14 17:55:14,116 Train Loss: 0.0005196, Val Loss: 0.0014279
2025-05-14 17:55:14,116 Epoch 148/500
2025-05-14 17:56:33,603 Current Learning Rate: 0.0007989525
2025-05-14 17:56:33,604 Train Loss: 0.0005115, Val Loss: 0.0014532
2025-05-14 17:56:33,604 Epoch 149/500
2025-05-14 17:57:53,204 Current Learning Rate: 0.0007964284
2025-05-14 17:57:53,205 Train Loss: 0.0005418, Val Loss: 0.0014232
2025-05-14 17:57:53,205 Epoch 150/500
2025-05-14 17:59:12,557 Current Learning Rate: 0.0007938926
2025-05-14 17:59:12,745 Saved periodic model at epoch 150 to /jizhicfs/easyluwu/ocean_project/NeurIPS_2025_wuhao/checkpoints/CNO_0512_LiNS2d_epoch_150.pth
2025-05-14 17:59:12,745 Train Loss: 0.0005102, Val Loss: 0.0015376
2025-05-14 17:59:12,745 Epoch 151/500
2025-05-14 18:00:31,880 Current Learning Rate: 0.0007913452
2025-05-14 18:00:31,880 Train Loss: 0.0004930, Val Loss: 0.0014667
2025-05-14 18:00:31,881 Epoch 152/500
2025-05-14 18:01:50,978 Current Learning Rate: 0.0007887864
2025-05-14 18:01:50,979 Train Loss: 0.0004887, Val Loss: 0.0014069
2025-05-14 18:01:50,979 Epoch 153/500
2025-05-14 18:03:10,047 Current Learning Rate: 0.0007862161
2025-05-14 18:03:10,047 Train Loss: 0.0004666, Val Loss: 0.0014004
2025-05-14 18:03:10,048 Epoch 154/500
2025-05-14 18:04:28,862 Current Learning Rate: 0.0007836345
2025-05-14 18:04:28,862 Train Loss: 0.0005181, Val Loss: 0.0014804
2025-05-14 18:04:28,862 Epoch 155/500
2025-05-14 18:05:48,322 Current Learning Rate: 0.0007810417
2025-05-14 18:05:48,323 Train Loss: 0.0005229, Val Loss: 0.0014323
2025-05-14 18:05:48,323 Epoch 156/500
2025-05-14 18:07:07,094 Current Learning Rate: 0.0007784378
2025-05-14 18:07:07,095 Train Loss: 0.0004862, Val Loss: 0.0014116
2025-05-14 18:07:07,095 Epoch 157/500
2025-05-14 18:08:26,351 Current Learning Rate: 0.0007758229
2025-05-14 18:08:26,470 Train Loss: 0.0004590, Val Loss: 0.0013685
2025-05-14 18:08:26,471 Epoch 158/500
2025-05-14 18:09:46,253 Current Learning Rate: 0.0007731972
2025-05-14 18:09:46,253 Train Loss: 0.0004533, Val Loss: 0.0015024
2025-05-14 18:09:46,253 Epoch 159/500
2025-05-14 18:11:05,676 Current Learning Rate: 0.0007705606
2025-05-14 18:11:05,676 Train Loss: 0.0004796, Val Loss: 0.0014888
2025-05-14 18:11:05,676 Epoch 160/500
2025-05-14 18:12:24,251 Current Learning Rate: 0.0007679134
2025-05-14 18:12:24,252 Train Loss: 0.0004576, Val Loss: 0.0013805
2025-05-14 18:12:24,252 Epoch 161/500
2025-05-14 18:13:43,833 Current Learning Rate: 0.0007652556
2025-05-14 18:13:43,833 Train Loss: 0.0004446, Val Loss: 0.0014866
2025-05-14 18:13:43,833 Epoch 162/500
2025-05-14 18:15:03,041 Current Learning Rate: 0.0007625873
2025-05-14 18:15:03,042 Train Loss: 0.0004723, Val Loss: 0.0013920
2025-05-14 18:15:03,042 Epoch 163/500
2025-05-14 18:16:22,244 Current Learning Rate: 0.0007599087
2025-05-14 18:16:22,244 Train Loss: 0.0004540, Val Loss: 0.0013914
2025-05-14 18:16:22,244 Epoch 164/500
2025-05-14 18:17:41,453 Current Learning Rate: 0.0007572198
2025-05-14 18:17:41,453 Train Loss: 0.0004613, Val Loss: 0.0014741
2025-05-14 18:17:41,453 Epoch 165/500
2025-05-14 18:19:00,723 Current Learning Rate: 0.0007545207
2025-05-14 18:19:00,864 Train Loss: 0.0004419, Val Loss: 0.0013247
2025-05-14 18:19:00,864 Epoch 166/500
2025-05-14 18:20:19,806 Current Learning Rate: 0.0007518116
2025-05-14 18:20:19,806 Train Loss: 0.0004344, Val Loss: 0.0014744
2025-05-14 18:20:19,806 Epoch 167/500
2025-05-14 18:21:39,288 Current Learning Rate: 0.0007490926
2025-05-14 18:21:39,289 Train Loss: 0.0004517, Val Loss: 0.0013880
2025-05-14 18:21:39,289 Epoch 168/500
2025-05-14 18:22:58,681 Current Learning Rate: 0.0007463637
2025-05-14 18:22:58,682 Train Loss: 0.0004608, Val Loss: 0.0013886
2025-05-14 18:22:58,682 Epoch 169/500
2025-05-14 18:24:18,168 Current Learning Rate: 0.0007436251
2025-05-14 18:24:18,168 Train Loss: 0.0004574, Val Loss: 0.0014418
2025-05-14 18:24:18,168 Epoch 170/500
2025-05-14 18:25:36,811 Current Learning Rate: 0.0007408768
2025-05-14 18:25:36,811 Train Loss: 0.0004514, Val Loss: 0.0014084
2025-05-14 18:25:36,811 Epoch 171/500
2025-05-14 18:26:56,077 Current Learning Rate: 0.0007381191
2025-05-14 18:26:56,077 Train Loss: 0.0004202, Val Loss: 0.0013487
2025-05-14 18:26:56,077 Epoch 172/500
2025-05-14 18:28:15,098 Current Learning Rate: 0.0007353520
2025-05-14 18:28:15,098 Train Loss: 0.0004411, Val Loss: 0.0016286
2025-05-14 18:28:15,098 Epoch 173/500
2025-05-14 18:29:34,474 Current Learning Rate: 0.0007325755
2025-05-14 18:29:34,474 Train Loss: 0.0004450, Val Loss: 0.0013552
2025-05-14 18:29:34,475 Epoch 174/500
2025-05-14 18:30:54,182 Current Learning Rate: 0.0007297899
2025-05-14 18:30:54,307 Train Loss: 0.0004033, Val Loss: 0.0013213
2025-05-14 18:30:54,310 Epoch 175/500
2025-05-14 18:32:13,582 Current Learning Rate: 0.0007269952
2025-05-14 18:32:13,582 Train Loss: 0.0004184, Val Loss: 0.0014481
2025-05-14 18:32:13,582 Epoch 176/500
2025-05-14 18:33:32,378 Current Learning Rate: 0.0007241916
2025-05-14 18:33:32,501 Train Loss: 0.0004261, Val Loss: 0.0013091
2025-05-14 18:33:32,501 Epoch 177/500
2025-05-14 18:34:52,329 Current Learning Rate: 0.0007213791
2025-05-14 18:34:52,329 Train Loss: 0.0004112, Val Loss: 0.0013240
2025-05-14 18:34:52,329 Epoch 178/500
2025-05-14 18:36:11,403 Current Learning Rate: 0.0007185579
2025-05-14 18:36:11,403 Train Loss: 0.0003970, Val Loss: 0.0013644
2025-05-14 18:36:11,403 Epoch 179/500
2025-05-14 18:37:30,749 Current Learning Rate: 0.0007157280
2025-05-14 18:37:30,872 Train Loss: 0.0003980, Val Loss: 0.0013000
2025-05-14 18:37:30,872 Epoch 180/500
2025-05-14 18:38:50,441 Current Learning Rate: 0.0007128896
2025-05-14 18:38:50,441 Train Loss: 0.0004244, Val Loss: 0.0014493
2025-05-14 18:38:50,441 Epoch 181/500
2025-05-14 18:40:10,362 Current Learning Rate: 0.0007100429
2025-05-14 18:40:10,362 Train Loss: 0.0004050, Val Loss: 0.0013736
2025-05-14 18:40:10,362 Epoch 182/500
2025-05-14 18:41:28,785 Current Learning Rate: 0.0007071878
2025-05-14 18:41:28,785 Train Loss: 0.0004116, Val Loss: 0.0013121
2025-05-14 18:41:28,785 Epoch 183/500
2025-05-14 18:42:48,078 Current Learning Rate: 0.0007043245
2025-05-14 18:42:48,083 Train Loss: 0.0003949, Val Loss: 0.0013404
2025-05-14 18:42:48,083 Epoch 184/500
2025-05-14 18:44:06,881 Current Learning Rate: 0.0007014532
2025-05-14 18:44:06,882 Train Loss: 0.0004008, Val Loss: 0.0014034
2025-05-14 18:44:06,882 Epoch 185/500
2025-05-14 18:45:26,149 Current Learning Rate: 0.0006985739
2025-05-14 18:45:26,149 Train Loss: 0.0004087, Val Loss: 0.0013667
2025-05-14 18:45:26,149 Epoch 186/500
2025-05-14 18:46:45,421 Current Learning Rate: 0.0006956868
2025-05-14 18:46:45,422 Train Loss: 0.0003988, Val Loss: 0.0013834
2025-05-14 18:46:45,422 Epoch 187/500
2025-05-14 18:48:04,285 Current Learning Rate: 0.0006927920
2025-05-14 18:48:04,286 Train Loss: 0.0003894, Val Loss: 0.0013291
2025-05-14 18:48:04,286 Epoch 188/500
2025-05-14 18:49:23,184 Current Learning Rate: 0.0006898895
2025-05-14 18:49:23,184 Train Loss: 0.0003670, Val Loss: 0.0013472
2025-05-14 18:49:23,185 Epoch 189/500
2025-05-14 18:50:42,898 Current Learning Rate: 0.0006869796
2025-05-14 18:50:42,898 Train Loss: 0.0003812, Val Loss: 0.0013304
2025-05-14 18:50:42,898 Epoch 190/500
2025-05-14 18:52:01,360 Current Learning Rate: 0.0006840623
2025-05-14 18:52:01,473 Train Loss: 0.0003691, Val Loss: 0.0012945
2025-05-14 18:52:01,473 Epoch 191/500
2025-05-14 18:53:20,139 Current Learning Rate: 0.0006811377
2025-05-14 18:53:20,140 Train Loss: 0.0004306, Val Loss: 0.0015136
2025-05-14 18:53:20,140 Epoch 192/500
2025-05-14 18:54:39,686 Current Learning Rate: 0.0006782059
2025-05-14 18:54:39,686 Train Loss: 0.0003958, Val Loss: 0.0013553
2025-05-14 18:54:39,687 Epoch 193/500
2025-05-14 18:55:59,397 Current Learning Rate: 0.0006752672
2025-05-14 18:55:59,397 Train Loss: 0.0003688, Val Loss: 0.0013151
2025-05-14 18:55:59,398 Epoch 194/500
2025-05-14 18:57:18,128 Current Learning Rate: 0.0006723215
2025-05-14 18:57:18,129 Train Loss: 0.0003604, Val Loss: 0.0013783
2025-05-14 18:57:18,129 Epoch 195/500
2025-05-14 18:58:37,688 Current Learning Rate: 0.0006693690
2025-05-14 18:58:37,688 Train Loss: 0.0003666, Val Loss: 0.0013267
2025-05-14 18:58:37,689 Epoch 196/500
2025-05-14 18:59:56,682 Current Learning Rate: 0.0006664098
2025-05-14 18:59:56,683 Train Loss: 0.0003491, Val Loss: 0.0013809
2025-05-14 18:59:56,683 Epoch 197/500
2025-05-14 19:01:16,150 Current Learning Rate: 0.0006634440
2025-05-14 19:01:16,150 Train Loss: 0.0003571, Val Loss: 0.0013380
2025-05-14 19:01:16,151 Epoch 198/500
2025-05-14 19:02:35,602 Current Learning Rate: 0.0006604718
2025-05-14 19:02:35,603 Train Loss: 0.0003454, Val Loss: 0.0012960
2025-05-14 19:02:35,603 Epoch 199/500
2025-05-14 19:03:55,057 Current Learning Rate: 0.0006574933
2025-05-14 19:03:55,171 Train Loss: 0.0003693, Val Loss: 0.0012940
2025-05-14 19:03:55,171 Epoch 200/500
2025-05-14 19:05:14,099 Current Learning Rate: 0.0006545085
2025-05-14 19:05:14,221 Saved periodic model at epoch 200 to /jizhicfs/easyluwu/ocean_project/NeurIPS_2025_wuhao/checkpoints/CNO_0512_LiNS2d_epoch_200.pth
2025-05-14 19:05:14,221 Train Loss: 0.0003660, Val Loss: 0.0012970
2025-05-14 19:05:14,221 Epoch 201/500
2025-05-14 19:06:33,849 Current Learning Rate: 0.0006515176
2025-05-14 19:06:33,849 Train Loss: 0.0003549, Val Loss: 0.0013278
2025-05-14 19:06:33,849 Epoch 202/500
2025-05-14 19:07:53,284 Current Learning Rate: 0.0006485208
2025-05-14 19:07:53,284 Train Loss: 0.0003573, Val Loss: 0.0012971
2025-05-14 19:07:53,284 Epoch 203/500
2025-05-14 19:09:12,681 Current Learning Rate: 0.0006455181
2025-05-14 19:09:12,681 Train Loss: 0.0003479, Val Loss: 0.0013133
2025-05-14 19:09:12,681 Epoch 204/500
2025-05-14 19:10:31,577 Current Learning Rate: 0.0006425096
2025-05-14 19:10:31,578 Train Loss: 0.0003569, Val Loss: 0.0013643
2025-05-14 19:10:31,578 Epoch 205/500
2025-05-14 19:11:51,261 Current Learning Rate: 0.0006394956
2025-05-14 19:11:51,376 Train Loss: 0.0003610, Val Loss: 0.0012909
2025-05-14 19:11:51,377 Epoch 206/500
2025-05-14 19:13:10,717 Current Learning Rate: 0.0006364760
2025-05-14 19:13:10,939 Train Loss: 0.0003534, Val Loss: 0.0012745
2025-05-14 19:13:10,940 Epoch 207/500
2025-05-14 19:14:30,080 Current Learning Rate: 0.0006334510
2025-05-14 19:14:30,081 Train Loss: 0.0003433, Val Loss: 0.0013630
2025-05-14 19:14:30,081 Epoch 208/500
2025-05-14 19:15:49,382 Current Learning Rate: 0.0006304208
2025-05-14 19:15:49,383 Train Loss: 0.0003613, Val Loss: 0.0013312
2025-05-14 19:15:49,383 Epoch 209/500
2025-05-14 19:17:07,954 Current Learning Rate: 0.0006273854
2025-05-14 19:17:07,954 Train Loss: 0.0003363, Val Loss: 0.0013143
2025-05-14 19:17:07,954 Epoch 210/500
2025-05-14 19:18:27,135 Current Learning Rate: 0.0006243449
2025-05-14 19:18:27,136 Train Loss: 0.0003377, Val Loss: 0.0012822
2025-05-14 19:18:27,136 Epoch 211/500
2025-05-14 19:19:46,076 Current Learning Rate: 0.0006212996
2025-05-14 19:19:46,076 Train Loss: 0.0003268, Val Loss: 0.0012986
2025-05-14 19:19:46,077 Epoch 212/500
2025-05-14 19:21:04,761 Current Learning Rate: 0.0006182495
2025-05-14 19:21:04,762 Train Loss: 0.0003243, Val Loss: 0.0013009
2025-05-14 19:21:04,762 Epoch 213/500
2025-05-14 19:22:24,268 Current Learning Rate: 0.0006151947
2025-05-14 19:22:24,268 Train Loss: 0.0003156, Val Loss: 0.0013223
2025-05-14 19:22:24,268 Epoch 214/500
2025-05-14 19:23:43,812 Current Learning Rate: 0.0006121354
2025-05-14 19:23:43,932 Train Loss: 0.0003140, Val Loss: 0.0012693
2025-05-14 19:23:43,932 Epoch 215/500
2025-05-14 19:25:03,107 Current Learning Rate: 0.0006090716
2025-05-14 19:25:03,107 Train Loss: 0.0003314, Val Loss: 0.0012781
2025-05-14 19:25:03,107 Epoch 216/500
2025-05-14 19:26:22,151 Current Learning Rate: 0.0006060036
2025-05-14 19:26:22,151 Train Loss: 0.0003319, Val Loss: 0.0013011
2025-05-14 19:26:22,152 Epoch 217/500
2025-05-14 19:27:41,428 Current Learning Rate: 0.0006029313
2025-05-14 19:27:41,428 Train Loss: 0.0003452, Val Loss: 0.0012820
2025-05-14 19:27:41,428 Epoch 218/500
2025-05-14 19:29:00,889 Current Learning Rate: 0.0005998550
2025-05-14 19:29:00,890 Train Loss: 0.0003121, Val Loss: 0.0013079
2025-05-14 19:29:00,890 Epoch 219/500
2025-05-14 19:30:19,904 Current Learning Rate: 0.0005967747
2025-05-14 19:30:19,905 Train Loss: 0.0003119, Val Loss: 0.0012982
2025-05-14 19:30:19,905 Epoch 220/500
2025-05-14 19:31:39,065 Current Learning Rate: 0.0005936907
2025-05-14 19:31:39,066 Train Loss: 0.0003288, Val Loss: 0.0012972
2025-05-14 19:31:39,066 Epoch 221/500
2025-05-14 19:32:58,569 Current Learning Rate: 0.0005906029
2025-05-14 19:32:58,569 Train Loss: 0.0003215, Val Loss: 0.0013574
2025-05-14 19:32:58,569 Epoch 222/500
2025-05-14 19:34:17,301 Current Learning Rate: 0.0005875115
2025-05-14 19:34:17,301 Train Loss: 0.0003115, Val Loss: 0.0012974
2025-05-14 19:34:17,301 Epoch 223/500
2025-05-14 19:35:36,410 Current Learning Rate: 0.0005844167
2025-05-14 19:35:36,410 Train Loss: 0.0003159, Val Loss: 0.0012866
2025-05-14 19:35:36,411 Epoch 224/500
2025-05-14 19:36:54,857 Current Learning Rate: 0.0005813186
2025-05-14 19:36:54,857 Train Loss: 0.0003088, Val Loss: 0.0012969
2025-05-14 19:36:54,857 Epoch 225/500
2025-05-14 19:38:13,893 Current Learning Rate: 0.0005782172
2025-05-14 19:38:13,894 Train Loss: 0.0003029, Val Loss: 0.0012955
2025-05-14 19:38:13,894 Epoch 226/500
2025-05-14 19:39:33,331 Current Learning Rate: 0.0005751128
2025-05-14 19:39:33,331 Train Loss: 0.0003325, Val Loss: 0.0012830
2025-05-14 19:39:33,331 Epoch 227/500
2025-05-14 19:40:52,270 Current Learning Rate: 0.0005720054
2025-05-14 19:40:52,382 Train Loss: 0.0003088, Val Loss: 0.0012651
2025-05-14 19:40:52,382 Epoch 228/500
2025-05-14 19:42:11,389 Current Learning Rate: 0.0005688951
2025-05-14 19:42:11,389 Train Loss: 0.0003122, Val Loss: 0.0013682
2025-05-14 19:42:11,389 Epoch 229/500
2025-05-14 19:43:30,740 Current Learning Rate: 0.0005657822
2025-05-14 19:43:30,740 Train Loss: 0.0003009, Val Loss: 0.0012996
2025-05-14 19:43:30,740 Epoch 230/500
2025-05-14 19:44:49,933 Current Learning Rate: 0.0005626666
2025-05-14 19:44:49,933 Train Loss: 0.0002923, Val Loss: 0.0013029
2025-05-14 19:44:49,933 Epoch 231/500
2025-05-14 19:46:08,993 Current Learning Rate: 0.0005595486
2025-05-14 19:46:08,994 Train Loss: 0.0002943, Val Loss: 0.0012674
2025-05-14 19:46:08,994 Epoch 232/500
2025-05-14 19:47:28,348 Current Learning Rate: 0.0005564282
2025-05-14 19:47:28,348 Train Loss: 0.0002841, Val Loss: 0.0012778
2025-05-14 19:47:28,349 Epoch 233/500
2025-05-14 19:48:48,009 Current Learning Rate: 0.0005533056
2025-05-14 19:48:48,010 Train Loss: 0.0002906, Val Loss: 0.0012962
2025-05-14 19:48:48,010 Epoch 234/500
2025-05-14 19:50:07,296 Current Learning Rate: 0.0005501809
2025-05-14 19:50:07,297 Train Loss: 0.0002894, Val Loss: 0.0012852
2025-05-14 19:50:07,297 Epoch 235/500
2025-05-14 19:51:26,728 Current Learning Rate: 0.0005470542
2025-05-14 19:51:26,728 Train Loss: 0.0002851, Val Loss: 0.0012778
2025-05-14 19:51:26,729 Epoch 236/500
2025-05-14 19:52:46,010 Current Learning Rate: 0.0005439256
2025-05-14 19:52:46,010 Train Loss: 0.0002906, Val Loss: 0.0013289
2025-05-14 19:52:46,010 Epoch 237/500
2025-05-14 19:54:05,632 Current Learning Rate: 0.0005407953
2025-05-14 19:54:05,632 Train Loss: 0.0002896, Val Loss: 0.0012812
2025-05-14 19:54:05,632 Epoch 238/500
2025-05-14 19:55:25,163 Current Learning Rate: 0.0005376634
2025-05-14 19:55:25,163 Train Loss: 0.0002969, Val Loss: 0.0013117
2025-05-14 19:55:25,163 Epoch 239/500
2025-05-14 19:56:44,232 Current Learning Rate: 0.0005345300
2025-05-14 19:56:44,232 Train Loss: 0.0002873, Val Loss: 0.0012941
2025-05-14 19:56:44,233 Epoch 240/500
2025-05-14 19:58:03,425 Current Learning Rate: 0.0005313953
2025-05-14 19:58:03,425 Train Loss: 0.0002919, Val Loss: 0.0012793
2025-05-14 19:58:03,425 Epoch 241/500
2025-05-14 19:59:22,991 Current Learning Rate: 0.0005282593
2025-05-14 19:59:22,992 Train Loss: 0.0002924, Val Loss: 0.0013862
2025-05-14 19:59:22,992 Epoch 242/500
2025-05-14 20:00:41,744 Current Learning Rate: 0.0005251222
2025-05-14 20:00:41,745 Train Loss: 0.0002747, Val Loss: 0.0012747
2025-05-14 20:00:41,745 Epoch 243/500
2025-05-14 20:02:00,482 Current Learning Rate: 0.0005219841
2025-05-14 20:02:00,619 Train Loss: 0.0002949, Val Loss: 0.0012598
2025-05-14 20:02:00,619 Epoch 244/500
2025-05-14 20:03:20,210 Current Learning Rate: 0.0005188451
2025-05-14 20:03:20,210 Train Loss: 0.0002722, Val Loss: 0.0012953
2025-05-14 20:03:20,210 Epoch 245/500
2025-05-14 20:04:39,377 Current Learning Rate: 0.0005157054
2025-05-14 20:04:39,491 Train Loss: 0.0002739, Val Loss: 0.0012489
2025-05-14 20:04:39,491 Epoch 246/500
2025-05-14 20:05:58,699 Current Learning Rate: 0.0005125650
2025-05-14 20:05:58,807 Train Loss: 0.0002621, Val Loss: 0.0012406
2025-05-14 20:05:58,808 Epoch 247/500
2025-05-14 20:07:18,479 Current Learning Rate: 0.0005094242
2025-05-14 20:07:18,479 Train Loss: 0.0002616, Val Loss: 0.0012798
2025-05-14 20:07:18,479 Epoch 248/500
2025-05-14 20:08:37,710 Current Learning Rate: 0.0005062830
2025-05-14 20:08:37,710 Train Loss: 0.0002777, Val Loss: 0.0012746
2025-05-14 20:08:37,711 Epoch 249/500
2025-05-14 20:09:56,626 Current Learning Rate: 0.0005031416
2025-05-14 20:09:56,626 Train Loss: 0.0002784, Val Loss: 0.0012473
2025-05-14 20:09:56,626 Epoch 250/500
2025-05-14 20:11:16,666 Current Learning Rate: 0.0005000000
2025-05-14 20:11:16,819 Saved periodic model at epoch 250 to /jizhicfs/easyluwu/ocean_project/NeurIPS_2025_wuhao/checkpoints/CNO_0512_LiNS2d_epoch_250.pth
2025-05-14 20:11:16,819 Train Loss: 0.0002714, Val Loss: 0.0012708
2025-05-14 20:11:16,819 Epoch 251/500
2025-05-14 20:12:36,289 Current Learning Rate: 0.0004968584
2025-05-14 20:12:36,290 Train Loss: 0.0002624, Val Loss: 0.0012413
2025-05-14 20:12:36,290 Epoch 252/500
2025-05-14 20:13:55,384 Current Learning Rate: 0.0004937170
2025-05-14 20:13:55,385 Train Loss: 0.0002576, Val Loss: 0.0012647
2025-05-14 20:13:55,385 Epoch 253/500
2025-05-14 20:15:14,723 Current Learning Rate: 0.0004905758
2025-05-14 20:15:14,724 Train Loss: 0.0002668, Val Loss: 0.0012783
2025-05-14 20:15:14,724 Epoch 254/500
2025-05-14 20:16:34,652 Current Learning Rate: 0.0004874350
2025-05-14 20:16:34,652 Train Loss: 0.0002639, Val Loss: 0.0012591
2025-05-14 20:16:34,652 Epoch 255/500
2025-05-14 20:17:53,801 Current Learning Rate: 0.0004842946
2025-05-14 20:17:53,802 Train Loss: 0.0002579, Val Loss: 0.0012762
2025-05-14 20:17:53,802 Epoch 256/500
2025-05-14 20:19:13,767 Current Learning Rate: 0.0004811549
2025-05-14 20:19:13,768 Train Loss: 0.0002633, Val Loss: 0.0012866
2025-05-14 20:19:13,768 Epoch 257/500
2025-05-14 20:20:33,648 Current Learning Rate: 0.0004780159
2025-05-14 20:20:33,648 Train Loss: 0.0002540, Val Loss: 0.0012730
2025-05-14 20:20:33,648 Epoch 258/500
2025-05-14 20:21:53,065 Current Learning Rate: 0.0004748778
2025-05-14 20:21:53,065 Train Loss: 0.0002533, Val Loss: 0.0012556
2025-05-14 20:21:53,065 Epoch 259/500
2025-05-14 20:23:12,073 Current Learning Rate: 0.0004717407
2025-05-14 20:23:12,185 Train Loss: 0.0002577, Val Loss: 0.0012375
2025-05-14 20:23:12,186 Epoch 260/500
2025-05-14 20:24:27,528 Current Learning Rate: 0.0004686047
2025-05-14 20:24:27,528 Train Loss: 0.0002515, Val Loss: 0.0012757
2025-05-14 20:24:27,529 Epoch 261/500
2025-05-14 20:25:39,098 Current Learning Rate: 0.0004654700
2025-05-14 20:25:39,099 Train Loss: 0.0002526, Val Loss: 0.0012574
2025-05-14 20:25:39,099 Epoch 262/500
2025-05-14 20:26:51,601 Current Learning Rate: 0.0004623366
2025-05-14 20:26:51,601 Train Loss: 0.0002530, Val Loss: 0.0012399
2025-05-14 20:26:51,602 Epoch 263/500
2025-05-14 20:28:04,416 Current Learning Rate: 0.0004592047
2025-05-14 20:28:04,416 Train Loss: 0.0002469, Val Loss: 0.0012631
2025-05-14 20:28:04,417 Epoch 264/500
2025-05-14 20:29:16,136 Current Learning Rate: 0.0004560744
2025-05-14 20:29:16,256 Train Loss: 0.0002473, Val Loss: 0.0012316
2025-05-14 20:29:16,256 Epoch 265/500
2025-05-14 20:30:28,651 Current Learning Rate: 0.0004529458
2025-05-14 20:30:28,651 Train Loss: 0.0002440, Val Loss: 0.0012583
2025-05-14 20:30:28,652 Epoch 266/500
2025-05-14 20:31:40,766 Current Learning Rate: 0.0004498191
2025-05-14 20:31:40,890 Train Loss: 0.0002383, Val Loss: 0.0012232
2025-05-14 20:31:40,891 Epoch 267/500
2025-05-14 20:32:54,395 Current Learning Rate: 0.0004466944
2025-05-14 20:32:54,396 Train Loss: 0.0002426, Val Loss: 0.0012352
2025-05-14 20:32:54,396 Epoch 268/500
2025-05-14 20:34:06,838 Current Learning Rate: 0.0004435718
2025-05-14 20:34:06,838 Train Loss: 0.0002438, Val Loss: 0.0012247
2025-05-14 20:34:06,839 Epoch 269/500
2025-05-14 20:35:19,065 Current Learning Rate: 0.0004404514
2025-05-14 20:35:19,065 Train Loss: 0.0002512, Val Loss: 0.0012917
2025-05-14 20:35:19,066 Epoch 270/500
2025-05-14 20:36:31,682 Current Learning Rate: 0.0004373334
2025-05-14 20:36:31,682 Train Loss: 0.0002442, Val Loss: 0.0012414
2025-05-14 20:36:31,682 Epoch 271/500
2025-05-14 20:37:44,075 Current Learning Rate: 0.0004342178
2025-05-14 20:37:44,075 Train Loss: 0.0002416, Val Loss: 0.0012464
2025-05-14 20:37:44,076 Epoch 272/500
2025-05-14 20:38:56,611 Current Learning Rate: 0.0004311049
2025-05-14 20:38:56,612 Train Loss: 0.0002385, Val Loss: 0.0012314
2025-05-14 20:38:56,612 Epoch 273/500
2025-05-14 20:40:08,486 Current Learning Rate: 0.0004279946
2025-05-14 20:40:08,486 Train Loss: 0.0002361, Val Loss: 0.0012285
2025-05-14 20:40:08,486 Epoch 274/500
2025-05-14 20:41:21,427 Current Learning Rate: 0.0004248872
2025-05-14 20:41:21,427 Train Loss: 0.0002450, Val Loss: 0.0012306
2025-05-14 20:41:21,428 Epoch 275/500
2025-05-14 20:42:34,570 Current Learning Rate: 0.0004217828
2025-05-14 20:42:34,570 Train Loss: 0.0002372, Val Loss: 0.0012453
2025-05-14 20:42:34,570 Epoch 276/500
2025-05-14 20:43:46,377 Current Learning Rate: 0.0004186814
2025-05-14 20:43:46,377 Train Loss: 0.0002323, Val Loss: 0.0012319
2025-05-14 20:43:46,377 Epoch 277/500
2025-05-14 20:44:58,746 Current Learning Rate: 0.0004155833
2025-05-14 20:44:58,746 Train Loss: 0.0002306, Val Loss: 0.0012297
2025-05-14 20:44:58,757 Epoch 278/500
2025-05-14 20:46:10,922 Current Learning Rate: 0.0004124885
2025-05-14 20:46:10,923 Train Loss: 0.0002291, Val Loss: 0.0012413
2025-05-14 20:46:10,923 Epoch 279/500
2025-05-14 20:47:22,820 Current Learning Rate: 0.0004093971
2025-05-14 20:47:22,821 Train Loss: 0.0002310, Val Loss: 0.0012561
2025-05-14 20:47:22,821 Epoch 280/500
2025-05-14 20:48:35,147 Current Learning Rate: 0.0004063093
2025-05-14 20:48:35,148 Train Loss: 0.0002312, Val Loss: 0.0012374
2025-05-14 20:48:35,148 Epoch 281/500
2025-05-14 20:49:47,510 Current Learning Rate: 0.0004032253
2025-05-14 20:49:47,510 Train Loss: 0.0002282, Val Loss: 0.0012359
2025-05-14 20:49:47,511 Epoch 282/500
2025-05-14 20:50:59,628 Current Learning Rate: 0.0004001450
2025-05-14 20:50:59,628 Train Loss: 0.0002215, Val Loss: 0.0012400
2025-05-14 20:50:59,628 Epoch 283/500
2025-05-14 20:52:12,039 Current Learning Rate: 0.0003970687
2025-05-14 20:52:12,039 Train Loss: 0.0002219, Val Loss: 0.0012273
2025-05-14 20:52:12,039 Epoch 284/500
2025-05-14 20:53:25,063 Current Learning Rate: 0.0003939964
2025-05-14 20:53:25,063 Train Loss: 0.0002236, Val Loss: 0.0012292
2025-05-14 20:53:25,063 Epoch 285/500
2025-05-14 20:54:37,950 Current Learning Rate: 0.0003909284
2025-05-14 20:54:37,951 Train Loss: 0.0002187, Val Loss: 0.0012325
2025-05-14 20:54:37,951 Epoch 286/500
2025-05-14 20:55:50,473 Current Learning Rate: 0.0003878646
2025-05-14 20:55:50,473 Train Loss: 0.0002199, Val Loss: 0.0012358
2025-05-14 20:55:50,474 Epoch 287/500
2025-05-14 20:57:02,658 Current Learning Rate: 0.0003848053
2025-05-14 20:57:02,658 Train Loss: 0.0002212, Val Loss: 0.0012351
2025-05-14 20:57:02,658 Epoch 288/500
2025-05-14 20:58:16,029 Current Learning Rate: 0.0003817505
2025-05-14 20:58:16,029 Train Loss: 0.0002161, Val Loss: 0.0012238
2025-05-14 20:58:16,029 Epoch 289/500
2025-05-14 20:59:28,604 Current Learning Rate: 0.0003787004
2025-05-14 20:59:28,604 Train Loss: 0.0002167, Val Loss: 0.0012313
2025-05-14 20:59:28,605 Epoch 290/500
2025-05-14 21:00:40,623 Current Learning Rate: 0.0003756551
2025-05-14 21:00:40,733 Train Loss: 0.0002198, Val Loss: 0.0012202
2025-05-14 21:00:40,733 Epoch 291/500
2025-05-14 21:01:52,903 Current Learning Rate: 0.0003726146
2025-05-14 21:01:53,020 Train Loss: 0.0002211, Val Loss: 0.0012186
2025-05-14 21:01:53,020 Epoch 292/500
2025-05-14 21:03:06,277 Current Learning Rate: 0.0003695792
2025-05-14 21:03:06,278 Train Loss: 0.0002165, Val Loss: 0.0012229
2025-05-14 21:03:06,278 Epoch 293/500
2025-05-14 21:04:18,429 Current Learning Rate: 0.0003665490
2025-05-14 21:04:18,430 Train Loss: 0.0002145, Val Loss: 0.0012795
2025-05-14 21:04:18,430 Epoch 294/500
2025-05-14 21:05:31,088 Current Learning Rate: 0.0003635240
2025-05-14 21:05:31,088 Train Loss: 0.0002133, Val Loss: 0.0012321
2025-05-14 21:05:31,088 Epoch 295/500
2025-05-14 21:06:42,117 Current Learning Rate: 0.0003605044
2025-05-14 21:06:42,118 Train Loss: 0.0002141, Val Loss: 0.0012291
2025-05-14 21:06:42,118 Epoch 296/500
2025-05-14 21:07:37,115 Current Learning Rate: 0.0003574904
2025-05-14 21:07:37,116 Train Loss: 0.0002103, Val Loss: 0.0012401
2025-05-14 21:07:37,116 Epoch 297/500
2025-05-14 21:08:32,188 Current Learning Rate: 0.0003544819
2025-05-14 21:08:32,302 Train Loss: 0.0002074, Val Loss: 0.0012160
2025-05-14 21:08:32,302 Epoch 298/500
2025-05-14 21:09:27,086 Current Learning Rate: 0.0003514792
2025-05-14 21:09:27,086 Train Loss: 0.0002128, Val Loss: 0.0012258
2025-05-14 21:09:27,086 Epoch 299/500
2025-05-14 21:10:22,272 Current Learning Rate: 0.0003484824
2025-05-14 21:10:22,272 Train Loss: 0.0002081, Val Loss: 0.0012215
2025-05-14 21:10:22,272 Epoch 300/500
2025-05-14 21:11:16,870 Current Learning Rate: 0.0003454915
2025-05-14 21:11:16,995 Saved periodic model at epoch 300 to /jizhicfs/easyluwu/ocean_project/NeurIPS_2025_wuhao/checkpoints/CNO_0512_LiNS2d_epoch_300.pth
2025-05-14 21:11:16,995 Train Loss: 0.0002067, Val Loss: 0.0012242
2025-05-14 21:11:16,995 Epoch 301/500
2025-05-14 21:12:11,173 Current Learning Rate: 0.0003425067
2025-05-14 21:12:11,306 Train Loss: 0.0002052, Val Loss: 0.0012125
2025-05-14 21:12:11,306 Epoch 302/500
2025-05-14 21:13:05,780 Current Learning Rate: 0.0003395282
2025-05-14 21:13:05,899 Train Loss: 0.0002055, Val Loss: 0.0012112
2025-05-14 21:13:05,900 Epoch 303/500
2025-05-14 21:14:00,701 Current Learning Rate: 0.0003365560
2025-05-14 21:14:00,701 Train Loss: 0.0002017, Val Loss: 0.0012176
2025-05-14 21:14:00,702 Epoch 304/500
2025-05-14 21:14:54,795 Current Learning Rate: 0.0003335902
2025-05-14 21:14:54,808 Train Loss: 0.0002018, Val Loss: 0.0012135
2025-05-14 21:14:54,808 Epoch 305/500
2025-05-14 21:15:49,413 Current Learning Rate: 0.0003306310
2025-05-14 21:15:49,413 Train Loss: 0.0002006, Val Loss: 0.0012383
2025-05-14 21:15:49,413 Epoch 306/500
2025-05-14 21:16:44,842 Current Learning Rate: 0.0003276785
2025-05-14 21:16:44,842 Train Loss: 0.0002008, Val Loss: 0.0012119
2025-05-14 21:16:44,842 Epoch 307/500
2025-05-14 21:17:39,279 Current Learning Rate: 0.0003247328
2025-05-14 21:17:39,279 Train Loss: 0.0002043, Val Loss: 0.0012145
2025-05-14 21:17:39,280 Epoch 308/500
2025-05-14 21:18:34,175 Current Learning Rate: 0.0003217941
2025-05-14 21:18:34,175 Train Loss: 0.0002002, Val Loss: 0.0012128
2025-05-14 21:18:34,176 Epoch 309/500
2025-05-14 21:19:28,631 Current Learning Rate: 0.0003188623
2025-05-14 21:19:28,631 Train Loss: 0.0001989, Val Loss: 0.0012564
2025-05-14 21:19:28,632 Epoch 310/500
2025-05-14 21:20:24,165 Current Learning Rate: 0.0003159377
2025-05-14 21:20:24,165 Train Loss: 0.0002000, Val Loss: 0.0012168
2025-05-14 21:20:24,165 Epoch 311/500
2025-05-14 21:21:18,610 Current Learning Rate: 0.0003130204
2025-05-14 21:21:18,611 Train Loss: 0.0001940, Val Loss: 0.0012220
2025-05-14 21:21:18,611 Epoch 312/500
2025-05-14 21:22:12,785 Current Learning Rate: 0.0003101105
2025-05-14 21:22:12,894 Train Loss: 0.0001993, Val Loss: 0.0012083
2025-05-14 21:22:12,894 Epoch 313/500
2025-05-14 21:23:08,099 Current Learning Rate: 0.0003072080
2025-05-14 21:23:08,211 Train Loss: 0.0001931, Val Loss: 0.0012040
2025-05-14 21:23:08,211 Epoch 314/500
2025-05-14 21:24:03,140 Current Learning Rate: 0.0003043132
2025-05-14 21:24:03,140 Train Loss: 0.0001913, Val Loss: 0.0012170
2025-05-14 21:24:03,140 Epoch 315/500
2025-05-14 21:24:57,566 Current Learning Rate: 0.0003014261
2025-05-14 21:24:57,567 Train Loss: 0.0001889, Val Loss: 0.0012085
2025-05-14 21:24:57,567 Epoch 316/500
2025-05-14 21:25:52,000 Current Learning Rate: 0.0002985468
2025-05-14 21:25:52,001 Train Loss: 0.0001940, Val Loss: 0.0012483
2025-05-14 21:25:52,001 Epoch 317/500
2025-05-14 21:26:47,237 Current Learning Rate: 0.0002956755
2025-05-14 21:26:47,238 Train Loss: 0.0001934, Val Loss: 0.0012081
2025-05-14 21:26:47,238 Epoch 318/500
2025-05-14 21:27:41,786 Current Learning Rate: 0.0002928122
2025-05-14 21:27:41,786 Train Loss: 0.0001881, Val Loss: 0.0012138
2025-05-14 21:27:41,786 Epoch 319/500
2025-05-14 21:28:36,362 Current Learning Rate: 0.0002899571
2025-05-14 21:28:36,362 Train Loss: 0.0001864, Val Loss: 0.0012058
2025-05-14 21:28:36,362 Epoch 320/500
2025-05-14 21:29:31,168 Current Learning Rate: 0.0002871104
2025-05-14 21:29:31,278 Train Loss: 0.0001880, Val Loss: 0.0012020
2025-05-14 21:29:31,278 Epoch 321/500
2025-05-14 21:30:26,272 Current Learning Rate: 0.0002842720
2025-05-14 21:30:26,272 Train Loss: 0.0001867, Val Loss: 0.0012223
2025-05-14 21:30:26,273 Epoch 322/500
2025-05-14 21:31:20,421 Current Learning Rate: 0.0002814421
2025-05-14 21:31:20,421 Train Loss: 0.0001878, Val Loss: 0.0012103
2025-05-14 21:31:20,421 Epoch 323/500
2025-05-14 21:32:14,739 Current Learning Rate: 0.0002786209
2025-05-14 21:32:14,739 Train Loss: 0.0001878, Val Loss: 0.0012252
2025-05-14 21:32:14,739 Epoch 324/500
2025-05-14 21:33:09,543 Current Learning Rate: 0.0002758084
2025-05-14 21:33:09,544 Train Loss: 0.0001945, Val Loss: 0.0012187
2025-05-14 21:33:09,544 Epoch 325/500
2025-05-14 21:34:04,548 Current Learning Rate: 0.0002730048
2025-05-14 21:34:04,652 Train Loss: 0.0001836, Val Loss: 0.0011955
2025-05-14 21:34:04,652 Epoch 326/500
2025-05-14 21:34:59,433 Current Learning Rate: 0.0002702101
2025-05-14 21:34:59,433 Train Loss: 0.0001812, Val Loss: 0.0012122
2025-05-14 21:34:59,434 Epoch 327/500
2025-05-14 21:35:52,705 Current Learning Rate: 0.0002674245
2025-05-14 21:35:52,706 Train Loss: 0.0001802, Val Loss: 0.0012115
2025-05-14 21:35:52,706 Epoch 328/500
2025-05-14 21:36:47,886 Current Learning Rate: 0.0002646480
2025-05-14 21:36:47,887 Train Loss: 0.0001788, Val Loss: 0.0012070
2025-05-14 21:36:47,887 Epoch 329/500
2025-05-14 21:37:42,454 Current Learning Rate: 0.0002618809
2025-05-14 21:37:42,454 Train Loss: 0.0001789, Val Loss: 0.0012020
2025-05-14 21:37:42,454 Epoch 330/500
2025-05-14 21:38:37,223 Current Learning Rate: 0.0002591232
2025-05-14 21:38:37,223 Train Loss: 0.0001815, Val Loss: 0.0012061
2025-05-14 21:38:37,223 Epoch 331/500
2025-05-14 21:39:32,176 Current Learning Rate: 0.0002563749
2025-05-14 21:39:32,178 Train Loss: 0.0001813, Val Loss: 0.0012290
2025-05-14 21:39:32,178 Epoch 332/500
2025-05-14 21:40:27,665 Current Learning Rate: 0.0002536363
2025-05-14 21:40:27,665 Train Loss: 0.0001800, Val Loss: 0.0012466
2025-05-14 21:40:27,665 Epoch 333/500
2025-05-14 21:41:22,069 Current Learning Rate: 0.0002509074
2025-05-14 21:41:22,184 Train Loss: 0.0001780, Val Loss: 0.0011948
2025-05-14 21:41:22,184 Epoch 334/500
2025-05-14 21:42:16,376 Current Learning Rate: 0.0002481884
2025-05-14 21:42:16,377 Train Loss: 0.0001766, Val Loss: 0.0012138
2025-05-14 21:42:16,377 Epoch 335/500
2025-05-14 21:43:12,201 Current Learning Rate: 0.0002454793
2025-05-14 21:43:12,202 Train Loss: 0.0001736, Val Loss: 0.0012131
2025-05-14 21:43:12,202 Epoch 336/500
2025-05-14 21:44:07,089 Current Learning Rate: 0.0002427802
2025-05-14 21:44:07,089 Train Loss: 0.0001751, Val Loss: 0.0012187
2025-05-14 21:44:07,102 Epoch 337/500
2025-05-14 21:45:01,706 Current Learning Rate: 0.0002400913
2025-05-14 21:45:01,706 Train Loss: 0.0001766, Val Loss: 0.0011987
2025-05-14 21:45:01,707 Epoch 338/500
2025-05-14 21:45:56,547 Current Learning Rate: 0.0002374127
2025-05-14 21:45:56,547 Train Loss: 0.0001747, Val Loss: 0.0012058
2025-05-14 21:45:56,548 Epoch 339/500
2025-05-14 21:46:52,128 Current Learning Rate: 0.0002347444
2025-05-14 21:46:52,129 Train Loss: 0.0001732, Val Loss: 0.0012058
2025-05-14 21:46:52,129 Epoch 340/500
2025-05-14 21:47:46,576 Current Learning Rate: 0.0002320866
2025-05-14 21:47:46,576 Train Loss: 0.0001758, Val Loss: 0.0012071
2025-05-14 21:47:46,577 Epoch 341/500
2025-05-14 21:48:40,865 Current Learning Rate: 0.0002294394
2025-05-14 21:48:40,865 Train Loss: 0.0001718, Val Loss: 0.0012103
2025-05-14 21:48:40,865 Epoch 342/500
2025-05-14 21:49:35,045 Current Learning Rate: 0.0002268028
2025-05-14 21:49:35,045 Train Loss: 0.0001718, Val Loss: 0.0012024
2025-05-14 21:49:35,045 Epoch 343/500
2025-05-14 21:50:30,103 Current Learning Rate: 0.0002241771
2025-05-14 21:50:30,104 Train Loss: 0.0001695, Val Loss: 0.0012111
2025-05-14 21:50:30,104 Epoch 344/500
2025-05-14 21:51:24,637 Current Learning Rate: 0.0002215622
2025-05-14 21:51:24,637 Train Loss: 0.0001709, Val Loss: 0.0012066
2025-05-14 21:51:24,638 Epoch 345/500
2025-05-14 21:52:19,196 Current Learning Rate: 0.0002189583
2025-05-14 21:52:19,196 Train Loss: 0.0001676, Val Loss: 0.0012026
2025-05-14 21:52:19,196 Epoch 346/500
2025-05-14 21:53:13,871 Current Learning Rate: 0.0002163655
2025-05-14 21:53:13,872 Train Loss: 0.0001688, Val Loss: 0.0012027
2025-05-14 21:53:13,872 Epoch 347/500
2025-05-14 21:54:08,689 Current Learning Rate: 0.0002137839
2025-05-14 21:54:08,689 Train Loss: 0.0001689, Val Loss: 0.0012101
2025-05-14 21:54:08,690 Epoch 348/500
2025-05-14 21:55:03,032 Current Learning Rate: 0.0002112136
2025-05-14 21:55:03,035 Train Loss: 0.0001687, Val Loss: 0.0012406
2025-05-14 21:55:03,039 Epoch 349/500
2025-05-14 21:55:57,516 Current Learning Rate: 0.0002086548
2025-05-14 21:55:57,516 Train Loss: 0.0001668, Val Loss: 0.0012045
2025-05-14 21:55:57,517 Epoch 350/500
2025-05-14 21:56:52,752 Current Learning Rate: 0.0002061074
2025-05-14 21:56:52,881 Saved periodic model at epoch 350 to /jizhicfs/easyluwu/ocean_project/NeurIPS_2025_wuhao/checkpoints/CNO_0512_LiNS2d_epoch_350.pth
2025-05-14 21:56:52,881 Train Loss: 0.0001662, Val Loss: 0.0012006
2025-05-14 21:56:52,882 Epoch 351/500
2025-05-14 21:57:46,893 Current Learning Rate: 0.0002035716
2025-05-14 21:57:46,894 Train Loss: 0.0001670, Val Loss: 0.0011957
2025-05-14 21:57:46,894 Epoch 352/500
2025-05-14 21:58:41,479 Current Learning Rate: 0.0002010475
2025-05-14 21:58:41,479 Train Loss: 0.0001648, Val Loss: 0.0011981
2025-05-14 21:58:41,479 Epoch 353/500
2025-05-14 21:59:36,140 Current Learning Rate: 0.0001985352
2025-05-14 21:59:36,257 Train Loss: 0.0001642, Val Loss: 0.0011938
2025-05-14 21:59:36,257 Epoch 354/500
2025-05-14 22:00:31,317 Current Learning Rate: 0.0001960349
2025-05-14 22:00:31,615 Train Loss: 0.0001641, Val Loss: 0.0011921
2025-05-14 22:00:31,615 Epoch 355/500
2025-05-14 22:01:26,165 Current Learning Rate: 0.0001935465
2025-05-14 22:01:26,165 Train Loss: 0.0001647, Val Loss: 0.0012168
2025-05-14 22:01:26,165 Epoch 356/500
2025-05-14 22:02:20,827 Current Learning Rate: 0.0001910702
2025-05-14 22:02:20,827 Train Loss: 0.0001633, Val Loss: 0.0012067
2025-05-14 22:02:20,828 Epoch 357/500
2025-05-14 22:03:15,914 Current Learning Rate: 0.0001886061
2025-05-14 22:03:15,915 Train Loss: 0.0001619, Val Loss: 0.0012101
2025-05-14 22:03:15,915 Epoch 358/500
2025-05-14 22:04:10,563 Current Learning Rate: 0.0001861543
2025-05-14 22:04:10,564 Train Loss: 0.0001605, Val Loss: 0.0012095
2025-05-14 22:04:10,564 Epoch 359/500
2025-05-14 22:05:04,962 Current Learning Rate: 0.0001837149
2025-05-14 22:05:04,963 Train Loss: 0.0001642, Val Loss: 0.0012260
2025-05-14 22:05:04,963 Epoch 360/500
2025-05-14 22:05:59,370 Current Learning Rate: 0.0001812880
2025-05-14 22:05:59,370 Train Loss: 0.0001607, Val Loss: 0.0012026
2025-05-14 22:05:59,370 Epoch 361/500
2025-05-14 22:06:54,627 Current Learning Rate: 0.0001788737
2025-05-14 22:06:54,628 Train Loss: 0.0001584, Val Loss: 0.0012205
2025-05-14 22:06:54,628 Epoch 362/500
2025-05-14 22:07:49,101 Current Learning Rate: 0.0001764720
2025-05-14 22:07:49,102 Train Loss: 0.0001589, Val Loss: 0.0011993
2025-05-14 22:07:49,102 Epoch 363/500
2025-05-14 22:08:43,433 Current Learning Rate: 0.0001740831
2025-05-14 22:08:43,434 Train Loss: 0.0001591, Val Loss: 0.0012079
2025-05-14 22:08:43,434 Epoch 364/500
2025-05-14 22:09:38,041 Current Learning Rate: 0.0001717071
2025-05-14 22:09:38,042 Train Loss: 0.0001569, Val Loss: 0.0012069
2025-05-14 22:09:38,042 Epoch 365/500
2025-05-14 22:10:33,230 Current Learning Rate: 0.0001693441
2025-05-14 22:10:33,230 Train Loss: 0.0001566, Val Loss: 0.0011968
2025-05-14 22:10:33,230 Epoch 366/500
2025-05-14 22:11:27,290 Current Learning Rate: 0.0001669941
2025-05-14 22:11:27,291 Train Loss: 0.0001579, Val Loss: 0.0011939
2025-05-14 22:11:27,291 Epoch 367/500
2025-05-14 22:12:21,685 Current Learning Rate: 0.0001646572
2025-05-14 22:12:21,685 Train Loss: 0.0001542, Val Loss: 0.0011970
2025-05-14 22:12:21,685 Epoch 368/500
2025-05-14 22:13:16,577 Current Learning Rate: 0.0001623336
2025-05-14 22:13:16,694 Train Loss: 0.0001554, Val Loss: 0.0011837
2025-05-14 22:13:16,694 Epoch 369/500
2025-05-14 22:14:11,008 Current Learning Rate: 0.0001600233
2025-05-14 22:14:11,009 Train Loss: 0.0001574, Val Loss: 0.0012067
2025-05-14 22:14:11,009 Epoch 370/500
2025-05-14 22:15:05,712 Current Learning Rate: 0.0001577264
2025-05-14 22:15:05,712 Train Loss: 0.0001562, Val Loss: 0.0011868
2025-05-14 22:15:05,713 Epoch 371/500
2025-05-14 22:16:00,576 Current Learning Rate: 0.0001554431
2025-05-14 22:16:00,576 Train Loss: 0.0001546, Val Loss: 0.0012106
2025-05-14 22:16:00,576 Epoch 372/500
2025-05-14 22:16:55,880 Current Learning Rate: 0.0001531733
2025-05-14 22:16:55,880 Train Loss: 0.0001522, Val Loss: 0.0012008
2025-05-14 22:16:55,880 Epoch 373/500
2025-05-14 22:17:50,473 Current Learning Rate: 0.0001509173
2025-05-14 22:17:50,473 Train Loss: 0.0001524, Val Loss: 0.0011976
2025-05-14 22:17:50,474 Epoch 374/500
2025-05-14 22:18:44,515 Current Learning Rate: 0.0001486750
2025-05-14 22:18:44,515 Train Loss: 0.0001514, Val Loss: 0.0011901
2025-05-14 22:18:44,515 Epoch 375/500
2025-05-14 22:19:39,553 Current Learning Rate: 0.0001464466
2025-05-14 22:19:39,554 Train Loss: 0.0001531, Val Loss: 0.0012156
2025-05-14 22:19:39,554 Epoch 376/500
2025-05-14 22:20:34,726 Current Learning Rate: 0.0001442322
2025-05-14 22:20:34,727 Train Loss: 0.0001527, Val Loss: 0.0011913
2025-05-14 22:20:34,727 Epoch 377/500
2025-05-14 22:21:29,500 Current Learning Rate: 0.0001420318
2025-05-14 22:21:29,500 Train Loss: 0.0001529, Val Loss: 0.0011934
2025-05-14 22:21:29,501 Epoch 378/500
2025-05-14 22:22:23,963 Current Learning Rate: 0.0001398455
2025-05-14 22:22:23,963 Train Loss: 0.0001505, Val Loss: 0.0011964
2025-05-14 22:22:23,963 Epoch 379/500
2025-05-14 22:23:19,643 Current Learning Rate: 0.0001376734
2025-05-14 22:23:19,643 Train Loss: 0.0001533, Val Loss: 0.0011972
2025-05-14 22:23:19,643 Epoch 380/500
2025-05-14 22:24:13,776 Current Learning Rate: 0.0001355157
2025-05-14 22:24:13,776 Train Loss: 0.0001521, Val Loss: 0.0011973
2025-05-14 22:24:13,776 Epoch 381/500
2025-05-14 22:25:07,947 Current Learning Rate: 0.0001333723
2025-05-14 22:25:07,947 Train Loss: 0.0001499, Val Loss: 0.0011911
2025-05-14 22:25:07,948 Epoch 382/500
2025-05-14 22:26:01,954 Current Learning Rate: 0.0001312434
2025-05-14 22:26:01,954 Train Loss: 0.0001494, Val Loss: 0.0011971
2025-05-14 22:26:01,954 Epoch 383/500
2025-05-14 22:26:57,045 Current Learning Rate: 0.0001291291
2025-05-14 22:26:57,045 Train Loss: 0.0001486, Val Loss: 0.0011904
2025-05-14 22:26:57,045 Epoch 384/500
2025-05-14 22:27:51,779 Current Learning Rate: 0.0001270294
2025-05-14 22:27:51,780 Train Loss: 0.0001493, Val Loss: 0.0012086
2025-05-14 22:27:51,780 Epoch 385/500
2025-05-14 22:28:46,201 Current Learning Rate: 0.0001249445
2025-05-14 22:28:46,201 Train Loss: 0.0001486, Val Loss: 0.0012090
2025-05-14 22:28:46,202 Epoch 386/500
2025-05-14 22:29:41,328 Current Learning Rate: 0.0001228743
2025-05-14 22:29:41,448 Train Loss: 0.0001482, Val Loss: 0.0011820
2025-05-14 22:29:41,449 Epoch 387/500
2025-05-14 22:30:36,233 Current Learning Rate: 0.0001208190
2025-05-14 22:30:36,233 Train Loss: 0.0001480, Val Loss: 0.0012030
2025-05-14 22:30:36,233 Epoch 388/500
2025-05-14 22:31:30,557 Current Learning Rate: 0.0001187787
2025-05-14 22:31:30,557 Train Loss: 0.0001472, Val Loss: 0.0011931
2025-05-14 22:31:30,557 Epoch 389/500
2025-05-14 22:32:24,827 Current Learning Rate: 0.0001167535
2025-05-14 22:32:24,828 Train Loss: 0.0001465, Val Loss: 0.0011937
2025-05-14 22:32:24,828 Epoch 390/500
2025-05-14 22:33:19,628 Current Learning Rate: 0.0001147434
2025-05-14 22:33:19,629 Train Loss: 0.0001456, Val Loss: 0.0011875
2025-05-14 22:33:19,629 Epoch 391/500
2025-05-14 22:34:13,900 Current Learning Rate: 0.0001127485
2025-05-14 22:34:13,901 Train Loss: 0.0001447, Val Loss: 0.0011953
2025-05-14 22:34:13,901 Epoch 392/500
2025-05-14 22:35:08,398 Current Learning Rate: 0.0001107688
2025-05-14 22:35:08,398 Train Loss: 0.0001441, Val Loss: 0.0011877
2025-05-14 22:35:08,398 Epoch 393/500
2025-05-14 22:36:02,803 Current Learning Rate: 0.0001088046
2025-05-14 22:36:02,804 Train Loss: 0.0001444, Val Loss: 0.0011946
2025-05-14 22:36:02,804 Epoch 394/500
2025-05-14 22:36:57,954 Current Learning Rate: 0.0001068558
2025-05-14 22:36:57,954 Train Loss: 0.0001448, Val Loss: 0.0011949
2025-05-14 22:36:57,954 Epoch 395/500
2025-05-14 22:37:52,410 Current Learning Rate: 0.0001049225
2025-05-14 22:37:52,411 Train Loss: 0.0001439, Val Loss: 0.0011885
2025-05-14 22:37:52,411 Epoch 396/500
2025-05-14 22:38:46,490 Current Learning Rate: 0.0001030048
2025-05-14 22:38:46,490 Train Loss: 0.0001429, Val Loss: 0.0011870
2025-05-14 22:38:46,490 Epoch 397/500
2025-05-14 22:39:41,604 Current Learning Rate: 0.0001011028
2025-05-14 22:39:41,604 Train Loss: 0.0001434, Val Loss: 0.0011937
2025-05-14 22:39:41,604 Epoch 398/500
2025-05-14 22:40:36,499 Current Learning Rate: 0.0000992165
2025-05-14 22:40:36,500 Train Loss: 0.0001419, Val Loss: 0.0012041
2025-05-14 22:40:36,500 Epoch 399/500
2025-05-14 22:41:30,525 Current Learning Rate: 0.0000973461
2025-05-14 22:41:30,526 Train Loss: 0.0001423, Val Loss: 0.0012077
2025-05-14 22:41:30,526 Epoch 400/500
2025-05-14 22:42:24,906 Current Learning Rate: 0.0000954915
2025-05-14 22:42:25,019 Saved periodic model at epoch 400 to /jizhicfs/easyluwu/ocean_project/NeurIPS_2025_wuhao/checkpoints/CNO_0512_LiNS2d_epoch_400.pth
2025-05-14 22:42:25,019 Train Loss: 0.0001412, Val Loss: 0.0011923
2025-05-14 22:42:25,019 Epoch 401/500
2025-05-14 22:43:19,635 Current Learning Rate: 0.0000936529
2025-05-14 22:43:19,635 Train Loss: 0.0001412, Val Loss: 0.0011875
2025-05-14 22:43:19,636 Epoch 402/500
2025-05-14 22:44:13,733 Current Learning Rate: 0.0000918304
2025-05-14 22:44:13,734 Train Loss: 0.0001423, Val Loss: 0.0011900
2025-05-14 22:44:13,734 Epoch 403/500
2025-05-14 22:45:08,135 Current Learning Rate: 0.0000900239
2025-05-14 22:45:08,136 Train Loss: 0.0001413, Val Loss: 0.0011922
2025-05-14 22:45:08,136 Epoch 404/500
2025-05-14 22:46:02,705 Current Learning Rate: 0.0000882337
2025-05-14 22:46:02,706 Train Loss: 0.0001407, Val Loss: 0.0011907
2025-05-14 22:46:02,706 Epoch 405/500
2025-05-14 22:46:58,129 Current Learning Rate: 0.0000864597
2025-05-14 22:46:58,129 Train Loss: 0.0001396, Val Loss: 0.0011932
2025-05-14 22:46:58,130 Epoch 406/500
2025-05-14 22:47:52,218 Current Learning Rate: 0.0000847021
2025-05-14 22:47:52,218 Train Loss: 0.0001397, Val Loss: 0.0011978
2025-05-14 22:47:52,218 Epoch 407/500
2025-05-14 22:48:45,522 Current Learning Rate: 0.0000829608
2025-05-14 22:48:45,523 Train Loss: 0.0001397, Val Loss: 0.0011959
2025-05-14 22:48:45,523 Epoch 408/500
2025-05-14 22:49:40,540 Current Learning Rate: 0.0000812360
2025-05-14 22:49:40,540 Train Loss: 0.0001393, Val Loss: 0.0011904
2025-05-14 22:49:40,540 Epoch 409/500
2025-05-14 22:50:34,815 Current Learning Rate: 0.0000795277
2025-05-14 22:50:34,816 Train Loss: 0.0001403, Val Loss: 0.0011998
2025-05-14 22:50:34,816 Epoch 410/500
2025-05-14 22:51:29,489 Current Learning Rate: 0.0000778360
2025-05-14 22:51:29,489 Train Loss: 0.0001383, Val Loss: 0.0011899
2025-05-14 22:51:29,489 Epoch 411/500
2025-05-14 22:52:24,541 Current Learning Rate: 0.0000761610
2025-05-14 22:52:24,542 Train Loss: 0.0001381, Val Loss: 0.0011888
2025-05-14 22:52:24,542 Epoch 412/500
2025-05-14 22:53:19,519 Current Learning Rate: 0.0000745028
2025-05-14 22:53:19,519 Train Loss: 0.0001382, Val Loss: 0.0011913
2025-05-14 22:53:19,519 Epoch 413/500
2025-05-14 22:54:14,232 Current Learning Rate: 0.0000728613
2025-05-14 22:54:14,232 Train Loss: 0.0001389, Val Loss: 0.0011857
2025-05-14 22:54:14,232 Epoch 414/500
2025-05-14 22:55:09,503 Current Learning Rate: 0.0000712367
2025-05-14 22:55:09,504 Train Loss: 0.0001365, Val Loss: 0.0011894
2025-05-14 22:55:09,504 Epoch 415/500
2025-05-14 22:56:04,451 Current Learning Rate: 0.0000696290
2025-05-14 22:56:04,452 Train Loss: 0.0001372, Val Loss: 0.0011915
2025-05-14 22:56:04,452 Epoch 416/500
2025-05-14 22:57:00,183 Current Learning Rate: 0.0000680383
2025-05-14 22:57:00,183 Train Loss: 0.0001373, Val Loss: 0.0011943
2025-05-14 22:57:00,183 Epoch 417/500
2025-05-14 22:57:55,172 Current Learning Rate: 0.0000664646
2025-05-14 22:57:55,172 Train Loss: 0.0001362, Val Loss: 0.0011940
2025-05-14 22:57:55,173 Epoch 418/500
2025-05-14 22:58:49,330 Current Learning Rate: 0.0000649081
2025-05-14 22:58:49,331 Train Loss: 0.0001363, Val Loss: 0.0011909
2025-05-14 22:58:49,331 Epoch 419/500
2025-05-14 22:59:44,392 Current Learning Rate: 0.0000633688
2025-05-14 22:59:44,392 Train Loss: 0.0001361, Val Loss: 0.0011889
2025-05-14 22:59:44,393 Epoch 420/500
2025-05-14 23:00:38,386 Current Learning Rate: 0.0000618467
2025-05-14 23:00:38,394 Train Loss: 0.0001357, Val Loss: 0.0011875
2025-05-14 23:00:38,394 Epoch 421/500
2025-05-14 23:01:33,072 Current Learning Rate: 0.0000603418
2025-05-14 23:01:33,072 Train Loss: 0.0001357, Val Loss: 0.0011848
2025-05-14 23:01:33,072 Epoch 422/500
2025-05-14 23:02:27,499 Current Learning Rate: 0.0000588544
2025-05-14 23:02:27,499 Train Loss: 0.0001355, Val Loss: 0.0011922
2025-05-14 23:02:27,499 Epoch 423/500
2025-05-14 23:03:22,796 Current Learning Rate: 0.0000573843
2025-05-14 23:03:22,796 Train Loss: 0.0001341, Val Loss: 0.0011892
2025-05-14 23:03:22,796 Epoch 424/500
2025-05-14 23:04:17,567 Current Learning Rate: 0.0000559318
2025-05-14 23:04:17,568 Train Loss: 0.0001346, Val Loss: 0.0011828
2025-05-14 23:04:17,568 Epoch 425/500
2025-05-14 23:05:12,506 Current Learning Rate: 0.0000544967
2025-05-14 23:05:12,506 Train Loss: 0.0001351, Val Loss: 0.0011874
2025-05-14 23:05:12,506 Epoch 426/500
2025-05-14 23:06:06,631 Current Learning Rate: 0.0000530793
2025-05-14 23:06:06,632 Train Loss: 0.0001346, Val Loss: 0.0011856
2025-05-14 23:06:06,632 Epoch 427/500
2025-05-14 23:07:01,163 Current Learning Rate: 0.0000516795
2025-05-14 23:07:01,163 Train Loss: 0.0001353, Val Loss: 0.0011935
2025-05-14 23:07:01,163 Epoch 428/500
2025-05-14 23:07:55,416 Current Learning Rate: 0.0000502974
2025-05-14 23:07:55,417 Train Loss: 0.0001353, Val Loss: 0.0011941
2025-05-14 23:07:55,417 Epoch 429/500
2025-05-14 23:08:49,844 Current Learning Rate: 0.0000489330
2025-05-14 23:08:49,844 Train Loss: 0.0001341, Val Loss: 0.0011925
2025-05-14 23:08:49,844 Epoch 430/500
2025-05-14 23:09:45,045 Current Learning Rate: 0.0000475865
2025-05-14 23:09:45,045 Train Loss: 0.0001335, Val Loss: 0.0011879
2025-05-14 23:09:45,046 Epoch 431/500
2025-05-14 23:10:39,160 Current Learning Rate: 0.0000462578
2025-05-14 23:10:39,160 Train Loss: 0.0001324, Val Loss: 0.0011922
2025-05-14 23:10:39,160 Epoch 432/500
2025-05-14 23:11:33,230 Current Learning Rate: 0.0000449470
2025-05-14 23:11:33,231 Train Loss: 0.0001338, Val Loss: 0.0011887
2025-05-14 23:11:33,231 Epoch 433/500
2025-05-14 23:12:28,042 Current Learning Rate: 0.0000436542
2025-05-14 23:12:28,043 Train Loss: 0.0001332, Val Loss: 0.0011881
2025-05-14 23:12:28,043 Epoch 434/500
2025-05-14 23:13:23,528 Current Learning Rate: 0.0000423794
2025-05-14 23:13:23,528 Train Loss: 0.0001326, Val Loss: 0.0011903
2025-05-14 23:13:23,528 Epoch 435/500
2025-05-14 23:14:17,819 Current Learning Rate: 0.0000411227
2025-05-14 23:14:17,820 Train Loss: 0.0001323, Val Loss: 0.0011891
2025-05-14 23:14:17,820 Epoch 436/500
2025-05-14 23:15:12,206 Current Learning Rate: 0.0000398841
2025-05-14 23:15:12,342 Train Loss: 0.0001323, Val Loss: 0.0011815
2025-05-14 23:15:12,342 Epoch 437/500
2025-05-14 23:16:07,869 Current Learning Rate: 0.0000386636
2025-05-14 23:16:07,870 Train Loss: 0.0001329, Val Loss: 0.0011848
2025-05-14 23:16:07,870 Epoch 438/500
2025-05-14 23:17:02,562 Current Learning Rate: 0.0000374614
2025-05-14 23:17:02,691 Train Loss: 0.0001316, Val Loss: 0.0011795
2025-05-14 23:17:02,692 Epoch 439/500
2025-05-14 23:17:56,946 Current Learning Rate: 0.0000362774
2025-05-14 23:17:56,946 Train Loss: 0.0001311, Val Loss: 0.0011797
2025-05-14 23:17:56,946 Epoch 440/500
2025-05-14 23:18:51,411 Current Learning Rate: 0.0000351118
2025-05-14 23:18:51,411 Train Loss: 0.0001314, Val Loss: 0.0011877
2025-05-14 23:18:51,411 Epoch 441/500
2025-05-14 23:19:46,029 Current Learning Rate: 0.0000339644
2025-05-14 23:19:46,030 Train Loss: 0.0001311, Val Loss: 0.0011837
2025-05-14 23:19:46,030 Epoch 442/500
2025-05-14 23:20:40,246 Current Learning Rate: 0.0000328355
2025-05-14 23:20:40,246 Train Loss: 0.0001311, Val Loss: 0.0011829
2025-05-14 23:20:40,246 Epoch 443/500
2025-05-14 23:21:34,574 Current Learning Rate: 0.0000317251
2025-05-14 23:21:34,575 Train Loss: 0.0001306, Val Loss: 0.0011835
2025-05-14 23:21:34,575 Epoch 444/500
2025-05-14 23:22:29,339 Current Learning Rate: 0.0000306331
2025-05-14 23:22:29,340 Train Loss: 0.0001307, Val Loss: 0.0011844
2025-05-14 23:22:29,340 Epoch 445/500
2025-05-14 23:23:24,508 Current Learning Rate: 0.0000295596
2025-05-14 23:23:24,509 Train Loss: 0.0001319, Val Loss: 0.0011919
2025-05-14 23:23:24,509 Epoch 446/500
2025-05-14 23:24:19,017 Current Learning Rate: 0.0000285047
2025-05-14 23:24:19,017 Train Loss: 0.0001302, Val Loss: 0.0011846
2025-05-14 23:24:19,017 Epoch 447/500
2025-05-14 23:25:13,674 Current Learning Rate: 0.0000274685
2025-05-14 23:25:13,675 Train Loss: 0.0001305, Val Loss: 0.0011946
2025-05-14 23:25:13,675 Epoch 448/500
2025-05-14 23:26:08,895 Current Learning Rate: 0.0000264508
2025-05-14 23:26:08,896 Train Loss: 0.0001305, Val Loss: 0.0011877
2025-05-14 23:26:08,896 Epoch 449/500
2025-05-14 23:27:03,130 Current Learning Rate: 0.0000254519
2025-05-14 23:27:03,131 Train Loss: 0.0001304, Val Loss: 0.0011943
2025-05-14 23:27:03,131 Epoch 450/500
2025-05-14 23:27:57,061 Current Learning Rate: 0.0000244717
2025-05-14 23:27:57,175 Saved periodic model at epoch 450 to /jizhicfs/easyluwu/ocean_project/NeurIPS_2025_wuhao/checkpoints/CNO_0512_LiNS2d_epoch_450.pth
2025-05-14 23:27:57,175 Train Loss: 0.0001299, Val Loss: 0.0011948
2025-05-14 23:27:57,175 Epoch 451/500
2025-05-14 23:28:50,433 Current Learning Rate: 0.0000235103
2025-05-14 23:28:50,434 Train Loss: 0.0001296, Val Loss: 0.0011849
2025-05-14 23:28:50,434 Epoch 452/500
2025-05-14 23:29:45,834 Current Learning Rate: 0.0000225677
2025-05-14 23:29:45,834 Train Loss: 0.0001292, Val Loss: 0.0011860
2025-05-14 23:29:45,834 Epoch 453/500
2025-05-14 23:30:40,456 Current Learning Rate: 0.0000216440
2025-05-14 23:30:40,456 Train Loss: 0.0001299, Val Loss: 0.0011953
2025-05-14 23:30:40,456 Epoch 454/500
2025-05-14 23:31:34,959 Current Learning Rate: 0.0000207391
2025-05-14 23:31:34,959 Train Loss: 0.0001297, Val Loss: 0.0011863
2025-05-14 23:31:34,959 Epoch 455/500
2025-05-14 23:32:29,797 Current Learning Rate: 0.0000198532
2025-05-14 23:32:29,797 Train Loss: 0.0001293, Val Loss: 0.0011875
2025-05-14 23:32:29,797 Epoch 456/500
2025-05-14 23:33:24,830 Current Learning Rate: 0.0000189862
2025-05-14 23:33:24,831 Train Loss: 0.0001289, Val Loss: 0.0011843
2025-05-14 23:33:24,831 Epoch 457/500
2025-05-14 23:34:19,821 Current Learning Rate: 0.0000181382
2025-05-14 23:34:19,821 Train Loss: 0.0001285, Val Loss: 0.0011863
2025-05-14 23:34:19,823 Epoch 458/500
2025-05-14 23:35:13,978 Current Learning Rate: 0.0000173092
2025-05-14 23:35:13,978 Train Loss: 0.0001287, Val Loss: 0.0011825
2025-05-14 23:35:13,979 Epoch 459/500
2025-05-14 23:36:08,736 Current Learning Rate: 0.0000164993
2025-05-14 23:36:08,737 Train Loss: 0.0001289, Val Loss: 0.0011866
2025-05-14 23:36:08,737 Epoch 460/500
2025-05-14 23:37:02,196 Current Learning Rate: 0.0000157084
2025-05-14 23:37:02,197 Train Loss: 0.0001290, Val Loss: 0.0011882
2025-05-14 23:37:02,197 Epoch 461/500
2025-05-14 23:37:56,603 Current Learning Rate: 0.0000149367
2025-05-14 23:37:56,604 Train Loss: 0.0001289, Val Loss: 0.0011842
2025-05-14 23:37:56,604 Epoch 462/500
2025-05-14 23:38:50,791 Current Learning Rate: 0.0000141841
2025-05-14 23:38:50,792 Train Loss: 0.0001287, Val Loss: 0.0011932
2025-05-14 23:38:50,792 Epoch 463/500
2025-05-14 23:39:45,678 Current Learning Rate: 0.0000134507
2025-05-14 23:39:45,679 Train Loss: 0.0001281, Val Loss: 0.0011864
2025-05-14 23:39:45,679 Epoch 464/500
2025-05-14 23:40:40,281 Current Learning Rate: 0.0000127366
2025-05-14 23:40:40,281 Train Loss: 0.0001277, Val Loss: 0.0011862
2025-05-14 23:40:40,281 Epoch 465/500
2025-05-14 23:41:34,859 Current Learning Rate: 0.0000120416
2025-05-14 23:41:34,860 Train Loss: 0.0001284, Val Loss: 0.0011828
2025-05-14 23:41:34,860 Epoch 466/500
2025-05-14 23:42:30,286 Current Learning Rate: 0.0000113659
2025-05-14 23:42:30,286 Train Loss: 0.0001277, Val Loss: 0.0011896
2025-05-14 23:42:30,287 Epoch 467/500
2025-05-14 23:43:24,981 Current Learning Rate: 0.0000107095
2025-05-14 23:43:24,981 Train Loss: 0.0001275, Val Loss: 0.0011851
2025-05-14 23:43:24,981 Epoch 468/500
2025-05-14 23:44:19,426 Current Learning Rate: 0.0000100725
2025-05-14 23:44:19,437 Train Loss: 0.0001274, Val Loss: 0.0011884
2025-05-14 23:44:19,437 Epoch 469/500
2025-05-14 23:45:13,661 Current Learning Rate: 0.0000094547
2025-05-14 23:45:13,662 Train Loss: 0.0001274, Val Loss: 0.0011815
2025-05-14 23:45:13,662 Epoch 470/500
2025-05-14 23:46:08,844 Current Learning Rate: 0.0000088564
2025-05-14 23:46:08,845 Train Loss: 0.0001277, Val Loss: 0.0011928
2025-05-14 23:46:08,846 Epoch 471/500
2025-05-14 23:47:03,308 Current Learning Rate: 0.0000082774
2025-05-14 23:47:03,309 Train Loss: 0.0001272, Val Loss: 0.0011813
2025-05-14 23:47:03,309 Epoch 472/500
2025-05-14 23:47:57,718 Current Learning Rate: 0.0000077178
2025-05-14 23:47:57,719 Train Loss: 0.0001266, Val Loss: 0.0011820
2025-05-14 23:47:57,719 Epoch 473/500
2025-05-14 23:48:51,833 Current Learning Rate: 0.0000071777
2025-05-14 23:48:51,839 Train Loss: 0.0001274, Val Loss: 0.0011865
2025-05-14 23:48:51,839 Epoch 474/500
2025-05-14 23:49:47,079 Current Learning Rate: 0.0000066570
2025-05-14 23:49:47,082 Train Loss: 0.0001271, Val Loss: 0.0011853
2025-05-14 23:49:47,082 Epoch 475/500
2025-05-14 23:50:41,251 Current Learning Rate: 0.0000061558
2025-05-14 23:50:41,252 Train Loss: 0.0001267, Val Loss: 0.0011846
2025-05-14 23:50:41,252 Epoch 476/500
2025-05-14 23:51:35,303 Current Learning Rate: 0.0000056741
2025-05-14 23:51:35,304 Train Loss: 0.0001273, Val Loss: 0.0011819
2025-05-14 23:51:35,304 Epoch 477/500
2025-05-14 23:52:30,460 Current Learning Rate: 0.0000052119
2025-05-14 23:52:30,460 Train Loss: 0.0001269, Val Loss: 0.0011818
2025-05-14 23:52:30,460 Epoch 478/500
2025-05-14 23:53:25,499 Current Learning Rate: 0.0000047693
2025-05-14 23:53:25,500 Train Loss: 0.0001256, Val Loss: 0.0011862
2025-05-14 23:53:25,500 Epoch 479/500
2025-05-14 23:54:20,167 Current Learning Rate: 0.0000043462
2025-05-14 23:54:20,168 Train Loss: 0.0001273, Val Loss: 0.0011826
2025-05-14 23:54:20,168 Epoch 480/500
2025-05-14 23:55:15,278 Current Learning Rate: 0.0000039426
2025-05-14 23:55:15,279 Train Loss: 0.0001267, Val Loss: 0.0011878
2025-05-14 23:55:15,279 Epoch 481/500
2025-05-14 23:56:10,817 Current Learning Rate: 0.0000035587
2025-05-14 23:56:10,817 Train Loss: 0.0001271, Val Loss: 0.0011856
2025-05-14 23:56:10,817 Epoch 482/500
2025-05-14 23:57:05,038 Current Learning Rate: 0.0000031943
2025-05-14 23:57:05,038 Train Loss: 0.0001266, Val Loss: 0.0011854
2025-05-14 23:57:05,039 Epoch 483/500
2025-05-14 23:57:59,335 Current Learning Rate: 0.0000028496
2025-05-14 23:57:59,336 Train Loss: 0.0001259, Val Loss: 0.0011844
2025-05-14 23:57:59,336 Epoch 484/500
2025-05-14 23:58:54,014 Current Learning Rate: 0.0000025245
2025-05-14 23:58:54,014 Train Loss: 0.0001261, Val Loss: 0.0011817
2025-05-14 23:58:54,014 Epoch 485/500
2025-05-14 23:59:49,125 Current Learning Rate: 0.0000022190
2025-05-14 23:59:49,126 Train Loss: 0.0001259, Val Loss: 0.0011797
2025-05-14 23:59:49,126 Epoch 486/500
2025-05-15 00:00:43,214 Current Learning Rate: 0.0000019332
2025-05-15 00:00:43,214 Train Loss: 0.0001267, Val Loss: 0.0011837
2025-05-15 00:00:43,214 Epoch 487/500
2025-05-15 00:01:37,842 Current Learning Rate: 0.0000016670
2025-05-15 00:01:37,842 Train Loss: 0.0001271, Val Loss: 0.0012033
2025-05-15 00:01:37,842 Epoch 488/500
2025-05-15 00:02:33,104 Current Learning Rate: 0.0000014205
2025-05-15 00:02:33,105 Train Loss: 0.0001259, Val Loss: 0.0011823
2025-05-15 00:02:33,105 Epoch 489/500
2025-05-15 00:03:28,131 Current Learning Rate: 0.0000011937
2025-05-15 00:03:28,131 Train Loss: 0.0001261, Val Loss: 0.0011856
2025-05-15 00:03:28,132 Epoch 490/500
2025-05-15 00:04:22,802 Current Learning Rate: 0.0000009866
2025-05-15 00:04:22,803 Train Loss: 0.0001266, Val Loss: 0.0011857
2025-05-15 00:04:22,803 Epoch 491/500
2025-05-15 00:05:17,884 Current Learning Rate: 0.0000007992
2025-05-15 00:05:17,884 Train Loss: 0.0001258, Val Loss: 0.0011901
2025-05-15 00:05:17,884 Epoch 492/500
2025-05-15 00:06:13,096 Current Learning Rate: 0.0000006315
2025-05-15 00:06:13,096 Train Loss: 0.0001256, Val Loss: 0.0011797
2025-05-15 00:06:13,096 Epoch 493/500
2025-05-15 00:07:07,699 Current Learning Rate: 0.0000004835
2025-05-15 00:07:07,700 Train Loss: 0.0001264, Val Loss: 0.0011856
2025-05-15 00:07:07,700 Epoch 494/500
2025-05-15 00:08:02,174 Current Learning Rate: 0.0000003553
2025-05-15 00:08:02,174 Train Loss: 0.0001260, Val Loss: 0.0011858
2025-05-15 00:08:02,174 Epoch 495/500
2025-05-15 00:08:56,040 Current Learning Rate: 0.0000002467
2025-05-15 00:08:56,041 Train Loss: 0.0001269, Val Loss: 0.0011887
2025-05-15 00:08:56,041 Epoch 496/500
2025-05-15 00:09:50,872 Current Learning Rate: 0.0000001579
2025-05-15 00:09:50,872 Train Loss: 0.0001259, Val Loss: 0.0011836
2025-05-15 00:09:50,873 Epoch 497/500
2025-05-15 00:10:45,593 Current Learning Rate: 0.0000000888
2025-05-15 00:10:45,594 Train Loss: 0.0001266, Val Loss: 0.0011875
2025-05-15 00:10:45,594 Epoch 498/500
2025-05-15 00:11:40,257 Current Learning Rate: 0.0000000395
2025-05-15 00:11:40,257 Train Loss: 0.0001263, Val Loss: 0.0011835
2025-05-15 00:11:40,263 Epoch 499/500
2025-05-15 00:12:35,426 Current Learning Rate: 0.0000000099
2025-05-15 00:12:35,427 Train Loss: 0.0001266, Val Loss: 0.0011835
2025-05-15 00:12:35,427 Epoch 500/500
2025-05-15 00:13:30,458 Current Learning Rate: 0.0000000000
2025-05-15 00:13:30,582 Saved periodic model at epoch 500 to /jizhicfs/easyluwu/ocean_project/NeurIPS_2025_wuhao/checkpoints/CNO_0512_LiNS2d_epoch_500.pth
2025-05-15 00:13:30,582 Train Loss: 0.0001260, Val Loss: 0.0011842
