2025-05-14 15:14:15,702 Epoch 1/500
2025-05-14 15:15:26,132 Epoch 1/500
2025-05-14 15:16:04,387 Current Learning Rate: 0.0009999901
2025-05-14 15:16:04,401 Train Loss: 1.9559041, Val Loss: 0.1096776
2025-05-14 15:16:04,401 Epoch 2/500
2025-05-14 15:16:41,617 Current Learning Rate: 0.0009999605
2025-05-14 15:16:41,627 Train Loss: 0.7696398, Val Loss: 0.0777534
2025-05-14 15:16:41,627 Epoch 3/500
2025-05-14 15:17:18,778 Current Learning Rate: 0.0009999112
2025-05-14 15:17:18,788 Train Loss: 0.4687690, Val Loss: 0.0643673
2025-05-14 15:17:18,788 Epoch 4/500
2025-05-14 15:17:55,757 Current Learning Rate: 0.0009998421
2025-05-14 15:17:55,767 Train Loss: 0.3339569, Val Loss: 0.0578162
2025-05-14 15:17:55,768 Epoch 5/500
2025-05-14 15:18:33,063 Current Learning Rate: 0.0009997533
2025-05-14 15:18:33,073 Train Loss: 0.2801163, Val Loss: 0.0538047
2025-05-14 15:18:33,073 Epoch 6/500
2025-05-14 15:19:10,612 Current Learning Rate: 0.0009996447
2025-05-14 15:19:10,622 Train Loss: 0.2565693, Val Loss: 0.0511595
2025-05-14 15:19:10,622 Epoch 7/500
2025-05-14 15:19:47,486 Current Learning Rate: 0.0009995165
2025-05-14 15:19:47,496 Train Loss: 0.2434746, Val Loss: 0.0492153
2025-05-14 15:19:47,496 Epoch 8/500
2025-05-14 15:20:25,098 Current Learning Rate: 0.0009993685
2025-05-14 15:20:25,107 Train Loss: 0.2335227, Val Loss: 0.0472922
2025-05-14 15:20:25,107 Epoch 9/500
2025-05-14 15:21:02,121 Current Learning Rate: 0.0009992008
2025-05-14 15:21:03,203 Train Loss: 0.2257230, Val Loss: 0.0459486
2025-05-14 15:21:03,203 Epoch 10/500
2025-05-14 15:21:40,597 Current Learning Rate: 0.0009990134
2025-05-14 15:21:40,608 Train Loss: 0.2189927, Val Loss: 0.0445802
2025-05-14 15:21:40,608 Epoch 11/500
2025-05-14 15:22:17,645 Current Learning Rate: 0.0009988063
2025-05-14 15:22:17,655 Train Loss: 0.2131981, Val Loss: 0.0435117
2025-05-14 15:22:17,655 Epoch 12/500
2025-05-14 15:22:55,278 Current Learning Rate: 0.0009985795
2025-05-14 15:22:55,288 Train Loss: 0.2079612, Val Loss: 0.0428216
2025-05-14 15:22:55,288 Epoch 13/500
2025-05-14 15:23:32,492 Current Learning Rate: 0.0009983330
2025-05-14 15:23:32,501 Train Loss: 0.2037441, Val Loss: 0.0419495
2025-05-14 15:23:32,502 Epoch 14/500
2025-05-14 15:24:09,828 Current Learning Rate: 0.0009980668
2025-05-14 15:24:09,851 Train Loss: 0.2001114, Val Loss: 0.0416852
2025-05-14 15:24:09,852 Epoch 15/500
2025-05-14 15:24:47,047 Current Learning Rate: 0.0009977810
2025-05-14 15:24:47,056 Train Loss: 0.1965567, Val Loss: 0.0405769
2025-05-14 15:24:47,057 Epoch 16/500
2025-05-14 15:25:23,762 Current Learning Rate: 0.0009974755
2025-05-14 15:25:23,785 Train Loss: 0.1931535, Val Loss: 0.0401628
2025-05-14 15:25:23,785 Epoch 17/500
2025-05-14 15:26:01,222 Current Learning Rate: 0.0009971504
2025-05-14 15:26:01,236 Train Loss: 0.1901169, Val Loss: 0.0397271
2025-05-14 15:26:01,236 Epoch 18/500
2025-05-14 15:26:38,439 Current Learning Rate: 0.0009968057
2025-05-14 15:26:38,450 Train Loss: 0.1870992, Val Loss: 0.0395043
2025-05-14 15:26:38,451 Epoch 19/500
2025-05-14 15:27:15,899 Current Learning Rate: 0.0009964413
2025-05-14 15:27:15,911 Train Loss: 0.1849112, Val Loss: 0.0387027
2025-05-14 15:27:15,912 Epoch 20/500
2025-05-14 15:27:52,516 Current Learning Rate: 0.0009960574
2025-05-14 15:27:52,534 Train Loss: 0.1818621, Val Loss: 0.0384564
2025-05-14 15:27:52,535 Epoch 21/500
2025-05-14 15:28:30,008 Current Learning Rate: 0.0009956538
2025-05-14 15:28:30,256 Train Loss: 0.1807791, Val Loss: 0.0379171
2025-05-14 15:28:30,256 Epoch 22/500
2025-05-14 15:29:07,571 Current Learning Rate: 0.0009952307
2025-05-14 15:29:07,581 Train Loss: 0.1778692, Val Loss: 0.0376613
2025-05-14 15:29:07,581 Epoch 23/500
2025-05-14 15:29:44,929 Current Learning Rate: 0.0009947881
2025-05-14 15:29:44,930 Train Loss: 0.1761963, Val Loss: 0.0378492
2025-05-14 15:29:44,930 Epoch 24/500
2025-05-14 15:30:22,610 Current Learning Rate: 0.0009943259
2025-05-14 15:30:22,620 Train Loss: 0.1745953, Val Loss: 0.0372477
2025-05-14 15:30:22,620 Epoch 25/500
2025-05-14 15:30:59,795 Current Learning Rate: 0.0009938442
2025-05-14 15:30:59,884 Train Loss: 0.1725009, Val Loss: 0.0366124
2025-05-14 15:30:59,884 Epoch 26/500
2025-05-14 15:31:37,119 Current Learning Rate: 0.0009933430
2025-05-14 15:31:37,129 Train Loss: 0.1708076, Val Loss: 0.0365986
2025-05-14 15:31:37,129 Epoch 27/500
2025-05-14 15:32:14,250 Current Learning Rate: 0.0009928223
2025-05-14 15:32:14,260 Train Loss: 0.1687841, Val Loss: 0.0362741
2025-05-14 15:32:14,260 Epoch 28/500
2025-05-14 15:32:51,573 Current Learning Rate: 0.0009922822
2025-05-14 15:32:51,588 Train Loss: 0.1671097, Val Loss: 0.0358166
2025-05-14 15:32:51,588 Epoch 29/500
2025-05-14 15:33:28,778 Current Learning Rate: 0.0009917226
2025-05-14 15:33:28,779 Train Loss: 0.1667731, Val Loss: 0.0362702
2025-05-14 15:33:28,779 Epoch 30/500
2025-05-14 15:34:06,174 Current Learning Rate: 0.0009911436
2025-05-14 15:34:06,188 Train Loss: 0.1653263, Val Loss: 0.0354006
2025-05-14 15:34:06,188 Epoch 31/500
2025-05-14 15:34:43,697 Current Learning Rate: 0.0009905453
2025-05-14 15:34:43,708 Train Loss: 0.1641332, Val Loss: 0.0349510
2025-05-14 15:34:43,708 Epoch 32/500
2025-05-14 15:35:20,511 Current Learning Rate: 0.0009899275
2025-05-14 15:35:20,521 Train Loss: 0.1614148, Val Loss: 0.0347856
2025-05-14 15:35:20,522 Epoch 33/500
2025-05-14 15:35:57,804 Current Learning Rate: 0.0009892905
2025-05-14 15:35:57,870 Train Loss: 0.1614256, Val Loss: 0.0345555
2025-05-14 15:35:57,870 Epoch 34/500
2025-05-14 15:36:35,208 Current Learning Rate: 0.0009886341
2025-05-14 15:36:35,217 Train Loss: 0.1596831, Val Loss: 0.0343861
2025-05-14 15:36:35,218 Epoch 35/500
2025-05-14 15:37:12,418 Current Learning Rate: 0.0009879584
2025-05-14 15:37:12,418 Train Loss: 0.1584629, Val Loss: 0.0345032
2025-05-14 15:37:12,419 Epoch 36/500
2025-05-14 15:37:49,600 Current Learning Rate: 0.0009872634
2025-05-14 15:37:49,601 Train Loss: 0.1572157, Val Loss: 0.0346775
2025-05-14 15:37:49,601 Epoch 37/500
2025-05-14 15:38:26,408 Current Learning Rate: 0.0009865493
2025-05-14 15:38:26,409 Train Loss: 0.1561170, Val Loss: 0.0345619
2025-05-14 15:38:26,410 Epoch 38/500
2025-05-14 15:39:03,169 Current Learning Rate: 0.0009858159
2025-05-14 15:39:03,179 Train Loss: 0.1578069, Val Loss: 0.0337398
2025-05-14 15:39:03,179 Epoch 39/500
2025-05-14 15:39:39,896 Current Learning Rate: 0.0009850633
2025-05-14 15:39:39,904 Train Loss: 0.1542363, Val Loss: 0.0333301
2025-05-14 15:39:39,905 Epoch 40/500
2025-05-14 15:40:17,192 Current Learning Rate: 0.0009842916
2025-05-14 15:40:17,202 Train Loss: 0.1527145, Val Loss: 0.0331780
2025-05-14 15:40:17,202 Epoch 41/500
2025-05-14 15:40:53,892 Current Learning Rate: 0.0009835007
2025-05-14 15:40:53,928 Train Loss: 0.1531723, Val Loss: 0.0330953
2025-05-14 15:40:53,929 Epoch 42/500
2025-05-14 15:41:30,527 Current Learning Rate: 0.0009826908
2025-05-14 15:41:30,536 Train Loss: 0.1517540, Val Loss: 0.0329755
2025-05-14 15:41:30,536 Epoch 43/500
2025-05-14 15:42:07,128 Current Learning Rate: 0.0009818618
2025-05-14 15:42:07,137 Train Loss: 0.1514200, Val Loss: 0.0329653
2025-05-14 15:42:07,138 Epoch 44/500
2025-05-14 15:42:44,281 Current Learning Rate: 0.0009810138
2025-05-14 15:42:44,281 Train Loss: 0.1510643, Val Loss: 0.0345169
2025-05-14 15:42:44,282 Epoch 45/500
2025-05-14 15:43:20,643 Current Learning Rate: 0.0009801468
2025-05-14 15:43:20,651 Train Loss: 0.1503819, Val Loss: 0.0325733
2025-05-14 15:43:20,651 Epoch 46/500
2025-05-14 15:43:57,978 Current Learning Rate: 0.0009792609
2025-05-14 15:43:57,987 Train Loss: 0.1487221, Val Loss: 0.0324327
2025-05-14 15:43:57,987 Epoch 47/500
2025-05-14 15:44:34,777 Current Learning Rate: 0.0009783560
2025-05-14 15:44:34,778 Train Loss: 0.1477422, Val Loss: 0.0324580
2025-05-14 15:44:34,778 Epoch 48/500
2025-05-14 15:45:11,453 Current Learning Rate: 0.0009774323
2025-05-14 15:45:11,465 Train Loss: 0.1478200, Val Loss: 0.0323052
2025-05-14 15:45:11,465 Epoch 49/500
2025-05-14 15:45:48,420 Current Learning Rate: 0.0009764897
2025-05-14 15:45:48,421 Train Loss: 0.1463352, Val Loss: 0.0324616
2025-05-14 15:45:48,421 Epoch 50/500
2025-05-14 15:46:24,968 Current Learning Rate: 0.0009755283
2025-05-14 15:46:24,990 Saved periodic model at epoch 50 to /jizhicfs/easyluwu/ocean_project/NeurIPS_2025_wuhao/checkpoints/KNO_0512_LiNS2d_epoch_50.pth
2025-05-14 15:46:24,990 Train Loss: 0.1468645, Val Loss: 0.0319891
2025-05-14 15:46:24,990 Epoch 51/500
2025-05-14 15:47:02,054 Current Learning Rate: 0.0009745481
2025-05-14 15:47:02,054 Train Loss: 0.1457844, Val Loss: 0.0321073
2025-05-14 15:47:02,054 Epoch 52/500
2025-05-14 15:47:38,514 Current Learning Rate: 0.0009735492
2025-05-14 15:47:38,523 Train Loss: 0.1460560, Val Loss: 0.0319572
2025-05-14 15:47:38,524 Epoch 53/500
2025-05-14 15:48:15,590 Current Learning Rate: 0.0009725315
2025-05-14 15:48:15,598 Train Loss: 0.1445163, Val Loss: 0.0316588
2025-05-14 15:48:15,598 Epoch 54/500
2025-05-14 15:48:51,917 Current Learning Rate: 0.0009714953
2025-05-14 15:48:51,918 Train Loss: 0.1444203, Val Loss: 0.0321906
2025-05-14 15:48:51,918 Epoch 55/500
2025-05-14 15:49:29,095 Current Learning Rate: 0.0009704404
2025-05-14 15:49:29,107 Train Loss: 0.1441551, Val Loss: 0.0315844
2025-05-14 15:49:29,107 Epoch 56/500
2025-05-14 15:50:05,800 Current Learning Rate: 0.0009693669
2025-05-14 15:50:05,810 Train Loss: 0.1428691, Val Loss: 0.0314185
2025-05-14 15:50:05,810 Epoch 57/500
2025-05-14 15:50:43,151 Current Learning Rate: 0.0009682749
2025-05-14 15:50:43,163 Train Loss: 0.1427657, Val Loss: 0.0311995
2025-05-14 15:50:43,164 Epoch 58/500
2025-05-14 15:51:19,595 Current Learning Rate: 0.0009671645
2025-05-14 15:51:19,596 Train Loss: 0.1435714, Val Loss: 0.0315447
2025-05-14 15:51:19,596 Epoch 59/500
2025-05-14 15:51:56,469 Current Learning Rate: 0.0009660356
2025-05-14 15:51:56,483 Train Loss: 0.1415482, Val Loss: 0.0310015
2025-05-14 15:51:56,483 Epoch 60/500
2025-05-14 15:52:33,382 Current Learning Rate: 0.0009648882
2025-05-14 15:52:33,399 Train Loss: 0.1410292, Val Loss: 0.0309888
2025-05-14 15:52:33,400 Epoch 61/500
2025-05-14 15:53:09,864 Current Learning Rate: 0.0009637226
2025-05-14 15:53:09,864 Train Loss: 0.1402352, Val Loss: 0.0315654
2025-05-14 15:53:09,864 Epoch 62/500
2025-05-14 15:53:47,180 Current Learning Rate: 0.0009625386
2025-05-14 15:53:47,181 Train Loss: 0.1429799, Val Loss: 0.0310186
2025-05-14 15:53:47,181 Epoch 63/500
2025-05-14 15:54:23,840 Current Learning Rate: 0.0009613364
2025-05-14 15:54:23,849 Train Loss: 0.1402013, Val Loss: 0.0307549
2025-05-14 15:54:23,851 Epoch 64/500
2025-05-14 15:55:00,807 Current Learning Rate: 0.0009601159
2025-05-14 15:55:00,807 Train Loss: 0.1392767, Val Loss: 0.0308633
2025-05-14 15:55:00,807 Epoch 65/500
2025-05-14 15:55:37,492 Current Learning Rate: 0.0009588773
2025-05-14 15:55:37,501 Train Loss: 0.1403690, Val Loss: 0.0303614
2025-05-14 15:55:37,501 Epoch 66/500
2025-05-14 15:56:14,612 Current Learning Rate: 0.0009576206
2025-05-14 15:56:14,622 Train Loss: 0.1386025, Val Loss: 0.0302337
2025-05-14 15:56:14,622 Epoch 67/500
2025-05-14 15:56:51,387 Current Learning Rate: 0.0009563458
2025-05-14 15:56:51,400 Train Loss: 0.1379063, Val Loss: 0.0302161
2025-05-14 15:56:51,400 Epoch 68/500
2025-05-14 15:57:28,950 Current Learning Rate: 0.0009550530
2025-05-14 15:57:28,950 Train Loss: 0.1390462, Val Loss: 0.0305313
2025-05-14 15:57:28,950 Epoch 69/500
2025-05-14 15:58:05,869 Current Learning Rate: 0.0009537422
2025-05-14 15:58:05,869 Train Loss: 0.1370748, Val Loss: 0.0302764
2025-05-14 15:58:05,870 Epoch 70/500
2025-05-14 15:58:42,376 Current Learning Rate: 0.0009524135
2025-05-14 15:58:42,376 Train Loss: 0.1380023, Val Loss: 0.0303437
2025-05-14 15:58:42,376 Epoch 71/500
2025-05-14 15:59:19,153 Current Learning Rate: 0.0009510670
2025-05-14 15:59:19,164 Train Loss: 0.1377474, Val Loss: 0.0301671
2025-05-14 15:59:19,164 Epoch 72/500
2025-05-14 15:59:56,100 Current Learning Rate: 0.0009497026
2025-05-14 15:59:56,101 Train Loss: 0.1368518, Val Loss: 0.0309331
2025-05-14 15:59:56,101 Epoch 73/500
2025-05-14 16:00:33,243 Current Learning Rate: 0.0009483205
2025-05-14 16:00:33,259 Train Loss: 0.1370232, Val Loss: 0.0300198
2025-05-14 16:00:33,260 Epoch 74/500
2025-05-14 16:01:10,187 Current Learning Rate: 0.0009469207
2025-05-14 16:01:10,187 Train Loss: 0.1361766, Val Loss: 0.0301059
2025-05-14 16:01:10,188 Epoch 75/500
2025-05-14 16:01:46,993 Current Learning Rate: 0.0009455033
2025-05-14 16:01:46,993 Train Loss: 0.1356440, Val Loss: 0.0300426
2025-05-14 16:01:46,993 Epoch 76/500
2025-05-14 16:02:24,019 Current Learning Rate: 0.0009440682
2025-05-14 16:02:24,029 Train Loss: 0.1358562, Val Loss: 0.0299535
2025-05-14 16:02:24,030 Epoch 77/500
2025-05-14 16:03:00,405 Current Learning Rate: 0.0009426157
2025-05-14 16:03:00,415 Train Loss: 0.1362118, Val Loss: 0.0297836
2025-05-14 16:03:00,415 Epoch 78/500
2025-05-14 16:03:37,417 Current Learning Rate: 0.0009411456
2025-05-14 16:03:37,428 Train Loss: 0.1350134, Val Loss: 0.0295495
2025-05-14 16:03:37,429 Epoch 79/500
2025-05-14 16:04:14,423 Current Learning Rate: 0.0009396582
2025-05-14 16:04:14,424 Train Loss: 0.1342840, Val Loss: 0.0302362
2025-05-14 16:04:14,424 Epoch 80/500
2025-05-14 16:04:50,899 Current Learning Rate: 0.0009381533
2025-05-14 16:04:50,910 Train Loss: 0.1352915, Val Loss: 0.0293186
2025-05-14 16:04:50,911 Epoch 81/500
2025-05-14 16:05:27,721 Current Learning Rate: 0.0009366312
2025-05-14 16:05:27,721 Train Loss: 0.1342098, Val Loss: 0.0297910
2025-05-14 16:05:27,721 Epoch 82/500
2025-05-14 16:06:04,635 Current Learning Rate: 0.0009350919
2025-05-14 16:06:04,636 Train Loss: 0.1332709, Val Loss: 0.0294834
2025-05-14 16:06:04,636 Epoch 83/500
2025-05-14 16:06:41,380 Current Learning Rate: 0.0009335354
2025-05-14 16:06:41,381 Train Loss: 0.1339617, Val Loss: 0.0295226
2025-05-14 16:06:41,381 Epoch 84/500
2025-05-14 16:07:18,347 Current Learning Rate: 0.0009319617
2025-05-14 16:07:18,358 Train Loss: 0.1335992, Val Loss: 0.0292637
2025-05-14 16:07:18,358 Epoch 85/500
2025-05-14 16:07:55,861 Current Learning Rate: 0.0009303710
2025-05-14 16:07:55,861 Train Loss: 0.1341699, Val Loss: 0.0298685
2025-05-14 16:07:55,861 Epoch 86/500
2025-05-14 16:08:32,006 Current Learning Rate: 0.0009287633
2025-05-14 16:08:32,007 Train Loss: 0.1339332, Val Loss: 0.0293873
2025-05-14 16:08:32,007 Epoch 87/500
2025-05-14 16:09:09,101 Current Learning Rate: 0.0009271387
2025-05-14 16:09:09,111 Train Loss: 0.1323767, Val Loss: 0.0288863
2025-05-14 16:09:09,111 Epoch 88/500
2025-05-14 16:09:45,616 Current Learning Rate: 0.0009254972
2025-05-14 16:09:45,616 Train Loss: 0.1320112, Val Loss: 0.0291200
2025-05-14 16:09:45,616 Epoch 89/500
2025-05-14 16:10:22,426 Current Learning Rate: 0.0009238390
2025-05-14 16:10:22,426 Train Loss: 0.1324209, Val Loss: 0.0298358
2025-05-14 16:10:22,426 Epoch 90/500
2025-05-14 16:10:59,246 Current Learning Rate: 0.0009221640
2025-05-14 16:10:59,255 Train Loss: 0.1315636, Val Loss: 0.0288803
2025-05-14 16:10:59,255 Epoch 91/500
2025-05-14 16:11:36,366 Current Learning Rate: 0.0009204723
2025-05-14 16:11:36,376 Train Loss: 0.1313138, Val Loss: 0.0288299
2025-05-14 16:11:36,376 Epoch 92/500
2025-05-14 16:12:13,506 Current Learning Rate: 0.0009187640
2025-05-14 16:12:13,506 Train Loss: 0.1333224, Val Loss: 0.0294031
2025-05-14 16:12:13,506 Epoch 93/500
2025-05-14 16:12:49,857 Current Learning Rate: 0.0009170392
2025-05-14 16:12:49,858 Train Loss: 0.1320560, Val Loss: 0.0293767
2025-05-14 16:12:49,858 Epoch 94/500
2025-05-14 16:13:26,903 Current Learning Rate: 0.0009152979
2025-05-14 16:13:26,913 Train Loss: 0.1308610, Val Loss: 0.0288268
2025-05-14 16:13:26,913 Epoch 95/500
2025-05-14 16:14:03,441 Current Learning Rate: 0.0009135403
2025-05-14 16:14:03,451 Train Loss: 0.1307774, Val Loss: 0.0287266
2025-05-14 16:14:03,451 Epoch 96/500
2025-05-14 16:14:40,707 Current Learning Rate: 0.0009117663
2025-05-14 16:14:40,718 Train Loss: 0.1312508, Val Loss: 0.0286353
2025-05-14 16:14:40,718 Epoch 97/500
2025-05-14 16:15:17,392 Current Learning Rate: 0.0009099761
2025-05-14 16:15:17,392 Train Loss: 0.1298614, Val Loss: 0.0293225
2025-05-14 16:15:17,393 Epoch 98/500
2025-05-14 16:15:54,724 Current Learning Rate: 0.0009081696
2025-05-14 16:15:54,725 Train Loss: 0.1309514, Val Loss: 0.0287311
2025-05-14 16:15:54,725 Epoch 99/500
2025-05-14 16:16:31,224 Current Learning Rate: 0.0009063471
2025-05-14 16:16:31,269 Train Loss: 0.1299296, Val Loss: 0.0286302
2025-05-14 16:16:31,269 Epoch 100/500
2025-05-14 16:17:08,607 Current Learning Rate: 0.0009045085
2025-05-14 16:17:08,640 Saved periodic model at epoch 100 to /jizhicfs/easyluwu/ocean_project/NeurIPS_2025_wuhao/checkpoints/KNO_0512_LiNS2d_epoch_100.pth
2025-05-14 16:17:08,640 Train Loss: 0.1301854, Val Loss: 0.0296723
2025-05-14 16:17:08,640 Epoch 101/500
2025-05-14 16:17:45,943 Current Learning Rate: 0.0009026539
2025-05-14 16:17:45,955 Train Loss: 0.1300926, Val Loss: 0.0285251
2025-05-14 16:17:45,955 Epoch 102/500
2025-05-14 16:18:22,685 Current Learning Rate: 0.0009007835
2025-05-14 16:18:22,696 Train Loss: 0.1298535, Val Loss: 0.0285023
2025-05-14 16:18:22,696 Epoch 103/500
2025-05-14 16:18:59,786 Current Learning Rate: 0.0008988972
2025-05-14 16:18:59,786 Train Loss: 0.1288371, Val Loss: 0.0286058
2025-05-14 16:18:59,787 Epoch 104/500
2025-05-14 16:19:36,842 Current Learning Rate: 0.0008969952
2025-05-14 16:19:36,851 Train Loss: 0.1282306, Val Loss: 0.0283832
2025-05-14 16:19:36,851 Epoch 105/500
2025-05-14 16:20:13,589 Current Learning Rate: 0.0008950775
2025-05-14 16:20:13,590 Train Loss: 0.1286641, Val Loss: 0.0286621
2025-05-14 16:20:13,590 Epoch 106/500
2025-05-14 16:20:50,705 Current Learning Rate: 0.0008931442
2025-05-14 16:20:50,715 Train Loss: 0.1283030, Val Loss: 0.0282887
2025-05-14 16:20:50,715 Epoch 107/500
2025-05-14 16:21:28,173 Current Learning Rate: 0.0008911954
2025-05-14 16:21:28,174 Train Loss: 0.1292274, Val Loss: 0.0285927
2025-05-14 16:21:28,174 Epoch 108/500
2025-05-14 16:22:04,990 Current Learning Rate: 0.0008892312
2025-05-14 16:22:04,999 Train Loss: 0.1285808, Val Loss: 0.0282077
2025-05-14 16:22:05,000 Epoch 109/500
2025-05-14 16:22:42,035 Current Learning Rate: 0.0008872515
2025-05-14 16:22:42,036 Train Loss: 0.1281779, Val Loss: 0.0282186
2025-05-14 16:22:42,036 Epoch 110/500
2025-05-14 16:23:19,162 Current Learning Rate: 0.0008852566
2025-05-14 16:23:19,172 Train Loss: 0.1285837, Val Loss: 0.0281603
2025-05-14 16:23:19,172 Epoch 111/500
2025-05-14 16:23:56,218 Current Learning Rate: 0.0008832465
2025-05-14 16:23:56,218 Train Loss: 0.1275832, Val Loss: 0.0288703
2025-05-14 16:23:56,218 Epoch 112/500
2025-05-14 16:24:32,844 Current Learning Rate: 0.0008812213
2025-05-14 16:24:32,854 Train Loss: 0.1281238, Val Loss: 0.0280553
2025-05-14 16:24:32,855 Epoch 113/500
2025-05-14 16:25:09,869 Current Learning Rate: 0.0008791810
2025-05-14 16:25:09,869 Train Loss: 0.1274826, Val Loss: 0.0283139
2025-05-14 16:25:09,869 Epoch 114/500
2025-05-14 16:25:46,568 Current Learning Rate: 0.0008771257
2025-05-14 16:25:46,569 Train Loss: 0.1273273, Val Loss: 0.0290454
2025-05-14 16:25:46,569 Epoch 115/500
2025-05-14 16:26:23,165 Current Learning Rate: 0.0008750555
2025-05-14 16:26:23,176 Train Loss: 0.1278285, Val Loss: 0.0279793
2025-05-14 16:26:23,176 Epoch 116/500
2025-05-14 16:27:00,000 Current Learning Rate: 0.0008729706
2025-05-14 16:27:00,011 Train Loss: 0.1268477, Val Loss: 0.0277310
2025-05-14 16:27:00,011 Epoch 117/500
2025-05-14 16:27:36,797 Current Learning Rate: 0.0008708709
2025-05-14 16:27:36,797 Train Loss: 0.1267166, Val Loss: 0.0282440
2025-05-14 16:27:36,797 Epoch 118/500
2025-05-14 16:28:13,448 Current Learning Rate: 0.0008687566
2025-05-14 16:28:13,449 Train Loss: 0.1265695, Val Loss: 0.0281828
2025-05-14 16:28:13,449 Epoch 119/500
2025-05-14 16:28:50,690 Current Learning Rate: 0.0008666277
2025-05-14 16:28:50,691 Train Loss: 0.1258294, Val Loss: 0.0279401
2025-05-14 16:28:50,691 Epoch 120/500
2025-05-14 16:29:27,147 Current Learning Rate: 0.0008644843
2025-05-14 16:29:27,148 Train Loss: 0.1260936, Val Loss: 0.0280045
2025-05-14 16:29:27,148 Epoch 121/500
2025-05-14 16:30:03,911 Current Learning Rate: 0.0008623266
2025-05-14 16:30:03,911 Train Loss: 0.1265050, Val Loss: 0.0278001
2025-05-14 16:30:03,912 Epoch 122/500
2025-05-14 16:30:40,488 Current Learning Rate: 0.0008601545
2025-05-14 16:30:40,497 Train Loss: 0.1255664, Val Loss: 0.0275638
2025-05-14 16:30:40,497 Epoch 123/500
2025-05-14 16:31:17,987 Current Learning Rate: 0.0008579682
2025-05-14 16:31:17,996 Train Loss: 0.1262450, Val Loss: 0.0275572
2025-05-14 16:31:17,997 Epoch 124/500
2025-05-14 16:31:54,602 Current Learning Rate: 0.0008557678
2025-05-14 16:31:54,602 Train Loss: 0.1257143, Val Loss: 0.0277976
2025-05-14 16:31:54,603 Epoch 125/500
2025-05-14 16:32:31,611 Current Learning Rate: 0.0008535534
2025-05-14 16:32:31,620 Train Loss: 0.1250196, Val Loss: 0.0274290
2025-05-14 16:32:31,620 Epoch 126/500
2025-05-14 16:33:08,855 Current Learning Rate: 0.0008513250
2025-05-14 16:33:08,855 Train Loss: 0.1250053, Val Loss: 0.0276569
2025-05-14 16:33:08,856 Epoch 127/500
2025-05-14 16:33:45,749 Current Learning Rate: 0.0008490827
2025-05-14 16:33:45,750 Train Loss: 0.1250326, Val Loss: 0.0281528
2025-05-14 16:33:45,750 Epoch 128/500
2025-05-14 16:34:22,934 Current Learning Rate: 0.0008468267
2025-05-14 16:34:22,935 Train Loss: 0.1259150, Val Loss: 0.0274649
2025-05-14 16:34:22,935 Epoch 129/500
2025-05-14 16:35:00,019 Current Learning Rate: 0.0008445569
2025-05-14 16:35:00,019 Train Loss: 0.1249975, Val Loss: 0.0276591
2025-05-14 16:35:00,019 Epoch 130/500
2025-05-14 16:35:37,292 Current Learning Rate: 0.0008422736
2025-05-14 16:35:37,292 Train Loss: 0.1246494, Val Loss: 0.0275447
2025-05-14 16:35:37,292 Epoch 131/500
2025-05-14 16:36:13,683 Current Learning Rate: 0.0008399767
2025-05-14 16:36:13,684 Train Loss: 0.1242096, Val Loss: 0.0276143
2025-05-14 16:36:13,684 Epoch 132/500
2025-05-14 16:36:51,131 Current Learning Rate: 0.0008376664
2025-05-14 16:36:51,131 Train Loss: 0.1241913, Val Loss: 0.0275345
2025-05-14 16:36:51,131 Epoch 133/500
2025-05-14 16:37:27,603 Current Learning Rate: 0.0008353428
2025-05-14 16:37:27,604 Train Loss: 0.1249045, Val Loss: 0.0274826
2025-05-14 16:37:27,604 Epoch 134/500
2025-05-14 16:38:04,862 Current Learning Rate: 0.0008330059
2025-05-14 16:38:04,863 Train Loss: 0.1242349, Val Loss: 0.0276889
2025-05-14 16:38:04,863 Epoch 135/500
2025-05-14 16:38:42,364 Current Learning Rate: 0.0008306559
2025-05-14 16:38:42,364 Train Loss: 0.1237591, Val Loss: 0.0278527
2025-05-14 16:38:42,364 Epoch 136/500
2025-05-14 16:39:19,697 Current Learning Rate: 0.0008282929
2025-05-14 16:39:19,706 Train Loss: 0.1240343, Val Loss: 0.0270844
2025-05-14 16:39:19,706 Epoch 137/500
2025-05-14 16:39:56,460 Current Learning Rate: 0.0008259169
2025-05-14 16:39:56,460 Train Loss: 0.1235713, Val Loss: 0.0272855
2025-05-14 16:39:56,460 Epoch 138/500
2025-05-14 16:40:33,566 Current Learning Rate: 0.0008235280
2025-05-14 16:40:33,566 Train Loss: 0.1234341, Val Loss: 0.0275265
2025-05-14 16:40:33,566 Epoch 139/500
2025-05-14 16:41:10,704 Current Learning Rate: 0.0008211263
2025-05-14 16:41:10,705 Train Loss: 0.1234084, Val Loss: 0.0275366
2025-05-14 16:41:10,705 Epoch 140/500
2025-05-14 16:41:47,695 Current Learning Rate: 0.0008187120
2025-05-14 16:41:47,696 Train Loss: 0.1239396, Val Loss: 0.0271352
2025-05-14 16:41:47,696 Epoch 141/500
2025-05-14 16:42:25,176 Current Learning Rate: 0.0008162851
2025-05-14 16:42:25,176 Train Loss: 0.1226437, Val Loss: 0.0273446
2025-05-14 16:42:25,176 Epoch 142/500
2025-05-14 16:43:02,105 Current Learning Rate: 0.0008138457
2025-05-14 16:43:02,105 Train Loss: 0.1222878, Val Loss: 0.0271420
2025-05-14 16:43:02,106 Epoch 143/500
2025-05-14 16:43:39,340 Current Learning Rate: 0.0008113939
2025-05-14 16:43:39,341 Train Loss: 0.1229252, Val Loss: 0.0271596
2025-05-14 16:43:39,341 Epoch 144/500
2025-05-14 16:44:16,145 Current Learning Rate: 0.0008089298
2025-05-14 16:44:16,300 Train Loss: 0.1220192, Val Loss: 0.0270085
2025-05-14 16:44:16,300 Epoch 145/500
2025-05-14 16:44:53,699 Current Learning Rate: 0.0008064535
2025-05-14 16:44:53,699 Train Loss: 0.1233085, Val Loss: 0.0273412
2025-05-14 16:44:53,700 Epoch 146/500
2025-05-14 16:45:30,889 Current Learning Rate: 0.0008039651
2025-05-14 16:45:30,890 Train Loss: 0.1224154, Val Loss: 0.0272067
2025-05-14 16:45:30,890 Epoch 147/500
2025-05-14 16:46:07,806 Current Learning Rate: 0.0008014648
2025-05-14 16:46:07,806 Train Loss: 0.1216855, Val Loss: 0.0270865
2025-05-14 16:46:07,806 Epoch 148/500
2025-05-14 16:46:44,878 Current Learning Rate: 0.0007989525
2025-05-14 16:46:44,892 Train Loss: 0.1218331, Val Loss: 0.0268953
2025-05-14 16:46:44,892 Epoch 149/500
2025-05-14 16:47:21,995 Current Learning Rate: 0.0007964284
2025-05-14 16:47:21,996 Train Loss: 0.1216603, Val Loss: 0.0271310
2025-05-14 16:47:21,996 Epoch 150/500
2025-05-14 16:47:59,024 Current Learning Rate: 0.0007938926
2025-05-14 16:47:59,039 Saved periodic model at epoch 150 to /jizhicfs/easyluwu/ocean_project/NeurIPS_2025_wuhao/checkpoints/KNO_0512_LiNS2d_epoch_150.pth
2025-05-14 16:47:59,039 Train Loss: 0.1219313, Val Loss: 0.0269915
2025-05-14 16:47:59,039 Epoch 151/500
2025-05-14 16:48:36,394 Current Learning Rate: 0.0007913452
2025-05-14 16:48:36,394 Train Loss: 0.1223064, Val Loss: 0.0272737
2025-05-14 16:48:36,395 Epoch 152/500
2025-05-14 16:49:13,799 Current Learning Rate: 0.0007887864
2025-05-14 16:49:13,800 Train Loss: 0.1218601, Val Loss: 0.0270265
2025-05-14 16:49:13,800 Epoch 153/500
2025-05-14 16:49:50,692 Current Learning Rate: 0.0007862161
2025-05-14 16:49:50,703 Train Loss: 0.1214557, Val Loss: 0.0268248
2025-05-14 16:49:50,703 Epoch 154/500
2025-05-14 16:50:27,570 Current Learning Rate: 0.0007836345
2025-05-14 16:50:27,585 Train Loss: 0.1203518, Val Loss: 0.0266208
2025-05-14 16:50:27,585 Epoch 155/500
2025-05-14 16:51:04,842 Current Learning Rate: 0.0007810417
2025-05-14 16:51:04,842 Train Loss: 0.1209287, Val Loss: 0.0271852
2025-05-14 16:51:04,843 Epoch 156/500
2025-05-14 16:51:41,720 Current Learning Rate: 0.0007784378
2025-05-14 16:51:41,720 Train Loss: 0.1215366, Val Loss: 0.0267386
2025-05-14 16:51:41,720 Epoch 157/500
2025-05-14 16:52:19,021 Current Learning Rate: 0.0007758229
2025-05-14 16:52:19,021 Train Loss: 0.1208830, Val Loss: 0.0271256
2025-05-14 16:52:19,022 Epoch 158/500
2025-05-14 16:52:55,960 Current Learning Rate: 0.0007731972
2025-05-14 16:52:55,960 Train Loss: 0.1215633, Val Loss: 0.0267096
2025-05-14 16:52:55,960 Epoch 159/500
2025-05-14 16:53:32,716 Current Learning Rate: 0.0007705606
2025-05-14 16:53:32,716 Train Loss: 0.1203232, Val Loss: 0.0268162
2025-05-14 16:53:32,716 Epoch 160/500
2025-05-14 16:54:09,714 Current Learning Rate: 0.0007679134
2025-05-14 16:54:09,714 Train Loss: 0.1205366, Val Loss: 0.0267732
2025-05-14 16:54:09,714 Epoch 161/500
2025-05-14 16:54:46,827 Current Learning Rate: 0.0007652556
2025-05-14 16:54:46,827 Train Loss: 0.1201702, Val Loss: 0.0270932
2025-05-14 16:54:46,827 Epoch 162/500
2025-05-14 16:55:24,278 Current Learning Rate: 0.0007625873
2025-05-14 16:55:24,287 Train Loss: 0.1201091, Val Loss: 0.0265975
2025-05-14 16:55:24,287 Epoch 163/500
2025-05-14 16:56:00,963 Current Learning Rate: 0.0007599087
2025-05-14 16:56:00,964 Train Loss: 0.1201099, Val Loss: 0.0270396
2025-05-14 16:56:00,964 Epoch 164/500
2025-05-14 16:56:38,229 Current Learning Rate: 0.0007572198
2025-05-14 16:56:38,230 Train Loss: 0.1210654, Val Loss: 0.0266561
2025-05-14 16:56:38,230 Epoch 165/500
2025-05-14 16:57:15,336 Current Learning Rate: 0.0007545207
2025-05-14 16:57:15,337 Train Loss: 0.1195624, Val Loss: 0.0267284
2025-05-14 16:57:15,337 Epoch 166/500
2025-05-14 16:57:52,662 Current Learning Rate: 0.0007518116
2025-05-14 16:57:52,671 Train Loss: 0.1198238, Val Loss: 0.0265664
2025-05-14 16:57:52,671 Epoch 167/500
2025-05-14 16:58:29,491 Current Learning Rate: 0.0007490926
2025-05-14 16:58:29,500 Train Loss: 0.1197616, Val Loss: 0.0265372
2025-05-14 16:58:29,500 Epoch 168/500
2025-05-14 16:59:07,056 Current Learning Rate: 0.0007463637
2025-05-14 16:59:07,056 Train Loss: 0.1195664, Val Loss: 0.0267236
2025-05-14 16:59:07,056 Epoch 169/500
2025-05-14 16:59:43,287 Current Learning Rate: 0.0007436251
2025-05-14 16:59:43,297 Train Loss: 0.1197201, Val Loss: 0.0265235
2025-05-14 16:59:43,298 Epoch 170/500
2025-05-14 17:00:20,469 Current Learning Rate: 0.0007408768
2025-05-14 17:00:20,470 Train Loss: 0.1189428, Val Loss: 0.0266788
2025-05-14 17:00:20,470 Epoch 171/500
2025-05-14 17:00:57,680 Current Learning Rate: 0.0007381191
2025-05-14 17:00:57,681 Train Loss: 0.1196100, Val Loss: 0.0265606
2025-05-14 17:00:57,681 Epoch 172/500
2025-05-14 17:01:33,394 Current Learning Rate: 0.0007353520
2025-05-14 17:01:33,403 Train Loss: 0.1193632, Val Loss: 0.0264527
2025-05-14 17:01:33,403 Epoch 173/500
2025-05-14 17:02:10,892 Current Learning Rate: 0.0007325755
2025-05-14 17:02:10,892 Train Loss: 0.1185490, Val Loss: 0.0266603
2025-05-14 17:02:10,893 Epoch 174/500
2025-05-14 17:02:47,816 Current Learning Rate: 0.0007297899
2025-05-14 17:02:47,816 Train Loss: 0.1190176, Val Loss: 0.0266448
2025-05-14 17:02:47,816 Epoch 175/500
2025-05-14 17:03:25,028 Current Learning Rate: 0.0007269952
2025-05-14 17:03:25,036 Train Loss: 0.1188997, Val Loss: 0.0262537
2025-05-14 17:03:25,036 Epoch 176/500
2025-05-14 17:04:01,862 Current Learning Rate: 0.0007241916
2025-05-14 17:04:01,863 Train Loss: 0.1190780, Val Loss: 0.0264503
2025-05-14 17:04:01,863 Epoch 177/500
2025-05-14 17:04:39,017 Current Learning Rate: 0.0007213791
2025-05-14 17:04:39,017 Train Loss: 0.1184941, Val Loss: 0.0264292
2025-05-14 17:04:39,017 Epoch 178/500
2025-05-14 17:05:15,436 Current Learning Rate: 0.0007185579
2025-05-14 17:05:15,436 Train Loss: 0.1184924, Val Loss: 0.0264073
2025-05-14 17:05:15,436 Epoch 179/500
2025-05-14 17:05:52,917 Current Learning Rate: 0.0007157280
2025-05-14 17:05:52,918 Train Loss: 0.1180873, Val Loss: 0.0263622
2025-05-14 17:05:52,918 Epoch 180/500
2025-05-14 17:06:29,742 Current Learning Rate: 0.0007128896
2025-05-14 17:06:29,742 Train Loss: 0.1194485, Val Loss: 0.0263659
2025-05-14 17:06:29,742 Epoch 181/500
2025-05-14 17:07:06,462 Current Learning Rate: 0.0007100429
2025-05-14 17:07:06,462 Train Loss: 0.1184025, Val Loss: 0.0263905
2025-05-14 17:07:06,462 Epoch 182/500
2025-05-14 17:07:43,252 Current Learning Rate: 0.0007071878
2025-05-14 17:07:43,289 Train Loss: 0.1183009, Val Loss: 0.0261943
2025-05-14 17:07:43,290 Epoch 183/500
2025-05-14 17:08:20,365 Current Learning Rate: 0.0007043245
2025-05-14 17:08:20,375 Train Loss: 0.1175452, Val Loss: 0.0261919
2025-05-14 17:08:20,376 Epoch 184/500
2025-05-14 17:08:57,839 Current Learning Rate: 0.0007014532
2025-05-14 17:08:57,839 Train Loss: 0.1179962, Val Loss: 0.0266424
2025-05-14 17:08:57,839 Epoch 185/500
2025-05-14 17:09:34,752 Current Learning Rate: 0.0006985739
2025-05-14 17:09:34,753 Train Loss: 0.1180176, Val Loss: 0.0263500
2025-05-14 17:09:34,753 Epoch 186/500
2025-05-14 17:10:12,270 Current Learning Rate: 0.0006956868
2025-05-14 17:10:12,271 Train Loss: 0.1174650, Val Loss: 0.0266082
2025-05-14 17:10:12,271 Epoch 187/500
2025-05-14 17:10:49,355 Current Learning Rate: 0.0006927920
2025-05-14 17:10:49,356 Train Loss: 0.1177210, Val Loss: 0.0264604
2025-05-14 17:10:49,356 Epoch 188/500
2025-05-14 17:11:26,470 Current Learning Rate: 0.0006898895
2025-05-14 17:11:26,470 Train Loss: 0.1174933, Val Loss: 0.0262192
2025-05-14 17:11:26,471 Epoch 189/500
2025-05-14 17:12:03,615 Current Learning Rate: 0.0006869796
2025-05-14 17:12:03,615 Train Loss: 0.1170268, Val Loss: 0.0262273
2025-05-14 17:12:03,616 Epoch 190/500
2025-05-14 17:12:40,919 Current Learning Rate: 0.0006840623
2025-05-14 17:12:40,928 Train Loss: 0.1174536, Val Loss: 0.0260887
2025-05-14 17:12:40,928 Epoch 191/500
2025-05-14 17:13:17,592 Current Learning Rate: 0.0006811377
2025-05-14 17:13:17,592 Train Loss: 0.1170987, Val Loss: 0.0262293
2025-05-14 17:13:17,593 Epoch 192/500
2025-05-14 17:13:54,550 Current Learning Rate: 0.0006782059
2025-05-14 17:13:54,550 Train Loss: 0.1178304, Val Loss: 0.0262507
2025-05-14 17:13:54,550 Epoch 193/500
2025-05-14 17:14:31,517 Current Learning Rate: 0.0006752672
2025-05-14 17:14:31,518 Train Loss: 0.1174838, Val Loss: 0.0263189
2025-05-14 17:14:31,518 Epoch 194/500
2025-05-14 17:15:07,638 Current Learning Rate: 0.0006723215
2025-05-14 17:15:07,638 Train Loss: 0.1176283, Val Loss: 0.0261500
2025-05-14 17:15:07,638 Epoch 195/500
2025-05-14 17:15:44,875 Current Learning Rate: 0.0006693690
2025-05-14 17:15:44,884 Train Loss: 0.1166974, Val Loss: 0.0260251
2025-05-14 17:15:44,884 Epoch 196/500
2025-05-14 17:16:22,226 Current Learning Rate: 0.0006664098
2025-05-14 17:16:22,227 Train Loss: 0.1169243, Val Loss: 0.0262055
2025-05-14 17:16:22,227 Epoch 197/500
2025-05-14 17:16:58,571 Current Learning Rate: 0.0006634440
2025-05-14 17:16:58,571 Train Loss: 0.1165441, Val Loss: 0.0260447
2025-05-14 17:16:58,572 Epoch 198/500
2025-05-14 17:17:35,628 Current Learning Rate: 0.0006604718
2025-05-14 17:17:35,628 Train Loss: 0.1167951, Val Loss: 0.0260564
2025-05-14 17:17:35,628 Epoch 199/500
2025-05-14 17:18:12,308 Current Learning Rate: 0.0006574933
2025-05-14 17:18:12,316 Train Loss: 0.1167150, Val Loss: 0.0260151
2025-05-14 17:18:12,316 Epoch 200/500
2025-05-14 17:18:49,462 Current Learning Rate: 0.0006545085
2025-05-14 17:18:49,479 Saved periodic model at epoch 200 to /jizhicfs/easyluwu/ocean_project/NeurIPS_2025_wuhao/checkpoints/KNO_0512_LiNS2d_epoch_200.pth
2025-05-14 17:18:49,479 Train Loss: 0.1163295, Val Loss: 0.0259596
2025-05-14 17:18:49,479 Epoch 201/500
2025-05-14 17:19:26,480 Current Learning Rate: 0.0006515176
2025-05-14 17:19:26,480 Train Loss: 0.1168788, Val Loss: 0.0260901
2025-05-14 17:19:26,480 Epoch 202/500
2025-05-14 17:20:03,269 Current Learning Rate: 0.0006485208
2025-05-14 17:20:03,269 Train Loss: 0.1161747, Val Loss: 0.0266236
2025-05-14 17:20:03,269 Epoch 203/500
2025-05-14 17:20:40,270 Current Learning Rate: 0.0006455181
2025-05-14 17:20:40,281 Train Loss: 0.1167627, Val Loss: 0.0259239
2025-05-14 17:20:40,282 Epoch 204/500
2025-05-14 17:21:16,937 Current Learning Rate: 0.0006425096
2025-05-14 17:21:16,937 Train Loss: 0.1164205, Val Loss: 0.0259767
2025-05-14 17:21:16,937 Epoch 205/500
2025-05-14 17:21:54,112 Current Learning Rate: 0.0006394956
2025-05-14 17:21:54,121 Train Loss: 0.1156543, Val Loss: 0.0258326
2025-05-14 17:21:54,122 Epoch 206/500
2025-05-14 17:22:31,003 Current Learning Rate: 0.0006364760
2025-05-14 17:22:31,003 Train Loss: 0.1155646, Val Loss: 0.0258465
2025-05-14 17:22:31,004 Epoch 207/500
2025-05-14 17:23:07,852 Current Learning Rate: 0.0006334510
2025-05-14 17:23:07,863 Train Loss: 0.1157029, Val Loss: 0.0257605
2025-05-14 17:23:07,863 Epoch 208/500
2025-05-14 17:23:44,520 Current Learning Rate: 0.0006304208
2025-05-14 17:23:44,520 Train Loss: 0.1154521, Val Loss: 0.0259572
2025-05-14 17:23:44,521 Epoch 209/500
2025-05-14 17:24:21,608 Current Learning Rate: 0.0006273854
2025-05-14 17:24:21,608 Train Loss: 0.1155024, Val Loss: 0.0258740
2025-05-14 17:24:21,608 Epoch 210/500
2025-05-14 17:24:56,408 Current Learning Rate: 0.0006243449
2025-05-14 17:24:56,409 Train Loss: 0.1156650, Val Loss: 0.0259081
2025-05-14 17:24:56,409 Epoch 211/500
2025-05-14 17:25:33,943 Current Learning Rate: 0.0006212996
2025-05-14 17:25:33,958 Train Loss: 0.1158821, Val Loss: 0.0257565
2025-05-14 17:25:33,959 Epoch 212/500
2025-05-14 17:26:11,041 Current Learning Rate: 0.0006182495
2025-05-14 17:26:11,041 Train Loss: 0.1151669, Val Loss: 0.0260897
2025-05-14 17:26:11,041 Epoch 213/500
2025-05-14 17:26:47,777 Current Learning Rate: 0.0006151947
2025-05-14 17:26:47,777 Train Loss: 0.1153479, Val Loss: 0.0258306
2025-05-14 17:26:47,778 Epoch 214/500
2025-05-14 17:27:24,971 Current Learning Rate: 0.0006121354
2025-05-14 17:27:24,971 Train Loss: 0.1151091, Val Loss: 0.0258629
2025-05-14 17:27:24,971 Epoch 215/500
2025-05-14 17:28:01,744 Current Learning Rate: 0.0006090716
2025-05-14 17:28:01,745 Train Loss: 0.1151976, Val Loss: 0.0258715
2025-05-14 17:28:01,745 Epoch 216/500
2025-05-14 17:28:38,959 Current Learning Rate: 0.0006060036
2025-05-14 17:28:38,960 Train Loss: 0.1150884, Val Loss: 0.0258001
2025-05-14 17:28:38,960 Epoch 217/500
2025-05-14 17:29:15,894 Current Learning Rate: 0.0006029313
2025-05-14 17:29:15,894 Train Loss: 0.1149297, Val Loss: 0.0257581
2025-05-14 17:29:15,895 Epoch 218/500
2025-05-14 17:29:53,014 Current Learning Rate: 0.0005998550
2025-05-14 17:29:53,015 Train Loss: 0.1148470, Val Loss: 0.0259325
2025-05-14 17:29:53,015 Epoch 219/500
2025-05-14 17:30:29,439 Current Learning Rate: 0.0005967747
2025-05-14 17:30:29,440 Train Loss: 0.1153967, Val Loss: 0.0257979
2025-05-14 17:30:29,440 Epoch 220/500
2025-05-14 17:31:06,314 Current Learning Rate: 0.0005936907
2025-05-14 17:31:06,323 Train Loss: 0.1148536, Val Loss: 0.0256617
2025-05-14 17:31:06,323 Epoch 221/500
2025-05-14 17:31:43,276 Current Learning Rate: 0.0005906029
2025-05-14 17:31:43,277 Train Loss: 0.1147436, Val Loss: 0.0256958
2025-05-14 17:31:43,277 Epoch 222/500
2025-05-14 17:32:20,421 Current Learning Rate: 0.0005875115
2025-05-14 17:32:20,422 Train Loss: 0.1151413, Val Loss: 0.0257180
2025-05-14 17:32:20,422 Epoch 223/500
2025-05-14 17:32:57,120 Current Learning Rate: 0.0005844167
2025-05-14 17:32:57,120 Train Loss: 0.1146697, Val Loss: 0.0256629
2025-05-14 17:32:57,120 Epoch 224/500
2025-05-14 17:33:34,022 Current Learning Rate: 0.0005813186
2025-05-14 17:33:34,032 Train Loss: 0.1145535, Val Loss: 0.0256429
2025-05-14 17:33:34,033 Epoch 225/500
2025-05-14 17:34:11,042 Current Learning Rate: 0.0005782172
2025-05-14 17:34:11,043 Train Loss: 0.1143792, Val Loss: 0.0257251
2025-05-14 17:34:11,043 Epoch 226/500
2025-05-14 17:34:47,546 Current Learning Rate: 0.0005751128
2025-05-14 17:34:47,546 Train Loss: 0.1149712, Val Loss: 0.0256464
2025-05-14 17:34:47,546 Epoch 227/500
2025-05-14 17:35:24,577 Current Learning Rate: 0.0005720054
2025-05-14 17:35:24,577 Train Loss: 0.1144670, Val Loss: 0.0257074
2025-05-14 17:35:24,577 Epoch 228/500
2025-05-14 17:36:01,601 Current Learning Rate: 0.0005688951
2025-05-14 17:36:01,612 Train Loss: 0.1137179, Val Loss: 0.0255781
2025-05-14 17:36:01,612 Epoch 229/500
2025-05-14 17:36:38,736 Current Learning Rate: 0.0005657822
2025-05-14 17:36:38,736 Train Loss: 0.1142408, Val Loss: 0.0261543
2025-05-14 17:36:38,737 Epoch 230/500
2025-05-14 17:37:15,661 Current Learning Rate: 0.0005626666
2025-05-14 17:37:15,662 Train Loss: 0.1146624, Val Loss: 0.0256395
2025-05-14 17:37:15,662 Epoch 231/500
2025-05-14 17:37:52,442 Current Learning Rate: 0.0005595486
2025-05-14 17:37:52,459 Train Loss: 0.1139510, Val Loss: 0.0255702
2025-05-14 17:37:52,459 Epoch 232/500
2025-05-14 17:38:29,225 Current Learning Rate: 0.0005564282
2025-05-14 17:38:29,241 Train Loss: 0.1137611, Val Loss: 0.0254928
2025-05-14 17:38:29,241 Epoch 233/500
2025-05-14 17:39:06,145 Current Learning Rate: 0.0005533056
2025-05-14 17:39:06,155 Train Loss: 0.1133039, Val Loss: 0.0254641
2025-05-14 17:39:06,155 Epoch 234/500
2025-05-14 17:39:43,446 Current Learning Rate: 0.0005501809
2025-05-14 17:39:43,446 Train Loss: 0.1138173, Val Loss: 0.0257290
2025-05-14 17:39:43,446 Epoch 235/500
2025-05-14 17:40:20,321 Current Learning Rate: 0.0005470542
2025-05-14 17:40:20,321 Train Loss: 0.1137836, Val Loss: 0.0254828
2025-05-14 17:40:20,321 Epoch 236/500
2025-05-14 17:40:56,985 Current Learning Rate: 0.0005439256
2025-05-14 17:40:56,985 Train Loss: 0.1136153, Val Loss: 0.0255716
2025-05-14 17:40:56,986 Epoch 237/500
2025-05-14 17:41:33,897 Current Learning Rate: 0.0005407953
2025-05-14 17:41:33,897 Train Loss: 0.1136680, Val Loss: 0.0255332
2025-05-14 17:41:33,898 Epoch 238/500
2025-05-14 17:42:10,892 Current Learning Rate: 0.0005376634
2025-05-14 17:42:10,892 Train Loss: 0.1132546, Val Loss: 0.0257071
2025-05-14 17:42:10,892 Epoch 239/500
2025-05-14 17:42:48,117 Current Learning Rate: 0.0005345300
2025-05-14 17:42:48,129 Train Loss: 0.1132038, Val Loss: 0.0253629
2025-05-14 17:42:48,129 Epoch 240/500
2025-05-14 17:43:24,821 Current Learning Rate: 0.0005313953
2025-05-14 17:43:24,822 Train Loss: 0.1133473, Val Loss: 0.0255096
2025-05-14 17:43:24,822 Epoch 241/500
2025-05-14 17:44:02,199 Current Learning Rate: 0.0005282593
2025-05-14 17:44:02,199 Train Loss: 0.1130515, Val Loss: 0.0255051
2025-05-14 17:44:02,200 Epoch 242/500
2025-05-14 17:44:38,824 Current Learning Rate: 0.0005251222
2025-05-14 17:44:38,824 Train Loss: 0.1128922, Val Loss: 0.0253670
2025-05-14 17:44:38,824 Epoch 243/500
2025-05-14 17:45:16,230 Current Learning Rate: 0.0005219841
2025-05-14 17:45:16,230 Train Loss: 0.1130869, Val Loss: 0.0256962
2025-05-14 17:45:16,230 Epoch 244/500
2025-05-14 17:45:53,402 Current Learning Rate: 0.0005188451
2025-05-14 17:45:53,403 Train Loss: 0.1132472, Val Loss: 0.0254573
2025-05-14 17:45:53,403 Epoch 245/500
2025-05-14 17:46:30,609 Current Learning Rate: 0.0005157054
2025-05-14 17:46:30,609 Train Loss: 0.1129156, Val Loss: 0.0256243
2025-05-14 17:46:30,609 Epoch 246/500
2025-05-14 17:47:07,743 Current Learning Rate: 0.0005125650
2025-05-14 17:47:07,744 Train Loss: 0.1128984, Val Loss: 0.0254051
2025-05-14 17:47:07,744 Epoch 247/500
2025-05-14 17:47:44,914 Current Learning Rate: 0.0005094242
2025-05-14 17:47:44,914 Train Loss: 0.1128012, Val Loss: 0.0255169
2025-05-14 17:47:44,914 Epoch 248/500
2025-05-14 17:48:21,921 Current Learning Rate: 0.0005062830
2025-05-14 17:48:21,963 Train Loss: 0.1129229, Val Loss: 0.0252811
2025-05-14 17:48:21,963 Epoch 249/500
2025-05-14 17:48:58,662 Current Learning Rate: 0.0005031416
2025-05-14 17:48:58,662 Train Loss: 0.1128496, Val Loss: 0.0254332
2025-05-14 17:48:58,663 Epoch 250/500
2025-05-14 17:49:36,090 Current Learning Rate: 0.0005000000
2025-05-14 17:49:36,101 Saved periodic model at epoch 250 to /jizhicfs/easyluwu/ocean_project/NeurIPS_2025_wuhao/checkpoints/KNO_0512_LiNS2d_epoch_250.pth
2025-05-14 17:49:36,101 Train Loss: 0.1128028, Val Loss: 0.0254095
2025-05-14 17:49:36,102 Epoch 251/500
2025-05-14 17:50:12,505 Current Learning Rate: 0.0004968584
2025-05-14 17:50:12,505 Train Loss: 0.1129365, Val Loss: 0.0253514
2025-05-14 17:50:12,505 Epoch 252/500
2025-05-14 17:50:49,464 Current Learning Rate: 0.0004937170
2025-05-14 17:50:49,474 Train Loss: 0.1124766, Val Loss: 0.0252723
2025-05-14 17:50:49,474 Epoch 253/500
2025-05-14 17:51:25,997 Current Learning Rate: 0.0004905758
2025-05-14 17:51:25,997 Train Loss: 0.1124950, Val Loss: 0.0253983
2025-05-14 17:51:25,997 Epoch 254/500
2025-05-14 17:52:03,149 Current Learning Rate: 0.0004874350
2025-05-14 17:52:03,150 Train Loss: 0.1125138, Val Loss: 0.0253216
2025-05-14 17:52:03,150 Epoch 255/500
2025-05-14 17:52:40,064 Current Learning Rate: 0.0004842946
2025-05-14 17:52:40,073 Train Loss: 0.1122198, Val Loss: 0.0252406
2025-05-14 17:52:40,073 Epoch 256/500
2025-05-14 17:53:17,392 Current Learning Rate: 0.0004811549
2025-05-14 17:53:17,392 Train Loss: 0.1119866, Val Loss: 0.0252723
2025-05-14 17:53:17,392 Epoch 257/500
2025-05-14 17:53:54,651 Current Learning Rate: 0.0004780159
2025-05-14 17:53:54,652 Train Loss: 0.1120572, Val Loss: 0.0252466
2025-05-14 17:53:54,652 Epoch 258/500
2025-05-14 17:54:31,280 Current Learning Rate: 0.0004748778
2025-05-14 17:54:31,288 Train Loss: 0.1120400, Val Loss: 0.0252144
2025-05-14 17:54:31,288 Epoch 259/500
2025-05-14 17:55:08,582 Current Learning Rate: 0.0004717407
2025-05-14 17:55:08,591 Train Loss: 0.1123456, Val Loss: 0.0251750
2025-05-14 17:55:08,591 Epoch 260/500
2025-05-14 17:55:45,387 Current Learning Rate: 0.0004686047
2025-05-14 17:55:45,388 Train Loss: 0.1121441, Val Loss: 0.0253385
2025-05-14 17:55:45,388 Epoch 261/500
2025-05-14 17:56:22,714 Current Learning Rate: 0.0004654700
2025-05-14 17:56:22,715 Train Loss: 0.1119831, Val Loss: 0.0255056
2025-05-14 17:56:22,715 Epoch 262/500
2025-05-14 17:56:59,337 Current Learning Rate: 0.0004623366
2025-05-14 17:56:59,337 Train Loss: 0.1118299, Val Loss: 0.0252170
2025-05-14 17:56:59,338 Epoch 263/500
2025-05-14 17:57:36,516 Current Learning Rate: 0.0004592047
2025-05-14 17:57:36,516 Train Loss: 0.1120987, Val Loss: 0.0252321
2025-05-14 17:57:36,516 Epoch 264/500
2025-05-14 17:58:13,266 Current Learning Rate: 0.0004560744
2025-05-14 17:58:13,266 Train Loss: 0.1115368, Val Loss: 0.0252264
2025-05-14 17:58:13,266 Epoch 265/500
2025-05-14 17:58:50,127 Current Learning Rate: 0.0004529458
2025-05-14 17:58:50,128 Train Loss: 0.1115936, Val Loss: 0.0251842
2025-05-14 17:58:50,128 Epoch 266/500
2025-05-14 17:59:27,204 Current Learning Rate: 0.0004498191
2025-05-14 17:59:27,205 Train Loss: 0.1118616, Val Loss: 0.0251904
2025-05-14 17:59:27,205 Epoch 267/500
2025-05-14 18:00:04,231 Current Learning Rate: 0.0004466944
2025-05-14 18:00:04,232 Train Loss: 0.1118548, Val Loss: 0.0253566
2025-05-14 18:00:04,232 Epoch 268/500
2025-05-14 18:00:41,308 Current Learning Rate: 0.0004435718
2025-05-14 18:00:41,309 Train Loss: 0.1115136, Val Loss: 0.0252808
2025-05-14 18:00:41,309 Epoch 269/500
2025-05-14 18:01:18,123 Current Learning Rate: 0.0004404514
2025-05-14 18:01:18,171 Train Loss: 0.1113232, Val Loss: 0.0250903
2025-05-14 18:01:18,171 Epoch 270/500
2025-05-14 18:01:55,142 Current Learning Rate: 0.0004373334
2025-05-14 18:01:55,143 Train Loss: 0.1111660, Val Loss: 0.0251097
2025-05-14 18:01:55,143 Epoch 271/500
2025-05-14 18:02:31,929 Current Learning Rate: 0.0004342178
2025-05-14 18:02:31,930 Train Loss: 0.1111967, Val Loss: 0.0250987
2025-05-14 18:02:31,930 Epoch 272/500
2025-05-14 18:03:09,476 Current Learning Rate: 0.0004311049
2025-05-14 18:03:09,477 Train Loss: 0.1112563, Val Loss: 0.0251594
2025-05-14 18:03:09,477 Epoch 273/500
2025-05-14 18:03:46,984 Current Learning Rate: 0.0004279946
2025-05-14 18:03:46,985 Train Loss: 0.1111731, Val Loss: 0.0251230
2025-05-14 18:03:46,985 Epoch 274/500
2025-05-14 18:04:23,678 Current Learning Rate: 0.0004248872
2025-05-14 18:04:23,679 Train Loss: 0.1111057, Val Loss: 0.0250976
2025-05-14 18:04:23,679 Epoch 275/500
2025-05-14 18:05:00,930 Current Learning Rate: 0.0004217828
2025-05-14 18:05:00,931 Train Loss: 0.1112627, Val Loss: 0.0255212
2025-05-14 18:05:00,931 Epoch 276/500
2025-05-14 18:05:38,024 Current Learning Rate: 0.0004186814
2025-05-14 18:05:38,111 Train Loss: 0.1113601, Val Loss: 0.0250666
2025-05-14 18:05:38,111 Epoch 277/500
2025-05-14 18:06:15,290 Current Learning Rate: 0.0004155833
2025-05-14 18:06:15,302 Train Loss: 0.1111425, Val Loss: 0.0250448
2025-05-14 18:06:15,303 Epoch 278/500
2025-05-14 18:06:52,630 Current Learning Rate: 0.0004124885
2025-05-14 18:06:52,630 Train Loss: 0.1109772, Val Loss: 0.0250525
2025-05-14 18:06:52,631 Epoch 279/500
2025-05-14 18:07:29,855 Current Learning Rate: 0.0004093971
2025-05-14 18:07:29,856 Train Loss: 0.1107246, Val Loss: 0.0250643
2025-05-14 18:07:29,856 Epoch 280/500
2025-05-14 18:08:06,614 Current Learning Rate: 0.0004063093
2025-05-14 18:08:06,615 Train Loss: 0.1108629, Val Loss: 0.0250936
2025-05-14 18:08:06,615 Epoch 281/500
2025-05-14 18:08:43,695 Current Learning Rate: 0.0004032253
2025-05-14 18:08:43,696 Train Loss: 0.1109860, Val Loss: 0.0250725
2025-05-14 18:08:43,696 Epoch 282/500
2025-05-14 18:09:21,122 Current Learning Rate: 0.0004001450
2025-05-14 18:09:21,131 Train Loss: 0.1108058, Val Loss: 0.0249445
2025-05-14 18:09:21,131 Epoch 283/500
2025-05-14 18:09:57,951 Current Learning Rate: 0.0003970687
2025-05-14 18:09:57,952 Train Loss: 0.1107740, Val Loss: 0.0250565
2025-05-14 18:09:57,952 Epoch 284/500
2025-05-14 18:10:35,319 Current Learning Rate: 0.0003939964
2025-05-14 18:10:35,320 Train Loss: 0.1107026, Val Loss: 0.0250069
2025-05-14 18:10:35,320 Epoch 285/500
2025-05-14 18:11:12,160 Current Learning Rate: 0.0003909284
2025-05-14 18:11:12,170 Train Loss: 0.1106698, Val Loss: 0.0248988
2025-05-14 18:11:12,171 Epoch 286/500
2025-05-14 18:11:49,341 Current Learning Rate: 0.0003878646
2025-05-14 18:11:49,342 Train Loss: 0.1106488, Val Loss: 0.0249820
2025-05-14 18:11:49,342 Epoch 287/500
2025-05-14 18:12:26,170 Current Learning Rate: 0.0003848053
2025-05-14 18:12:26,170 Train Loss: 0.1107797, Val Loss: 0.0251949
2025-05-14 18:12:26,170 Epoch 288/500
2025-05-14 18:13:03,735 Current Learning Rate: 0.0003817505
2025-05-14 18:13:03,736 Train Loss: 0.1107342, Val Loss: 0.0249937
2025-05-14 18:13:03,736 Epoch 289/500
2025-05-14 18:13:41,247 Current Learning Rate: 0.0003787004
2025-05-14 18:13:41,248 Train Loss: 0.1104074, Val Loss: 0.0249593
2025-05-14 18:13:41,248 Epoch 290/500
2025-05-14 18:14:18,360 Current Learning Rate: 0.0003756551
2025-05-14 18:14:18,360 Train Loss: 0.1102223, Val Loss: 0.0249545
2025-05-14 18:14:18,360 Epoch 291/500
2025-05-14 18:14:55,788 Current Learning Rate: 0.0003726146
2025-05-14 18:14:55,789 Train Loss: 0.1101639, Val Loss: 0.0249194
2025-05-14 18:14:55,789 Epoch 292/500
2025-05-14 18:15:32,568 Current Learning Rate: 0.0003695792
2025-05-14 18:15:32,577 Train Loss: 0.1103333, Val Loss: 0.0248837
2025-05-14 18:15:32,577 Epoch 293/500
2025-05-14 18:16:09,772 Current Learning Rate: 0.0003665490
2025-05-14 18:16:09,772 Train Loss: 0.1100885, Val Loss: 0.0249195
2025-05-14 18:16:09,772 Epoch 294/500
2025-05-14 18:16:46,941 Current Learning Rate: 0.0003635240
2025-05-14 18:16:46,952 Train Loss: 0.1101470, Val Loss: 0.0248548
2025-05-14 18:16:46,952 Epoch 295/500
2025-05-14 18:17:24,517 Current Learning Rate: 0.0003605044
2025-05-14 18:17:24,518 Train Loss: 0.1098351, Val Loss: 0.0249394
2025-05-14 18:17:24,518 Epoch 296/500
2025-05-14 18:18:01,018 Current Learning Rate: 0.0003574904
2025-05-14 18:18:01,018 Train Loss: 0.1099874, Val Loss: 0.0248930
2025-05-14 18:18:01,019 Epoch 297/500
2025-05-14 18:18:38,347 Current Learning Rate: 0.0003544819
2025-05-14 18:18:38,347 Train Loss: 0.1100804, Val Loss: 0.0249485
2025-05-14 18:18:38,347 Epoch 298/500
2025-05-14 18:19:15,520 Current Learning Rate: 0.0003514792
2025-05-14 18:19:15,521 Train Loss: 0.1099483, Val Loss: 0.0248614
2025-05-14 18:19:15,521 Epoch 299/500
2025-05-14 18:19:52,361 Current Learning Rate: 0.0003484824
2025-05-14 18:19:52,362 Train Loss: 0.1097489, Val Loss: 0.0248880
2025-05-14 18:19:52,362 Epoch 300/500
2025-05-14 18:20:29,504 Current Learning Rate: 0.0003454915
2025-05-14 18:20:29,530 Saved periodic model at epoch 300 to /jizhicfs/easyluwu/ocean_project/NeurIPS_2025_wuhao/checkpoints/KNO_0512_LiNS2d_epoch_300.pth
2025-05-14 18:20:29,530 Train Loss: 0.1098633, Val Loss: 0.0248336
2025-05-14 18:20:29,530 Epoch 301/500
2025-05-14 18:21:06,452 Current Learning Rate: 0.0003425067
2025-05-14 18:21:06,453 Train Loss: 0.1096957, Val Loss: 0.0248870
2025-05-14 18:21:06,453 Epoch 302/500
2025-05-14 18:21:43,024 Current Learning Rate: 0.0003395282
2025-05-14 18:21:43,024 Train Loss: 0.1098110, Val Loss: 0.0249632
2025-05-14 18:21:43,024 Epoch 303/500
2025-05-14 18:22:19,976 Current Learning Rate: 0.0003365560
2025-05-14 18:22:19,977 Train Loss: 0.1099036, Val Loss: 0.0248870
2025-05-14 18:22:19,977 Epoch 304/500
2025-05-14 18:22:57,077 Current Learning Rate: 0.0003335902
2025-05-14 18:22:57,086 Train Loss: 0.1095817, Val Loss: 0.0248201
2025-05-14 18:22:57,086 Epoch 305/500
2025-05-14 18:23:33,929 Current Learning Rate: 0.0003306310
2025-05-14 18:23:33,930 Train Loss: 0.1096416, Val Loss: 0.0248220
2025-05-14 18:23:33,930 Epoch 306/500
2025-05-14 18:24:11,075 Current Learning Rate: 0.0003276785
2025-05-14 18:24:11,085 Train Loss: 0.1094817, Val Loss: 0.0247953
2025-05-14 18:24:11,085 Epoch 307/500
2025-05-14 18:24:47,972 Current Learning Rate: 0.0003247328
2025-05-14 18:24:47,981 Train Loss: 0.1093196, Val Loss: 0.0247532
2025-05-14 18:24:47,981 Epoch 308/500
2025-05-14 18:25:24,807 Current Learning Rate: 0.0003217941
2025-05-14 18:25:24,817 Train Loss: 0.1093017, Val Loss: 0.0247291
2025-05-14 18:25:24,818 Epoch 309/500
2025-05-14 18:26:01,404 Current Learning Rate: 0.0003188623
2025-05-14 18:26:01,405 Train Loss: 0.1095355, Val Loss: 0.0247937
2025-05-14 18:26:01,405 Epoch 310/500
2025-05-14 18:26:38,465 Current Learning Rate: 0.0003159377
2025-05-14 18:26:38,465 Train Loss: 0.1094155, Val Loss: 0.0247691
2025-05-14 18:26:38,466 Epoch 311/500
2025-05-14 18:27:15,628 Current Learning Rate: 0.0003130204
2025-05-14 18:27:15,629 Train Loss: 0.1092763, Val Loss: 0.0247526
2025-05-14 18:27:15,629 Epoch 312/500
2025-05-14 18:27:52,221 Current Learning Rate: 0.0003101105
2025-05-14 18:27:52,222 Train Loss: 0.1093516, Val Loss: 0.0248112
2025-05-14 18:27:52,222 Epoch 313/500
2025-05-14 18:28:29,228 Current Learning Rate: 0.0003072080
2025-05-14 18:28:29,236 Train Loss: 0.1092740, Val Loss: 0.0246869
2025-05-14 18:28:29,236 Epoch 314/500
2025-05-14 18:29:06,381 Current Learning Rate: 0.0003043132
2025-05-14 18:29:06,381 Train Loss: 0.1091465, Val Loss: 0.0247245
2025-05-14 18:29:06,381 Epoch 315/500
2025-05-14 18:29:43,216 Current Learning Rate: 0.0003014261
2025-05-14 18:29:43,216 Train Loss: 0.1090219, Val Loss: 0.0247295
2025-05-14 18:29:43,216 Epoch 316/500
2025-05-14 18:30:20,814 Current Learning Rate: 0.0002985468
2025-05-14 18:30:20,815 Train Loss: 0.1091100, Val Loss: 0.0247183
2025-05-14 18:30:20,815 Epoch 317/500
2025-05-14 18:30:57,481 Current Learning Rate: 0.0002956755
2025-05-14 18:30:57,482 Train Loss: 0.1089613, Val Loss: 0.0247627
2025-05-14 18:30:57,482 Epoch 318/500
2025-05-14 18:31:34,362 Current Learning Rate: 0.0002928122
2025-05-14 18:31:34,363 Train Loss: 0.1091978, Val Loss: 0.0247500
2025-05-14 18:31:34,363 Epoch 319/500
2025-05-14 18:32:11,402 Current Learning Rate: 0.0002899571
2025-05-14 18:32:11,402 Train Loss: 0.1089961, Val Loss: 0.0247521
2025-05-14 18:32:11,402 Epoch 320/500
2025-05-14 18:32:48,856 Current Learning Rate: 0.0002871104
2025-05-14 18:32:48,865 Train Loss: 0.1090275, Val Loss: 0.0246330
2025-05-14 18:32:48,865 Epoch 321/500
2025-05-14 18:33:25,778 Current Learning Rate: 0.0002842720
2025-05-14 18:33:25,779 Train Loss: 0.1089847, Val Loss: 0.0246706
2025-05-14 18:33:25,779 Epoch 322/500
2025-05-14 18:34:03,175 Current Learning Rate: 0.0002814421
2025-05-14 18:34:03,175 Train Loss: 0.1088197, Val Loss: 0.0247060
2025-05-14 18:34:03,175 Epoch 323/500
2025-05-14 18:34:40,376 Current Learning Rate: 0.0002786209
2025-05-14 18:34:40,377 Train Loss: 0.1088700, Val Loss: 0.0246469
2025-05-14 18:34:40,377 Epoch 324/500
2025-05-14 18:35:17,265 Current Learning Rate: 0.0002758084
2025-05-14 18:35:17,266 Train Loss: 0.1090778, Val Loss: 0.0247479
2025-05-14 18:35:17,266 Epoch 325/500
2025-05-14 18:35:54,205 Current Learning Rate: 0.0002730048
2025-05-14 18:35:54,245 Train Loss: 0.1087595, Val Loss: 0.0246302
2025-05-14 18:35:54,246 Epoch 326/500
2025-05-14 18:36:30,566 Current Learning Rate: 0.0002702101
2025-05-14 18:36:30,576 Train Loss: 0.1084923, Val Loss: 0.0246146
2025-05-14 18:36:30,576 Epoch 327/500
2025-05-14 18:37:08,012 Current Learning Rate: 0.0002674245
2025-05-14 18:37:08,012 Train Loss: 0.1085448, Val Loss: 0.0246605
2025-05-14 18:37:08,012 Epoch 328/500
2025-05-14 18:37:44,364 Current Learning Rate: 0.0002646480
2025-05-14 18:37:44,365 Train Loss: 0.1085249, Val Loss: 0.0246459
2025-05-14 18:37:44,365 Epoch 329/500
2025-05-14 18:38:21,567 Current Learning Rate: 0.0002618809
2025-05-14 18:38:21,568 Train Loss: 0.1085228, Val Loss: 0.0246495
2025-05-14 18:38:21,568 Epoch 330/500
2025-05-14 18:38:58,068 Current Learning Rate: 0.0002591232
2025-05-14 18:38:58,069 Train Loss: 0.1086429, Val Loss: 0.0246585
2025-05-14 18:38:58,069 Epoch 331/500
2025-05-14 18:39:35,006 Current Learning Rate: 0.0002563749
2025-05-14 18:39:35,006 Train Loss: 0.1085073, Val Loss: 0.0246657
2025-05-14 18:39:35,006 Epoch 332/500
2025-05-14 18:40:12,329 Current Learning Rate: 0.0002536363
2025-05-14 18:40:12,329 Train Loss: 0.1084448, Val Loss: 0.0246492
2025-05-14 18:40:12,329 Epoch 333/500
2025-05-14 18:40:49,547 Current Learning Rate: 0.0002509074
2025-05-14 18:40:49,556 Train Loss: 0.1084720, Val Loss: 0.0245821
2025-05-14 18:40:49,557 Epoch 334/500
2025-05-14 18:41:26,286 Current Learning Rate: 0.0002481884
2025-05-14 18:41:26,286 Train Loss: 0.1082530, Val Loss: 0.0245859
2025-05-14 18:41:26,287 Epoch 335/500
2025-05-14 18:42:03,191 Current Learning Rate: 0.0002454793
2025-05-14 18:42:03,206 Train Loss: 0.1082241, Val Loss: 0.0245605
2025-05-14 18:42:03,206 Epoch 336/500
2025-05-14 18:42:40,316 Current Learning Rate: 0.0002427802
2025-05-14 18:42:40,329 Train Loss: 0.1081623, Val Loss: 0.0245533
2025-05-14 18:42:40,329 Epoch 337/500
2025-05-14 18:43:16,898 Current Learning Rate: 0.0002400913
2025-05-14 18:43:16,898 Train Loss: 0.1081726, Val Loss: 0.0245586
2025-05-14 18:43:16,898 Epoch 338/500
2025-05-14 18:43:54,373 Current Learning Rate: 0.0002374127
2025-05-14 18:43:54,373 Train Loss: 0.1081240, Val Loss: 0.0245700
2025-05-14 18:43:54,373 Epoch 339/500
2025-05-14 18:44:31,034 Current Learning Rate: 0.0002347444
2025-05-14 18:44:31,035 Train Loss: 0.1080612, Val Loss: 0.0245565
2025-05-14 18:44:31,035 Epoch 340/500
2025-05-14 18:45:08,067 Current Learning Rate: 0.0002320866
2025-05-14 18:45:08,077 Train Loss: 0.1081034, Val Loss: 0.0245327
2025-05-14 18:45:08,077 Epoch 341/500
2025-05-14 18:45:45,162 Current Learning Rate: 0.0002294394
2025-05-14 18:45:45,162 Train Loss: 0.1081704, Val Loss: 0.0245385
2025-05-14 18:45:45,162 Epoch 342/500
2025-05-14 18:46:22,096 Current Learning Rate: 0.0002268028
2025-05-14 18:46:22,105 Train Loss: 0.1081023, Val Loss: 0.0244998
2025-05-14 18:46:22,105 Epoch 343/500
2025-05-14 18:46:59,268 Current Learning Rate: 0.0002241771
2025-05-14 18:46:59,278 Train Loss: 0.1079771, Val Loss: 0.0244944
2025-05-14 18:46:59,278 Epoch 344/500
2025-05-14 18:47:35,793 Current Learning Rate: 0.0002215622
2025-05-14 18:47:35,793 Train Loss: 0.1079202, Val Loss: 0.0245222
2025-05-14 18:47:35,794 Epoch 345/500
2025-05-14 18:48:12,640 Current Learning Rate: 0.0002189583
2025-05-14 18:48:12,640 Train Loss: 0.1079139, Val Loss: 0.0245490
2025-05-14 18:48:12,640 Epoch 346/500
2025-05-14 18:48:49,561 Current Learning Rate: 0.0002163655
2025-05-14 18:48:49,561 Train Loss: 0.1078781, Val Loss: 0.0245138
2025-05-14 18:48:49,561 Epoch 347/500
2025-05-14 18:49:26,156 Current Learning Rate: 0.0002137839
2025-05-14 18:49:26,164 Train Loss: 0.1078511, Val Loss: 0.0244895
2025-05-14 18:49:26,164 Epoch 348/500
2025-05-14 18:50:03,172 Current Learning Rate: 0.0002112136
2025-05-14 18:50:03,183 Train Loss: 0.1077997, Val Loss: 0.0244540
2025-05-14 18:50:03,183 Epoch 349/500
2025-05-14 18:50:40,615 Current Learning Rate: 0.0002086548
2025-05-14 18:50:40,615 Train Loss: 0.1077654, Val Loss: 0.0245179
2025-05-14 18:50:40,615 Epoch 350/500
2025-05-14 18:51:17,350 Current Learning Rate: 0.0002061074
2025-05-14 18:51:17,360 Saved periodic model at epoch 350 to /jizhicfs/easyluwu/ocean_project/NeurIPS_2025_wuhao/checkpoints/KNO_0512_LiNS2d_epoch_350.pth
2025-05-14 18:51:17,360 Train Loss: 0.1077713, Val Loss: 0.0245047
2025-05-14 18:51:17,360 Epoch 351/500
2025-05-14 18:51:54,371 Current Learning Rate: 0.0002035716
2025-05-14 18:51:54,371 Train Loss: 0.1077710, Val Loss: 0.0245330
2025-05-14 18:51:54,372 Epoch 352/500
2025-05-14 18:52:31,262 Current Learning Rate: 0.0002010475
2025-05-14 18:52:31,273 Train Loss: 0.1078019, Val Loss: 0.0244222
2025-05-14 18:52:31,273 Epoch 353/500
2025-05-14 18:53:07,841 Current Learning Rate: 0.0001985352
2025-05-14 18:53:07,841 Train Loss: 0.1075708, Val Loss: 0.0244993
2025-05-14 18:53:07,842 Epoch 354/500
2025-05-14 18:53:45,082 Current Learning Rate: 0.0001960349
2025-05-14 18:53:45,082 Train Loss: 0.1076310, Val Loss: 0.0244608
2025-05-14 18:53:45,083 Epoch 355/500
2025-05-14 18:54:21,849 Current Learning Rate: 0.0001935465
2025-05-14 18:54:21,849 Train Loss: 0.1075972, Val Loss: 0.0244548
2025-05-14 18:54:21,850 Epoch 356/500
2025-05-14 18:54:58,402 Current Learning Rate: 0.0001910702
2025-05-14 18:54:58,402 Train Loss: 0.1075587, Val Loss: 0.0244468
2025-05-14 18:54:58,402 Epoch 357/500
2025-05-14 18:55:35,373 Current Learning Rate: 0.0001886061
2025-05-14 18:55:35,374 Train Loss: 0.1074527, Val Loss: 0.0244694
2025-05-14 18:55:35,374 Epoch 358/500
2025-05-14 18:56:12,103 Current Learning Rate: 0.0001861543
2025-05-14 18:56:12,132 Train Loss: 0.1074276, Val Loss: 0.0244150
2025-05-14 18:56:12,133 Epoch 359/500
2025-05-14 18:56:49,459 Current Learning Rate: 0.0001837149
2025-05-14 18:56:49,459 Train Loss: 0.1074011, Val Loss: 0.0244350
2025-05-14 18:56:49,459 Epoch 360/500
2025-05-14 18:57:26,181 Current Learning Rate: 0.0001812880
2025-05-14 18:57:26,192 Train Loss: 0.1073795, Val Loss: 0.0243955
2025-05-14 18:57:26,192 Epoch 361/500
2025-05-14 18:58:03,700 Current Learning Rate: 0.0001788737
2025-05-14 18:58:03,701 Train Loss: 0.1072921, Val Loss: 0.0243995
2025-05-14 18:58:03,701 Epoch 362/500
2025-05-14 18:58:40,357 Current Learning Rate: 0.0001764720
2025-05-14 18:58:40,366 Train Loss: 0.1072454, Val Loss: 0.0243818
2025-05-14 18:58:40,367 Epoch 363/500
2025-05-14 18:59:17,357 Current Learning Rate: 0.0001740831
2025-05-14 18:59:17,357 Train Loss: 0.1072126, Val Loss: 0.0243834
2025-05-14 18:59:17,357 Epoch 364/500
2025-05-14 18:59:54,091 Current Learning Rate: 0.0001717071
2025-05-14 18:59:54,092 Train Loss: 0.1071919, Val Loss: 0.0244224
2025-05-14 18:59:54,092 Epoch 365/500
2025-05-14 19:00:31,443 Current Learning Rate: 0.0001693441
2025-05-14 19:00:31,443 Train Loss: 0.1072134, Val Loss: 0.0244019
2025-05-14 19:00:31,443 Epoch 366/500
2025-05-14 19:01:08,453 Current Learning Rate: 0.0001669941
2025-05-14 19:01:08,480 Train Loss: 0.1071780, Val Loss: 0.0243630
2025-05-14 19:01:08,480 Epoch 367/500
2025-05-14 19:01:45,173 Current Learning Rate: 0.0001646572
2025-05-14 19:01:45,174 Train Loss: 0.1071476, Val Loss: 0.0243708
2025-05-14 19:01:45,174 Epoch 368/500
2025-05-14 19:02:22,363 Current Learning Rate: 0.0001623336
2025-05-14 19:02:22,372 Train Loss: 0.1070905, Val Loss: 0.0243624
2025-05-14 19:02:22,372 Epoch 369/500
2025-05-14 19:02:58,929 Current Learning Rate: 0.0001600233
2025-05-14 19:02:58,942 Train Loss: 0.1070425, Val Loss: 0.0243437
2025-05-14 19:02:58,943 Epoch 370/500
2025-05-14 19:03:36,308 Current Learning Rate: 0.0001577264
2025-05-14 19:03:36,308 Train Loss: 0.1070115, Val Loss: 0.0243914
2025-05-14 19:03:36,309 Epoch 371/500
2025-05-14 19:04:13,458 Current Learning Rate: 0.0001554431
2025-05-14 19:04:13,467 Train Loss: 0.1070661, Val Loss: 0.0243397
2025-05-14 19:04:13,467 Epoch 372/500
2025-05-14 19:04:50,452 Current Learning Rate: 0.0001531733
2025-05-14 19:04:50,452 Train Loss: 0.1070540, Val Loss: 0.0243513
2025-05-14 19:04:50,452 Epoch 373/500
2025-05-14 19:05:27,144 Current Learning Rate: 0.0001509173
2025-05-14 19:05:27,144 Train Loss: 0.1069366, Val Loss: 0.0243542
2025-05-14 19:05:27,144 Epoch 374/500
2025-05-14 19:06:04,526 Current Learning Rate: 0.0001486750
2025-05-14 19:06:04,535 Train Loss: 0.1069552, Val Loss: 0.0243327
2025-05-14 19:06:04,536 Epoch 375/500
2025-05-14 19:06:41,786 Current Learning Rate: 0.0001464466
2025-05-14 19:06:41,797 Train Loss: 0.1068650, Val Loss: 0.0243256
2025-05-14 19:06:41,798 Epoch 376/500
2025-05-14 19:07:19,111 Current Learning Rate: 0.0001442322
2025-05-14 19:07:19,119 Train Loss: 0.1068192, Val Loss: 0.0243212
2025-05-14 19:07:19,119 Epoch 377/500
2025-05-14 19:07:56,128 Current Learning Rate: 0.0001420318
2025-05-14 19:07:56,128 Train Loss: 0.1067824, Val Loss: 0.0243362
2025-05-14 19:07:56,128 Epoch 378/500
2025-05-14 19:08:33,266 Current Learning Rate: 0.0001398455
2025-05-14 19:08:33,266 Train Loss: 0.1067957, Val Loss: 0.0243444
2025-05-14 19:08:33,266 Epoch 379/500
2025-05-14 19:09:10,339 Current Learning Rate: 0.0001376734
2025-05-14 19:09:10,348 Train Loss: 0.1067833, Val Loss: 0.0243118
2025-05-14 19:09:10,348 Epoch 380/500
2025-05-14 19:09:47,093 Current Learning Rate: 0.0001355157
2025-05-14 19:09:47,093 Train Loss: 0.1067234, Val Loss: 0.0243336
2025-05-14 19:09:47,094 Epoch 381/500
2025-05-14 19:10:24,674 Current Learning Rate: 0.0001333723
2025-05-14 19:10:24,683 Train Loss: 0.1066972, Val Loss: 0.0242778
2025-05-14 19:10:24,683 Epoch 382/500
2025-05-14 19:11:01,502 Current Learning Rate: 0.0001312434
2025-05-14 19:11:01,502 Train Loss: 0.1066254, Val Loss: 0.0242892
2025-05-14 19:11:01,502 Epoch 383/500
2025-05-14 19:11:38,696 Current Learning Rate: 0.0001291291
2025-05-14 19:11:38,696 Train Loss: 0.1066397, Val Loss: 0.0243009
2025-05-14 19:11:38,697 Epoch 384/500
2025-05-14 19:12:15,656 Current Learning Rate: 0.0001270294
2025-05-14 19:12:15,656 Train Loss: 0.1066506, Val Loss: 0.0243119
2025-05-14 19:12:15,656 Epoch 385/500
2025-05-14 19:12:52,314 Current Learning Rate: 0.0001249445
2025-05-14 19:12:52,314 Train Loss: 0.1066026, Val Loss: 0.0242827
2025-05-14 19:12:52,314 Epoch 386/500
2025-05-14 19:13:29,223 Current Learning Rate: 0.0001228743
2025-05-14 19:13:29,223 Train Loss: 0.1065517, Val Loss: 0.0243002
2025-05-14 19:13:29,223 Epoch 387/500
2025-05-14 19:14:06,460 Current Learning Rate: 0.0001208190
2025-05-14 19:14:06,461 Train Loss: 0.1065664, Val Loss: 0.0243072
2025-05-14 19:14:06,461 Epoch 388/500
2025-05-14 19:14:43,038 Current Learning Rate: 0.0001187787
2025-05-14 19:14:43,051 Train Loss: 0.1065032, Val Loss: 0.0242713
2025-05-14 19:14:43,051 Epoch 389/500
2025-05-14 19:15:19,959 Current Learning Rate: 0.0001167535
2025-05-14 19:15:19,968 Train Loss: 0.1064549, Val Loss: 0.0242702
2025-05-14 19:15:19,968 Epoch 390/500
2025-05-14 19:15:56,828 Current Learning Rate: 0.0001147434
2025-05-14 19:15:56,838 Train Loss: 0.1064659, Val Loss: 0.0242660
2025-05-14 19:15:56,838 Epoch 391/500
2025-05-14 19:16:33,351 Current Learning Rate: 0.0001127485
2025-05-14 19:16:33,361 Train Loss: 0.1064499, Val Loss: 0.0242330
2025-05-14 19:16:33,361 Epoch 392/500
2025-05-14 19:17:10,348 Current Learning Rate: 0.0001107688
2025-05-14 19:17:10,348 Train Loss: 0.1064006, Val Loss: 0.0242621
2025-05-14 19:17:10,349 Epoch 393/500
2025-05-14 19:17:48,029 Current Learning Rate: 0.0001088046
2025-05-14 19:17:48,029 Train Loss: 0.1063478, Val Loss: 0.0242545
2025-05-14 19:17:48,030 Epoch 394/500
2025-05-14 19:18:24,827 Current Learning Rate: 0.0001068558
2025-05-14 19:18:24,828 Train Loss: 0.1063587, Val Loss: 0.0242564
2025-05-14 19:18:24,828 Epoch 395/500
2025-05-14 19:19:01,850 Current Learning Rate: 0.0001049225
2025-05-14 19:19:02,666 Train Loss: 0.1063086, Val Loss: 0.0242221
2025-05-14 19:19:02,666 Epoch 396/500
2025-05-14 19:19:39,766 Current Learning Rate: 0.0001030048
2025-05-14 19:19:39,767 Train Loss: 0.1062609, Val Loss: 0.0242447
2025-05-14 19:19:39,767 Epoch 397/500
2025-05-14 19:20:16,874 Current Learning Rate: 0.0001011028
2025-05-14 19:20:16,874 Train Loss: 0.1062566, Val Loss: 0.0242385
2025-05-14 19:20:16,874 Epoch 398/500
2025-05-14 19:20:54,062 Current Learning Rate: 0.0000992165
2025-05-14 19:20:54,063 Train Loss: 0.1062259, Val Loss: 0.0242548
2025-05-14 19:20:54,063 Epoch 399/500
2025-05-14 19:21:31,261 Current Learning Rate: 0.0000973461
2025-05-14 19:21:31,270 Train Loss: 0.1062105, Val Loss: 0.0242058
2025-05-14 19:21:31,270 Epoch 400/500
2025-05-14 19:22:08,789 Current Learning Rate: 0.0000954915
2025-05-14 19:22:08,807 Saved periodic model at epoch 400 to /jizhicfs/easyluwu/ocean_project/NeurIPS_2025_wuhao/checkpoints/KNO_0512_LiNS2d_epoch_400.pth
2025-05-14 19:22:08,807 Train Loss: 0.1061941, Val Loss: 0.0242140
2025-05-14 19:22:08,807 Epoch 401/500
2025-05-14 19:22:45,470 Current Learning Rate: 0.0000936529
2025-05-14 19:22:45,479 Train Loss: 0.1061287, Val Loss: 0.0242037
2025-05-14 19:22:45,479 Epoch 402/500
2025-05-14 19:23:22,584 Current Learning Rate: 0.0000918304
2025-05-14 19:23:22,584 Train Loss: 0.1061456, Val Loss: 0.0242064
2025-05-14 19:23:22,584 Epoch 403/500
2025-05-14 19:23:59,162 Current Learning Rate: 0.0000900239
2025-05-14 19:23:59,162 Train Loss: 0.1060792, Val Loss: 0.0242070
2025-05-14 19:23:59,162 Epoch 404/500
2025-05-14 19:24:36,540 Current Learning Rate: 0.0000882337
2025-05-14 19:24:36,540 Train Loss: 0.1061190, Val Loss: 0.0242038
2025-05-14 19:24:36,540 Epoch 405/500
2025-05-14 19:25:13,219 Current Learning Rate: 0.0000864597
2025-05-14 19:25:13,233 Train Loss: 0.1060622, Val Loss: 0.0241764
2025-05-14 19:25:13,233 Epoch 406/500
2025-05-14 19:25:50,423 Current Learning Rate: 0.0000847021
2025-05-14 19:25:50,423 Train Loss: 0.1060706, Val Loss: 0.0241972
2025-05-14 19:25:50,424 Epoch 407/500
2025-05-14 19:26:26,681 Current Learning Rate: 0.0000829608
2025-05-14 19:26:26,682 Train Loss: 0.1060403, Val Loss: 0.0241946
2025-05-14 19:26:26,682 Epoch 408/500
2025-05-14 19:27:03,893 Current Learning Rate: 0.0000812360
2025-05-14 19:27:03,894 Train Loss: 0.1059957, Val Loss: 0.0242107
2025-05-14 19:27:03,894 Epoch 409/500
2025-05-14 19:27:41,118 Current Learning Rate: 0.0000795277
2025-05-14 19:27:41,128 Train Loss: 0.1059783, Val Loss: 0.0241722
2025-05-14 19:27:41,128 Epoch 410/500
2025-05-14 19:28:17,776 Current Learning Rate: 0.0000778360
2025-05-14 19:28:17,776 Train Loss: 0.1059443, Val Loss: 0.0241840
2025-05-14 19:28:17,776 Epoch 411/500
2025-05-14 19:28:54,806 Current Learning Rate: 0.0000761610
2025-05-14 19:28:54,806 Train Loss: 0.1059443, Val Loss: 0.0241872
2025-05-14 19:28:54,806 Epoch 412/500
2025-05-14 19:29:31,470 Current Learning Rate: 0.0000745028
2025-05-14 19:29:31,479 Train Loss: 0.1059319, Val Loss: 0.0241566
2025-05-14 19:29:31,479 Epoch 413/500
2025-05-14 19:30:08,616 Current Learning Rate: 0.0000728613
2025-05-14 19:30:08,617 Train Loss: 0.1058667, Val Loss: 0.0241954
2025-05-14 19:30:08,617 Epoch 414/500
2025-05-14 19:30:45,259 Current Learning Rate: 0.0000712367
2025-05-14 19:30:45,259 Train Loss: 0.1059012, Val Loss: 0.0241775
2025-05-14 19:30:45,260 Epoch 415/500
2025-05-14 19:31:23,019 Current Learning Rate: 0.0000696290
2025-05-14 19:31:23,019 Train Loss: 0.1058454, Val Loss: 0.0241693
2025-05-14 19:31:23,019 Epoch 416/500
2025-05-14 19:31:59,858 Current Learning Rate: 0.0000680383
2025-05-14 19:31:59,868 Train Loss: 0.1058196, Val Loss: 0.0241420
2025-05-14 19:31:59,868 Epoch 417/500
2025-05-14 19:32:37,002 Current Learning Rate: 0.0000664646
2025-05-14 19:32:37,003 Train Loss: 0.1057907, Val Loss: 0.0241451
2025-05-14 19:32:37,003 Epoch 418/500
2025-05-14 19:33:14,085 Current Learning Rate: 0.0000649081
2025-05-14 19:33:14,086 Train Loss: 0.1057846, Val Loss: 0.0241629
2025-05-14 19:33:14,086 Epoch 419/500
2025-05-14 19:33:51,145 Current Learning Rate: 0.0000633688
2025-05-14 19:33:51,145 Train Loss: 0.1057810, Val Loss: 0.0241543
2025-05-14 19:33:51,146 Epoch 420/500
2025-05-14 19:34:28,267 Current Learning Rate: 0.0000618467
2025-05-14 19:34:28,267 Train Loss: 0.1057443, Val Loss: 0.0241624
2025-05-14 19:34:28,267 Epoch 421/500
2025-05-14 19:35:05,514 Current Learning Rate: 0.0000603418
2025-05-14 19:35:05,524 Train Loss: 0.1057408, Val Loss: 0.0241303
2025-05-14 19:35:05,524 Epoch 422/500
2025-05-14 19:35:42,649 Current Learning Rate: 0.0000588544
2025-05-14 19:35:42,649 Train Loss: 0.1057284, Val Loss: 0.0241392
2025-05-14 19:35:42,650 Epoch 423/500
2025-05-14 19:36:19,174 Current Learning Rate: 0.0000573843
2025-05-14 19:36:19,175 Train Loss: 0.1056769, Val Loss: 0.0241353
2025-05-14 19:36:19,175 Epoch 424/500
2025-05-14 19:36:56,241 Current Learning Rate: 0.0000559318
2025-05-14 19:36:56,241 Train Loss: 0.1056749, Val Loss: 0.0241456
2025-05-14 19:36:56,242 Epoch 425/500
2025-05-14 19:37:33,326 Current Learning Rate: 0.0000544967
2025-05-14 19:37:33,327 Train Loss: 0.1056407, Val Loss: 0.0241573
2025-05-14 19:37:33,327 Epoch 426/500
2025-05-14 19:38:10,636 Current Learning Rate: 0.0000530793
2025-05-14 19:38:10,636 Train Loss: 0.1056593, Val Loss: 0.0241552
2025-05-14 19:38:10,636 Epoch 427/500
2025-05-14 19:38:47,775 Current Learning Rate: 0.0000516795
2025-05-14 19:38:47,776 Train Loss: 0.1056268, Val Loss: 0.0241431
2025-05-14 19:38:47,776 Epoch 428/500
2025-05-14 19:39:25,047 Current Learning Rate: 0.0000502974
2025-05-14 19:39:25,056 Train Loss: 0.1056106, Val Loss: 0.0241155
2025-05-14 19:39:25,056 Epoch 429/500
2025-05-14 19:40:02,339 Current Learning Rate: 0.0000489330
2025-05-14 19:40:02,339 Train Loss: 0.1055875, Val Loss: 0.0241248
2025-05-14 19:40:02,339 Epoch 430/500
2025-05-14 19:40:39,323 Current Learning Rate: 0.0000475865
2025-05-14 19:40:39,324 Train Loss: 0.1055613, Val Loss: 0.0241284
2025-05-14 19:40:39,324 Epoch 431/500
2025-05-14 19:41:16,363 Current Learning Rate: 0.0000462578
2025-05-14 19:41:16,372 Train Loss: 0.1055367, Val Loss: 0.0241081
2025-05-14 19:41:16,372 Epoch 432/500
2025-05-14 19:41:53,556 Current Learning Rate: 0.0000449470
2025-05-14 19:41:53,557 Train Loss: 0.1055398, Val Loss: 0.0241274
2025-05-14 19:41:53,557 Epoch 433/500
2025-05-14 19:42:30,375 Current Learning Rate: 0.0000436542
2025-05-14 19:42:30,375 Train Loss: 0.1055013, Val Loss: 0.0241121
2025-05-14 19:42:30,376 Epoch 434/500
2025-05-14 19:43:07,136 Current Learning Rate: 0.0000423794
2025-05-14 19:43:07,145 Train Loss: 0.1054976, Val Loss: 0.0241068
2025-05-14 19:43:07,145 Epoch 435/500
2025-05-14 19:43:44,047 Current Learning Rate: 0.0000411227
2025-05-14 19:43:44,061 Train Loss: 0.1054731, Val Loss: 0.0240999
2025-05-14 19:43:44,062 Epoch 436/500
2025-05-14 19:44:21,021 Current Learning Rate: 0.0000398841
2025-05-14 19:44:21,028 Train Loss: 0.1054441, Val Loss: 0.0240990
2025-05-14 19:44:21,028 Epoch 437/500
2025-05-14 19:44:57,983 Current Learning Rate: 0.0000386636
2025-05-14 19:44:57,984 Train Loss: 0.1054308, Val Loss: 0.0241078
2025-05-14 19:44:57,984 Epoch 438/500
2025-05-14 19:45:35,121 Current Learning Rate: 0.0000374614
2025-05-14 19:45:35,121 Train Loss: 0.1054279, Val Loss: 0.0241015
2025-05-14 19:45:35,122 Epoch 439/500
2025-05-14 19:46:11,264 Current Learning Rate: 0.0000362774
2025-05-14 19:46:11,264 Train Loss: 0.1054198, Val Loss: 0.0241020
2025-05-14 19:46:11,264 Epoch 440/500
2025-05-14 19:46:48,391 Current Learning Rate: 0.0000351118
2025-05-14 19:46:48,400 Train Loss: 0.1054020, Val Loss: 0.0240968
2025-05-14 19:46:48,400 Epoch 441/500
2025-05-14 19:47:25,221 Current Learning Rate: 0.0000339644
2025-05-14 19:47:25,221 Train Loss: 0.1053824, Val Loss: 0.0241065
2025-05-14 19:47:25,221 Epoch 442/500
2025-05-14 19:48:02,085 Current Learning Rate: 0.0000328355
2025-05-14 19:48:02,085 Train Loss: 0.1053766, Val Loss: 0.0241010
2025-05-14 19:48:02,085 Epoch 443/500
2025-05-14 19:48:39,345 Current Learning Rate: 0.0000317251
2025-05-14 19:48:39,346 Train Loss: 0.1053498, Val Loss: 0.0241032
2025-05-14 19:48:39,346 Epoch 444/500
2025-05-14 19:49:16,021 Current Learning Rate: 0.0000306331
2025-05-14 19:49:16,031 Train Loss: 0.1053345, Val Loss: 0.0240868
2025-05-14 19:49:16,031 Epoch 445/500
2025-05-14 19:49:53,014 Current Learning Rate: 0.0000295596
2025-05-14 19:49:53,026 Train Loss: 0.1053277, Val Loss: 0.0240850
2025-05-14 19:49:53,026 Epoch 446/500
2025-05-14 19:50:28,820 Current Learning Rate: 0.0000285047
2025-05-14 19:50:28,821 Train Loss: 0.1053077, Val Loss: 0.0240893
2025-05-14 19:50:28,821 Epoch 447/500
2025-05-14 19:51:06,094 Current Learning Rate: 0.0000274685
2025-05-14 19:51:06,094 Train Loss: 0.1053119, Val Loss: 0.0240964
2025-05-14 19:51:06,094 Epoch 448/500
2025-05-14 19:51:42,919 Current Learning Rate: 0.0000264508
2025-05-14 19:51:42,928 Train Loss: 0.1052980, Val Loss: 0.0240846
2025-05-14 19:51:42,928 Epoch 449/500
2025-05-14 19:52:20,083 Current Learning Rate: 0.0000254519
2025-05-14 19:52:20,091 Train Loss: 0.1052830, Val Loss: 0.0240845
2025-05-14 19:52:20,092 Epoch 450/500
2025-05-14 19:52:56,590 Current Learning Rate: 0.0000244717
2025-05-14 19:52:56,610 Saved periodic model at epoch 450 to /jizhicfs/easyluwu/ocean_project/NeurIPS_2025_wuhao/checkpoints/KNO_0512_LiNS2d_epoch_450.pth
2025-05-14 19:52:56,610 Train Loss: 0.1052655, Val Loss: 0.0240736
2025-05-14 19:52:56,610 Epoch 451/500
2025-05-14 19:53:33,798 Current Learning Rate: 0.0000235103
2025-05-14 19:53:33,799 Train Loss: 0.1052358, Val Loss: 0.0240764
2025-05-14 19:53:33,799 Epoch 452/500
2025-05-14 19:54:10,222 Current Learning Rate: 0.0000225677
2025-05-14 19:54:10,231 Train Loss: 0.1052323, Val Loss: 0.0240697
2025-05-14 19:54:10,231 Epoch 453/500
2025-05-14 19:54:47,499 Current Learning Rate: 0.0000216440
2025-05-14 19:54:47,509 Train Loss: 0.1052285, Val Loss: 0.0240675
2025-05-14 19:54:47,509 Epoch 454/500
2025-05-14 19:55:24,695 Current Learning Rate: 0.0000207391
2025-05-14 19:55:24,695 Train Loss: 0.1052180, Val Loss: 0.0240730
2025-05-14 19:55:24,696 Epoch 455/500
2025-05-14 19:56:01,089 Current Learning Rate: 0.0000198532
2025-05-14 19:56:01,099 Train Loss: 0.1051978, Val Loss: 0.0240624
2025-05-14 19:56:01,100 Epoch 456/500
2025-05-14 19:56:38,377 Current Learning Rate: 0.0000189862
2025-05-14 19:56:38,377 Train Loss: 0.1051873, Val Loss: 0.0240663
2025-05-14 19:56:38,377 Epoch 457/500
2025-05-14 19:57:15,107 Current Learning Rate: 0.0000181382
2025-05-14 19:57:15,118 Train Loss: 0.1051883, Val Loss: 0.0240615
2025-05-14 19:57:15,119 Epoch 458/500
2025-05-14 19:57:52,308 Current Learning Rate: 0.0000173092
2025-05-14 19:57:52,309 Train Loss: 0.1051787, Val Loss: 0.0240633
2025-05-14 19:57:52,309 Epoch 459/500
2025-05-14 19:58:29,611 Current Learning Rate: 0.0000164993
2025-05-14 19:58:29,611 Train Loss: 0.1051561, Val Loss: 0.0240638
2025-05-14 19:58:29,611 Epoch 460/500
2025-05-14 19:59:07,018 Current Learning Rate: 0.0000157084
2025-05-14 19:59:07,019 Train Loss: 0.1051528, Val Loss: 0.0240688
2025-05-14 19:59:07,019 Epoch 461/500
2025-05-14 19:59:43,685 Current Learning Rate: 0.0000149367
2025-05-14 19:59:43,693 Train Loss: 0.1051484, Val Loss: 0.0240605
2025-05-14 19:59:43,694 Epoch 462/500
2025-05-14 20:00:20,748 Current Learning Rate: 0.0000141841
2025-05-14 20:00:20,756 Train Loss: 0.1051327, Val Loss: 0.0240574
2025-05-14 20:00:20,757 Epoch 463/500
2025-05-14 20:00:57,841 Current Learning Rate: 0.0000134507
2025-05-14 20:00:57,841 Train Loss: 0.1051187, Val Loss: 0.0240599
2025-05-14 20:00:57,841 Epoch 464/500
2025-05-14 20:01:34,813 Current Learning Rate: 0.0000127366
2025-05-14 20:01:34,814 Train Loss: 0.1051102, Val Loss: 0.0240615
2025-05-14 20:01:34,814 Epoch 465/500
2025-05-14 20:02:12,064 Current Learning Rate: 0.0000120416
2025-05-14 20:02:12,065 Train Loss: 0.1051023, Val Loss: 0.0240619
2025-05-14 20:02:12,065 Epoch 466/500
2025-05-14 20:02:49,040 Current Learning Rate: 0.0000113659
2025-05-14 20:02:49,040 Train Loss: 0.1050958, Val Loss: 0.0240631
2025-05-14 20:02:49,040 Epoch 467/500
2025-05-14 20:03:25,818 Current Learning Rate: 0.0000107095
2025-05-14 20:03:25,819 Train Loss: 0.1050860, Val Loss: 0.0240634
2025-05-14 20:03:25,819 Epoch 468/500
2025-05-14 20:04:02,604 Current Learning Rate: 0.0000100725
2025-05-14 20:04:02,604 Train Loss: 0.1050805, Val Loss: 0.0240595
2025-05-14 20:04:02,604 Epoch 469/500
2025-05-14 20:04:39,444 Current Learning Rate: 0.0000094547
2025-05-14 20:04:39,454 Train Loss: 0.1050756, Val Loss: 0.0240545
2025-05-14 20:04:39,454 Epoch 470/500
2025-05-14 20:05:17,034 Current Learning Rate: 0.0000088564
2025-05-14 20:05:17,044 Train Loss: 0.1050634, Val Loss: 0.0240533
2025-05-14 20:05:17,044 Epoch 471/500
2025-05-14 20:05:53,488 Current Learning Rate: 0.0000082774
2025-05-14 20:05:53,488 Train Loss: 0.1050554, Val Loss: 0.0240564
2025-05-14 20:05:53,488 Epoch 472/500
2025-05-14 20:06:30,286 Current Learning Rate: 0.0000077178
2025-05-14 20:06:30,295 Train Loss: 0.1050527, Val Loss: 0.0240532
2025-05-14 20:06:30,296 Epoch 473/500
2025-05-14 20:07:07,175 Current Learning Rate: 0.0000071777
2025-05-14 20:07:07,183 Train Loss: 0.1050507, Val Loss: 0.0240526
2025-05-14 20:07:07,183 Epoch 474/500
2025-05-14 20:07:43,854 Current Learning Rate: 0.0000066570
2025-05-14 20:07:43,855 Train Loss: 0.1050387, Val Loss: 0.0240543
2025-05-14 20:07:43,855 Epoch 475/500
2025-05-14 20:08:20,942 Current Learning Rate: 0.0000061558
2025-05-14 20:08:20,942 Train Loss: 0.1050285, Val Loss: 0.0240573
2025-05-14 20:08:20,942 Epoch 476/500
2025-05-14 20:08:58,326 Current Learning Rate: 0.0000056741
2025-05-14 20:08:58,326 Train Loss: 0.1050266, Val Loss: 0.0240559
2025-05-14 20:08:58,326 Epoch 477/500
2025-05-14 20:09:35,447 Current Learning Rate: 0.0000052119
2025-05-14 20:09:35,461 Train Loss: 0.1050178, Val Loss: 0.0240495
2025-05-14 20:09:35,461 Epoch 478/500
2025-05-14 20:10:12,323 Current Learning Rate: 0.0000047693
2025-05-14 20:10:12,323 Train Loss: 0.1050174, Val Loss: 0.0240575
2025-05-14 20:10:12,323 Epoch 479/500
2025-05-14 20:10:49,669 Current Learning Rate: 0.0000043462
2025-05-14 20:10:49,669 Train Loss: 0.1050084, Val Loss: 0.0240506
2025-05-14 20:10:49,669 Epoch 480/500
2025-05-14 20:11:25,842 Current Learning Rate: 0.0000039426
2025-05-14 20:11:25,851 Train Loss: 0.1050037, Val Loss: 0.0240493
2025-05-14 20:11:25,851 Epoch 481/500
2025-05-14 20:12:03,504 Current Learning Rate: 0.0000035587
2025-05-14 20:12:03,504 Train Loss: 0.1049985, Val Loss: 0.0240498
2025-05-14 20:12:03,504 Epoch 482/500
2025-05-14 20:12:40,324 Current Learning Rate: 0.0000031943
2025-05-14 20:12:40,325 Train Loss: 0.1049947, Val Loss: 0.0240505
2025-05-14 20:12:40,325 Epoch 483/500
2025-05-14 20:13:17,258 Current Learning Rate: 0.0000028496
2025-05-14 20:13:17,258 Train Loss: 0.1049894, Val Loss: 0.0240495
2025-05-14 20:13:17,258 Epoch 484/500
2025-05-14 20:13:54,031 Current Learning Rate: 0.0000025245
2025-05-14 20:13:54,040 Train Loss: 0.1049844, Val Loss: 0.0240485
2025-05-14 20:13:54,040 Epoch 485/500
2025-05-14 20:14:31,130 Current Learning Rate: 0.0000022190
2025-05-14 20:14:31,130 Train Loss: 0.1049820, Val Loss: 0.0240488
2025-05-14 20:14:31,131 Epoch 486/500
2025-05-14 20:15:08,596 Current Learning Rate: 0.0000019332
2025-05-14 20:15:08,596 Train Loss: 0.1049771, Val Loss: 0.0240486
2025-05-14 20:15:08,596 Epoch 487/500
2025-05-14 20:15:44,956 Current Learning Rate: 0.0000016670
2025-05-14 20:15:44,957 Train Loss: 0.1049746, Val Loss: 0.0240495
2025-05-14 20:15:44,957 Epoch 488/500
2025-05-14 20:16:22,279 Current Learning Rate: 0.0000014205
2025-05-14 20:16:22,288 Train Loss: 0.1049723, Val Loss: 0.0240473
2025-05-14 20:16:22,288 Epoch 489/500
2025-05-14 20:16:58,749 Current Learning Rate: 0.0000011937
2025-05-14 20:16:58,786 Train Loss: 0.1049692, Val Loss: 0.0240468
2025-05-14 20:16:58,786 Epoch 490/500
2025-05-14 20:17:35,816 Current Learning Rate: 0.0000009866
2025-05-14 20:17:35,816 Train Loss: 0.1049658, Val Loss: 0.0240469
2025-05-14 20:17:35,817 Epoch 491/500
2025-05-14 20:18:12,490 Current Learning Rate: 0.0000007992
2025-05-14 20:18:12,491 Train Loss: 0.1049632, Val Loss: 0.0240472
2025-05-14 20:18:12,491 Epoch 492/500
2025-05-14 20:18:49,866 Current Learning Rate: 0.0000006315
2025-05-14 20:18:49,867 Train Loss: 0.1049611, Val Loss: 0.0240476
2025-05-14 20:18:49,867 Epoch 493/500
2025-05-14 20:19:26,207 Current Learning Rate: 0.0000004835
2025-05-14 20:19:26,208 Train Loss: 0.1049595, Val Loss: 0.0240477
2025-05-14 20:19:26,208 Epoch 494/500
2025-05-14 20:20:03,221 Current Learning Rate: 0.0000003553
2025-05-14 20:20:03,221 Train Loss: 0.1049571, Val Loss: 0.0240471
2025-05-14 20:20:03,221 Epoch 495/500
2025-05-14 20:20:40,072 Current Learning Rate: 0.0000002467
2025-05-14 20:20:40,072 Train Loss: 0.1049560, Val Loss: 0.0240476
2025-05-14 20:20:40,072 Epoch 496/500
2025-05-14 20:21:16,496 Current Learning Rate: 0.0000001579
2025-05-14 20:21:16,497 Train Loss: 0.1049548, Val Loss: 0.0240474
2025-05-14 20:21:16,497 Epoch 497/500
2025-05-14 20:21:53,652 Current Learning Rate: 0.0000000888
2025-05-14 20:21:53,652 Train Loss: 0.1049537, Val Loss: 0.0240474
2025-05-14 20:21:53,652 Epoch 498/500
2025-05-14 20:22:30,350 Current Learning Rate: 0.0000000395
2025-05-14 20:22:30,350 Train Loss: 0.1049530, Val Loss: 0.0240474
2025-05-14 20:22:30,351 Epoch 499/500
2025-05-14 20:23:07,327 Current Learning Rate: 0.0000000099
2025-05-14 20:23:07,328 Train Loss: 0.1049524, Val Loss: 0.0240474
2025-05-14 20:23:07,328 Epoch 500/500
2025-05-14 20:23:43,812 Current Learning Rate: 0.0000000000
2025-05-14 20:23:43,912 Saved periodic model at epoch 500 to /jizhicfs/easyluwu/ocean_project/NeurIPS_2025_wuhao/checkpoints/KNO_0512_LiNS2d_epoch_500.pth
2025-05-14 20:23:43,913 Train Loss: 0.1049520, Val Loss: 0.0240474
2025-05-14 20:23:45,948 Testing completed. Test Loss: 0.0235520
