2025-05-11 19:53:06,168 Epoch 1/500
2025-05-11 19:55:42,593 Epoch 1/500
2025-05-11 20:02:16,612 Epoch 1/500
2025-05-11 20:04:36,624 Epoch 1/500
2025-05-11 20:07:18,033 Epoch 1/500
2025-05-11 20:09:05,876 Epoch 1/500
2025-05-11 20:13:05,446 Epoch 1/500
2025-05-11 20:13:52,573 Epoch 1/500
2025-05-11 20:30:15,150 Current Learning Rate: 0.0009999901
2025-05-11 20:30:15,184 Train Loss: 2.2122513, Val Loss: 0.2029892
2025-05-11 20:30:15,184 Epoch 2/500
2025-05-11 20:46:58,426 Current Learning Rate: 0.0009999605
2025-05-11 20:46:58,453 Train Loss: 0.9564311, Val Loss: 0.1767054
2025-05-11 20:46:58,454 Epoch 3/500
2025-05-11 21:04:38,520 Current Learning Rate: 0.0009999112
2025-05-11 21:04:38,549 Train Loss: 0.8363963, Val Loss: 0.1637013
2025-05-11 21:04:38,549 Epoch 4/500
2025-05-11 21:21:16,938 Current Learning Rate: 0.0009998421
2025-05-11 21:21:16,971 Train Loss: 0.7907078, Val Loss: 0.1611993
2025-05-11 21:21:16,972 Epoch 5/500
2025-05-11 21:38:50,380 Current Learning Rate: 0.0009997533
2025-05-11 21:38:50,380 Train Loss: 0.8296959, Val Loss: 0.1742950
2025-05-11 21:38:50,381 Epoch 6/500
2025-05-11 21:55:39,614 Current Learning Rate: 0.0009996447
2025-05-11 21:55:39,614 Train Loss: 0.7725215, Val Loss: 0.1614651
2025-05-11 21:55:39,614 Epoch 7/500
2025-05-11 22:09:08,490 Current Learning Rate: 0.0009995165
2025-05-11 22:09:08,491 Train Loss: 0.8170791, Val Loss: 0.1667323
2025-05-11 22:09:08,491 Epoch 8/500
2025-05-11 22:22:08,662 Current Learning Rate: 0.0009993685
2025-05-11 22:22:08,765 Train Loss: 0.7560413, Val Loss: 0.1579228
2025-05-11 22:22:08,765 Epoch 9/500
2025-05-11 22:32:57,987 Current Learning Rate: 0.0009992008
2025-05-11 22:32:57,988 Train Loss: 0.7564327, Val Loss: 0.1590242
2025-05-11 22:32:57,988 Epoch 10/500
2025-05-11 22:43:55,928 Current Learning Rate: 0.0009990134
2025-05-11 22:43:55,954 Train Loss: 0.7420707, Val Loss: 0.1569420
2025-05-11 22:43:55,954 Epoch 11/500
2025-05-11 22:54:35,087 Current Learning Rate: 0.0009988063
2025-05-11 22:54:35,087 Train Loss: 0.7447000, Val Loss: 0.1569606
2025-05-11 22:54:35,087 Epoch 12/500
2025-05-11 23:05:20,677 Current Learning Rate: 0.0009985795
2025-05-11 23:05:20,707 Train Loss: 0.7344056, Val Loss: 0.1549261
2025-05-11 23:05:20,707 Epoch 13/500
2025-05-11 23:16:23,208 Current Learning Rate: 0.0009983330
2025-05-11 23:16:23,243 Train Loss: 0.7299881, Val Loss: 0.1540598
2025-05-11 23:16:23,243 Epoch 14/500
2025-05-11 23:27:00,710 Current Learning Rate: 0.0009980668
2025-05-11 23:27:00,710 Train Loss: 0.7267085, Val Loss: 0.1568070
2025-05-11 23:27:00,710 Epoch 15/500
2025-05-11 23:33:09,501 Current Learning Rate: 0.0009977810
2025-05-11 23:33:09,530 Train Loss: 0.7401656, Val Loss: 0.1534895
2025-05-11 23:33:09,530 Epoch 16/500
2025-05-11 23:37:09,487 Current Learning Rate: 0.0009974755
2025-05-11 23:37:09,514 Train Loss: 0.7192225, Val Loss: 0.1531363
2025-05-11 23:37:09,515 Epoch 17/500
2025-05-11 23:41:08,737 Current Learning Rate: 0.0009971504
2025-05-11 23:41:08,738 Train Loss: 0.7189456, Val Loss: 0.1537695
2025-05-11 23:41:08,738 Epoch 18/500
2025-05-11 23:45:07,626 Current Learning Rate: 0.0009968057
2025-05-11 23:45:07,626 Train Loss: 0.7213923, Val Loss: 0.1547201
2025-05-11 23:45:07,626 Epoch 19/500
2025-05-11 23:49:06,124 Current Learning Rate: 0.0009964413
2025-05-11 23:49:06,124 Train Loss: 0.7413104, Val Loss: 0.1593661
2025-05-11 23:49:06,124 Epoch 20/500
2025-05-11 23:53:04,914 Current Learning Rate: 0.0009960574
2025-05-11 23:53:04,938 Train Loss: 0.7168068, Val Loss: 0.1514547
2025-05-11 23:53:04,938 Epoch 21/500
2025-05-11 23:57:04,046 Current Learning Rate: 0.0009956538
2025-05-11 23:57:04,046 Train Loss: 0.7106599, Val Loss: 0.1514663
2025-05-11 23:57:04,047 Epoch 22/500
2025-05-12 00:01:02,426 Current Learning Rate: 0.0009952307
2025-05-12 00:01:02,452 Train Loss: 0.7108168, Val Loss: 0.1511957
2025-05-12 00:01:02,452 Epoch 23/500
2025-05-12 00:04:59,497 Current Learning Rate: 0.0009947881
2025-05-12 00:04:59,526 Train Loss: 0.7078414, Val Loss: 0.1510234
2025-05-12 00:04:59,526 Epoch 24/500
2025-05-12 00:08:56,599 Current Learning Rate: 0.0009943259
2025-05-12 00:08:56,600 Train Loss: 0.7071996, Val Loss: 0.1511670
2025-05-12 00:08:56,601 Epoch 25/500
2025-05-12 00:12:56,490 Current Learning Rate: 0.0009938442
2025-05-12 00:12:56,517 Train Loss: 0.7058160, Val Loss: 0.1505334
2025-05-12 00:12:56,518 Epoch 26/500
2025-05-12 00:16:55,087 Current Learning Rate: 0.0009933430
2025-05-12 00:16:55,088 Train Loss: 0.7039662, Val Loss: 0.1505725
2025-05-12 00:16:55,088 Epoch 27/500
2025-05-12 00:20:52,731 Current Learning Rate: 0.0009928223
2025-05-12 00:20:52,731 Train Loss: 0.7044078, Val Loss: 0.1509107
2025-05-12 00:20:52,732 Epoch 28/500
2025-05-12 00:24:50,607 Current Learning Rate: 0.0009922822
2025-05-12 00:24:50,607 Train Loss: 0.7047942, Val Loss: 0.1510735
2025-05-12 00:24:50,608 Epoch 29/500
2025-05-12 00:28:47,697 Current Learning Rate: 0.0009917226
2025-05-12 00:28:47,698 Train Loss: 0.7035972, Val Loss: 0.1507337
2025-05-12 00:28:47,698 Epoch 30/500
2025-05-12 00:32:44,836 Current Learning Rate: 0.0009911436
2025-05-12 00:32:44,863 Train Loss: 0.7031530, Val Loss: 0.1500894
2025-05-12 00:32:44,863 Epoch 31/500
2025-05-12 00:36:42,593 Current Learning Rate: 0.0009905453
2025-05-12 00:36:42,617 Train Loss: 0.7032525, Val Loss: 0.1498655
2025-05-12 00:36:42,618 Epoch 32/500
2025-05-12 00:40:41,833 Current Learning Rate: 0.0009899275
2025-05-12 00:40:41,834 Train Loss: 0.7036136, Val Loss: 0.1626525
2025-05-12 00:40:41,834 Epoch 33/500
2025-05-12 00:44:40,717 Current Learning Rate: 0.0009892905
2025-05-12 00:44:40,718 Train Loss: 0.7117667, Val Loss: 0.1511995
2025-05-12 00:44:40,718 Epoch 34/500
2025-05-12 00:48:38,920 Current Learning Rate: 0.0009886341
2025-05-12 00:48:38,944 Train Loss: 0.7186705, Val Loss: 0.1498183
2025-05-12 00:48:38,944 Epoch 35/500
2025-05-12 00:52:36,690 Current Learning Rate: 0.0009879584
2025-05-12 00:52:36,690 Train Loss: 0.7021512, Val Loss: 0.1504656
2025-05-12 00:52:36,691 Epoch 36/500
2025-05-12 00:56:34,906 Current Learning Rate: 0.0009872634
2025-05-12 00:56:34,906 Train Loss: 0.6996937, Val Loss: 0.1535621
2025-05-12 00:56:34,907 Epoch 37/500
2025-05-12 01:00:34,052 Current Learning Rate: 0.0009865493
2025-05-12 01:00:34,079 Train Loss: 0.7027106, Val Loss: 0.1494181
2025-05-12 01:00:34,079 Epoch 38/500
2025-05-12 01:04:33,739 Current Learning Rate: 0.0009858159
2025-05-12 01:04:33,740 Train Loss: 0.6972531, Val Loss: 0.1511657
2025-05-12 01:04:33,741 Epoch 39/500
2025-05-12 01:08:31,731 Current Learning Rate: 0.0009850633
2025-05-12 01:08:31,731 Train Loss: 0.6981805, Val Loss: 0.1505718
2025-05-12 01:08:31,732 Epoch 40/500
2025-05-12 01:12:30,855 Current Learning Rate: 0.0009842916
2025-05-12 01:12:30,856 Train Loss: 0.6990187, Val Loss: 0.1495906
2025-05-12 01:12:30,856 Epoch 41/500
2025-05-12 01:16:30,111 Current Learning Rate: 0.0009835007
2025-05-12 01:16:30,111 Train Loss: 0.7008659, Val Loss: 0.1568228
2025-05-12 01:16:30,112 Epoch 42/500
2025-05-12 01:20:29,136 Current Learning Rate: 0.0009826908
2025-05-12 01:20:29,137 Train Loss: 0.7091566, Val Loss: 0.1557495
2025-05-12 01:20:29,137 Epoch 43/500
2025-05-12 01:24:27,604 Current Learning Rate: 0.0009818618
2025-05-12 01:24:27,605 Train Loss: 0.7047396, Val Loss: 0.1495572
2025-05-12 01:24:27,605 Epoch 44/500
2025-05-12 01:28:26,816 Current Learning Rate: 0.0009810138
2025-05-12 01:28:26,842 Train Loss: 0.7029993, Val Loss: 0.1491224
2025-05-12 01:28:26,842 Epoch 45/500
2025-05-12 01:32:26,015 Current Learning Rate: 0.0009801468
2025-05-12 01:32:26,016 Train Loss: 0.6964592, Val Loss: 0.1496103
2025-05-12 01:32:26,016 Epoch 46/500
2025-05-12 01:36:25,658 Current Learning Rate: 0.0009792609
2025-05-12 01:36:25,658 Train Loss: 0.6973610, Val Loss: 0.1492500
2025-05-12 01:36:25,659 Epoch 47/500
2025-05-12 01:40:24,727 Current Learning Rate: 0.0009783560
2025-05-12 01:40:24,728 Train Loss: 0.7018491, Val Loss: 0.1498046
2025-05-12 01:40:24,728 Epoch 48/500
2025-05-12 01:44:24,016 Current Learning Rate: 0.0009774323
2025-05-12 01:44:24,040 Train Loss: 0.6987454, Val Loss: 0.1488281
2025-05-12 01:44:24,040 Epoch 49/500
2025-05-12 01:48:23,616 Current Learning Rate: 0.0009764897
2025-05-12 01:48:23,641 Train Loss: 0.6953725, Val Loss: 0.1486160
2025-05-12 01:48:23,641 Epoch 50/500
2025-05-12 01:52:23,312 Current Learning Rate: 0.0009755283
2025-05-12 01:52:23,344 Saved periodic model at epoch 50 to /jizhicfs/easyluwu/ocean_project/NeurIPS_2025_wuhao/checkpoints/KNO_0511_McWilliams2d_epoch_50.pth
2025-05-12 01:52:23,344 Train Loss: 0.7055516, Val Loss: 0.1489417
2025-05-12 01:52:23,344 Epoch 51/500
2025-05-12 01:56:22,753 Current Learning Rate: 0.0009745481
2025-05-12 01:56:22,753 Train Loss: 0.6958736, Val Loss: 0.1492781
2025-05-12 01:56:22,754 Epoch 52/500
2025-05-12 02:00:21,121 Current Learning Rate: 0.0009735492
2025-05-12 02:00:21,122 Train Loss: 0.6975930, Val Loss: 0.1492323
2025-05-12 02:00:21,122 Epoch 53/500
2025-05-12 02:04:19,018 Current Learning Rate: 0.0009725315
2025-05-12 02:04:19,046 Train Loss: 0.6935403, Val Loss: 0.1486067
2025-05-12 02:04:19,046 Epoch 54/500
2025-05-12 02:08:16,726 Current Learning Rate: 0.0009714953
2025-05-12 02:08:16,726 Train Loss: 0.7691916, Val Loss: 0.1614462
2025-05-12 02:08:16,727 Epoch 55/500
2025-05-12 02:12:14,939 Current Learning Rate: 0.0009704404
2025-05-12 02:12:14,940 Train Loss: 0.7468313, Val Loss: 0.1522338
2025-05-12 02:12:14,940 Epoch 56/500
2025-05-12 02:16:13,698 Current Learning Rate: 0.0009693669
2025-05-12 02:16:13,699 Train Loss: 0.7068035, Val Loss: 0.1500279
2025-05-12 02:16:13,699 Epoch 57/500
2025-05-12 02:20:12,765 Current Learning Rate: 0.0009682749
2025-05-12 02:20:12,766 Train Loss: 0.6994732, Val Loss: 0.1494062
2025-05-12 02:20:12,766 Epoch 58/500
2025-05-12 02:24:12,167 Current Learning Rate: 0.0009671645
2025-05-12 02:24:12,167 Train Loss: 0.6971211, Val Loss: 0.1490444
2025-05-12 02:24:12,168 Epoch 59/500
2025-05-12 02:28:10,117 Current Learning Rate: 0.0009660356
2025-05-12 02:28:10,117 Train Loss: 0.6973597, Val Loss: 0.1489189
2025-05-12 02:28:10,118 Epoch 60/500
2025-05-12 02:32:08,038 Current Learning Rate: 0.0009648882
2025-05-12 02:32:08,038 Train Loss: 0.6966091, Val Loss: 0.1490220
2025-05-12 02:32:08,039 Epoch 61/500
2025-05-12 02:36:06,243 Current Learning Rate: 0.0009637226
2025-05-12 02:36:06,243 Train Loss: 0.6961965, Val Loss: 0.1493488
2025-05-12 02:36:06,244 Epoch 62/500
2025-05-12 02:40:04,338 Current Learning Rate: 0.0009625386
2025-05-12 02:40:04,339 Train Loss: 0.6949781, Val Loss: 0.1493444
2025-05-12 02:40:04,339 Epoch 63/500
2025-05-12 02:44:02,980 Current Learning Rate: 0.0009613364
2025-05-12 02:44:02,981 Train Loss: 0.6961505, Val Loss: 0.1492746
2025-05-12 02:44:02,981 Epoch 64/500
2025-05-12 02:48:00,350 Current Learning Rate: 0.0009601159
2025-05-12 02:48:00,351 Train Loss: 0.6950851, Val Loss: 0.1489399
2025-05-12 02:48:00,351 Epoch 65/500
2025-05-12 02:51:59,564 Current Learning Rate: 0.0009588773
2025-05-12 02:51:59,565 Train Loss: 0.6977442, Val Loss: 0.1500907
2025-05-12 02:51:59,565 Epoch 66/500
2025-05-12 02:55:59,090 Current Learning Rate: 0.0009576206
2025-05-12 02:55:59,091 Train Loss: 0.6961987, Val Loss: 0.1519349
2025-05-12 02:55:59,091 Epoch 67/500
2025-05-12 02:59:58,554 Current Learning Rate: 0.0009563458
2025-05-12 02:59:58,555 Train Loss: 0.7015977, Val Loss: 0.1488642
2025-05-12 02:59:58,555 Epoch 68/500
2025-05-12 03:03:56,517 Current Learning Rate: 0.0009550530
2025-05-12 03:03:56,518 Train Loss: 0.6951208, Val Loss: 0.1490899
2025-05-12 03:03:56,518 Epoch 69/500
2025-05-12 03:07:56,131 Current Learning Rate: 0.0009537422
2025-05-12 03:07:56,131 Train Loss: 0.6933538, Val Loss: 0.1487124
2025-05-12 03:07:56,132 Epoch 70/500
2025-05-12 03:11:54,694 Current Learning Rate: 0.0009524135
2025-05-12 03:11:54,695 Train Loss: 0.6938404, Val Loss: 0.1497056
2025-05-12 03:11:54,695 Epoch 71/500
2025-05-12 03:15:53,095 Current Learning Rate: 0.0009510670
2025-05-12 03:15:53,121 Train Loss: 0.6957684, Val Loss: 0.1485621
2025-05-12 03:15:53,121 Epoch 72/500
2025-05-12 03:19:52,496 Current Learning Rate: 0.0009497026
2025-05-12 03:19:52,497 Train Loss: 0.6928085, Val Loss: 0.1487294
2025-05-12 03:19:52,497 Epoch 73/500
2025-05-12 03:23:51,022 Current Learning Rate: 0.0009483205
2025-05-12 03:23:51,023 Train Loss: 0.6943713, Val Loss: 0.1488763
2025-05-12 03:23:51,023 Epoch 74/500
2025-05-12 03:27:49,732 Current Learning Rate: 0.0009469207
2025-05-12 03:27:49,732 Train Loss: 0.7699455, Val Loss: 0.1554619
2025-05-12 03:27:49,733 Epoch 75/500
2025-05-12 03:31:49,223 Current Learning Rate: 0.0009455033
2025-05-12 03:31:49,223 Train Loss: 0.7148934, Val Loss: 0.1510969
2025-05-12 03:31:49,224 Epoch 76/500
2025-05-12 03:35:49,512 Current Learning Rate: 0.0009440682
2025-05-12 03:35:49,513 Train Loss: 0.7041091, Val Loss: 0.1501900
2025-05-12 03:35:49,513 Epoch 77/500
2025-05-12 03:39:49,474 Current Learning Rate: 0.0009426157
2025-05-12 03:39:49,475 Train Loss: 0.6989578, Val Loss: 0.1494701
2025-05-12 03:39:49,475 Epoch 78/500
2025-05-12 03:43:49,691 Current Learning Rate: 0.0009411456
2025-05-12 03:43:49,692 Train Loss: 0.6967396, Val Loss: 0.1492432
2025-05-12 03:43:49,692 Epoch 79/500
2025-05-12 03:47:49,351 Current Learning Rate: 0.0009396582
2025-05-12 03:47:49,352 Train Loss: 0.6954994, Val Loss: 0.1492369
2025-05-12 03:47:49,352 Epoch 80/500
2025-05-12 03:51:49,130 Current Learning Rate: 0.0009381533
2025-05-12 03:51:49,131 Train Loss: 0.6972114, Val Loss: 0.1496561
2025-05-12 03:51:49,131 Epoch 81/500
2025-05-12 03:55:49,171 Current Learning Rate: 0.0009366312
2025-05-12 03:55:49,171 Train Loss: 0.6956407, Val Loss: 0.1492621
2025-05-12 03:55:49,172 Epoch 82/500
2025-05-12 03:59:49,255 Current Learning Rate: 0.0009350919
2025-05-12 03:59:49,255 Train Loss: 0.6960631, Val Loss: 0.1493938
2025-05-12 03:59:49,255 Epoch 83/500
2025-05-12 04:03:47,065 Current Learning Rate: 0.0009335354
2025-05-12 04:03:47,065 Train Loss: 0.6952887, Val Loss: 0.1489939
2025-05-12 04:03:47,066 Epoch 84/500
2025-05-12 04:07:47,330 Current Learning Rate: 0.0009319617
2025-05-12 04:07:47,358 Train Loss: 0.6995038, Val Loss: 0.1482935
2025-05-12 04:07:47,359 Epoch 85/500
2025-05-12 04:11:47,652 Current Learning Rate: 0.0009303710
2025-05-12 04:11:47,653 Train Loss: 0.6906691, Val Loss: 0.1483508
2025-05-12 04:11:47,653 Epoch 86/500
2025-05-12 04:15:46,565 Current Learning Rate: 0.0009287633
2025-05-12 04:15:46,593 Train Loss: 0.6904568, Val Loss: 0.1479917
2025-05-12 04:15:46,594 Epoch 87/500
2025-05-12 04:19:45,546 Current Learning Rate: 0.0009271387
2025-05-12 04:19:45,546 Train Loss: 0.6896519, Val Loss: 0.1482768
2025-05-12 04:19:45,547 Epoch 88/500
2025-05-12 04:23:44,394 Current Learning Rate: 0.0009254972
2025-05-12 04:23:44,440 Train Loss: 0.6894033, Val Loss: 0.1479445
2025-05-12 04:23:44,440 Epoch 89/500
2025-05-12 04:27:43,135 Current Learning Rate: 0.0009238390
2025-05-12 04:27:43,136 Train Loss: 0.6886626, Val Loss: 0.1479555
2025-05-12 04:27:43,136 Epoch 90/500
2025-05-12 04:31:42,468 Current Learning Rate: 0.0009221640
2025-05-12 04:31:42,497 Train Loss: 0.6919693, Val Loss: 0.1478106
2025-05-12 04:31:42,497 Epoch 91/500
2025-05-12 04:35:42,112 Current Learning Rate: 0.0009204723
2025-05-12 04:35:42,113 Train Loss: 0.6880528, Val Loss: 0.1478322
2025-05-12 04:35:42,113 Epoch 92/500
2025-05-12 04:39:40,193 Current Learning Rate: 0.0009187640
2025-05-12 04:39:40,222 Train Loss: 0.6892176, Val Loss: 0.1476884
2025-05-12 04:39:40,222 Epoch 93/500
2025-05-12 04:43:40,579 Current Learning Rate: 0.0009170392
2025-05-12 04:43:40,580 Train Loss: 0.6890080, Val Loss: 0.1507941
2025-05-12 04:43:40,580 Epoch 94/500
2025-05-12 04:47:38,974 Current Learning Rate: 0.0009152979
2025-05-12 04:47:38,975 Train Loss: 0.7066516, Val Loss: 0.1766580
2025-05-12 04:47:38,975 Epoch 95/500
2025-05-12 04:51:37,846 Current Learning Rate: 0.0009135403
2025-05-12 04:51:37,847 Train Loss: 0.8427436, Val Loss: 0.1567333
2025-05-12 04:51:37,847 Epoch 96/500
2025-05-12 04:55:35,621 Current Learning Rate: 0.0009117663
2025-05-12 04:55:35,622 Train Loss: 0.7295300, Val Loss: 0.1545428
2025-05-12 04:55:35,622 Epoch 97/500
2025-05-12 04:59:35,037 Current Learning Rate: 0.0009099761
2025-05-12 04:59:35,037 Train Loss: 0.7208998, Val Loss: 0.1536035
2025-05-12 04:59:35,038 Epoch 98/500
2025-05-12 05:03:34,447 Current Learning Rate: 0.0009081696
2025-05-12 05:03:34,448 Train Loss: 0.7182157, Val Loss: 0.1530655
2025-05-12 05:03:34,448 Epoch 99/500
2025-05-12 05:07:34,579 Current Learning Rate: 0.0009063471
2025-05-12 05:07:34,579 Train Loss: 0.7158762, Val Loss: 0.1521988
2025-05-12 05:07:34,580 Epoch 100/500
2025-05-12 05:11:33,321 Current Learning Rate: 0.0009045085
2025-05-12 05:11:33,350 Saved periodic model at epoch 100 to /jizhicfs/easyluwu/ocean_project/NeurIPS_2025_wuhao/checkpoints/KNO_0511_McWilliams2d_epoch_100.pth
2025-05-12 05:11:33,351 Train Loss: 0.7129671, Val Loss: 0.1524210
2025-05-12 05:11:33,351 Epoch 101/500
2025-05-12 05:15:32,740 Current Learning Rate: 0.0009026539
2025-05-12 05:15:32,741 Train Loss: 0.7105727, Val Loss: 0.1512711
2025-05-12 05:15:32,741 Epoch 102/500
2025-05-12 05:19:32,553 Current Learning Rate: 0.0009007835
2025-05-12 05:19:32,553 Train Loss: 0.7094425, Val Loss: 0.1529509
2025-05-12 05:19:32,554 Epoch 103/500
2025-05-12 05:23:32,409 Current Learning Rate: 0.0008988972
2025-05-12 05:23:32,409 Train Loss: 0.7048375, Val Loss: 0.1504965
2025-05-12 05:23:32,410 Epoch 104/500
2025-05-12 05:27:31,742 Current Learning Rate: 0.0008969952
2025-05-12 05:27:31,742 Train Loss: 0.7024300, Val Loss: 0.1501833
2025-05-12 05:27:31,742 Epoch 105/500
2025-05-12 05:31:31,652 Current Learning Rate: 0.0008950775
2025-05-12 05:31:31,653 Train Loss: 0.7033931, Val Loss: 0.1499257
2025-05-12 05:31:31,653 Epoch 106/500
2025-05-12 05:35:31,610 Current Learning Rate: 0.0008931442
2025-05-12 05:35:31,611 Train Loss: 0.6983735, Val Loss: 0.1502111
2025-05-12 05:35:31,611 Epoch 107/500
2025-05-12 05:39:32,011 Current Learning Rate: 0.0008911954
2025-05-12 05:39:32,012 Train Loss: 0.6998393, Val Loss: 0.1499206
2025-05-12 05:39:32,013 Epoch 108/500
2025-05-12 05:43:32,419 Current Learning Rate: 0.0008892312
2025-05-12 05:43:32,420 Train Loss: 0.6994154, Val Loss: 0.1498728
2025-05-12 05:43:32,420 Epoch 109/500
2025-05-12 05:47:31,111 Current Learning Rate: 0.0008872515
2025-05-12 05:47:31,112 Train Loss: 0.7050251, Val Loss: 0.1533626
2025-05-12 05:47:31,112 Epoch 110/500
2025-05-12 05:51:30,074 Current Learning Rate: 0.0008852566
2025-05-12 05:51:30,075 Train Loss: 0.7028069, Val Loss: 0.1497206
2025-05-12 05:51:30,075 Epoch 111/500
2025-05-12 05:55:29,349 Current Learning Rate: 0.0008832465
2025-05-12 05:55:29,349 Train Loss: 0.7037403, Val Loss: 0.1498762
2025-05-12 05:55:29,349 Epoch 112/500
2025-05-12 05:59:28,326 Current Learning Rate: 0.0008812213
2025-05-12 05:59:28,327 Train Loss: 0.6965945, Val Loss: 0.1496227
2025-05-12 05:59:28,327 Epoch 113/500
2025-05-12 06:03:27,431 Current Learning Rate: 0.0008791810
2025-05-12 06:03:27,432 Train Loss: 0.6997023, Val Loss: 0.1487982
2025-05-12 06:03:27,432 Epoch 114/500
2025-05-12 06:07:26,682 Current Learning Rate: 0.0008771257
2025-05-12 06:07:26,683 Train Loss: 0.6948244, Val Loss: 0.1507161
2025-05-12 06:07:26,683 Epoch 115/500
2025-05-12 06:11:25,760 Current Learning Rate: 0.0008750555
2025-05-12 06:11:25,760 Train Loss: 0.7062345, Val Loss: 0.1493861
2025-05-12 06:11:25,761 Epoch 116/500
2025-05-12 06:15:24,801 Current Learning Rate: 0.0008729706
2025-05-12 06:15:24,802 Train Loss: 0.6961155, Val Loss: 0.1490405
2025-05-12 06:15:24,802 Epoch 117/500
2025-05-12 06:19:23,538 Current Learning Rate: 0.0008708709
2025-05-12 06:19:23,539 Train Loss: 0.6974963, Val Loss: 0.1496286
2025-05-12 06:19:23,539 Epoch 118/500
2025-05-12 06:23:22,521 Current Learning Rate: 0.0008687566
2025-05-12 06:23:22,521 Train Loss: 0.6961741, Val Loss: 0.1493563
2025-05-12 06:23:22,522 Epoch 119/500
2025-05-12 06:27:20,971 Current Learning Rate: 0.0008666277
2025-05-12 06:27:20,972 Train Loss: 0.7129440, Val Loss: 0.1496693
2025-05-12 06:27:20,972 Epoch 120/500
2025-05-12 06:31:18,315 Current Learning Rate: 0.0008644843
2025-05-12 06:31:18,316 Train Loss: 0.6942999, Val Loss: 0.1488223
2025-05-12 06:31:18,316 Epoch 121/500
2025-05-12 06:35:16,992 Current Learning Rate: 0.0008623266
2025-05-12 06:35:16,992 Train Loss: 0.6932704, Val Loss: 0.1485941
2025-05-12 06:35:16,993 Epoch 122/500
2025-05-12 06:39:16,025 Current Learning Rate: 0.0008601545
2025-05-12 06:39:16,025 Train Loss: 0.6932312, Val Loss: 0.1494888
2025-05-12 06:39:16,026 Epoch 123/500
2025-05-12 06:43:14,767 Current Learning Rate: 0.0008579682
2025-05-12 06:43:14,768 Train Loss: 0.6923099, Val Loss: 0.1486342
2025-05-12 06:43:14,768 Epoch 124/500
2025-05-12 06:47:13,930 Current Learning Rate: 0.0008557678
2025-05-12 06:47:13,931 Train Loss: 0.7024435, Val Loss: 0.1528108
2025-05-12 06:47:13,931 Epoch 125/500
2025-05-12 06:51:12,875 Current Learning Rate: 0.0008535534
2025-05-12 06:51:12,876 Train Loss: 0.7018369, Val Loss: 0.1484891
2025-05-12 06:51:12,876 Epoch 126/500
2025-05-12 06:55:12,297 Current Learning Rate: 0.0008513250
2025-05-12 06:55:12,298 Train Loss: 0.6918248, Val Loss: 0.1488102
2025-05-12 06:55:12,298 Epoch 127/500
2025-05-12 06:59:11,567 Current Learning Rate: 0.0008490827
2025-05-12 06:59:11,567 Train Loss: 0.6957587, Val Loss: 0.1529673
2025-05-12 06:59:11,568 Epoch 128/500
2025-05-12 07:03:10,759 Current Learning Rate: 0.0008468267
2025-05-12 07:03:10,760 Train Loss: 0.8813670, Val Loss: 0.1751036
2025-05-12 07:03:10,760 Epoch 129/500
2025-05-12 07:07:10,037 Current Learning Rate: 0.0008445569
2025-05-12 07:07:10,037 Train Loss: 0.7697105, Val Loss: 0.1586467
2025-05-12 07:07:10,037 Epoch 130/500
2025-05-12 07:11:09,129 Current Learning Rate: 0.0008422736
2025-05-12 07:11:09,130 Train Loss: 0.7385814, Val Loss: 0.1563983
2025-05-12 07:11:09,130 Epoch 131/500
2025-05-12 07:15:08,433 Current Learning Rate: 0.0008399767
2025-05-12 07:15:08,434 Train Loss: 0.7316646, Val Loss: 0.1553814
2025-05-12 07:15:08,434 Epoch 132/500
2025-05-12 07:19:07,718 Current Learning Rate: 0.0008376664
2025-05-12 07:19:07,719 Train Loss: 0.7383824, Val Loss: 0.1739168
2025-05-12 07:19:07,719 Epoch 133/500
2025-05-12 07:23:07,127 Current Learning Rate: 0.0008353428
2025-05-12 07:23:07,128 Train Loss: 0.7580464, Val Loss: 0.1554386
2025-05-12 07:23:07,128 Epoch 134/500
2025-05-12 07:27:06,414 Current Learning Rate: 0.0008330059
2025-05-12 07:27:06,415 Train Loss: 0.7210290, Val Loss: 0.1534350
2025-05-12 07:27:06,415 Epoch 135/500
2025-05-12 07:31:06,062 Current Learning Rate: 0.0008306559
2025-05-12 07:31:06,062 Train Loss: 0.7165331, Val Loss: 0.1526608
2025-05-12 07:31:06,063 Epoch 136/500
2025-05-12 07:35:04,916 Current Learning Rate: 0.0008282929
2025-05-12 07:35:04,917 Train Loss: 0.7132753, Val Loss: 0.1522474
2025-05-12 07:35:04,917 Epoch 137/500
2025-05-12 07:39:04,437 Current Learning Rate: 0.0008259169
2025-05-12 07:39:04,438 Train Loss: 0.7109980, Val Loss: 0.1518521
2025-05-12 07:39:04,438 Epoch 138/500
2025-05-12 07:43:03,893 Current Learning Rate: 0.0008235280
2025-05-12 07:43:03,893 Train Loss: 0.7097108, Val Loss: 0.1511954
2025-05-12 07:43:03,894 Epoch 139/500
2025-05-12 07:47:03,460 Current Learning Rate: 0.0008211263
2025-05-12 07:47:03,461 Train Loss: 0.7058200, Val Loss: 0.1507138
2025-05-12 07:47:03,461 Epoch 140/500
2025-05-12 07:51:02,665 Current Learning Rate: 0.0008187120
2025-05-12 07:51:02,665 Train Loss: 0.7048733, Val Loss: 0.1508510
2025-05-12 07:51:02,665 Epoch 141/500
2025-05-12 07:55:02,186 Current Learning Rate: 0.0008162851
2025-05-12 07:55:02,187 Train Loss: 0.7033128, Val Loss: 0.1501909
2025-05-12 07:55:02,187 Epoch 142/500
2025-05-12 07:59:01,639 Current Learning Rate: 0.0008138457
2025-05-12 07:59:01,640 Train Loss: 0.7050194, Val Loss: 0.1506328
2025-05-12 07:59:01,640 Epoch 143/500
2025-05-12 08:03:01,324 Current Learning Rate: 0.0008113939
2025-05-12 08:03:01,324 Train Loss: 0.7016860, Val Loss: 0.1502301
2025-05-12 08:03:01,324 Epoch 144/500
2025-05-12 08:07:00,882 Current Learning Rate: 0.0008089298
2025-05-12 08:07:00,883 Train Loss: 0.7040512, Val Loss: 0.1497787
2025-05-12 08:07:00,883 Epoch 145/500
2025-05-12 08:10:59,075 Current Learning Rate: 0.0008064535
2025-05-12 08:10:59,075 Train Loss: 0.6999215, Val Loss: 0.1510942
2025-05-12 08:10:59,076 Epoch 146/500
2025-05-12 08:14:55,920 Current Learning Rate: 0.0008039651
2025-05-12 08:14:55,921 Train Loss: 0.7036229, Val Loss: 0.1540755
2025-05-12 08:14:55,921 Epoch 147/500
2025-05-12 08:18:54,489 Current Learning Rate: 0.0008014648
2025-05-12 08:18:54,489 Train Loss: 0.7297193, Val Loss: 0.1504516
2025-05-12 08:18:54,490 Epoch 148/500
2025-05-12 08:22:53,308 Current Learning Rate: 0.0007989525
2025-05-12 08:22:53,308 Train Loss: 0.6997398, Val Loss: 0.1495357
2025-05-12 08:22:53,309 Epoch 149/500
2025-05-12 08:26:50,830 Current Learning Rate: 0.0007964284
2025-05-12 08:26:50,831 Train Loss: 0.7537196, Val Loss: 0.1596310
2025-05-12 08:26:50,832 Epoch 150/500
2025-05-12 08:30:48,887 Current Learning Rate: 0.0007938926
2025-05-12 08:30:48,915 Saved periodic model at epoch 150 to /jizhicfs/easyluwu/ocean_project/NeurIPS_2025_wuhao/checkpoints/KNO_0511_McWilliams2d_epoch_150.pth
2025-05-12 08:30:48,915 Train Loss: 0.7358653, Val Loss: 0.1534801
2025-05-12 08:30:48,915 Epoch 151/500
2025-05-12 08:34:47,143 Current Learning Rate: 0.0007913452
2025-05-12 08:34:47,144 Train Loss: 0.7154342, Val Loss: 0.1518277
2025-05-12 08:34:47,144 Epoch 152/500
2025-05-12 08:38:44,239 Current Learning Rate: 0.0007887864
2025-05-12 08:38:44,239 Train Loss: 0.7093797, Val Loss: 0.1512134
2025-05-12 08:38:44,240 Epoch 153/500
2025-05-12 08:42:40,914 Current Learning Rate: 0.0007862161
2025-05-12 08:42:40,915 Train Loss: 0.7061592, Val Loss: 0.1507126
2025-05-12 08:42:40,915 Epoch 154/500
2025-05-12 08:46:37,988 Current Learning Rate: 0.0007836345
2025-05-12 08:46:37,988 Train Loss: 0.7037010, Val Loss: 0.1496561
2025-05-12 08:46:37,989 Epoch 155/500
2025-05-12 08:50:37,060 Current Learning Rate: 0.0007810417
2025-05-12 08:50:37,061 Train Loss: 0.7000458, Val Loss: 0.1502708
2025-05-12 08:50:37,061 Epoch 156/500
2025-05-12 08:54:34,706 Current Learning Rate: 0.0007784378
2025-05-12 08:54:34,707 Train Loss: 0.7014202, Val Loss: 0.1512197
2025-05-12 08:54:34,707 Epoch 157/500
2025-05-12 08:58:32,815 Current Learning Rate: 0.0007758229
2025-05-12 08:58:32,816 Train Loss: 0.7021614, Val Loss: 0.1494558
2025-05-12 08:58:32,816 Epoch 158/500
2025-05-12 09:02:32,413 Current Learning Rate: 0.0007731972
2025-05-12 09:02:32,414 Train Loss: 0.6947633, Val Loss: 0.1485665
2025-05-12 09:02:32,414 Epoch 159/500
2025-05-12 09:06:30,435 Current Learning Rate: 0.0007705606
2025-05-12 09:06:30,435 Train Loss: 0.6910395, Val Loss: 0.1482719
2025-05-12 09:06:30,436 Epoch 160/500
2025-05-12 09:10:29,005 Current Learning Rate: 0.0007679134
2025-05-12 09:10:29,006 Train Loss: 0.6903287, Val Loss: 0.1486646
2025-05-12 09:10:29,006 Epoch 161/500
2025-05-12 09:14:28,733 Current Learning Rate: 0.0007652556
2025-05-12 09:14:28,733 Train Loss: 0.6935184, Val Loss: 0.1488404
2025-05-12 09:14:28,734 Epoch 162/500
2025-05-12 09:18:28,578 Current Learning Rate: 0.0007625873
2025-05-12 09:18:28,578 Train Loss: 0.7023656, Val Loss: 0.1527320
2025-05-12 09:18:28,579 Epoch 163/500
2025-05-12 09:22:28,136 Current Learning Rate: 0.0007599087
2025-05-12 09:22:28,137 Train Loss: 0.6948656, Val Loss: 0.1482564
2025-05-12 09:22:28,137 Epoch 164/500
2025-05-12 09:26:27,716 Current Learning Rate: 0.0007572198
2025-05-12 09:26:27,717 Train Loss: 0.6899748, Val Loss: 0.1482977
2025-05-12 09:26:27,717 Epoch 165/500
2025-05-12 09:30:27,436 Current Learning Rate: 0.0007545207
2025-05-12 09:30:27,437 Train Loss: 0.6893468, Val Loss: 0.1487841
2025-05-12 09:30:27,437 Epoch 166/500
2025-05-12 09:34:25,719 Current Learning Rate: 0.0007518116
2025-05-12 09:34:25,719 Train Loss: 0.6921750, Val Loss: 0.1487033
2025-05-12 09:34:25,720 Epoch 167/500
2025-05-12 09:38:24,921 Current Learning Rate: 0.0007490926
2025-05-12 09:38:24,921 Train Loss: 0.6907214, Val Loss: 0.1485825
2025-05-12 09:38:24,922 Epoch 168/500
2025-05-12 09:42:22,329 Current Learning Rate: 0.0007463637
2025-05-12 09:42:22,330 Train Loss: 0.6912115, Val Loss: 0.1492934
2025-05-12 09:42:22,330 Epoch 169/500
2025-05-12 09:46:19,559 Current Learning Rate: 0.0007436251
2025-05-12 09:46:19,560 Train Loss: 0.7137243, Val Loss: 0.1498802
2025-05-12 09:46:19,560 Epoch 170/500
2025-05-12 09:50:17,069 Current Learning Rate: 0.0007408768
2025-05-12 09:50:17,070 Train Loss: 0.7035272, Val Loss: 0.1525272
2025-05-12 09:50:17,070 Epoch 171/500
2025-05-12 09:54:15,433 Current Learning Rate: 0.0007381191
2025-05-12 09:54:15,433 Train Loss: 0.7102474, Val Loss: 0.1495130
2025-05-12 09:54:15,434 Epoch 172/500
2025-05-12 09:58:14,651 Current Learning Rate: 0.0007353520
2025-05-12 09:58:14,652 Train Loss: 0.6928303, Val Loss: 0.1486782
2025-05-12 09:58:14,652 Epoch 173/500
2025-05-12 10:02:15,246 Current Learning Rate: 0.0007325755
2025-05-12 10:02:15,247 Train Loss: 0.6906070, Val Loss: 0.1488239
2025-05-12 10:02:15,247 Epoch 174/500
2025-05-12 10:06:14,005 Current Learning Rate: 0.0007297899
2025-05-12 10:06:14,005 Train Loss: 0.6934215, Val Loss: 0.1487938
2025-05-12 10:06:14,006 Epoch 175/500
2025-05-12 10:10:13,827 Current Learning Rate: 0.0007269952
2025-05-12 10:10:13,827 Train Loss: 0.7296099, Val Loss: 0.1514926
2025-05-12 10:10:13,828 Epoch 176/500
2025-05-12 10:14:13,446 Current Learning Rate: 0.0007241916
2025-05-12 10:14:13,447 Train Loss: 0.6982763, Val Loss: 0.1497082
2025-05-12 10:14:13,447 Epoch 177/500
2025-05-12 10:18:11,705 Current Learning Rate: 0.0007213791
2025-05-12 10:18:11,705 Train Loss: 0.6967269, Val Loss: 0.1492807
2025-05-12 10:18:11,706 Epoch 178/500
2025-05-12 10:22:10,505 Current Learning Rate: 0.0007185579
2025-05-12 10:22:10,506 Train Loss: 0.6927763, Val Loss: 0.1489394
2025-05-12 10:22:10,506 Epoch 179/500
2025-05-12 10:26:09,502 Current Learning Rate: 0.0007157280
2025-05-12 10:26:09,503 Train Loss: 0.6916954, Val Loss: 0.1488759
2025-05-12 10:26:09,503 Epoch 180/500
2025-05-12 10:30:09,837 Current Learning Rate: 0.0007128896
2025-05-12 10:30:09,837 Train Loss: 0.6946267, Val Loss: 0.1494238
2025-05-12 10:30:09,838 Epoch 181/500
2025-05-12 10:34:09,679 Current Learning Rate: 0.0007100429
2025-05-12 10:34:09,679 Train Loss: 0.6959290, Val Loss: 0.1497339
2025-05-12 10:34:09,680 Epoch 182/500
2025-05-12 10:38:09,175 Current Learning Rate: 0.0007071878
2025-05-12 10:38:09,175 Train Loss: 0.7251632, Val Loss: 0.1516433
2025-05-12 10:38:09,176 Epoch 183/500
2025-05-12 10:42:06,581 Current Learning Rate: 0.0007043245
2025-05-12 10:42:06,581 Train Loss: 0.7005391, Val Loss: 0.1500273
2025-05-12 10:42:06,582 Epoch 184/500
2025-05-12 10:46:06,807 Current Learning Rate: 0.0007014532
2025-05-12 10:46:06,807 Train Loss: 0.6936304, Val Loss: 0.1490023
2025-05-12 10:46:06,808 Epoch 185/500
2025-05-12 10:50:07,200 Current Learning Rate: 0.0006985739
2025-05-12 10:50:07,201 Train Loss: 0.6932583, Val Loss: 0.1494005
2025-05-12 10:50:07,201 Epoch 186/500
2025-05-12 10:54:06,758 Current Learning Rate: 0.0006956868
2025-05-12 10:54:06,759 Train Loss: 0.6946685, Val Loss: 0.1521941
2025-05-12 10:54:06,759 Epoch 187/500
2025-05-12 10:58:04,033 Current Learning Rate: 0.0006927920
2025-05-12 10:58:04,033 Train Loss: 0.7259156, Val Loss: 0.1502084
2025-05-12 10:58:04,034 Epoch 188/500
2025-05-12 11:02:03,183 Current Learning Rate: 0.0006898895
2025-05-12 11:02:03,184 Train Loss: 0.6944766, Val Loss: 0.1490871
2025-05-12 11:02:03,184 Epoch 189/500
2025-05-12 11:06:03,328 Current Learning Rate: 0.0006869796
2025-05-12 11:06:03,329 Train Loss: 0.6940596, Val Loss: 0.1500565
2025-05-12 11:06:03,329 Epoch 190/500
2025-05-12 11:10:02,667 Current Learning Rate: 0.0006840623
2025-05-12 11:10:02,668 Train Loss: 0.6938051, Val Loss: 0.1486843
2025-05-12 11:10:02,668 Epoch 191/500
2025-05-12 11:14:00,130 Current Learning Rate: 0.0006811377
2025-05-12 11:14:00,130 Train Loss: 0.6918674, Val Loss: 0.1488977
2025-05-12 11:14:00,131 Epoch 192/500
2025-05-12 11:17:58,903 Current Learning Rate: 0.0006782059
2025-05-12 11:17:58,904 Train Loss: 0.6925014, Val Loss: 0.1493284
2025-05-12 11:17:58,904 Epoch 193/500
2025-05-12 11:21:56,997 Current Learning Rate: 0.0006752672
2025-05-12 11:21:56,997 Train Loss: 0.7672506, Val Loss: 0.1614760
2025-05-12 11:21:56,998 Epoch 194/500
2025-05-12 11:25:55,959 Current Learning Rate: 0.0006723215
2025-05-12 11:25:55,959 Train Loss: 0.7360156, Val Loss: 0.1539878
2025-05-12 11:25:55,959 Epoch 195/500
2025-05-12 11:29:54,335 Current Learning Rate: 0.0006693690
2025-05-12 11:29:54,335 Train Loss: 0.7146268, Val Loss: 0.1518580
2025-05-12 11:29:54,336 Epoch 196/500
2025-05-12 11:33:53,414 Current Learning Rate: 0.0006664098
2025-05-12 11:33:53,415 Train Loss: 0.7069846, Val Loss: 0.1522036
2025-05-12 11:33:53,415 Epoch 197/500
2025-05-12 11:37:52,424 Current Learning Rate: 0.0006634440
2025-05-12 11:37:52,424 Train Loss: 0.7089191, Val Loss: 0.1515846
2025-05-12 11:37:52,425 Epoch 198/500
2025-05-12 11:41:50,888 Current Learning Rate: 0.0006604718
2025-05-12 11:41:50,889 Train Loss: 0.7045534, Val Loss: 0.1506273
2025-05-12 11:41:50,889 Epoch 199/500
2025-05-12 11:45:49,487 Current Learning Rate: 0.0006574933
2025-05-12 11:45:49,487 Train Loss: 0.7075567, Val Loss: 0.1514382
2025-05-12 11:45:49,487 Epoch 200/500
2025-05-12 11:49:48,927 Current Learning Rate: 0.0006545085
2025-05-12 11:49:48,955 Saved periodic model at epoch 200 to /jizhicfs/easyluwu/ocean_project/NeurIPS_2025_wuhao/checkpoints/KNO_0511_McWilliams2d_epoch_200.pth
2025-05-12 11:49:48,956 Train Loss: 0.7023663, Val Loss: 0.1501208
2025-05-12 11:49:48,956 Epoch 201/500
2025-05-12 11:53:46,473 Current Learning Rate: 0.0006515176
2025-05-12 11:53:46,474 Train Loss: 0.7274472, Val Loss: 0.1517570
2025-05-12 11:53:46,474 Epoch 202/500
2025-05-12 11:57:43,079 Current Learning Rate: 0.0006485208
2025-05-12 11:57:43,080 Train Loss: 0.7120417, Val Loss: 0.1504590
2025-05-12 11:57:43,080 Epoch 203/500
2025-05-12 12:01:41,769 Current Learning Rate: 0.0006455181
2025-05-12 12:01:41,770 Train Loss: 0.6978084, Val Loss: 0.1493440
2025-05-12 12:01:41,770 Epoch 204/500
2025-05-12 12:05:41,148 Current Learning Rate: 0.0006425096
2025-05-12 12:05:41,148 Train Loss: 0.6951899, Val Loss: 0.1492250
2025-05-12 12:05:41,149 Epoch 205/500
2025-05-12 12:09:40,407 Current Learning Rate: 0.0006394956
2025-05-12 12:09:40,408 Train Loss: 0.6958930, Val Loss: 0.1494421
2025-05-12 12:09:40,408 Epoch 206/500
2025-05-12 12:13:40,415 Current Learning Rate: 0.0006364760
2025-05-12 12:13:40,416 Train Loss: 0.6914868, Val Loss: 0.1485157
2025-05-12 12:13:40,416 Epoch 207/500
2025-05-12 12:18:00,392 Current Learning Rate: 0.0006334510
2025-05-12 12:18:00,392 Train Loss: 0.6894099, Val Loss: 0.1482751
2025-05-12 12:18:00,392 Epoch 208/500
2025-05-12 12:24:23,387 Current Learning Rate: 0.0006304208
2025-05-12 12:24:23,387 Train Loss: 0.6881505, Val Loss: 0.1481132
2025-05-12 12:24:23,388 Epoch 209/500
2025-05-12 12:34:10,288 Current Learning Rate: 0.0006273854
2025-05-12 12:34:10,288 Train Loss: 0.6881898, Val Loss: 0.1480188
2025-05-12 12:34:10,289 Epoch 210/500
2025-05-12 12:44:00,831 Current Learning Rate: 0.0006243449
2025-05-12 12:44:00,831 Train Loss: 0.6891542, Val Loss: 0.1483185
2025-05-12 12:44:00,832 Epoch 211/500
2025-05-12 12:53:45,421 Current Learning Rate: 0.0006212996
2025-05-12 12:53:45,422 Train Loss: 0.6888412, Val Loss: 0.1489233
2025-05-12 12:53:45,422 Epoch 212/500
2025-05-12 13:03:35,890 Current Learning Rate: 0.0006182495
2025-05-12 13:03:35,891 Train Loss: 0.6915938, Val Loss: 0.1480601
2025-05-12 13:03:35,891 Epoch 213/500
2025-05-12 13:13:26,512 Current Learning Rate: 0.0006151947
2025-05-12 13:13:26,512 Train Loss: 0.6893134, Val Loss: 0.1480698
2025-05-12 13:13:26,513 Epoch 214/500
2025-05-12 13:23:14,700 Current Learning Rate: 0.0006121354
2025-05-12 13:23:14,701 Train Loss: 0.6889436, Val Loss: 0.1483575
2025-05-12 13:23:14,701 Epoch 215/500
2025-05-12 13:33:52,913 Current Learning Rate: 0.0006090716
2025-05-12 13:33:52,913 Train Loss: 0.6908725, Val Loss: 0.1490513
2025-05-12 13:33:52,914 Epoch 216/500
2025-05-12 13:50:32,630 Current Learning Rate: 0.0006060036
2025-05-12 13:50:32,631 Train Loss: 0.6907898, Val Loss: 0.1483373
2025-05-12 13:50:32,632 Epoch 217/500
2025-05-12 14:07:32,950 Current Learning Rate: 0.0006029313
2025-05-12 14:07:32,950 Train Loss: 0.6931899, Val Loss: 0.1574190
2025-05-12 14:07:32,951 Epoch 218/500
2025-05-12 14:24:14,991 Current Learning Rate: 0.0005998550
2025-05-12 14:24:14,991 Train Loss: 0.7081342, Val Loss: 0.1485265
2025-05-12 14:24:14,992 Epoch 219/500
2025-05-12 14:38:11,628 Current Learning Rate: 0.0005967747
2025-05-12 14:38:11,629 Train Loss: 0.6938889, Val Loss: 0.1491210
2025-05-12 14:38:11,629 Epoch 220/500
2025-05-12 14:49:14,190 Current Learning Rate: 0.0005936907
2025-05-12 14:49:14,191 Train Loss: 0.6880885, Val Loss: 0.1479450
2025-05-12 14:49:14,195 Epoch 221/500
2025-05-12 14:59:57,143 Current Learning Rate: 0.0005906029
2025-05-12 14:59:57,144 Train Loss: 0.6884736, Val Loss: 0.1499882
2025-05-12 14:59:57,144 Epoch 222/500
2025-05-12 15:10:34,691 Current Learning Rate: 0.0005875115
2025-05-12 15:10:34,691 Train Loss: 0.6952459, Val Loss: 0.1486566
2025-05-12 15:10:34,692 Epoch 223/500
2025-05-12 15:21:15,877 Current Learning Rate: 0.0005844167
2025-05-12 15:21:15,905 Train Loss: 0.6875510, Val Loss: 0.1476350
2025-05-12 15:21:15,905 Epoch 224/500
2025-05-12 15:31:56,092 Current Learning Rate: 0.0005813186
2025-05-12 15:31:56,093 Train Loss: 0.6860329, Val Loss: 0.1481901
2025-05-12 15:31:56,093 Epoch 225/500
2025-05-12 15:42:45,644 Current Learning Rate: 0.0005782172
2025-05-12 15:42:45,645 Train Loss: 0.6939147, Val Loss: 0.1500814
2025-05-12 15:42:45,645 Epoch 226/500
2025-05-12 15:53:33,016 Current Learning Rate: 0.0005751128
2025-05-12 15:53:33,016 Train Loss: 0.7005172, Val Loss: 0.1496149
2025-05-12 15:53:33,016 Epoch 227/500
2025-05-12 16:04:18,768 Current Learning Rate: 0.0005720054
2025-05-12 16:04:18,768 Train Loss: 0.6929517, Val Loss: 0.1493617
2025-05-12 16:04:18,769 Epoch 228/500
2025-05-12 16:15:00,414 Current Learning Rate: 0.0005688951
2025-05-12 16:15:00,415 Train Loss: 0.7028538, Val Loss: 0.1525478
2025-05-12 16:15:00,415 Epoch 229/500
2025-05-12 16:25:48,775 Current Learning Rate: 0.0005657822
2025-05-12 16:25:48,776 Train Loss: 0.7006297, Val Loss: 0.1500815
2025-05-12 16:25:48,776 Epoch 230/500
2025-05-12 16:36:31,150 Current Learning Rate: 0.0005626666
2025-05-12 16:36:31,151 Train Loss: 0.6939485, Val Loss: 0.1480446
2025-05-12 16:36:31,151 Epoch 231/500
2025-05-12 16:47:07,685 Current Learning Rate: 0.0005595486
2025-05-12 16:47:07,685 Train Loss: 0.6877699, Val Loss: 0.1480202
2025-05-12 16:47:07,686 Epoch 232/500
2025-05-12 16:57:37,600 Current Learning Rate: 0.0005564282
2025-05-12 16:57:37,600 Train Loss: 0.6912960, Val Loss: 0.1482418
2025-05-12 16:57:37,600 Epoch 233/500
2025-05-12 17:01:44,655 Current Learning Rate: 0.0005533056
2025-05-12 17:01:44,656 Train Loss: 0.6877717, Val Loss: 0.1482218
2025-05-12 17:01:44,656 Epoch 234/500
2025-05-12 17:05:42,551 Current Learning Rate: 0.0005501809
2025-05-12 17:05:42,551 Train Loss: 0.7009050, Val Loss: 0.1509937
2025-05-12 17:05:42,552 Epoch 235/500
2025-05-12 17:09:40,219 Current Learning Rate: 0.0005470542
2025-05-12 17:09:40,220 Train Loss: 0.6928782, Val Loss: 0.1484016
2025-05-12 17:09:40,220 Epoch 236/500
2025-05-12 17:13:40,464 Current Learning Rate: 0.0005439256
2025-05-12 17:13:40,464 Train Loss: 0.6890546, Val Loss: 0.1477883
2025-05-12 17:13:40,465 Epoch 237/500
2025-05-12 17:17:40,690 Current Learning Rate: 0.0005407953
2025-05-12 17:17:40,691 Train Loss: 0.7004170, Val Loss: 0.1513171
2025-05-12 17:17:40,691 Epoch 238/500
2025-05-12 17:21:41,537 Current Learning Rate: 0.0005376634
2025-05-12 17:21:41,537 Train Loss: 0.7274451, Val Loss: 0.1680460
2025-05-12 17:21:41,538 Epoch 239/500
2025-05-12 17:25:42,094 Current Learning Rate: 0.0005345300
2025-05-12 17:25:42,094 Train Loss: 0.7309007, Val Loss: 0.1516521
2025-05-12 17:25:42,095 Epoch 240/500
2025-05-12 17:29:41,787 Current Learning Rate: 0.0005313953
2025-05-12 17:29:41,787 Train Loss: 0.7028578, Val Loss: 0.1494692
2025-05-12 17:29:41,788 Epoch 241/500
2025-05-12 17:33:41,142 Current Learning Rate: 0.0005282593
2025-05-12 17:33:41,142 Train Loss: 0.6953839, Val Loss: 0.1488802
2025-05-12 17:33:41,142 Epoch 242/500
2025-05-12 17:37:39,738 Current Learning Rate: 0.0005251222
2025-05-12 17:37:39,739 Train Loss: 0.6925439, Val Loss: 0.1481642
2025-05-12 17:37:39,739 Epoch 243/500
2025-05-12 17:41:39,314 Current Learning Rate: 0.0005219841
2025-05-12 17:41:39,314 Train Loss: 0.6899598, Val Loss: 0.1479387
2025-05-12 17:41:39,314 Epoch 244/500
2025-05-12 17:45:38,925 Current Learning Rate: 0.0005188451
2025-05-12 17:45:38,925 Train Loss: 0.6879889, Val Loss: 0.1477559
2025-05-12 17:45:38,925 Epoch 245/500
2025-05-12 17:49:37,763 Current Learning Rate: 0.0005157054
2025-05-12 17:49:37,763 Train Loss: 0.6876053, Val Loss: 0.1482285
2025-05-12 17:49:37,764 Epoch 246/500
2025-05-12 17:53:38,233 Current Learning Rate: 0.0005125650
2025-05-12 17:53:38,234 Train Loss: 0.6916781, Val Loss: 0.1487404
2025-05-12 17:53:38,234 Epoch 247/500
2025-05-12 17:57:37,614 Current Learning Rate: 0.0005094242
2025-05-12 17:57:37,615 Train Loss: 0.6972828, Val Loss: 0.1489623
2025-05-12 17:57:37,615 Epoch 248/500
2025-05-12 18:01:37,718 Current Learning Rate: 0.0005062830
2025-05-12 18:01:37,718 Train Loss: 0.6881647, Val Loss: 0.1476430
2025-05-12 18:01:37,719 Epoch 249/500
2025-05-12 18:05:37,548 Current Learning Rate: 0.0005031416
2025-05-12 18:05:37,574 Train Loss: 0.6857027, Val Loss: 0.1474882
2025-05-12 18:05:37,574 Epoch 250/500
2025-05-12 18:09:38,124 Current Learning Rate: 0.0005000000
2025-05-12 18:09:38,153 Saved periodic model at epoch 250 to /jizhicfs/easyluwu/ocean_project/NeurIPS_2025_wuhao/checkpoints/KNO_0511_McWilliams2d_epoch_250.pth
2025-05-12 18:09:38,153 Train Loss: 0.6853159, Val Loss: 0.1475047
2025-05-12 18:09:38,154 Epoch 251/500
2025-05-12 18:13:37,516 Current Learning Rate: 0.0004968584
2025-05-12 18:13:37,517 Train Loss: 0.6850545, Val Loss: 0.1477278
2025-05-12 18:13:37,517 Epoch 252/500
2025-05-12 18:17:36,482 Current Learning Rate: 0.0004937170
2025-05-12 18:17:36,482 Train Loss: 0.6857812, Val Loss: 0.1479576
2025-05-12 18:17:36,482 Epoch 253/500
2025-05-12 18:21:35,772 Current Learning Rate: 0.0004905758
2025-05-12 18:21:35,772 Train Loss: 0.6847907, Val Loss: 0.1476161
2025-05-12 18:21:35,773 Epoch 254/500
2025-05-12 18:25:36,038 Current Learning Rate: 0.0004874350
2025-05-12 18:25:36,038 Train Loss: 0.6846313, Val Loss: 0.1479656
2025-05-12 18:25:36,038 Epoch 255/500
2025-05-12 18:29:35,658 Current Learning Rate: 0.0004842946
2025-05-12 18:29:35,683 Train Loss: 0.6865569, Val Loss: 0.1474121
2025-05-12 18:29:35,683 Epoch 256/500
2025-05-12 18:33:36,691 Current Learning Rate: 0.0004811549
2025-05-12 18:33:36,692 Train Loss: 0.6851403, Val Loss: 0.1474305
2025-05-12 18:33:36,692 Epoch 257/500
2025-05-12 18:37:37,259 Current Learning Rate: 0.0004780159
2025-05-12 18:37:37,260 Train Loss: 0.6842793, Val Loss: 0.1479586
2025-05-12 18:37:37,260 Epoch 258/500
2025-05-12 18:41:37,587 Current Learning Rate: 0.0004748778
2025-05-12 18:41:37,588 Train Loss: 0.6868480, Val Loss: 0.1482184
2025-05-12 18:41:37,588 Epoch 259/500
2025-05-12 18:45:39,314 Current Learning Rate: 0.0004717407
2025-05-12 18:45:39,315 Train Loss: 0.6910653, Val Loss: 0.1512716
2025-05-12 18:45:39,315 Epoch 260/500
2025-05-12 18:49:39,620 Current Learning Rate: 0.0004686047
2025-05-12 18:49:39,620 Train Loss: 0.7000271, Val Loss: 0.1499190
2025-05-12 18:49:39,620 Epoch 261/500
2025-05-12 18:53:39,378 Current Learning Rate: 0.0004654700
2025-05-12 18:53:39,378 Train Loss: 0.7123913, Val Loss: 0.1488981
2025-05-12 18:53:39,378 Epoch 262/500
2025-05-12 18:57:39,275 Current Learning Rate: 0.0004623366
2025-05-12 18:57:39,276 Train Loss: 0.6910054, Val Loss: 0.1483772
2025-05-12 18:57:39,276 Epoch 263/500
2025-05-12 19:01:38,111 Current Learning Rate: 0.0004592047
2025-05-12 19:01:38,111 Train Loss: 0.6920280, Val Loss: 0.1484976
2025-05-12 19:01:38,112 Epoch 264/500
2025-05-12 19:05:39,526 Current Learning Rate: 0.0004560744
2025-05-12 19:05:39,528 Train Loss: 0.6865404, Val Loss: 0.1479246
2025-05-12 19:05:39,528 Epoch 265/500
2025-05-12 19:09:39,972 Current Learning Rate: 0.0004529458
2025-05-12 19:09:39,974 Train Loss: 0.6857339, Val Loss: 0.1478105
2025-05-12 19:09:39,974 Epoch 266/500
2025-05-12 19:13:40,098 Current Learning Rate: 0.0004498191
2025-05-12 19:13:40,099 Train Loss: 0.6870498, Val Loss: 0.1481617
2025-05-12 19:13:40,099 Epoch 267/500
2025-05-12 19:17:40,037 Current Learning Rate: 0.0004466944
2025-05-12 19:17:40,038 Train Loss: 0.6884226, Val Loss: 0.1491538
2025-05-12 19:17:40,038 Epoch 268/500
2025-05-12 19:21:38,182 Current Learning Rate: 0.0004435718
2025-05-12 19:21:38,182 Train Loss: 0.7123901, Val Loss: 0.1520847
2025-05-12 19:21:38,182 Epoch 269/500
2025-05-12 19:25:38,188 Current Learning Rate: 0.0004404514
2025-05-12 19:25:38,188 Train Loss: 0.7125455, Val Loss: 0.1534993
2025-05-12 19:25:38,188 Epoch 270/500
2025-05-12 19:29:39,172 Current Learning Rate: 0.0004373334
2025-05-12 19:29:39,173 Train Loss: 0.7064867, Val Loss: 0.1492277
2025-05-12 19:29:39,173 Epoch 271/500
2025-05-12 19:33:39,247 Current Learning Rate: 0.0004342178
2025-05-12 19:33:39,248 Train Loss: 0.6918203, Val Loss: 0.1484736
2025-05-12 19:33:39,248 Epoch 272/500
2025-05-12 19:37:39,206 Current Learning Rate: 0.0004311049
2025-05-12 19:37:39,206 Train Loss: 0.6897073, Val Loss: 0.1482821
2025-05-12 19:37:39,206 Epoch 273/500
2025-05-12 19:41:38,662 Current Learning Rate: 0.0004279946
2025-05-12 19:41:38,663 Train Loss: 0.6889498, Val Loss: 0.1480447
2025-05-12 19:41:38,663 Epoch 274/500
2025-05-12 19:45:38,451 Current Learning Rate: 0.0004248872
2025-05-12 19:45:38,451 Train Loss: 0.6881976, Val Loss: 0.1488874
2025-05-12 19:45:38,452 Epoch 275/500
2025-05-12 19:49:38,662 Current Learning Rate: 0.0004217828
2025-05-12 19:49:38,662 Train Loss: 0.6906069, Val Loss: 0.1480034
2025-05-12 19:49:38,662 Epoch 276/500
2025-05-12 19:53:39,350 Current Learning Rate: 0.0004186814
2025-05-12 19:53:39,351 Train Loss: 0.6896948, Val Loss: 0.1493022
2025-05-12 19:53:39,351 Epoch 277/500
2025-05-12 19:57:39,622 Current Learning Rate: 0.0004155833
2025-05-12 19:57:39,623 Train Loss: 0.6917212, Val Loss: 0.1483242
2025-05-12 19:57:39,623 Epoch 278/500
2025-05-12 20:01:39,636 Current Learning Rate: 0.0004124885
2025-05-12 20:01:39,636 Train Loss: 0.7007998, Val Loss: 0.1517305
2025-05-12 20:01:39,637 Epoch 279/500
2025-05-12 20:05:39,278 Current Learning Rate: 0.0004093971
2025-05-12 20:05:39,279 Train Loss: 0.6987797, Val Loss: 0.1492794
2025-05-12 20:05:39,279 Epoch 280/500
2025-05-12 20:09:39,487 Current Learning Rate: 0.0004063093
2025-05-12 20:09:39,488 Train Loss: 0.6924159, Val Loss: 0.1487806
2025-05-12 20:09:39,488 Epoch 281/500
2025-05-12 20:13:39,996 Current Learning Rate: 0.0004032253
2025-05-12 20:13:39,997 Train Loss: 0.6897476, Val Loss: 0.1483495
2025-05-12 20:13:39,997 Epoch 282/500
2025-05-12 20:17:39,916 Current Learning Rate: 0.0004001450
2025-05-12 20:17:39,916 Train Loss: 0.6920936, Val Loss: 0.1491770
2025-05-12 20:17:39,916 Epoch 283/500
2025-05-12 20:21:40,127 Current Learning Rate: 0.0003970687
2025-05-12 20:21:40,127 Train Loss: 0.6999483, Val Loss: 0.1510097
2025-05-12 20:21:40,128 Epoch 284/500
2025-05-12 20:25:39,027 Current Learning Rate: 0.0003939964
2025-05-12 20:25:39,028 Train Loss: 0.6915986, Val Loss: 0.1480610
2025-05-12 20:25:39,028 Epoch 285/500
2025-05-12 20:29:39,395 Current Learning Rate: 0.0003909284
2025-05-12 20:29:39,396 Train Loss: 0.7102710, Val Loss: 0.1518911
2025-05-12 20:29:39,396 Epoch 286/500
2025-05-12 20:33:40,805 Current Learning Rate: 0.0003878646
2025-05-12 20:33:40,805 Train Loss: 0.7049182, Val Loss: 0.1553499
2025-05-12 20:33:40,806 Epoch 287/500
2025-05-12 20:37:40,959 Current Learning Rate: 0.0003848053
2025-05-12 20:37:40,959 Train Loss: 0.7268366, Val Loss: 0.1499786
2025-05-12 20:37:40,959 Epoch 288/500
2025-05-12 20:41:41,818 Current Learning Rate: 0.0003817505
2025-05-12 20:41:41,818 Train Loss: 0.6933479, Val Loss: 0.1485270
2025-05-12 20:41:41,819 Epoch 289/500
2025-05-12 20:45:44,505 Current Learning Rate: 0.0003787004
2025-05-12 20:45:44,505 Train Loss: 0.6896866, Val Loss: 0.1483509
2025-05-12 20:45:44,506 Epoch 290/500
2025-05-12 20:49:45,617 Current Learning Rate: 0.0003756551
2025-05-12 20:49:45,617 Train Loss: 0.6890414, Val Loss: 0.1481896
2025-05-12 20:49:45,618 Epoch 291/500
2025-05-12 20:53:46,218 Current Learning Rate: 0.0003726146
2025-05-12 20:53:46,218 Train Loss: 0.6887858, Val Loss: 0.1483521
2025-05-12 20:53:46,218 Epoch 292/500
2025-05-12 20:57:47,231 Current Learning Rate: 0.0003695792
2025-05-12 20:57:47,231 Train Loss: 0.6889446, Val Loss: 0.1481499
2025-05-12 20:57:47,232 Epoch 293/500
2025-05-12 21:01:48,007 Current Learning Rate: 0.0003665490
2025-05-12 21:01:48,007 Train Loss: 0.6880064, Val Loss: 0.1480705
2025-05-12 21:01:48,007 Epoch 294/500
2025-05-12 21:05:48,676 Current Learning Rate: 0.0003635240
2025-05-12 21:05:48,677 Train Loss: 0.6874840, Val Loss: 0.1479856
2025-05-12 21:05:48,677 Epoch 295/500
2025-05-12 21:09:48,430 Current Learning Rate: 0.0003605044
2025-05-12 21:09:48,430 Train Loss: 0.6867044, Val Loss: 0.1481589
2025-05-12 21:09:48,431 Epoch 296/500
2025-05-12 21:13:50,495 Current Learning Rate: 0.0003574904
2025-05-12 21:13:50,496 Train Loss: 0.6872506, Val Loss: 0.1481263
2025-05-12 21:13:50,497 Epoch 297/500
2025-05-12 21:17:51,673 Current Learning Rate: 0.0003544819
2025-05-12 21:17:51,673 Train Loss: 0.6883825, Val Loss: 0.1482555
2025-05-12 21:17:51,673 Epoch 298/500
2025-05-12 21:21:53,238 Current Learning Rate: 0.0003514792
2025-05-12 21:21:53,239 Train Loss: 0.6912616, Val Loss: 0.1486865
2025-05-12 21:21:53,239 Epoch 299/500
2025-05-12 21:25:55,795 Current Learning Rate: 0.0003484824
2025-05-12 21:25:55,795 Train Loss: 0.6888603, Val Loss: 0.1482845
2025-05-12 21:25:55,795 Epoch 300/500
2025-05-12 21:29:56,290 Current Learning Rate: 0.0003454915
2025-05-12 21:29:56,316 Saved periodic model at epoch 300 to /jizhicfs/easyluwu/ocean_project/NeurIPS_2025_wuhao/checkpoints/KNO_0511_McWilliams2d_epoch_300.pth
2025-05-12 21:29:56,317 Train Loss: 0.6889477, Val Loss: 0.1484086
2025-05-12 21:29:56,317 Epoch 301/500
2025-05-12 21:33:56,282 Current Learning Rate: 0.0003425067
2025-05-12 21:33:56,283 Train Loss: 0.6877482, Val Loss: 0.1482530
2025-05-12 21:33:56,283 Epoch 302/500
2025-05-12 21:37:55,480 Current Learning Rate: 0.0003395282
2025-05-12 21:37:55,480 Train Loss: 0.6873850, Val Loss: 0.1482802
2025-05-12 21:37:55,480 Epoch 303/500
2025-05-12 21:41:56,739 Current Learning Rate: 0.0003365560
2025-05-12 21:41:56,739 Train Loss: 0.6873693, Val Loss: 0.1485229
2025-05-12 21:41:56,739 Epoch 304/500
2025-05-12 21:45:58,551 Current Learning Rate: 0.0003335902
2025-05-12 21:45:58,552 Train Loss: 0.6870005, Val Loss: 0.1479125
2025-05-12 21:45:58,552 Epoch 305/500
2025-05-12 21:50:00,664 Current Learning Rate: 0.0003306310
2025-05-12 21:50:00,723 Train Loss: 0.6845760, Val Loss: 0.1473569
2025-05-12 21:50:00,723 Epoch 306/500
2025-05-12 21:54:03,050 Current Learning Rate: 0.0003276785
2025-05-12 21:54:03,098 Train Loss: 0.6833350, Val Loss: 0.1471850
2025-05-12 21:54:03,098 Epoch 307/500
2025-05-12 21:58:04,775 Current Learning Rate: 0.0003247328
2025-05-12 21:58:04,805 Train Loss: 0.6824754, Val Loss: 0.1469187
2025-05-12 21:58:04,805 Epoch 308/500
2025-05-12 22:02:04,863 Current Learning Rate: 0.0003217941
2025-05-12 22:02:04,864 Train Loss: 0.6822401, Val Loss: 0.1470045
2025-05-12 22:02:04,864 Epoch 309/500
2025-05-12 22:06:04,809 Current Learning Rate: 0.0003188623
2025-05-12 22:06:04,810 Train Loss: 0.6829054, Val Loss: 0.1481763
2025-05-12 22:06:04,810 Epoch 310/500
2025-05-12 22:10:05,427 Current Learning Rate: 0.0003159377
2025-05-12 22:10:05,427 Train Loss: 0.6864418, Val Loss: 0.1475702
2025-05-12 22:10:05,428 Epoch 311/500
2025-05-12 22:14:07,048 Current Learning Rate: 0.0003130204
2025-05-12 22:14:07,049 Train Loss: 0.6830108, Val Loss: 0.1474157
2025-05-12 22:14:07,049 Epoch 312/500
2025-05-12 22:18:10,121 Current Learning Rate: 0.0003101105
2025-05-12 22:18:10,121 Train Loss: 0.6826292, Val Loss: 0.1471737
2025-05-12 22:18:10,122 Epoch 313/500
2025-05-12 22:22:12,128 Current Learning Rate: 0.0003072080
2025-05-12 22:22:12,128 Train Loss: 0.6826773, Val Loss: 0.1473167
2025-05-12 22:22:12,129 Epoch 314/500
2025-05-12 22:26:10,636 Current Learning Rate: 0.0003043132
2025-05-12 22:26:10,637 Train Loss: 0.6859932, Val Loss: 0.1486570
2025-05-12 22:26:10,637 Epoch 315/500
2025-05-12 22:30:11,208 Current Learning Rate: 0.0003014261
2025-05-12 22:30:11,208 Train Loss: 0.6997138, Val Loss: 0.1546288
2025-05-12 22:30:11,209 Epoch 316/500
2025-05-12 22:34:12,400 Current Learning Rate: 0.0002985468
2025-05-12 22:34:12,400 Train Loss: 0.6975256, Val Loss: 0.1484164
2025-05-12 22:34:12,401 Epoch 317/500
2025-05-12 22:38:15,035 Current Learning Rate: 0.0002956755
2025-05-12 22:38:15,036 Train Loss: 0.8585793, Val Loss: 0.1615180
2025-05-12 22:38:15,036 Epoch 318/500
2025-05-12 22:42:17,633 Current Learning Rate: 0.0002928122
2025-05-12 22:42:17,633 Train Loss: 0.7435548, Val Loss: 0.1570703
2025-05-12 22:42:17,634 Epoch 319/500
2025-05-12 22:46:19,832 Current Learning Rate: 0.0002899571
2025-05-12 22:46:19,833 Train Loss: 0.7317116, Val Loss: 0.1557086
2025-05-12 22:46:19,834 Epoch 320/500
2025-05-12 22:50:21,681 Current Learning Rate: 0.0002871104
2025-05-12 22:50:21,682 Train Loss: 0.7257824, Val Loss: 0.1547896
2025-05-12 22:50:21,682 Epoch 321/500
2025-05-12 22:54:24,096 Current Learning Rate: 0.0002842720
2025-05-12 22:54:24,097 Train Loss: 0.7213560, Val Loss: 0.1539834
2025-05-12 22:54:24,097 Epoch 322/500
2025-05-12 22:58:26,190 Current Learning Rate: 0.0002814421
2025-05-12 22:58:26,190 Train Loss: 0.7177011, Val Loss: 0.1533736
2025-05-12 22:58:26,191 Epoch 323/500
2025-05-12 23:02:26,192 Current Learning Rate: 0.0002786209
2025-05-12 23:02:26,193 Train Loss: 0.7150541, Val Loss: 0.1528486
2025-05-12 23:02:26,193 Epoch 324/500
2025-05-12 23:06:27,324 Current Learning Rate: 0.0002758084
2025-05-12 23:06:27,325 Train Loss: 0.7129185, Val Loss: 0.1524509
2025-05-12 23:06:27,326 Epoch 325/500
2025-05-12 23:10:29,101 Current Learning Rate: 0.0002730048
2025-05-12 23:10:29,102 Train Loss: 0.7106066, Val Loss: 0.1521006
2025-05-12 23:10:29,102 Epoch 326/500
2025-05-12 23:14:31,121 Current Learning Rate: 0.0002702101
2025-05-12 23:14:31,122 Train Loss: 0.7088549, Val Loss: 0.1517026
2025-05-12 23:14:31,122 Epoch 327/500
2025-05-12 23:18:31,404 Current Learning Rate: 0.0002674245
2025-05-12 23:18:31,404 Train Loss: 0.7075839, Val Loss: 0.1517046
2025-05-12 23:18:31,405 Epoch 328/500
2025-05-12 23:22:29,490 Current Learning Rate: 0.0002646480
2025-05-12 23:22:29,490 Train Loss: 0.7060412, Val Loss: 0.1512828
2025-05-12 23:22:29,491 Epoch 329/500
2025-05-12 23:26:29,945 Current Learning Rate: 0.0002618809
2025-05-12 23:26:29,945 Train Loss: 0.7044522, Val Loss: 0.1511025
2025-05-12 23:26:29,946 Epoch 330/500
2025-05-12 23:30:31,809 Current Learning Rate: 0.0002591232
2025-05-12 23:30:31,810 Train Loss: 0.7033473, Val Loss: 0.1509616
2025-05-12 23:30:31,810 Epoch 331/500
2025-05-12 23:34:33,502 Current Learning Rate: 0.0002563749
2025-05-12 23:34:33,502 Train Loss: 0.7023584, Val Loss: 0.1509615
2025-05-12 23:34:33,503 Epoch 332/500
2025-05-12 23:38:36,457 Current Learning Rate: 0.0002536363
2025-05-12 23:38:36,458 Train Loss: 0.7011172, Val Loss: 0.1506236
2025-05-12 23:38:36,459 Epoch 333/500
2025-05-12 23:42:37,689 Current Learning Rate: 0.0002509074
2025-05-12 23:42:37,689 Train Loss: 0.6999362, Val Loss: 0.1503833
2025-05-12 23:42:37,689 Epoch 334/500
2025-05-12 23:46:36,878 Current Learning Rate: 0.0002481884
2025-05-12 23:46:36,878 Train Loss: 0.6992787, Val Loss: 0.1501091
2025-05-12 23:46:36,879 Epoch 335/500
2025-05-12 23:50:38,040 Current Learning Rate: 0.0002454793
2025-05-12 23:50:38,041 Train Loss: 0.6986052, Val Loss: 0.1500310
2025-05-12 23:50:38,041 Epoch 336/500
2025-05-12 23:54:40,983 Current Learning Rate: 0.0002427802
2025-05-12 23:54:40,983 Train Loss: 0.6984299, Val Loss: 0.1499856
2025-05-12 23:54:40,984 Epoch 337/500
2025-05-12 23:58:42,031 Current Learning Rate: 0.0002400913
2025-05-12 23:58:42,031 Train Loss: 0.6981588, Val Loss: 0.1500541
2025-05-12 23:58:42,032 Epoch 338/500
2025-05-13 00:02:43,633 Current Learning Rate: 0.0002374127
2025-05-13 00:02:43,634 Train Loss: 0.6977123, Val Loss: 0.1500897
2025-05-13 00:02:43,634 Epoch 339/500
2025-05-13 00:06:45,198 Current Learning Rate: 0.0002347444
2025-05-13 00:06:45,199 Train Loss: 0.6985669, Val Loss: 0.1509982
2025-05-13 00:06:45,199 Epoch 340/500
2025-05-13 00:10:45,841 Current Learning Rate: 0.0002320866
2025-05-13 00:10:45,842 Train Loss: 0.7056530, Val Loss: 0.1508249
2025-05-13 00:10:45,842 Epoch 341/500
2025-05-13 00:14:45,140 Current Learning Rate: 0.0002294394
2025-05-13 00:14:45,141 Train Loss: 0.6996452, Val Loss: 0.1500321
2025-05-13 00:14:45,141 Epoch 342/500
2025-05-13 00:18:46,340 Current Learning Rate: 0.0002268028
2025-05-13 00:18:46,341 Train Loss: 0.6972965, Val Loss: 0.1497292
2025-05-13 00:18:46,341 Epoch 343/500
2025-05-13 00:22:48,726 Current Learning Rate: 0.0002241771
2025-05-13 00:22:48,727 Train Loss: 0.6953482, Val Loss: 0.1493664
2025-05-13 00:22:48,731 Epoch 344/500
2025-05-13 00:26:49,051 Current Learning Rate: 0.0002215622
2025-05-13 00:26:49,053 Train Loss: 0.6947207, Val Loss: 0.1493697
2025-05-13 00:26:49,053 Epoch 345/500
2025-05-13 00:30:50,659 Current Learning Rate: 0.0002189583
2025-05-13 00:30:50,660 Train Loss: 0.6938788, Val Loss: 0.1494921
2025-05-13 00:30:50,660 Epoch 346/500
2025-05-13 00:34:51,772 Current Learning Rate: 0.0002163655
2025-05-13 00:34:51,773 Train Loss: 0.6957579, Val Loss: 0.1494074
2025-05-13 00:34:51,774 Epoch 347/500
2025-05-13 00:38:52,062 Current Learning Rate: 0.0002137839
2025-05-13 00:38:52,064 Train Loss: 0.6968800, Val Loss: 0.1525327
2025-05-13 00:38:52,064 Epoch 348/500
2025-05-13 00:42:52,690 Current Learning Rate: 0.0002112136
2025-05-13 00:42:52,690 Train Loss: 0.7057469, Val Loss: 0.1498919
2025-05-13 00:42:52,691 Epoch 349/500
2025-05-13 00:46:53,571 Current Learning Rate: 0.0002086548
2025-05-13 00:46:53,571 Train Loss: 0.7018040, Val Loss: 0.1552109
2025-05-13 00:46:53,571 Epoch 350/500
2025-05-13 00:50:53,369 Current Learning Rate: 0.0002061074
2025-05-13 00:50:53,404 Saved periodic model at epoch 350 to /jizhicfs/easyluwu/ocean_project/NeurIPS_2025_wuhao/checkpoints/KNO_0511_McWilliams2d_epoch_350.pth
2025-05-13 00:50:53,405 Train Loss: 0.7079568, Val Loss: 0.1508253
2025-05-13 00:50:53,405 Epoch 351/500
2025-05-13 00:54:54,508 Current Learning Rate: 0.0002035716
2025-05-13 00:54:54,509 Train Loss: 0.6997205, Val Loss: 0.1500695
2025-05-13 00:54:54,509 Epoch 352/500
2025-05-13 00:58:55,075 Current Learning Rate: 0.0002010475
2025-05-13 00:58:55,076 Train Loss: 0.6963660, Val Loss: 0.1491692
2025-05-13 00:58:55,076 Epoch 353/500
2025-05-13 01:02:54,663 Current Learning Rate: 0.0001985352
2025-05-13 01:02:54,664 Train Loss: 0.6933554, Val Loss: 0.1488800
2025-05-13 01:02:54,664 Epoch 354/500
2025-05-13 01:06:54,034 Current Learning Rate: 0.0001960349
2025-05-13 01:06:54,035 Train Loss: 0.6921782, Val Loss: 0.1487820
2025-05-13 01:06:54,035 Epoch 355/500
2025-05-13 01:10:55,549 Current Learning Rate: 0.0001935465
2025-05-13 01:10:55,549 Train Loss: 0.6915261, Val Loss: 0.1485947
2025-05-13 01:10:55,550 Epoch 356/500
2025-05-13 01:14:57,802 Current Learning Rate: 0.0001910702
2025-05-13 01:14:57,803 Train Loss: 0.6903743, Val Loss: 0.1484849
2025-05-13 01:14:57,803 Epoch 357/500
2025-05-13 01:19:00,040 Current Learning Rate: 0.0001886061
2025-05-13 01:19:00,041 Train Loss: 0.6924388, Val Loss: 0.1496354
2025-05-13 01:19:00,041 Epoch 358/500
2025-05-13 01:23:00,562 Current Learning Rate: 0.0001861543
2025-05-13 01:23:00,562 Train Loss: 0.7056359, Val Loss: 0.1506824
2025-05-13 01:23:00,563 Epoch 359/500
2025-05-13 01:27:01,192 Current Learning Rate: 0.0001837149
2025-05-13 01:27:01,193 Train Loss: 0.7210379, Val Loss: 0.1566144
2025-05-13 01:27:01,193 Epoch 360/500
2025-05-13 01:31:03,006 Current Learning Rate: 0.0001812880
2025-05-13 01:31:03,007 Train Loss: 0.7147148, Val Loss: 0.1507111
2025-05-13 01:31:03,009 Epoch 361/500
2025-05-13 01:35:04,360 Current Learning Rate: 0.0001788737
2025-05-13 01:35:04,360 Train Loss: 0.6996431, Val Loss: 0.1500865
2025-05-13 01:35:04,361 Epoch 362/500
2025-05-13 01:39:04,975 Current Learning Rate: 0.0001764720
2025-05-13 01:39:04,975 Train Loss: 0.6976165, Val Loss: 0.1498621
2025-05-13 01:39:04,975 Epoch 363/500
2025-05-13 01:43:07,358 Current Learning Rate: 0.0001740831
2025-05-13 01:43:07,359 Train Loss: 0.6954271, Val Loss: 0.1493818
2025-05-13 01:43:07,359 Epoch 364/500
2025-05-13 01:47:09,269 Current Learning Rate: 0.0001717071
2025-05-13 01:47:09,270 Train Loss: 0.6936487, Val Loss: 0.1492678
2025-05-13 01:47:09,271 Epoch 365/500
2025-05-13 01:51:10,388 Current Learning Rate: 0.0001693441
2025-05-13 01:51:10,389 Train Loss: 0.6927534, Val Loss: 0.1491526
2025-05-13 01:51:10,389 Epoch 366/500
2025-05-13 01:55:10,728 Current Learning Rate: 0.0001669941
2025-05-13 01:55:10,728 Train Loss: 0.6927025, Val Loss: 0.1491748
2025-05-13 01:55:10,729 Epoch 367/500
2025-05-13 01:59:10,923 Current Learning Rate: 0.0001646572
2025-05-13 01:59:10,924 Train Loss: 0.6932398, Val Loss: 0.1493854
2025-05-13 01:59:10,924 Epoch 368/500
2025-05-13 02:03:10,909 Current Learning Rate: 0.0001623336
2025-05-13 02:03:10,909 Train Loss: 0.6936902, Val Loss: 0.1495037
2025-05-13 02:03:10,910 Epoch 369/500
2025-05-13 02:07:09,558 Current Learning Rate: 0.0001600233
2025-05-13 02:07:09,559 Train Loss: 0.6925693, Val Loss: 0.1490353
2025-05-13 02:07:09,559 Epoch 370/500
2025-05-13 02:11:13,055 Current Learning Rate: 0.0001577264
2025-05-13 02:11:13,055 Train Loss: 0.6913068, Val Loss: 0.1489368
2025-05-13 02:11:13,055 Epoch 371/500
2025-05-13 02:15:15,384 Current Learning Rate: 0.0001554431
2025-05-13 02:15:15,385 Train Loss: 0.6932874, Val Loss: 0.1501737
2025-05-13 02:15:15,385 Epoch 372/500
2025-05-13 02:19:17,854 Current Learning Rate: 0.0001531733
2025-05-13 02:19:17,854 Train Loss: 0.6916538, Val Loss: 0.1485303
2025-05-13 02:19:17,854 Epoch 373/500
2025-05-13 02:23:18,922 Current Learning Rate: 0.0001509173
2025-05-13 02:23:18,922 Train Loss: 0.6894135, Val Loss: 0.1485966
2025-05-13 02:23:18,923 Epoch 374/500
2025-05-13 02:27:20,218 Current Learning Rate: 0.0001486750
2025-05-13 02:27:20,218 Train Loss: 0.6903951, Val Loss: 0.1488684
2025-05-13 02:27:20,219 Epoch 375/500
2025-05-13 02:31:22,122 Current Learning Rate: 0.0001464466
2025-05-13 02:31:22,123 Train Loss: 0.6895512, Val Loss: 0.1486022
2025-05-13 02:31:22,123 Epoch 376/500
2025-05-13 02:35:25,820 Current Learning Rate: 0.0001442322
2025-05-13 02:35:25,821 Train Loss: 0.6893011, Val Loss: 0.1487453
2025-05-13 02:35:25,821 Epoch 377/500
2025-05-13 02:39:27,546 Current Learning Rate: 0.0001420318
2025-05-13 02:39:27,546 Train Loss: 0.6892956, Val Loss: 0.1485893
2025-05-13 02:39:27,546 Epoch 378/500
2025-05-13 02:43:27,917 Current Learning Rate: 0.0001398455
2025-05-13 02:43:27,917 Train Loss: 0.6887667, Val Loss: 0.1484690
2025-05-13 02:43:27,918 Epoch 379/500
2025-05-13 02:47:28,423 Current Learning Rate: 0.0001376734
2025-05-13 02:47:28,423 Train Loss: 0.6887010, Val Loss: 0.1485997
2025-05-13 02:47:28,423 Epoch 380/500
2025-05-13 02:51:28,638 Current Learning Rate: 0.0001355157
2025-05-13 02:51:28,639 Train Loss: 0.6890416, Val Loss: 0.1486256
2025-05-13 02:51:28,640 Epoch 381/500
2025-05-13 02:55:29,903 Current Learning Rate: 0.0001333723
2025-05-13 02:55:29,904 Train Loss: 0.6892465, Val Loss: 0.1488079
2025-05-13 02:55:29,904 Epoch 382/500
2025-05-13 02:59:30,298 Current Learning Rate: 0.0001312434
2025-05-13 02:59:30,299 Train Loss: 0.6899019, Val Loss: 0.1490029
2025-05-13 02:59:30,299 Epoch 383/500
2025-05-13 03:03:29,940 Current Learning Rate: 0.0001291291
2025-05-13 03:03:29,941 Train Loss: 0.6915431, Val Loss: 0.1492461
2025-05-13 03:03:29,941 Epoch 384/500
2025-05-13 03:07:30,503 Current Learning Rate: 0.0001270294
2025-05-13 03:07:30,504 Train Loss: 0.7052863, Val Loss: 0.1913437
2025-05-13 03:07:30,504 Epoch 385/500
2025-05-13 03:11:30,107 Current Learning Rate: 0.0001249445
2025-05-13 03:11:30,107 Train Loss: 0.8254220, Val Loss: 0.1614450
2025-05-13 03:11:30,108 Epoch 386/500
2025-05-13 03:15:31,835 Current Learning Rate: 0.0001228743
2025-05-13 03:15:31,836 Train Loss: 0.7480844, Val Loss: 0.1582360
2025-05-13 03:15:31,836 Epoch 387/500
2025-05-13 03:19:34,640 Current Learning Rate: 0.0001208190
2025-05-13 03:19:34,640 Train Loss: 0.7402664, Val Loss: 0.1578358
2025-05-13 03:19:34,641 Epoch 388/500
2025-05-13 03:23:36,685 Current Learning Rate: 0.0001187787
2025-05-13 03:23:36,686 Train Loss: 0.7477096, Val Loss: 0.1567200
2025-05-13 03:23:36,686 Epoch 389/500
2025-05-13 03:27:38,335 Current Learning Rate: 0.0001167535
2025-05-13 03:27:38,336 Train Loss: 0.7315277, Val Loss: 0.1559974
2025-05-13 03:27:38,336 Epoch 390/500
2025-05-13 03:31:40,571 Current Learning Rate: 0.0001147434
2025-05-13 03:31:40,572 Train Loss: 0.7287592, Val Loss: 0.1553553
2025-05-13 03:31:40,572 Epoch 391/500
2025-05-13 03:35:43,463 Current Learning Rate: 0.0001127485
2025-05-13 03:35:43,463 Train Loss: 0.7265910, Val Loss: 0.1551723
2025-05-13 03:35:43,464 Epoch 392/500
2025-05-13 03:39:44,189 Current Learning Rate: 0.0001107688
2025-05-13 03:39:44,189 Train Loss: 0.7251030, Val Loss: 0.1556294
2025-05-13 03:39:44,190 Epoch 393/500
2025-05-13 03:43:44,416 Current Learning Rate: 0.0001088046
2025-05-13 03:43:44,416 Train Loss: 0.7229822, Val Loss: 0.1545540
2025-05-13 03:43:44,417 Epoch 394/500
2025-05-13 03:47:45,295 Current Learning Rate: 0.0001068558
2025-05-13 03:47:45,296 Train Loss: 0.7198566, Val Loss: 0.1540889
2025-05-13 03:47:45,296 Epoch 395/500
2025-05-13 03:51:45,919 Current Learning Rate: 0.0001049225
2025-05-13 03:51:45,919 Train Loss: 0.7176123, Val Loss: 0.1536733
2025-05-13 03:51:45,920 Epoch 396/500
2025-05-13 03:55:46,878 Current Learning Rate: 0.0001030048
2025-05-13 03:55:46,878 Train Loss: 0.7166783, Val Loss: 0.1533733
2025-05-13 03:55:46,878 Epoch 397/500
2025-05-13 03:59:47,230 Current Learning Rate: 0.0001011028
2025-05-13 03:59:47,231 Train Loss: 0.7138386, Val Loss: 0.1528803
2025-05-13 03:59:47,231 Epoch 398/500
2025-05-13 04:03:48,533 Current Learning Rate: 0.0000992165
2025-05-13 04:03:48,533 Train Loss: 0.7121685, Val Loss: 0.1528301
2025-05-13 04:03:48,533 Epoch 399/500
2025-05-13 04:07:48,772 Current Learning Rate: 0.0000973461
2025-05-13 04:07:48,773 Train Loss: 0.7100842, Val Loss: 0.1524566
2025-05-13 04:07:48,773 Epoch 400/500
2025-05-13 04:11:51,910 Current Learning Rate: 0.0000954915
2025-05-13 04:11:51,943 Saved periodic model at epoch 400 to /jizhicfs/easyluwu/ocean_project/NeurIPS_2025_wuhao/checkpoints/KNO_0511_McWilliams2d_epoch_400.pth
2025-05-13 04:11:51,944 Train Loss: 0.7086657, Val Loss: 0.1523315
2025-05-13 04:11:51,944 Epoch 401/500
2025-05-13 04:15:52,609 Current Learning Rate: 0.0000936529
2025-05-13 04:15:52,610 Train Loss: 0.7073914, Val Loss: 0.1519173
2025-05-13 04:15:52,611 Epoch 402/500
2025-05-13 04:19:54,642 Current Learning Rate: 0.0000918304
2025-05-13 04:19:54,643 Train Loss: 0.7063749, Val Loss: 0.1517900
2025-05-13 04:19:54,643 Epoch 403/500
2025-05-13 04:23:55,297 Current Learning Rate: 0.0000900239
2025-05-13 04:23:55,298 Train Loss: 0.7048658, Val Loss: 0.1514337
2025-05-13 04:23:55,298 Epoch 404/500
2025-05-13 04:27:56,326 Current Learning Rate: 0.0000882337
2025-05-13 04:27:56,326 Train Loss: 0.7038804, Val Loss: 0.1512864
2025-05-13 04:27:56,326 Epoch 405/500
2025-05-13 04:31:57,795 Current Learning Rate: 0.0000864597
2025-05-13 04:31:57,796 Train Loss: 0.7037540, Val Loss: 0.1513001
2025-05-13 04:31:57,796 Epoch 406/500
2025-05-13 04:35:59,915 Current Learning Rate: 0.0000847021
2025-05-13 04:35:59,916 Train Loss: 0.7033301, Val Loss: 0.1511817
2025-05-13 04:35:59,917 Epoch 407/500
2025-05-13 04:40:01,058 Current Learning Rate: 0.0000829608
2025-05-13 04:40:01,058 Train Loss: 0.7026366, Val Loss: 0.1510559
2025-05-13 04:40:01,058 Epoch 408/500
2025-05-13 04:44:02,489 Current Learning Rate: 0.0000812360
2025-05-13 04:44:02,489 Train Loss: 0.7019225, Val Loss: 0.1508312
2025-05-13 04:44:02,489 Epoch 409/500
2025-05-13 04:48:02,522 Current Learning Rate: 0.0000795277
2025-05-13 04:48:02,522 Train Loss: 0.7010913, Val Loss: 0.1508217
2025-05-13 04:48:02,523 Epoch 410/500
2025-05-13 04:52:03,402 Current Learning Rate: 0.0000778360
2025-05-13 04:52:03,402 Train Loss: 0.7014998, Val Loss: 0.1508749
2025-05-13 04:52:03,403 Epoch 411/500
2025-05-13 04:56:03,532 Current Learning Rate: 0.0000761610
2025-05-13 04:56:03,533 Train Loss: 0.7030347, Val Loss: 0.1514484
2025-05-13 04:56:03,533 Epoch 412/500
2025-05-13 05:00:04,012 Current Learning Rate: 0.0000745028
2025-05-13 05:00:04,012 Train Loss: 0.7021688, Val Loss: 0.1503325
2025-05-13 05:00:04,013 Epoch 413/500
2025-05-13 05:04:05,045 Current Learning Rate: 0.0000728613
2025-05-13 05:04:05,045 Train Loss: 0.6993049, Val Loss: 0.1502731
2025-05-13 05:04:05,045 Epoch 414/500
2025-05-13 05:08:06,064 Current Learning Rate: 0.0000712367
2025-05-13 05:08:06,064 Train Loss: 0.6990692, Val Loss: 0.1504623
2025-05-13 05:08:06,065 Epoch 415/500
2025-05-13 05:12:07,950 Current Learning Rate: 0.0000696290
2025-05-13 05:12:07,951 Train Loss: 0.7002369, Val Loss: 0.1503355
2025-05-13 05:12:07,951 Epoch 416/500
2025-05-13 05:16:10,769 Current Learning Rate: 0.0000680383
2025-05-13 05:16:10,770 Train Loss: 0.6999420, Val Loss: 0.1505898
2025-05-13 05:16:10,771 Epoch 417/500
2025-05-13 05:20:12,794 Current Learning Rate: 0.0000664646
2025-05-13 05:20:12,795 Train Loss: 0.7019891, Val Loss: 0.1508360
2025-05-13 05:20:12,795 Epoch 418/500
2025-05-13 05:24:14,162 Current Learning Rate: 0.0000649081
2025-05-13 05:24:14,162 Train Loss: 0.7005433, Val Loss: 0.1506823
2025-05-13 05:24:14,162 Epoch 419/500
2025-05-13 05:28:15,729 Current Learning Rate: 0.0000633688
2025-05-13 05:28:15,729 Train Loss: 0.7016247, Val Loss: 0.1512967
2025-05-13 05:28:15,729 Epoch 420/500
2025-05-13 05:32:15,548 Current Learning Rate: 0.0000618467
2025-05-13 05:32:15,548 Train Loss: 0.7114990, Val Loss: 0.1516186
2025-05-13 05:32:15,548 Epoch 421/500
2025-05-13 05:36:14,984 Current Learning Rate: 0.0000603418
2025-05-13 05:36:14,985 Train Loss: 0.7036369, Val Loss: 0.1511684
2025-05-13 05:36:14,985 Epoch 422/500
2025-05-13 05:40:15,907 Current Learning Rate: 0.0000588544
2025-05-13 05:40:15,907 Train Loss: 0.7020199, Val Loss: 0.1505857
2025-05-13 05:40:15,907 Epoch 423/500
2025-05-13 05:44:17,160 Current Learning Rate: 0.0000573843
2025-05-13 05:44:17,161 Train Loss: 0.7004513, Val Loss: 0.1503086
2025-05-13 05:44:17,161 Epoch 424/500
2025-05-13 05:48:18,854 Current Learning Rate: 0.0000559318
2025-05-13 05:48:18,854 Train Loss: 0.6994048, Val Loss: 0.1502500
2025-05-13 05:48:18,855 Epoch 425/500
2025-05-13 05:52:21,200 Current Learning Rate: 0.0000544967
2025-05-13 05:52:21,200 Train Loss: 0.6988054, Val Loss: 0.1501977
2025-05-13 05:52:21,201 Epoch 426/500
2025-05-13 05:56:21,608 Current Learning Rate: 0.0000530793
2025-05-13 05:56:21,609 Train Loss: 0.6985845, Val Loss: 0.1504459
2025-05-13 05:56:21,609 Epoch 427/500
2025-05-13 06:00:21,017 Current Learning Rate: 0.0000516795
2025-05-13 06:00:21,017 Train Loss: 0.7194318, Val Loss: 0.1539364
2025-05-13 06:00:21,017 Epoch 428/500
2025-05-13 06:04:22,357 Current Learning Rate: 0.0000502974
2025-05-13 06:04:22,357 Train Loss: 0.7222523, Val Loss: 0.1542058
2025-05-13 06:04:22,358 Epoch 429/500
2025-05-13 06:08:23,367 Current Learning Rate: 0.0000489330
2025-05-13 06:08:23,368 Train Loss: 0.7126203, Val Loss: 0.1520831
2025-05-13 06:08:23,368 Epoch 430/500
2025-05-13 06:12:24,487 Current Learning Rate: 0.0000475865
2025-05-13 06:12:24,487 Train Loss: 0.7066148, Val Loss: 0.1515420
2025-05-13 06:12:24,488 Epoch 431/500
2025-05-13 06:16:26,040 Current Learning Rate: 0.0000462578
2025-05-13 06:16:26,041 Train Loss: 0.7055738, Val Loss: 0.1517827
2025-05-13 06:16:26,041 Epoch 432/500
2025-05-13 06:20:27,841 Current Learning Rate: 0.0000449470
2025-05-13 06:20:27,841 Train Loss: 0.7059179, Val Loss: 0.1515324
2025-05-13 06:20:27,841 Epoch 433/500
2025-05-13 06:24:28,423 Current Learning Rate: 0.0000436542
2025-05-13 06:24:28,423 Train Loss: 0.7046686, Val Loss: 0.1513170
2025-05-13 06:24:28,423 Epoch 434/500
2025-05-13 06:28:28,514 Current Learning Rate: 0.0000423794
2025-05-13 06:28:28,515 Train Loss: 0.7107862, Val Loss: 0.1542768
2025-05-13 06:28:28,515 Epoch 435/500
2025-05-13 06:32:30,215 Current Learning Rate: 0.0000411227
2025-05-13 06:32:30,216 Train Loss: 0.7119864, Val Loss: 0.1516159
2025-05-13 06:32:30,216 Epoch 436/500
2025-05-13 06:36:31,971 Current Learning Rate: 0.0000398841
2025-05-13 06:36:31,972 Train Loss: 0.7040230, Val Loss: 0.1508423
2025-05-13 06:36:31,972 Epoch 437/500
2025-05-13 06:40:34,116 Current Learning Rate: 0.0000386636
2025-05-13 06:40:34,117 Train Loss: 0.7023686, Val Loss: 0.1516167
2025-05-13 06:40:34,117 Epoch 438/500
2025-05-13 06:44:35,122 Current Learning Rate: 0.0000374614
2025-05-13 06:44:35,123 Train Loss: 0.7084748, Val Loss: 0.1515019
2025-05-13 06:44:35,123 Epoch 439/500
2025-05-13 06:48:35,559 Current Learning Rate: 0.0000362774
2025-05-13 06:48:35,559 Train Loss: 0.7065834, Val Loss: 0.1527650
2025-05-13 06:48:35,559 Epoch 440/500
2025-05-13 06:52:35,500 Current Learning Rate: 0.0000351118
2025-05-13 06:52:35,501 Train Loss: 0.7174708, Val Loss: 0.1540406
2025-05-13 06:52:35,501 Epoch 441/500
2025-05-13 06:56:36,066 Current Learning Rate: 0.0000339644
2025-05-13 06:56:36,066 Train Loss: 0.7141283, Val Loss: 0.1525856
2025-05-13 06:56:36,066 Epoch 442/500
2025-05-13 07:00:36,915 Current Learning Rate: 0.0000328355
2025-05-13 07:00:36,921 Train Loss: 0.7094064, Val Loss: 0.1522049
2025-05-13 07:00:36,921 Epoch 443/500
2025-05-13 07:04:38,238 Current Learning Rate: 0.0000317251
2025-05-13 07:04:38,238 Train Loss: 0.7055765, Val Loss: 0.1511708
2025-05-13 07:04:38,239 Epoch 444/500
2025-05-13 07:08:39,450 Current Learning Rate: 0.0000306331
2025-05-13 07:08:39,450 Train Loss: 0.7038884, Val Loss: 0.1514419
2025-05-13 07:08:39,451 Epoch 445/500
2025-05-13 07:12:40,847 Current Learning Rate: 0.0000295596
2025-05-13 07:12:40,849 Train Loss: 0.7107763, Val Loss: 0.1523211
2025-05-13 07:12:40,849 Epoch 446/500
2025-05-13 07:16:42,227 Current Learning Rate: 0.0000285047
2025-05-13 07:16:42,227 Train Loss: 0.7095996, Val Loss: 0.1518626
2025-05-13 07:16:42,227 Epoch 447/500
2025-05-13 07:20:42,619 Current Learning Rate: 0.0000274685
2025-05-13 07:20:42,620 Train Loss: 0.7058218, Val Loss: 0.1513521
2025-05-13 07:20:42,620 Epoch 448/500
2025-05-13 07:24:42,265 Current Learning Rate: 0.0000264508
2025-05-13 07:24:42,267 Train Loss: 0.7032522, Val Loss: 0.1509527
2025-05-13 07:24:42,267 Epoch 449/500
2025-05-13 07:28:43,116 Current Learning Rate: 0.0000254519
2025-05-13 07:28:43,116 Train Loss: 0.7018744, Val Loss: 0.1508163
2025-05-13 07:28:43,117 Epoch 450/500
2025-05-13 07:32:44,523 Current Learning Rate: 0.0000244717
2025-05-13 07:32:44,555 Saved periodic model at epoch 450 to /jizhicfs/easyluwu/ocean_project/NeurIPS_2025_wuhao/checkpoints/KNO_0511_McWilliams2d_epoch_450.pth
2025-05-13 07:32:44,555 Train Loss: 0.7027337, Val Loss: 0.1509831
2025-05-13 07:32:44,555 Epoch 451/500
2025-05-13 07:36:45,795 Current Learning Rate: 0.0000235103
2025-05-13 07:36:45,796 Train Loss: 0.7015205, Val Loss: 0.1506995
2025-05-13 07:36:45,796 Epoch 452/500
2025-05-13 07:40:46,343 Current Learning Rate: 0.0000225677
2025-05-13 07:40:46,343 Train Loss: 0.7002339, Val Loss: 0.1504706
2025-05-13 07:40:46,344 Epoch 453/500
2025-05-13 07:44:46,667 Current Learning Rate: 0.0000216440
2025-05-13 07:44:46,668 Train Loss: 0.6999692, Val Loss: 0.1504762
2025-05-13 07:44:46,668 Epoch 454/500
2025-05-13 07:48:46,744 Current Learning Rate: 0.0000207391
2025-05-13 07:48:46,744 Train Loss: 0.6996458, Val Loss: 0.1504078
2025-05-13 07:48:46,745 Epoch 455/500
2025-05-13 07:52:46,268 Current Learning Rate: 0.0000198532
2025-05-13 07:52:46,270 Train Loss: 0.6993742, Val Loss: 0.1503971
2025-05-13 07:52:46,270 Epoch 456/500
2025-05-13 07:56:46,573 Current Learning Rate: 0.0000189862
2025-05-13 07:56:46,574 Train Loss: 0.6992438, Val Loss: 0.1503724
2025-05-13 07:56:46,574 Epoch 457/500
2025-05-13 08:00:47,732 Current Learning Rate: 0.0000181382
2025-05-13 08:00:47,734 Train Loss: 0.6992120, Val Loss: 0.1504106
2025-05-13 08:00:47,734 Epoch 458/500
2025-05-13 08:04:49,193 Current Learning Rate: 0.0000173092
2025-05-13 08:04:49,195 Train Loss: 0.6992206, Val Loss: 0.1504000
2025-05-13 08:04:49,195 Epoch 459/500
2025-05-13 08:08:48,765 Current Learning Rate: 0.0000164993
2025-05-13 08:08:48,766 Train Loss: 0.6991401, Val Loss: 0.1503992
2025-05-13 08:08:48,766 Epoch 460/500
2025-05-13 08:12:48,821 Current Learning Rate: 0.0000157084
2025-05-13 08:12:48,821 Train Loss: 0.6992032, Val Loss: 0.1503676
2025-05-13 08:12:48,822 Epoch 461/500
2025-05-13 08:16:49,409 Current Learning Rate: 0.0000149367
2025-05-13 08:16:49,409 Train Loss: 0.6990661, Val Loss: 0.1503655
2025-05-13 08:16:49,410 Epoch 462/500
2025-05-13 08:20:50,906 Current Learning Rate: 0.0000141841
2025-05-13 08:20:50,907 Train Loss: 0.6990944, Val Loss: 0.1503984
2025-05-13 08:20:50,908 Epoch 463/500
2025-05-13 08:24:52,607 Current Learning Rate: 0.0000134507
2025-05-13 08:24:52,607 Train Loss: 0.6991593, Val Loss: 0.1503122
2025-05-13 08:24:52,608 Epoch 464/500
2025-05-13 08:28:54,481 Current Learning Rate: 0.0000127366
2025-05-13 08:28:54,482 Train Loss: 0.6992581, Val Loss: 0.1504908
2025-05-13 08:28:54,482 Epoch 465/500
2025-05-13 08:32:56,998 Current Learning Rate: 0.0000120416
2025-05-13 08:32:56,999 Train Loss: 0.6998986, Val Loss: 0.1504409
2025-05-13 08:32:56,999 Epoch 466/500
2025-05-13 08:36:57,249 Current Learning Rate: 0.0000113659
2025-05-13 08:36:57,249 Train Loss: 0.7037729, Val Loss: 0.1518643
2025-05-13 08:36:57,250 Epoch 467/500
2025-05-13 08:40:58,361 Current Learning Rate: 0.0000107095
2025-05-13 08:40:58,362 Train Loss: 0.7063467, Val Loss: 0.1518642
2025-05-13 08:40:58,362 Epoch 468/500
2025-05-13 08:44:59,995 Current Learning Rate: 0.0000100725
2025-05-13 08:44:59,996 Train Loss: 0.7117116, Val Loss: 0.1540000
2025-05-13 08:44:59,997 Epoch 469/500
2025-05-13 08:49:03,030 Current Learning Rate: 0.0000094547
2025-05-13 08:49:03,031 Train Loss: 0.7154702, Val Loss: 0.1532021
2025-05-13 08:49:03,031 Epoch 470/500
2025-05-13 08:53:04,991 Current Learning Rate: 0.0000088564
2025-05-13 08:53:04,991 Train Loss: 0.7123616, Val Loss: 0.1525735
2025-05-13 08:53:04,991 Epoch 471/500
2025-05-13 08:57:05,650 Current Learning Rate: 0.0000082774
2025-05-13 08:57:05,650 Train Loss: 0.7100324, Val Loss: 0.1521186
2025-05-13 08:57:05,650 Epoch 472/500
2025-05-13 09:01:06,454 Current Learning Rate: 0.0000077178
2025-05-13 09:01:06,454 Train Loss: 0.7086901, Val Loss: 0.1518614
2025-05-13 09:01:06,455 Epoch 473/500
2025-05-13 09:05:06,718 Current Learning Rate: 0.0000071777
2025-05-13 09:05:06,718 Train Loss: 0.7084801, Val Loss: 0.1518558
2025-05-13 09:05:06,719 Epoch 474/500
2025-05-13 09:09:07,731 Current Learning Rate: 0.0000066570
2025-05-13 09:09:07,732 Train Loss: 0.7085831, Val Loss: 0.1523434
2025-05-13 09:09:07,732 Epoch 475/500
2025-05-13 09:13:09,668 Current Learning Rate: 0.0000061558
2025-05-13 09:13:09,669 Train Loss: 0.7166279, Val Loss: 0.1544737
2025-05-13 09:13:09,669 Epoch 476/500
2025-05-13 09:17:10,668 Current Learning Rate: 0.0000056741
2025-05-13 09:17:10,668 Train Loss: 0.7195871, Val Loss: 0.1533829
2025-05-13 09:17:10,669 Epoch 477/500
2025-05-13 09:21:11,337 Current Learning Rate: 0.0000052119
2025-05-13 09:21:11,338 Train Loss: 0.7120158, Val Loss: 0.1525642
2025-05-13 09:21:11,338 Epoch 478/500
2025-05-13 09:25:11,139 Current Learning Rate: 0.0000047693
2025-05-13 09:25:11,139 Train Loss: 0.7088077, Val Loss: 0.1522817
2025-05-13 09:25:11,139 Epoch 479/500
2025-05-13 09:29:11,532 Current Learning Rate: 0.0000043462
2025-05-13 09:29:11,533 Train Loss: 0.7076211, Val Loss: 0.1521630
2025-05-13 09:29:11,533 Epoch 480/500
2025-05-13 09:33:13,401 Current Learning Rate: 0.0000039426
2025-05-13 09:33:13,401 Train Loss: 0.7071771, Val Loss: 0.1520629
2025-05-13 09:33:13,401 Epoch 481/500
2025-05-13 09:37:15,134 Current Learning Rate: 0.0000035587
2025-05-13 09:37:15,135 Train Loss: 0.7068899, Val Loss: 0.1519835
2025-05-13 09:37:15,135 Epoch 482/500
2025-05-13 09:41:17,161 Current Learning Rate: 0.0000031943
2025-05-13 09:41:17,161 Train Loss: 0.7069561, Val Loss: 0.1520361
2025-05-13 09:41:17,161 Epoch 483/500
2025-05-13 09:45:18,241 Current Learning Rate: 0.0000028496
2025-05-13 09:45:18,242 Train Loss: 0.7073978, Val Loss: 0.1522080
2025-05-13 09:45:18,242 Epoch 484/500
2025-05-13 09:49:19,713 Current Learning Rate: 0.0000025245
2025-05-13 09:49:19,713 Train Loss: 0.7080818, Val Loss: 0.1523679
2025-05-13 09:49:19,714 Epoch 485/500
2025-05-13 09:53:20,019 Current Learning Rate: 0.0000022190
2025-05-13 09:53:20,020 Train Loss: 0.7087039, Val Loss: 0.1524197
2025-05-13 09:53:20,020 Epoch 486/500
2025-05-13 09:57:19,849 Current Learning Rate: 0.0000019332
2025-05-13 09:57:19,849 Train Loss: 0.7089896, Val Loss: 0.1523803
2025-05-13 09:57:19,850 Epoch 487/500
2025-05-13 10:01:21,340 Current Learning Rate: 0.0000016670
2025-05-13 10:01:21,340 Train Loss: 0.7091374, Val Loss: 0.1523848
2025-05-13 10:01:21,341 Epoch 488/500
2025-05-13 10:05:22,338 Current Learning Rate: 0.0000014205
2025-05-13 10:05:22,339 Train Loss: 0.7092306, Val Loss: 0.1523751
2025-05-13 10:05:22,339 Epoch 489/500
2025-05-13 10:09:24,389 Current Learning Rate: 0.0000011937
2025-05-13 10:09:24,390 Train Loss: 0.7091279, Val Loss: 0.1523444
2025-05-13 10:09:24,390 Epoch 490/500
2025-05-13 10:13:26,704 Current Learning Rate: 0.0000009866
2025-05-13 10:13:26,704 Train Loss: 0.7089536, Val Loss: 0.1522946
2025-05-13 10:13:26,705 Epoch 491/500
2025-05-13 10:17:29,977 Current Learning Rate: 0.0000007992
2025-05-13 10:17:29,978 Train Loss: 0.7087837, Val Loss: 0.1522689
2025-05-13 10:17:29,978 Epoch 492/500
2025-05-13 10:21:29,991 Current Learning Rate: 0.0000006315
2025-05-13 10:21:29,992 Train Loss: 0.7086376, Val Loss: 0.1522468
2025-05-13 10:21:29,992 Epoch 493/500
2025-05-13 10:25:31,208 Current Learning Rate: 0.0000004835
2025-05-13 10:25:31,209 Train Loss: 0.7085269, Val Loss: 0.1522376
2025-05-13 10:25:31,209 Epoch 494/500
2025-05-13 10:29:32,019 Current Learning Rate: 0.0000003553
2025-05-13 10:29:32,020 Train Loss: 0.7084419, Val Loss: 0.1522226
2025-05-13 10:29:32,020 Epoch 495/500
2025-05-13 10:33:33,633 Current Learning Rate: 0.0000002467
2025-05-13 10:33:33,635 Train Loss: 0.7083772, Val Loss: 0.1522160
2025-05-13 10:33:33,636 Epoch 496/500
2025-05-13 10:37:34,866 Current Learning Rate: 0.0000001579
2025-05-13 10:37:34,867 Train Loss: 0.7083323, Val Loss: 0.1522113
2025-05-13 10:37:34,867 Epoch 497/500
2025-05-13 10:41:35,794 Current Learning Rate: 0.0000000888
2025-05-13 10:41:35,795 Train Loss: 0.7083040, Val Loss: 0.1522089
2025-05-13 10:41:35,795 Epoch 498/500
2025-05-13 10:45:35,393 Current Learning Rate: 0.0000000395
2025-05-13 10:45:35,393 Train Loss: 0.7082854, Val Loss: 0.1522058
2025-05-13 10:45:35,394 Epoch 499/500
2025-05-13 10:49:35,465 Current Learning Rate: 0.0000000099
2025-05-13 10:49:35,465 Train Loss: 0.7082763, Val Loss: 0.1522043
2025-05-13 10:49:35,465 Epoch 500/500
2025-05-13 10:53:34,109 Current Learning Rate: 0.0000000000
2025-05-13 10:53:34,136 Saved periodic model at epoch 500 to /jizhicfs/easyluwu/ocean_project/NeurIPS_2025_wuhao/checkpoints/KNO_0511_McWilliams2d_epoch_500.pth
2025-05-13 10:53:34,137 Train Loss: 0.7082724, Val Loss: 0.1522044
2025-05-13 10:53:35,816 Testing completed. Test Loss: 0.1355480
