2025-05-14 15:11:13,686 Epoch 1/500
2025-05-14 15:12:31,086 Current Learning Rate: 0.0009999901
2025-05-14 15:12:31,286 Train Loss: 0.0568897, Val Loss: 0.0327984
2025-05-14 15:12:31,287 Epoch 2/500
2025-05-14 15:13:46,164 Current Learning Rate: 0.0009999605
2025-05-14 15:13:46,357 Train Loss: 0.0233537, Val Loss: 0.0230895
2025-05-14 15:13:46,357 Epoch 3/500
2025-05-14 15:15:02,428 Current Learning Rate: 0.0009999112
2025-05-14 15:15:03,170 Train Loss: 0.0179785, Val Loss: 0.0181250
2025-05-14 15:15:03,170 Epoch 4/500
2025-05-14 15:16:24,391 Current Learning Rate: 0.0009998421
2025-05-14 15:16:24,609 Train Loss: 0.0148661, Val Loss: 0.0180329
2025-05-14 15:16:24,609 Epoch 5/500
2025-05-14 15:17:48,590 Current Learning Rate: 0.0009997533
2025-05-14 15:17:48,827 Train Loss: 0.0127951, Val Loss: 0.0129728
2025-05-14 15:17:48,827 Epoch 6/500
2025-05-14 15:19:13,601 Current Learning Rate: 0.0009996447
2025-05-14 15:19:13,793 Train Loss: 0.0114434, Val Loss: 0.0120222
2025-05-14 15:19:13,793 Epoch 7/500
2025-05-14 15:20:38,206 Current Learning Rate: 0.0009995165
2025-05-14 15:20:38,412 Train Loss: 0.0104245, Val Loss: 0.0109990
2025-05-14 15:20:38,412 Epoch 8/500
2025-05-14 15:22:02,368 Current Learning Rate: 0.0009993685
2025-05-14 15:22:02,368 Train Loss: 0.0096527, Val Loss: 0.0114755
2025-05-14 15:22:02,369 Epoch 9/500
2025-05-14 15:23:27,126 Current Learning Rate: 0.0009992008
2025-05-14 15:23:27,351 Train Loss: 0.0090689, Val Loss: 0.0094835
2025-05-14 15:23:27,351 Epoch 10/500
2025-05-14 15:24:52,017 Current Learning Rate: 0.0009990134
2025-05-14 15:24:52,017 Train Loss: 0.0085912, Val Loss: 0.0105724
2025-05-14 15:24:52,017 Epoch 11/500
2025-05-14 15:26:16,120 Current Learning Rate: 0.0009988063
2025-05-14 15:26:16,336 Train Loss: 0.0081885, Val Loss: 0.0081838
2025-05-14 15:26:16,336 Epoch 12/500
2025-05-14 15:27:40,601 Current Learning Rate: 0.0009985795
2025-05-14 15:27:40,813 Train Loss: 0.0078780, Val Loss: 0.0079880
2025-05-14 15:27:40,813 Epoch 13/500
2025-05-14 15:29:05,790 Current Learning Rate: 0.0009983330
2025-05-14 15:29:05,791 Train Loss: 0.0075370, Val Loss: 0.0099373
2025-05-14 15:29:05,791 Epoch 14/500
2025-05-14 15:30:30,824 Current Learning Rate: 0.0009980668
2025-05-14 15:30:30,824 Train Loss: 0.0073021, Val Loss: 0.0085789
2025-05-14 15:30:30,824 Epoch 15/500
2025-05-14 15:31:55,046 Current Learning Rate: 0.0009977810
2025-05-14 15:31:55,243 Train Loss: 0.0069537, Val Loss: 0.0075862
2025-05-14 15:31:55,243 Epoch 16/500
2025-05-14 15:33:19,715 Current Learning Rate: 0.0009974755
2025-05-14 15:33:19,917 Train Loss: 0.0067011, Val Loss: 0.0075778
2025-05-14 15:33:19,917 Epoch 17/500
2025-05-14 15:34:43,844 Current Learning Rate: 0.0009971504
2025-05-14 15:34:44,038 Train Loss: 0.0064314, Val Loss: 0.0070152
2025-05-14 15:34:44,038 Epoch 18/500
2025-05-14 15:36:07,593 Current Learning Rate: 0.0009968057
2025-05-14 15:36:07,593 Train Loss: 0.0062061, Val Loss: 0.0075753
2025-05-14 15:36:07,593 Epoch 19/500
2025-05-14 15:37:31,443 Current Learning Rate: 0.0009964413
2025-05-14 15:37:31,443 Train Loss: 0.0060722, Val Loss: 0.0075591
2025-05-14 15:37:31,444 Epoch 20/500
2025-05-14 15:38:54,248 Current Learning Rate: 0.0009960574
2025-05-14 15:38:54,438 Train Loss: 0.0058653, Val Loss: 0.0061403
2025-05-14 15:38:54,439 Epoch 21/500
2025-05-14 15:40:18,520 Current Learning Rate: 0.0009956538
2025-05-14 15:40:18,520 Train Loss: 0.0057212, Val Loss: 0.0063642
2025-05-14 15:40:18,520 Epoch 22/500
2025-05-14 15:41:42,015 Current Learning Rate: 0.0009952307
2025-05-14 15:41:42,217 Train Loss: 0.0055525, Val Loss: 0.0061371
2025-05-14 15:41:42,217 Epoch 23/500
2025-05-14 15:43:04,622 Current Learning Rate: 0.0009947881
2025-05-14 15:43:04,828 Train Loss: 0.0054449, Val Loss: 0.0056556
2025-05-14 15:43:04,828 Epoch 24/500
2025-05-14 15:44:28,381 Current Learning Rate: 0.0009943259
2025-05-14 15:44:28,382 Train Loss: 0.0052753, Val Loss: 0.0067943
2025-05-14 15:44:28,382 Epoch 25/500
2025-05-14 15:45:51,877 Current Learning Rate: 0.0009938442
2025-05-14 15:45:52,071 Train Loss: 0.0050879, Val Loss: 0.0054725
2025-05-14 15:45:52,071 Epoch 26/500
2025-05-14 15:47:15,275 Current Learning Rate: 0.0009933430
2025-05-14 15:47:15,488 Train Loss: 0.0050158, Val Loss: 0.0054086
2025-05-14 15:47:15,489 Epoch 27/500
2025-05-14 15:48:38,501 Current Learning Rate: 0.0009928223
2025-05-14 15:48:38,697 Train Loss: 0.0048387, Val Loss: 0.0053839
2025-05-14 15:48:38,697 Epoch 28/500
2025-05-14 15:50:01,567 Current Learning Rate: 0.0009922822
2025-05-14 15:50:02,275 Train Loss: 0.0048132, Val Loss: 0.0051186
2025-05-14 15:50:02,275 Epoch 29/500
2025-05-14 15:51:24,515 Current Learning Rate: 0.0009917226
2025-05-14 15:51:24,720 Train Loss: 0.0046704, Val Loss: 0.0050844
2025-05-14 15:51:24,721 Epoch 30/500
2025-05-14 15:52:48,124 Current Learning Rate: 0.0009911436
2025-05-14 15:52:48,125 Train Loss: 0.0045644, Val Loss: 0.0056543
2025-05-14 15:52:48,125 Epoch 31/500
2025-05-14 15:54:11,581 Current Learning Rate: 0.0009905453
2025-05-14 15:54:11,582 Train Loss: 0.0045282, Val Loss: 0.0053184
2025-05-14 15:54:11,582 Epoch 32/500
2025-05-14 15:55:35,900 Current Learning Rate: 0.0009899275
2025-05-14 15:55:36,087 Train Loss: 0.0043643, Val Loss: 0.0049818
2025-05-14 15:55:36,087 Epoch 33/500
2025-05-14 15:56:59,596 Current Learning Rate: 0.0009892905
2025-05-14 15:56:59,774 Train Loss: 0.0043075, Val Loss: 0.0045233
2025-05-14 15:56:59,774 Epoch 34/500
2025-05-14 15:58:23,305 Current Learning Rate: 0.0009886341
2025-05-14 15:58:23,305 Train Loss: 0.0042900, Val Loss: 0.0051126
2025-05-14 15:58:23,306 Epoch 35/500
2025-05-14 15:59:47,085 Current Learning Rate: 0.0009879584
2025-05-14 15:59:47,086 Train Loss: 0.0042027, Val Loss: 0.0045341
2025-05-14 15:59:47,086 Epoch 36/500
2025-05-14 16:01:10,252 Current Learning Rate: 0.0009872634
2025-05-14 16:01:10,455 Train Loss: 0.0040630, Val Loss: 0.0043570
2025-05-14 16:01:10,455 Epoch 37/500
2025-05-14 16:02:34,005 Current Learning Rate: 0.0009865493
2025-05-14 16:02:34,006 Train Loss: 0.0040244, Val Loss: 0.0046271
2025-05-14 16:02:34,006 Epoch 38/500
2025-05-14 16:03:57,395 Current Learning Rate: 0.0009858159
2025-05-14 16:03:57,591 Train Loss: 0.0040038, Val Loss: 0.0042065
2025-05-14 16:03:57,591 Epoch 39/500
2025-05-14 16:05:20,269 Current Learning Rate: 0.0009850633
2025-05-14 16:05:20,270 Train Loss: 0.0038898, Val Loss: 0.0054871
2025-05-14 16:05:20,270 Epoch 40/500
2025-05-14 16:06:43,188 Current Learning Rate: 0.0009842916
2025-05-14 16:06:43,188 Train Loss: 0.0039189, Val Loss: 0.0043439
2025-05-14 16:06:43,190 Epoch 41/500
2025-05-14 16:08:06,540 Current Learning Rate: 0.0009835007
2025-05-14 16:08:06,733 Train Loss: 0.0037775, Val Loss: 0.0040114
2025-05-14 16:08:06,734 Epoch 42/500
2025-05-14 16:09:29,607 Current Learning Rate: 0.0009826908
2025-05-14 16:09:29,607 Train Loss: 0.0036886, Val Loss: 0.0045617
2025-05-14 16:09:29,607 Epoch 43/500
2025-05-14 16:10:52,967 Current Learning Rate: 0.0009818618
2025-05-14 16:10:52,967 Train Loss: 0.0036638, Val Loss: 0.0040825
2025-05-14 16:10:52,967 Epoch 44/500
2025-05-14 16:12:16,654 Current Learning Rate: 0.0009810138
2025-05-14 16:12:16,655 Train Loss: 0.0036294, Val Loss: 0.0048673
2025-05-14 16:12:16,655 Epoch 45/500
2025-05-14 16:13:40,445 Current Learning Rate: 0.0009801468
2025-05-14 16:13:40,446 Train Loss: 0.0035162, Val Loss: 0.0048173
2025-05-14 16:13:40,446 Epoch 46/500
2025-05-14 16:15:04,620 Current Learning Rate: 0.0009792609
2025-05-14 16:15:04,809 Train Loss: 0.0034896, Val Loss: 0.0038599
2025-05-14 16:15:04,809 Epoch 47/500
2025-05-14 16:16:28,308 Current Learning Rate: 0.0009783560
2025-05-14 16:16:28,480 Train Loss: 0.0035106, Val Loss: 0.0038479
2025-05-14 16:16:28,480 Epoch 48/500
2025-05-14 16:17:51,855 Current Learning Rate: 0.0009774323
2025-05-14 16:17:51,855 Train Loss: 0.0034076, Val Loss: 0.0044541
2025-05-14 16:17:51,855 Epoch 49/500
2025-05-14 16:19:15,663 Current Learning Rate: 0.0009764897
2025-05-14 16:19:15,663 Train Loss: 0.0033782, Val Loss: 0.0039314
2025-05-14 16:19:15,663 Epoch 50/500
2025-05-14 16:20:38,740 Current Learning Rate: 0.0009755283
2025-05-14 16:20:39,078 Saved periodic model at epoch 50 to /jizhicfs/easyluwu/ocean_project/NeurIPS_2025_wuhao/checkpoints/PastNet_0512_LiNS2d_epoch_50.pth
2025-05-14 16:20:39,078 Train Loss: 0.0033050, Val Loss: 0.0035874
2025-05-14 16:20:39,078 Epoch 51/500
2025-05-14 16:22:02,070 Current Learning Rate: 0.0009745481
2025-05-14 16:22:02,070 Train Loss: 0.0032801, Val Loss: 0.0038102
2025-05-14 16:22:02,070 Epoch 52/500
2025-05-14 16:23:24,577 Current Learning Rate: 0.0009735492
2025-05-14 16:23:24,578 Train Loss: 0.0032492, Val Loss: 0.0038575
2025-05-14 16:23:24,578 Epoch 53/500
2025-05-14 16:24:47,981 Current Learning Rate: 0.0009725315
2025-05-14 16:24:47,981 Train Loss: 0.0032329, Val Loss: 0.0038887
2025-05-14 16:24:47,981 Epoch 54/500
2025-05-14 16:26:11,724 Current Learning Rate: 0.0009714953
2025-05-14 16:26:11,725 Train Loss: 0.0031285, Val Loss: 0.0037063
2025-05-14 16:26:11,725 Epoch 55/500
2025-05-14 16:27:35,190 Current Learning Rate: 0.0009704404
2025-05-14 16:27:35,190 Train Loss: 0.0031066, Val Loss: 0.0039376
2025-05-14 16:27:35,190 Epoch 56/500
2025-05-14 16:28:59,061 Current Learning Rate: 0.0009693669
2025-05-14 16:28:59,061 Train Loss: 0.0030970, Val Loss: 0.0036781
2025-05-14 16:28:59,062 Epoch 57/500
2025-05-14 16:30:22,515 Current Learning Rate: 0.0009682749
2025-05-14 16:30:22,702 Train Loss: 0.0030699, Val Loss: 0.0034755
2025-05-14 16:30:22,702 Epoch 58/500
2025-05-14 16:31:45,173 Current Learning Rate: 0.0009671645
2025-05-14 16:31:45,358 Train Loss: 0.0030067, Val Loss: 0.0033164
2025-05-14 16:31:45,358 Epoch 59/500
2025-05-14 16:33:08,193 Current Learning Rate: 0.0009660356
2025-05-14 16:33:08,193 Train Loss: 0.0030078, Val Loss: 0.0034022
2025-05-14 16:33:08,194 Epoch 60/500
2025-05-14 16:34:31,075 Current Learning Rate: 0.0009648882
2025-05-14 16:34:31,297 Train Loss: 0.0030006, Val Loss: 0.0033108
2025-05-14 16:34:31,297 Epoch 61/500
2025-05-14 16:35:54,481 Current Learning Rate: 0.0009637226
2025-05-14 16:35:54,481 Train Loss: 0.0028823, Val Loss: 0.0033575
2025-05-14 16:35:54,481 Epoch 62/500
2025-05-14 16:37:18,535 Current Learning Rate: 0.0009625386
2025-05-14 16:37:18,535 Train Loss: 0.0028707, Val Loss: 0.0035183
2025-05-14 16:37:18,536 Epoch 63/500
2025-05-14 16:38:42,347 Current Learning Rate: 0.0009613364
2025-05-14 16:38:42,348 Train Loss: 0.0028610, Val Loss: 0.0037113
2025-05-14 16:38:42,348 Epoch 64/500
2025-05-14 16:40:05,001 Current Learning Rate: 0.0009601159
2025-05-14 16:40:05,186 Train Loss: 0.0028074, Val Loss: 0.0032653
2025-05-14 16:40:05,187 Epoch 65/500
2025-05-14 16:41:28,520 Current Learning Rate: 0.0009588773
2025-05-14 16:41:28,520 Train Loss: 0.0028146, Val Loss: 0.0033149
2025-05-14 16:41:28,520 Epoch 66/500
2025-05-14 16:42:51,690 Current Learning Rate: 0.0009576206
2025-05-14 16:42:51,691 Train Loss: 0.0027553, Val Loss: 0.0034165
2025-05-14 16:42:51,691 Epoch 67/500
2025-05-14 16:44:15,533 Current Learning Rate: 0.0009563458
2025-05-14 16:44:15,533 Train Loss: 0.0027128, Val Loss: 0.0035793
2025-05-14 16:44:15,534 Epoch 68/500
2025-05-14 16:45:39,244 Current Learning Rate: 0.0009550530
2025-05-14 16:45:39,525 Train Loss: 0.0026758, Val Loss: 0.0030435
2025-05-14 16:45:39,526 Epoch 69/500
2025-05-14 16:47:04,226 Current Learning Rate: 0.0009537422
2025-05-14 16:47:04,537 Train Loss: 0.0026468, Val Loss: 0.0029852
2025-05-14 16:47:04,537 Epoch 70/500
2025-05-14 16:48:28,267 Current Learning Rate: 0.0009524135
2025-05-14 16:48:28,268 Train Loss: 0.0026668, Val Loss: 0.0031523
2025-05-14 16:48:28,268 Epoch 71/500
2025-05-14 16:49:52,251 Current Learning Rate: 0.0009510670
2025-05-14 16:49:52,251 Train Loss: 0.0026206, Val Loss: 0.0033863
2025-05-14 16:49:52,251 Epoch 72/500
2025-05-14 16:51:16,560 Current Learning Rate: 0.0009497026
2025-05-14 16:51:16,560 Train Loss: 0.0026155, Val Loss: 0.0030299
2025-05-14 16:51:16,560 Epoch 73/500
2025-05-14 16:52:41,273 Current Learning Rate: 0.0009483205
2025-05-14 16:52:41,274 Train Loss: 0.0025910, Val Loss: 0.0031678
2025-05-14 16:52:41,274 Epoch 74/500
2025-05-14 16:54:04,966 Current Learning Rate: 0.0009469207
2025-05-14 16:54:04,967 Train Loss: 0.0025495, Val Loss: 0.0030220
2025-05-14 16:54:04,967 Epoch 75/500
2025-05-14 16:55:28,150 Current Learning Rate: 0.0009455033
2025-05-14 16:55:28,150 Train Loss: 0.0025114, Val Loss: 0.0030602
2025-05-14 16:55:28,150 Epoch 76/500
2025-05-14 16:56:52,356 Current Learning Rate: 0.0009440682
2025-05-14 16:56:52,356 Train Loss: 0.0026000, Val Loss: 0.0030634
2025-05-14 16:56:52,356 Epoch 77/500
2025-05-14 16:58:15,870 Current Learning Rate: 0.0009426157
2025-05-14 16:58:15,870 Train Loss: 0.0025582, Val Loss: 0.0031041
2025-05-14 16:58:15,870 Epoch 78/500
2025-05-14 16:59:39,295 Current Learning Rate: 0.0009411456
2025-05-14 16:59:39,525 Train Loss: 0.0024664, Val Loss: 0.0028764
2025-05-14 16:59:39,525 Epoch 79/500
2025-05-14 17:01:03,495 Current Learning Rate: 0.0009396582
2025-05-14 17:01:03,775 Train Loss: 0.0024529, Val Loss: 0.0028625
2025-05-14 17:01:03,775 Epoch 80/500
2025-05-14 17:02:27,469 Current Learning Rate: 0.0009381533
2025-05-14 17:02:27,469 Train Loss: 0.0023924, Val Loss: 0.0030690
2025-05-14 17:02:27,470 Epoch 81/500
2025-05-14 17:03:51,485 Current Learning Rate: 0.0009366312
2025-05-14 17:03:51,680 Train Loss: 0.0024422, Val Loss: 0.0028045
2025-05-14 17:03:51,680 Epoch 82/500
2025-05-14 17:05:15,145 Current Learning Rate: 0.0009350919
2025-05-14 17:05:15,146 Train Loss: 0.0023767, Val Loss: 0.0028807
2025-05-14 17:05:15,146 Epoch 83/500
2025-05-14 17:06:39,587 Current Learning Rate: 0.0009335354
2025-05-14 17:06:39,754 Train Loss: 0.0023879, Val Loss: 0.0027488
2025-05-14 17:06:39,754 Epoch 84/500
2025-05-14 17:08:02,954 Current Learning Rate: 0.0009319617
2025-05-14 17:08:02,954 Train Loss: 0.0023090, Val Loss: 0.0033611
2025-05-14 17:08:02,954 Epoch 85/500
2025-05-14 17:09:26,141 Current Learning Rate: 0.0009303710
2025-05-14 17:09:26,317 Train Loss: 0.0022818, Val Loss: 0.0026975
2025-05-14 17:09:26,318 Epoch 86/500
2025-05-14 17:10:50,432 Current Learning Rate: 0.0009287633
2025-05-14 17:10:50,433 Train Loss: 0.0023234, Val Loss: 0.0029070
2025-05-14 17:10:50,433 Epoch 87/500
2025-05-14 17:12:13,375 Current Learning Rate: 0.0009271387
2025-05-14 17:12:13,375 Train Loss: 0.0023120, Val Loss: 0.0027891
2025-05-14 17:12:13,376 Epoch 88/500
2025-05-14 17:13:37,204 Current Learning Rate: 0.0009254972
2025-05-14 17:13:37,204 Train Loss: 0.0022824, Val Loss: 0.0027704
2025-05-14 17:13:37,205 Epoch 89/500
2025-05-14 17:15:00,608 Current Learning Rate: 0.0009238390
2025-05-14 17:15:00,608 Train Loss: 0.0022530, Val Loss: 0.0028812
2025-05-14 17:15:00,609 Epoch 90/500
2025-05-14 17:16:25,045 Current Learning Rate: 0.0009221640
2025-05-14 17:16:25,045 Train Loss: 0.0022441, Val Loss: 0.0030410
2025-05-14 17:16:25,045 Epoch 91/500
2025-05-14 17:17:48,972 Current Learning Rate: 0.0009204723
2025-05-14 17:17:48,972 Train Loss: 0.0022137, Val Loss: 0.0027281
2025-05-14 17:17:48,972 Epoch 92/500
2025-05-14 17:19:12,675 Current Learning Rate: 0.0009187640
2025-05-14 17:19:12,675 Train Loss: 0.0022246, Val Loss: 0.0027223
2025-05-14 17:19:12,675 Epoch 93/500
2025-05-14 17:20:36,756 Current Learning Rate: 0.0009170392
2025-05-14 17:20:36,931 Train Loss: 0.0022263, Val Loss: 0.0026862
2025-05-14 17:20:36,931 Epoch 94/500
2025-05-14 17:22:00,441 Current Learning Rate: 0.0009152979
2025-05-14 17:22:00,442 Train Loss: 0.0021474, Val Loss: 0.0028466
2025-05-14 17:22:00,442 Epoch 95/500
2025-05-14 17:23:24,116 Current Learning Rate: 0.0009135403
2025-05-14 17:23:24,285 Train Loss: 0.0021689, Val Loss: 0.0026482
2025-05-14 17:23:24,286 Epoch 96/500
2025-05-14 17:24:48,444 Current Learning Rate: 0.0009117663
2025-05-14 17:24:48,445 Train Loss: 0.0021191, Val Loss: 0.0030048
2025-05-14 17:24:48,445 Epoch 97/500
2025-05-14 17:26:12,512 Current Learning Rate: 0.0009099761
2025-05-14 17:26:12,730 Train Loss: 0.0021293, Val Loss: 0.0025880
2025-05-14 17:26:12,730 Epoch 98/500
2025-05-14 17:27:36,222 Current Learning Rate: 0.0009081696
2025-05-14 17:27:36,222 Train Loss: 0.0020945, Val Loss: 0.0026636
2025-05-14 17:27:36,222 Epoch 99/500
2025-05-14 17:28:59,598 Current Learning Rate: 0.0009063471
2025-05-14 17:28:59,598 Train Loss: 0.0020659, Val Loss: 0.0026465
2025-05-14 17:28:59,599 Epoch 100/500
2025-05-14 17:30:23,604 Current Learning Rate: 0.0009045085
2025-05-14 17:30:23,955 Saved periodic model at epoch 100 to /jizhicfs/easyluwu/ocean_project/NeurIPS_2025_wuhao/checkpoints/PastNet_0512_LiNS2d_epoch_100.pth
2025-05-14 17:30:23,955 Train Loss: 0.0020941, Val Loss: 0.0025419
2025-05-14 17:30:23,955 Epoch 101/500
2025-05-14 17:31:46,995 Current Learning Rate: 0.0009026539
2025-05-14 17:31:46,995 Train Loss: 0.0020511, Val Loss: 0.0025953
2025-05-14 17:31:46,996 Epoch 102/500
2025-05-14 17:33:10,126 Current Learning Rate: 0.0009007835
2025-05-14 17:33:10,127 Train Loss: 0.0020200, Val Loss: 0.0026572
2025-05-14 17:33:10,127 Epoch 103/500
2025-05-14 17:34:34,167 Current Learning Rate: 0.0008988972
2025-05-14 17:34:34,376 Train Loss: 0.0020749, Val Loss: 0.0025335
2025-05-14 17:34:34,376 Epoch 104/500
2025-05-14 17:35:57,460 Current Learning Rate: 0.0008969952
2025-05-14 17:35:57,648 Train Loss: 0.0020093, Val Loss: 0.0024700
2025-05-14 17:35:57,648 Epoch 105/500
2025-05-14 17:37:20,741 Current Learning Rate: 0.0008950775
2025-05-14 17:37:20,909 Train Loss: 0.0019988, Val Loss: 0.0024622
2025-05-14 17:37:20,909 Epoch 106/500
2025-05-14 17:38:43,927 Current Learning Rate: 0.0008931442
2025-05-14 17:38:43,928 Train Loss: 0.0019843, Val Loss: 0.0025418
2025-05-14 17:38:43,928 Epoch 107/500
2025-05-14 17:40:07,700 Current Learning Rate: 0.0008911954
2025-05-14 17:40:07,880 Train Loss: 0.0019358, Val Loss: 0.0024538
2025-05-14 17:40:07,881 Epoch 108/500
2025-05-14 17:41:31,427 Current Learning Rate: 0.0008892312
2025-05-14 17:41:31,428 Train Loss: 0.0019892, Val Loss: 0.0025750
2025-05-14 17:41:31,428 Epoch 109/500
2025-05-14 17:42:55,251 Current Learning Rate: 0.0008872515
2025-05-14 17:42:55,428 Train Loss: 0.0019502, Val Loss: 0.0024320
2025-05-14 17:42:55,428 Epoch 110/500
2025-05-14 17:44:19,104 Current Learning Rate: 0.0008852566
2025-05-14 17:44:19,104 Train Loss: 0.0019660, Val Loss: 0.0027659
2025-05-14 17:44:19,104 Epoch 111/500
2025-05-14 17:45:41,954 Current Learning Rate: 0.0008832465
2025-05-14 17:45:41,954 Train Loss: 0.0019005, Val Loss: 0.0024652
2025-05-14 17:45:41,954 Epoch 112/500
2025-05-14 17:47:05,037 Current Learning Rate: 0.0008812213
2025-05-14 17:47:05,242 Train Loss: 0.0018843, Val Loss: 0.0023685
2025-05-14 17:47:05,242 Epoch 113/500
2025-05-14 17:48:28,933 Current Learning Rate: 0.0008791810
2025-05-14 17:48:28,934 Train Loss: 0.0018794, Val Loss: 0.0024607
2025-05-14 17:48:28,934 Epoch 114/500
2025-05-14 17:49:53,025 Current Learning Rate: 0.0008771257
2025-05-14 17:49:53,025 Train Loss: 0.0018830, Val Loss: 0.0027111
2025-05-14 17:49:53,025 Epoch 115/500
2025-05-14 17:51:16,472 Current Learning Rate: 0.0008750555
2025-05-14 17:51:16,472 Train Loss: 0.0018918, Val Loss: 0.0025186
2025-05-14 17:51:16,472 Epoch 116/500
2025-05-14 17:52:40,549 Current Learning Rate: 0.0008729706
2025-05-14 17:52:40,756 Train Loss: 0.0018296, Val Loss: 0.0023429
2025-05-14 17:52:40,757 Epoch 117/500
2025-05-14 17:54:05,285 Current Learning Rate: 0.0008708709
2025-05-14 17:54:05,285 Train Loss: 0.0018461, Val Loss: 0.0025109
2025-05-14 17:54:05,286 Epoch 118/500
2025-05-14 17:55:29,428 Current Learning Rate: 0.0008687566
2025-05-14 17:55:29,868 Train Loss: 0.0018688, Val Loss: 0.0023397
2025-05-14 17:55:29,868 Epoch 119/500
2025-05-14 17:56:53,898 Current Learning Rate: 0.0008666277
2025-05-14 17:56:53,898 Train Loss: 0.0018160, Val Loss: 0.0024789
2025-05-14 17:56:53,898 Epoch 120/500
2025-05-14 17:58:18,042 Current Learning Rate: 0.0008644843
2025-05-14 17:58:18,043 Train Loss: 0.0018328, Val Loss: 0.0023853
2025-05-14 17:58:18,043 Epoch 121/500
2025-05-14 17:59:42,185 Current Learning Rate: 0.0008623266
2025-05-14 17:59:42,372 Train Loss: 0.0018188, Val Loss: 0.0023205
2025-05-14 17:59:42,373 Epoch 122/500
2025-05-14 18:01:06,167 Current Learning Rate: 0.0008601545
2025-05-14 18:01:06,168 Train Loss: 0.0017801, Val Loss: 0.0023497
2025-05-14 18:01:06,168 Epoch 123/500
2025-05-14 18:02:29,957 Current Learning Rate: 0.0008579682
2025-05-14 18:02:29,958 Train Loss: 0.0017493, Val Loss: 0.0025277
2025-05-14 18:02:29,958 Epoch 124/500
2025-05-14 18:03:54,454 Current Learning Rate: 0.0008557678
2025-05-14 18:03:54,454 Train Loss: 0.0017883, Val Loss: 0.0023282
2025-05-14 18:03:54,454 Epoch 125/500
2025-05-14 18:05:18,401 Current Learning Rate: 0.0008535534
2025-05-14 18:05:18,401 Train Loss: 0.0017748, Val Loss: 0.0023434
2025-05-14 18:05:18,401 Epoch 126/500
2025-05-14 18:06:41,771 Current Learning Rate: 0.0008513250
2025-05-14 18:06:41,969 Train Loss: 0.0017292, Val Loss: 0.0023010
2025-05-14 18:06:41,969 Epoch 127/500
2025-05-14 18:08:05,523 Current Learning Rate: 0.0008490827
2025-05-14 18:08:05,719 Train Loss: 0.0017395, Val Loss: 0.0022444
2025-05-14 18:08:05,719 Epoch 128/500
2025-05-14 18:09:29,861 Current Learning Rate: 0.0008468267
2025-05-14 18:09:29,861 Train Loss: 0.0017237, Val Loss: 0.0022564
2025-05-14 18:09:29,862 Epoch 129/500
2025-05-14 18:10:54,463 Current Learning Rate: 0.0008445569
2025-05-14 18:10:54,464 Train Loss: 0.0017212, Val Loss: 0.0022960
2025-05-14 18:10:54,464 Epoch 130/500
2025-05-14 18:12:17,738 Current Learning Rate: 0.0008422736
2025-05-14 18:12:17,738 Train Loss: 0.0017301, Val Loss: 0.0023346
2025-05-14 18:12:17,738 Epoch 131/500
2025-05-14 18:13:41,500 Current Learning Rate: 0.0008399767
2025-05-14 18:13:41,501 Train Loss: 0.0016892, Val Loss: 0.0022912
2025-05-14 18:13:41,501 Epoch 132/500
2025-05-14 18:15:04,726 Current Learning Rate: 0.0008376664
2025-05-14 18:15:04,726 Train Loss: 0.0017342, Val Loss: 0.0023658
2025-05-14 18:15:04,727 Epoch 133/500
2025-05-14 18:16:28,237 Current Learning Rate: 0.0008353428
2025-05-14 18:16:28,238 Train Loss: 0.0017122, Val Loss: 0.0022840
2025-05-14 18:16:28,238 Epoch 134/500
2025-05-14 18:17:52,114 Current Learning Rate: 0.0008330059
2025-05-14 18:17:52,114 Train Loss: 0.0016672, Val Loss: 0.0022769
2025-05-14 18:17:52,114 Epoch 135/500
2025-05-14 18:19:16,068 Current Learning Rate: 0.0008306559
2025-05-14 18:19:16,069 Train Loss: 0.0016512, Val Loss: 0.0023757
2025-05-14 18:19:16,069 Epoch 136/500
2025-05-14 18:20:39,777 Current Learning Rate: 0.0008282929
2025-05-14 18:20:40,049 Train Loss: 0.0016606, Val Loss: 0.0022237
2025-05-14 18:20:40,049 Epoch 137/500
2025-05-14 18:22:03,703 Current Learning Rate: 0.0008259169
2025-05-14 18:22:03,704 Train Loss: 0.0016789, Val Loss: 0.0022623
2025-05-14 18:22:03,704 Epoch 138/500
2025-05-14 18:23:27,721 Current Learning Rate: 0.0008235280
2025-05-14 18:23:27,722 Train Loss: 0.0016431, Val Loss: 0.0022710
2025-05-14 18:23:27,722 Epoch 139/500
2025-05-14 18:24:51,050 Current Learning Rate: 0.0008211263
2025-05-14 18:24:51,051 Train Loss: 0.0016426, Val Loss: 0.0023109
2025-05-14 18:24:51,051 Epoch 140/500
2025-05-14 18:26:15,071 Current Learning Rate: 0.0008187120
2025-05-14 18:26:15,072 Train Loss: 0.0016250, Val Loss: 0.0022493
2025-05-14 18:26:15,072 Epoch 141/500
2025-05-14 18:27:38,010 Current Learning Rate: 0.0008162851
2025-05-14 18:27:38,010 Train Loss: 0.0015956, Val Loss: 0.0022770
2025-05-14 18:27:38,010 Epoch 142/500
2025-05-14 18:29:01,327 Current Learning Rate: 0.0008138457
2025-05-14 18:29:01,525 Train Loss: 0.0016111, Val Loss: 0.0021941
2025-05-14 18:29:01,525 Epoch 143/500
2025-05-14 18:30:25,947 Current Learning Rate: 0.0008113939
2025-05-14 18:30:26,141 Train Loss: 0.0016230, Val Loss: 0.0021644
2025-05-14 18:30:26,142 Epoch 144/500
2025-05-14 18:31:49,911 Current Learning Rate: 0.0008089298
2025-05-14 18:31:49,911 Train Loss: 0.0015756, Val Loss: 0.0023800
2025-05-14 18:31:49,912 Epoch 145/500
2025-05-14 18:33:14,143 Current Learning Rate: 0.0008064535
2025-05-14 18:33:14,143 Train Loss: 0.0016038, Val Loss: 0.0022385
2025-05-14 18:33:14,143 Epoch 146/500
2025-05-14 18:34:38,183 Current Learning Rate: 0.0008039651
2025-05-14 18:34:38,183 Train Loss: 0.0015902, Val Loss: 0.0022970
2025-05-14 18:34:38,183 Epoch 147/500
2025-05-14 18:36:01,735 Current Learning Rate: 0.0008014648
2025-05-14 18:36:02,846 Train Loss: 0.0015735, Val Loss: 0.0021570
2025-05-14 18:36:02,846 Epoch 148/500
2025-05-14 18:37:26,661 Current Learning Rate: 0.0007989525
2025-05-14 18:37:26,662 Train Loss: 0.0015801, Val Loss: 0.0022376
2025-05-14 18:37:26,662 Epoch 149/500
2025-05-14 18:38:50,523 Current Learning Rate: 0.0007964284
2025-05-14 18:38:50,523 Train Loss: 0.0015511, Val Loss: 0.0021584
2025-05-14 18:38:50,524 Epoch 150/500
2025-05-14 18:40:14,591 Current Learning Rate: 0.0007938926
2025-05-14 18:40:14,785 Saved periodic model at epoch 150 to /jizhicfs/easyluwu/ocean_project/NeurIPS_2025_wuhao/checkpoints/PastNet_0512_LiNS2d_epoch_150.pth
2025-05-14 18:40:14,786 Train Loss: 0.0015652, Val Loss: 0.0023421
2025-05-14 18:40:14,786 Epoch 151/500
2025-05-14 18:41:38,741 Current Learning Rate: 0.0007913452
2025-05-14 18:41:38,741 Train Loss: 0.0015364, Val Loss: 0.0023249
2025-05-14 18:41:38,741 Epoch 152/500
2025-05-14 18:43:03,053 Current Learning Rate: 0.0007887864
2025-05-14 18:43:03,053 Train Loss: 0.0015539, Val Loss: 0.0021575
2025-05-14 18:43:03,053 Epoch 153/500
2025-05-14 18:44:26,996 Current Learning Rate: 0.0007862161
2025-05-14 18:44:26,996 Train Loss: 0.0015332, Val Loss: 0.0021759
2025-05-14 18:44:26,996 Epoch 154/500
2025-05-14 18:45:50,193 Current Learning Rate: 0.0007836345
2025-05-14 18:45:50,381 Train Loss: 0.0015456, Val Loss: 0.0021269
2025-05-14 18:45:50,381 Epoch 155/500
2025-05-14 18:47:13,809 Current Learning Rate: 0.0007810417
2025-05-14 18:47:13,809 Train Loss: 0.0015186, Val Loss: 0.0022343
2025-05-14 18:47:13,810 Epoch 156/500
2025-05-14 18:48:36,880 Current Learning Rate: 0.0007784378
2025-05-14 18:48:36,881 Train Loss: 0.0015326, Val Loss: 0.0022846
2025-05-14 18:48:36,881 Epoch 157/500
2025-05-14 18:50:00,817 Current Learning Rate: 0.0007758229
2025-05-14 18:50:01,062 Train Loss: 0.0014951, Val Loss: 0.0020992
2025-05-14 18:50:01,063 Epoch 158/500
2025-05-14 18:51:25,003 Current Learning Rate: 0.0007731972
2025-05-14 18:51:25,004 Train Loss: 0.0014741, Val Loss: 0.0021344
2025-05-14 18:51:25,004 Epoch 159/500
2025-05-14 18:52:48,869 Current Learning Rate: 0.0007705606
2025-05-14 18:52:48,869 Train Loss: 0.0014678, Val Loss: 0.0021745
2025-05-14 18:52:48,870 Epoch 160/500
2025-05-14 18:54:12,733 Current Learning Rate: 0.0007679134
2025-05-14 18:54:12,733 Train Loss: 0.0014891, Val Loss: 0.0023502
2025-05-14 18:54:12,734 Epoch 161/500
2025-05-14 18:55:36,609 Current Learning Rate: 0.0007652556
2025-05-14 18:55:36,610 Train Loss: 0.0014902, Val Loss: 0.0021874
2025-05-14 18:55:36,610 Epoch 162/500
2025-05-14 18:57:00,133 Current Learning Rate: 0.0007625873
2025-05-14 18:57:00,134 Train Loss: 0.0014444, Val Loss: 0.0021372
2025-05-14 18:57:00,134 Epoch 163/500
2025-05-14 18:58:23,496 Current Learning Rate: 0.0007599087
2025-05-14 18:58:23,496 Train Loss: 0.0014831, Val Loss: 0.0021684
2025-05-14 18:58:23,497 Epoch 164/500
2025-05-14 18:59:47,565 Current Learning Rate: 0.0007572198
2025-05-14 18:59:47,566 Train Loss: 0.0014561, Val Loss: 0.0021474
2025-05-14 18:59:47,566 Epoch 165/500
2025-05-14 19:01:10,741 Current Learning Rate: 0.0007545207
2025-05-14 19:01:10,742 Train Loss: 0.0014385, Val Loss: 0.0021454
2025-05-14 19:01:10,742 Epoch 166/500
2025-05-14 19:02:35,005 Current Learning Rate: 0.0007518116
2025-05-14 19:02:35,006 Train Loss: 0.0014244, Val Loss: 0.0021188
2025-05-14 19:02:35,006 Epoch 167/500
2025-05-14 19:03:58,126 Current Learning Rate: 0.0007490926
2025-05-14 19:03:58,356 Train Loss: 0.0014597, Val Loss: 0.0020800
2025-05-14 19:03:58,357 Epoch 168/500
2025-05-14 19:05:21,738 Current Learning Rate: 0.0007463637
2025-05-14 19:05:21,738 Train Loss: 0.0014246, Val Loss: 0.0020909
2025-05-14 19:05:21,738 Epoch 169/500
2025-05-14 19:06:45,427 Current Learning Rate: 0.0007436251
2025-05-14 19:06:45,427 Train Loss: 0.0014014, Val Loss: 0.0021103
2025-05-14 19:06:45,428 Epoch 170/500
2025-05-14 19:08:09,988 Current Learning Rate: 0.0007408768
2025-05-14 19:08:09,989 Train Loss: 0.0014844, Val Loss: 0.0023412
2025-05-14 19:08:09,989 Epoch 171/500
2025-05-14 19:09:33,960 Current Learning Rate: 0.0007381191
2025-05-14 19:09:34,148 Train Loss: 0.0014126, Val Loss: 0.0020788
2025-05-14 19:09:34,149 Epoch 172/500
2025-05-14 19:10:58,193 Current Learning Rate: 0.0007353520
2025-05-14 19:10:58,194 Train Loss: 0.0013993, Val Loss: 0.0021791
2025-05-14 19:10:58,194 Epoch 173/500
2025-05-14 19:12:22,620 Current Learning Rate: 0.0007325755
2025-05-14 19:12:22,804 Train Loss: 0.0013930, Val Loss: 0.0020602
2025-05-14 19:12:22,805 Epoch 174/500
2025-05-14 19:13:46,809 Current Learning Rate: 0.0007297899
2025-05-14 19:13:46,810 Train Loss: 0.0014011, Val Loss: 0.0021395
2025-05-14 19:13:46,810 Epoch 175/500
2025-05-14 19:15:10,123 Current Learning Rate: 0.0007269952
2025-05-14 19:15:10,124 Train Loss: 0.0013759, Val Loss: 0.0020757
2025-05-14 19:15:10,124 Epoch 176/500
2025-05-14 19:16:33,170 Current Learning Rate: 0.0007241916
2025-05-14 19:16:33,171 Train Loss: 0.0013786, Val Loss: 0.0020860
2025-05-14 19:16:33,171 Epoch 177/500
2025-05-14 19:17:56,920 Current Learning Rate: 0.0007213791
2025-05-14 19:17:57,105 Train Loss: 0.0013803, Val Loss: 0.0020326
2025-05-14 19:17:57,105 Epoch 178/500
2025-05-14 19:19:20,962 Current Learning Rate: 0.0007185579
2025-05-14 19:19:20,963 Train Loss: 0.0013630, Val Loss: 0.0020579
2025-05-14 19:19:20,963 Epoch 179/500
2025-05-14 19:20:45,266 Current Learning Rate: 0.0007157280
2025-05-14 19:20:45,266 Train Loss: 0.0013741, Val Loss: 0.0021454
2025-05-14 19:20:45,267 Epoch 180/500
2025-05-14 19:22:09,429 Current Learning Rate: 0.0007128896
2025-05-14 19:22:09,429 Train Loss: 0.0013631, Val Loss: 0.0020340
2025-05-14 19:22:09,430 Epoch 181/500
2025-05-14 19:23:32,848 Current Learning Rate: 0.0007100429
2025-05-14 19:23:33,051 Train Loss: 0.0013410, Val Loss: 0.0020232
2025-05-14 19:23:33,051 Epoch 182/500
2025-05-14 19:24:56,820 Current Learning Rate: 0.0007071878
2025-05-14 19:24:56,990 Train Loss: 0.0013380, Val Loss: 0.0020042
2025-05-14 19:24:56,991 Epoch 183/500
2025-05-14 19:26:21,045 Current Learning Rate: 0.0007043245
2025-05-14 19:26:21,045 Train Loss: 0.0013275, Val Loss: 0.0021148
2025-05-14 19:26:21,045 Epoch 184/500
2025-05-14 19:27:44,001 Current Learning Rate: 0.0007014532
2025-05-14 19:27:44,001 Train Loss: 0.0013413, Val Loss: 0.0021471
2025-05-14 19:27:44,001 Epoch 185/500
2025-05-14 19:29:07,897 Current Learning Rate: 0.0006985739
2025-05-14 19:29:07,898 Train Loss: 0.0013273, Val Loss: 0.0020321
2025-05-14 19:29:07,898 Epoch 186/500
2025-05-14 19:30:31,792 Current Learning Rate: 0.0006956868
2025-05-14 19:30:31,793 Train Loss: 0.0013105, Val Loss: 0.0020416
2025-05-14 19:30:31,793 Epoch 187/500
2025-05-14 19:31:55,874 Current Learning Rate: 0.0006927920
2025-05-14 19:31:55,874 Train Loss: 0.0012995, Val Loss: 0.0020170
2025-05-14 19:31:55,875 Epoch 188/500
2025-05-14 19:33:18,987 Current Learning Rate: 0.0006898895
2025-05-14 19:33:19,189 Train Loss: 0.0013092, Val Loss: 0.0019745
2025-05-14 19:33:19,189 Epoch 189/500
2025-05-14 19:34:42,201 Current Learning Rate: 0.0006869796
2025-05-14 19:34:42,202 Train Loss: 0.0012756, Val Loss: 0.0019784
2025-05-14 19:34:42,202 Epoch 190/500
2025-05-14 19:36:06,463 Current Learning Rate: 0.0006840623
2025-05-14 19:36:06,463 Train Loss: 0.0012968, Val Loss: 0.0020306
2025-05-14 19:36:06,463 Epoch 191/500
2025-05-14 19:37:30,355 Current Learning Rate: 0.0006811377
2025-05-14 19:37:30,356 Train Loss: 0.0013078, Val Loss: 0.0020817
2025-05-14 19:37:30,356 Epoch 192/500
2025-05-14 19:38:53,752 Current Learning Rate: 0.0006782059
2025-05-14 19:38:53,752 Train Loss: 0.0012826, Val Loss: 0.0020351
2025-05-14 19:38:53,753 Epoch 193/500
2025-05-14 19:40:16,415 Current Learning Rate: 0.0006752672
2025-05-14 19:40:17,063 Train Loss: 0.0012637, Val Loss: 0.0019613
2025-05-14 19:40:17,063 Epoch 194/500
2025-05-14 19:41:40,896 Current Learning Rate: 0.0006723215
2025-05-14 19:41:40,897 Train Loss: 0.0012718, Val Loss: 0.0020155
2025-05-14 19:41:40,897 Epoch 195/500
2025-05-14 19:43:04,348 Current Learning Rate: 0.0006693690
2025-05-14 19:43:04,349 Train Loss: 0.0012796, Val Loss: 0.0020897
2025-05-14 19:43:04,349 Epoch 196/500
2025-05-14 19:44:27,464 Current Learning Rate: 0.0006664098
2025-05-14 19:44:27,464 Train Loss: 0.0012800, Val Loss: 0.0019616
2025-05-14 19:44:27,464 Epoch 197/500
2025-05-14 19:45:51,323 Current Learning Rate: 0.0006634440
2025-05-14 19:45:51,324 Train Loss: 0.0012626, Val Loss: 0.0020500
2025-05-14 19:45:51,324 Epoch 198/500
2025-05-14 19:47:15,048 Current Learning Rate: 0.0006604718
2025-05-14 19:47:15,242 Train Loss: 0.0012736, Val Loss: 0.0019540
2025-05-14 19:47:15,242 Epoch 199/500
2025-05-14 19:48:38,875 Current Learning Rate: 0.0006574933
2025-05-14 19:48:38,876 Train Loss: 0.0012300, Val Loss: 0.0020003
2025-05-14 19:48:38,876 Epoch 200/500
2025-05-14 19:50:02,549 Current Learning Rate: 0.0006545085
2025-05-14 19:50:04,771 Saved periodic model at epoch 200 to /jizhicfs/easyluwu/ocean_project/NeurIPS_2025_wuhao/checkpoints/PastNet_0512_LiNS2d_epoch_200.pth
2025-05-14 19:50:04,772 Train Loss: 0.0012221, Val Loss: 0.0019578
2025-05-14 19:50:04,772 Epoch 201/500
2025-05-14 19:51:28,649 Current Learning Rate: 0.0006515176
2025-05-14 19:51:28,650 Train Loss: 0.0012176, Val Loss: 0.0019710
2025-05-14 19:51:28,650 Epoch 202/500
2025-05-14 19:52:52,231 Current Learning Rate: 0.0006485208
2025-05-14 19:52:52,459 Train Loss: 0.0012292, Val Loss: 0.0019503
2025-05-14 19:52:52,459 Epoch 203/500
2025-05-14 19:54:15,973 Current Learning Rate: 0.0006455181
2025-05-14 19:54:16,153 Train Loss: 0.0012075, Val Loss: 0.0019471
2025-05-14 19:54:16,153 Epoch 204/500
2025-05-14 19:55:39,213 Current Learning Rate: 0.0006425096
2025-05-14 19:55:39,214 Train Loss: 0.0012175, Val Loss: 0.0020095
2025-05-14 19:55:39,214 Epoch 205/500
2025-05-14 19:57:03,885 Current Learning Rate: 0.0006394956
2025-05-14 19:57:03,886 Train Loss: 0.0012420, Val Loss: 0.0019528
2025-05-14 19:57:03,886 Epoch 206/500
2025-05-14 19:58:27,722 Current Learning Rate: 0.0006364760
2025-05-14 19:58:27,723 Train Loss: 0.0012230, Val Loss: 0.0020676
2025-05-14 19:58:27,723 Epoch 207/500
2025-05-14 19:59:50,812 Current Learning Rate: 0.0006334510
2025-05-14 19:59:50,812 Train Loss: 0.0011954, Val Loss: 0.0019724
2025-05-14 19:59:50,812 Epoch 208/500
2025-05-14 20:01:14,716 Current Learning Rate: 0.0006304208
2025-05-14 20:01:14,717 Train Loss: 0.0011880, Val Loss: 0.0020101
2025-05-14 20:01:14,717 Epoch 209/500
2025-05-14 20:02:38,622 Current Learning Rate: 0.0006273854
2025-05-14 20:02:38,623 Train Loss: 0.0011937, Val Loss: 0.0019517
2025-05-14 20:02:38,623 Epoch 210/500
2025-05-14 20:04:02,548 Current Learning Rate: 0.0006243449
2025-05-14 20:04:03,559 Train Loss: 0.0011721, Val Loss: 0.0019372
2025-05-14 20:04:03,559 Epoch 211/500
2025-05-14 20:05:27,085 Current Learning Rate: 0.0006212996
2025-05-14 20:05:27,085 Train Loss: 0.0011903, Val Loss: 0.0019441
2025-05-14 20:05:27,086 Epoch 212/500
2025-05-14 20:06:51,348 Current Learning Rate: 0.0006182495
2025-05-14 20:06:51,533 Train Loss: 0.0011798, Val Loss: 0.0019325
2025-05-14 20:06:51,533 Epoch 213/500
2025-05-14 20:08:15,824 Current Learning Rate: 0.0006151947
2025-05-14 20:08:16,003 Train Loss: 0.0011723, Val Loss: 0.0019236
2025-05-14 20:08:16,003 Epoch 214/500
2025-05-14 20:09:39,873 Current Learning Rate: 0.0006121354
2025-05-14 20:09:40,054 Train Loss: 0.0011580, Val Loss: 0.0019041
2025-05-14 20:09:40,055 Epoch 215/500
2025-05-14 20:11:04,152 Current Learning Rate: 0.0006090716
2025-05-14 20:11:04,317 Train Loss: 0.0011773, Val Loss: 0.0018837
2025-05-14 20:11:04,317 Epoch 216/500
2025-05-14 20:12:27,674 Current Learning Rate: 0.0006060036
2025-05-14 20:12:27,675 Train Loss: 0.0011633, Val Loss: 0.0019472
2025-05-14 20:12:27,675 Epoch 217/500
2025-05-14 20:13:51,850 Current Learning Rate: 0.0006029313
2025-05-14 20:13:51,850 Train Loss: 0.0011584, Val Loss: 0.0018950
2025-05-14 20:13:51,850 Epoch 218/500
2025-05-14 20:15:15,733 Current Learning Rate: 0.0005998550
2025-05-14 20:15:15,734 Train Loss: 0.0011383, Val Loss: 0.0019138
2025-05-14 20:15:15,734 Epoch 219/500
2025-05-14 20:16:40,308 Current Learning Rate: 0.0005967747
2025-05-14 20:16:40,309 Train Loss: 0.0011519, Val Loss: 0.0021261
2025-05-14 20:16:40,309 Epoch 220/500
2025-05-14 20:18:04,114 Current Learning Rate: 0.0005936907
2025-05-14 20:18:04,114 Train Loss: 0.0011471, Val Loss: 0.0018930
2025-05-14 20:18:04,115 Epoch 221/500
2025-05-14 20:19:28,264 Current Learning Rate: 0.0005906029
2025-05-14 20:19:28,264 Train Loss: 0.0011197, Val Loss: 0.0019392
2025-05-14 20:19:28,264 Epoch 222/500
2025-05-14 20:20:51,886 Current Learning Rate: 0.0005875115
2025-05-14 20:20:51,886 Train Loss: 0.0011480, Val Loss: 0.0020573
2025-05-14 20:20:51,886 Epoch 223/500
2025-05-14 20:22:15,268 Current Learning Rate: 0.0005844167
2025-05-14 20:22:15,268 Train Loss: 0.0011349, Val Loss: 0.0019237
2025-05-14 20:22:15,269 Epoch 224/500
2025-05-14 20:23:39,003 Current Learning Rate: 0.0005813186
2025-05-14 20:23:39,004 Train Loss: 0.0011386, Val Loss: 0.0019722
2025-05-14 20:23:39,004 Epoch 225/500
2025-05-14 20:24:54,852 Current Learning Rate: 0.0005782172
2025-05-14 20:24:54,853 Train Loss: 0.0011125, Val Loss: 0.0019046
2025-05-14 20:24:54,853 Epoch 226/500
2025-05-14 20:26:11,471 Current Learning Rate: 0.0005751128
2025-05-14 20:26:11,667 Train Loss: 0.0011361, Val Loss: 0.0018831
2025-05-14 20:26:11,668 Epoch 227/500
2025-05-14 20:27:28,108 Current Learning Rate: 0.0005720054
2025-05-14 20:27:28,109 Train Loss: 0.0011007, Val Loss: 0.0018839
2025-05-14 20:27:28,109 Epoch 228/500
2025-05-14 20:28:43,746 Current Learning Rate: 0.0005688951
2025-05-14 20:28:43,942 Train Loss: 0.0010950, Val Loss: 0.0018798
2025-05-14 20:28:43,942 Epoch 229/500
2025-05-14 20:30:00,211 Current Learning Rate: 0.0005657822
2025-05-14 20:30:00,396 Train Loss: 0.0010982, Val Loss: 0.0018726
2025-05-14 20:30:00,396 Epoch 230/500
2025-05-14 20:31:16,334 Current Learning Rate: 0.0005626666
2025-05-14 20:31:16,335 Train Loss: 0.0010928, Val Loss: 0.0018900
2025-05-14 20:31:16,335 Epoch 231/500
2025-05-14 20:32:31,862 Current Learning Rate: 0.0005595486
2025-05-14 20:32:32,027 Train Loss: 0.0010878, Val Loss: 0.0018708
2025-05-14 20:32:32,027 Epoch 232/500
2025-05-14 20:33:47,588 Current Learning Rate: 0.0005564282
2025-05-14 20:33:47,765 Train Loss: 0.0010793, Val Loss: 0.0018418
2025-05-14 20:33:47,765 Epoch 233/500
2025-05-14 20:35:03,398 Current Learning Rate: 0.0005533056
2025-05-14 20:35:03,399 Train Loss: 0.0010702, Val Loss: 0.0019080
2025-05-14 20:35:03,399 Epoch 234/500
2025-05-14 20:36:19,766 Current Learning Rate: 0.0005501809
2025-05-14 20:36:19,767 Train Loss: 0.0010724, Val Loss: 0.0018987
2025-05-14 20:36:19,767 Epoch 235/500
2025-05-14 20:37:35,267 Current Learning Rate: 0.0005470542
2025-05-14 20:37:35,268 Train Loss: 0.0010621, Val Loss: 0.0019243
2025-05-14 20:37:35,268 Epoch 236/500
2025-05-14 20:38:51,699 Current Learning Rate: 0.0005439256
2025-05-14 20:38:51,699 Train Loss: 0.0010645, Val Loss: 0.0018749
2025-05-14 20:38:51,699 Epoch 237/500
2025-05-14 20:40:07,221 Current Learning Rate: 0.0005407953
2025-05-14 20:40:07,221 Train Loss: 0.0010790, Val Loss: 0.0018557
2025-05-14 20:40:07,222 Epoch 238/500
2025-05-14 20:41:22,873 Current Learning Rate: 0.0005376634
2025-05-14 20:41:22,873 Train Loss: 0.0010567, Val Loss: 0.0018462
2025-05-14 20:41:22,874 Epoch 239/500
2025-05-14 20:42:38,695 Current Learning Rate: 0.0005345300
2025-05-14 20:42:38,863 Train Loss: 0.0010478, Val Loss: 0.0018399
2025-05-14 20:42:38,863 Epoch 240/500
2025-05-14 20:43:54,087 Current Learning Rate: 0.0005313953
2025-05-14 20:43:54,088 Train Loss: 0.0010548, Val Loss: 0.0018510
2025-05-14 20:43:54,088 Epoch 241/500
2025-05-14 20:45:09,735 Current Learning Rate: 0.0005282593
2025-05-14 20:45:09,736 Train Loss: 0.0010375, Val Loss: 0.0018575
2025-05-14 20:45:09,736 Epoch 242/500
2025-05-14 20:46:25,573 Current Learning Rate: 0.0005251222
2025-05-14 20:46:25,766 Train Loss: 0.0010396, Val Loss: 0.0018369
2025-05-14 20:46:25,767 Epoch 243/500
2025-05-14 20:47:41,374 Current Learning Rate: 0.0005219841
2025-05-14 20:47:41,375 Train Loss: 0.0010339, Val Loss: 0.0018521
2025-05-14 20:47:41,375 Epoch 244/500
2025-05-14 20:48:57,275 Current Learning Rate: 0.0005188451
2025-05-14 20:48:57,447 Train Loss: 0.0010316, Val Loss: 0.0018192
2025-05-14 20:48:57,447 Epoch 245/500
2025-05-14 20:50:12,302 Current Learning Rate: 0.0005157054
2025-05-14 20:50:12,303 Train Loss: 0.0010237, Val Loss: 0.0018437
2025-05-14 20:50:12,303 Epoch 246/500
2025-05-14 20:51:28,610 Current Learning Rate: 0.0005125650
2025-05-14 20:51:28,610 Train Loss: 0.0010190, Val Loss: 0.0018358
2025-05-14 20:51:28,611 Epoch 247/500
2025-05-14 20:52:43,870 Current Learning Rate: 0.0005094242
2025-05-14 20:52:44,050 Train Loss: 0.0010116, Val Loss: 0.0018095
2025-05-14 20:52:44,050 Epoch 248/500
2025-05-14 20:54:00,078 Current Learning Rate: 0.0005062830
2025-05-14 20:54:00,079 Train Loss: 0.0010321, Val Loss: 0.0018282
2025-05-14 20:54:00,079 Epoch 249/500
2025-05-14 20:55:15,887 Current Learning Rate: 0.0005031416
2025-05-14 20:55:15,887 Train Loss: 0.0010270, Val Loss: 0.0018487
2025-05-14 20:55:15,887 Epoch 250/500
2025-05-14 20:56:32,620 Current Learning Rate: 0.0005000000
2025-05-14 20:56:32,811 Saved periodic model at epoch 250 to /jizhicfs/easyluwu/ocean_project/NeurIPS_2025_wuhao/checkpoints/PastNet_0512_LiNS2d_epoch_250.pth
2025-05-14 20:56:32,811 Train Loss: 0.0010043, Val Loss: 0.0018596
2025-05-14 20:56:32,811 Epoch 251/500
2025-05-14 20:57:48,337 Current Learning Rate: 0.0004968584
2025-05-14 20:57:48,337 Train Loss: 0.0009925, Val Loss: 0.0018185
2025-05-14 20:57:48,337 Epoch 252/500
2025-05-14 20:59:04,710 Current Learning Rate: 0.0004937170
2025-05-14 20:59:04,710 Train Loss: 0.0009953, Val Loss: 0.0018165
2025-05-14 20:59:04,711 Epoch 253/500
2025-05-14 21:00:21,351 Current Learning Rate: 0.0004905758
2025-05-14 21:00:21,611 Train Loss: 0.0010243, Val Loss: 0.0018082
2025-05-14 21:00:21,611 Epoch 254/500
2025-05-14 21:01:38,035 Current Learning Rate: 0.0004874350
2025-05-14 21:01:38,035 Train Loss: 0.0009979, Val Loss: 0.0018677
2025-05-14 21:01:38,036 Epoch 255/500
2025-05-14 21:02:54,126 Current Learning Rate: 0.0004842946
2025-05-14 21:02:54,307 Train Loss: 0.0009842, Val Loss: 0.0017975
2025-05-14 21:02:54,308 Epoch 256/500
2025-05-14 21:04:10,010 Current Learning Rate: 0.0004811549
2025-05-14 21:04:10,010 Train Loss: 0.0009840, Val Loss: 0.0018358
2025-05-14 21:04:10,010 Epoch 257/500
2025-05-14 21:05:25,860 Current Learning Rate: 0.0004780159
2025-05-14 21:05:26,042 Train Loss: 0.0009770, Val Loss: 0.0017816
2025-05-14 21:05:26,042 Epoch 258/500
2025-05-14 21:06:41,398 Current Learning Rate: 0.0004748778
2025-05-14 21:06:41,399 Train Loss: 0.0009707, Val Loss: 0.0017983
2025-05-14 21:06:41,399 Epoch 259/500
2025-05-14 21:07:37,447 Current Learning Rate: 0.0004717407
2025-05-14 21:07:37,447 Train Loss: 0.0009725, Val Loss: 0.0017897
2025-05-14 21:07:37,447 Epoch 260/500
2025-05-14 21:08:34,344 Current Learning Rate: 0.0004686047
2025-05-14 21:08:34,344 Train Loss: 0.0009650, Val Loss: 0.0017967
2025-05-14 21:08:34,345 Epoch 261/500
2025-05-14 21:09:29,717 Current Learning Rate: 0.0004654700
2025-05-14 21:09:29,717 Train Loss: 0.0009594, Val Loss: 0.0019353
2025-05-14 21:09:29,717 Epoch 262/500
2025-05-14 21:10:25,802 Current Learning Rate: 0.0004623366
2025-05-14 21:10:25,803 Train Loss: 0.0009721, Val Loss: 0.0018083
2025-05-14 21:10:25,803 Epoch 263/500
2025-05-14 21:11:21,731 Current Learning Rate: 0.0004592047
2025-05-14 21:11:21,933 Train Loss: 0.0009532, Val Loss: 0.0017738
2025-05-14 21:11:21,934 Epoch 264/500
2025-05-14 21:12:17,609 Current Learning Rate: 0.0004560744
2025-05-14 21:12:17,610 Train Loss: 0.0009608, Val Loss: 0.0019425
2025-05-14 21:12:17,611 Epoch 265/500
2025-05-14 21:13:13,583 Current Learning Rate: 0.0004529458
2025-05-14 21:13:13,583 Train Loss: 0.0009501, Val Loss: 0.0017821
2025-05-14 21:13:13,583 Epoch 266/500
2025-05-14 21:14:09,933 Current Learning Rate: 0.0004498191
2025-05-14 21:14:09,934 Train Loss: 0.0009515, Val Loss: 0.0018169
2025-05-14 21:14:09,934 Epoch 267/500
2025-05-14 21:15:06,122 Current Learning Rate: 0.0004466944
2025-05-14 21:15:06,122 Train Loss: 0.0009475, Val Loss: 0.0018432
2025-05-14 21:15:06,122 Epoch 268/500
2025-05-14 21:16:02,606 Current Learning Rate: 0.0004435718
2025-05-14 21:16:02,606 Train Loss: 0.0009402, Val Loss: 0.0017944
2025-05-14 21:16:02,607 Epoch 269/500
2025-05-14 21:16:58,392 Current Learning Rate: 0.0004404514
2025-05-14 21:16:58,392 Train Loss: 0.0009293, Val Loss: 0.0018024
2025-05-14 21:16:58,392 Epoch 270/500
2025-05-14 21:17:54,887 Current Learning Rate: 0.0004373334
2025-05-14 21:17:54,887 Train Loss: 0.0009434, Val Loss: 0.0018018
2025-05-14 21:17:54,887 Epoch 271/500
2025-05-14 21:18:50,865 Current Learning Rate: 0.0004342178
2025-05-14 21:18:50,866 Train Loss: 0.0009558, Val Loss: 0.0018000
2025-05-14 21:18:50,866 Epoch 272/500
2025-05-14 21:19:46,856 Current Learning Rate: 0.0004311049
2025-05-14 21:19:46,857 Train Loss: 0.0009225, Val Loss: 0.0018120
2025-05-14 21:19:46,857 Epoch 273/500
2025-05-14 21:20:42,638 Current Learning Rate: 0.0004279946
2025-05-14 21:20:42,638 Train Loss: 0.0009245, Val Loss: 0.0017750
2025-05-14 21:20:42,639 Epoch 274/500
2025-05-14 21:21:38,951 Current Learning Rate: 0.0004248872
2025-05-14 21:21:39,181 Train Loss: 0.0009162, Val Loss: 0.0017608
2025-05-14 21:21:39,181 Epoch 275/500
2025-05-14 21:22:35,305 Current Learning Rate: 0.0004217828
2025-05-14 21:22:35,306 Train Loss: 0.0009106, Val Loss: 0.0018060
2025-05-14 21:22:35,306 Epoch 276/500
2025-05-14 21:23:30,885 Current Learning Rate: 0.0004186814
2025-05-14 21:23:30,885 Train Loss: 0.0009129, Val Loss: 0.0017660
2025-05-14 21:23:30,885 Epoch 277/500
2025-05-14 21:24:26,571 Current Learning Rate: 0.0004155833
2025-05-14 21:24:26,572 Train Loss: 0.0009153, Val Loss: 0.0017748
2025-05-14 21:24:26,572 Epoch 278/500
2025-05-14 21:25:23,715 Current Learning Rate: 0.0004124885
2025-05-14 21:25:23,715 Train Loss: 0.0009097, Val Loss: 0.0017612
2025-05-14 21:25:23,715 Epoch 279/500
2025-05-14 21:26:19,710 Current Learning Rate: 0.0004093971
2025-05-14 21:26:19,710 Train Loss: 0.0009067, Val Loss: 0.0018151
2025-05-14 21:26:19,710 Epoch 280/500
2025-05-14 21:27:15,390 Current Learning Rate: 0.0004063093
2025-05-14 21:27:15,390 Train Loss: 0.0009098, Val Loss: 0.0018218
2025-05-14 21:27:15,391 Epoch 281/500
2025-05-14 21:28:11,326 Current Learning Rate: 0.0004032253
2025-05-14 21:28:11,327 Train Loss: 0.0009024, Val Loss: 0.0017703
2025-05-14 21:28:11,327 Epoch 282/500
2025-05-14 21:29:07,973 Current Learning Rate: 0.0004001450
2025-05-14 21:29:07,973 Train Loss: 0.0009000, Val Loss: 0.0017698
2025-05-14 21:29:07,973 Epoch 283/500
2025-05-14 21:30:04,132 Current Learning Rate: 0.0003970687
2025-05-14 21:30:04,314 Train Loss: 0.0008936, Val Loss: 0.0017508
2025-05-14 21:30:04,314 Epoch 284/500
2025-05-14 21:30:59,607 Current Learning Rate: 0.0003939964
2025-05-14 21:30:59,608 Train Loss: 0.0008851, Val Loss: 0.0017693
2025-05-14 21:30:59,608 Epoch 285/500
2025-05-14 21:31:56,007 Current Learning Rate: 0.0003909284
2025-05-14 21:31:56,007 Train Loss: 0.0008845, Val Loss: 0.0017737
2025-05-14 21:31:56,007 Epoch 286/500
2025-05-14 21:32:52,237 Current Learning Rate: 0.0003878646
2025-05-14 21:32:52,237 Train Loss: 0.0008888, Val Loss: 0.0017632
2025-05-14 21:32:52,238 Epoch 287/500
2025-05-14 21:33:47,774 Current Learning Rate: 0.0003848053
2025-05-14 21:33:47,774 Train Loss: 0.0008729, Val Loss: 0.0017617
2025-05-14 21:33:47,774 Epoch 288/500
2025-05-14 21:34:43,691 Current Learning Rate: 0.0003817505
2025-05-14 21:34:43,692 Train Loss: 0.0008748, Val Loss: 0.0017547
2025-05-14 21:34:43,692 Epoch 289/500
2025-05-14 21:35:39,969 Current Learning Rate: 0.0003787004
2025-05-14 21:35:39,970 Train Loss: 0.0008766, Val Loss: 0.0017801
2025-05-14 21:35:39,970 Epoch 290/500
2025-05-14 21:36:36,486 Current Learning Rate: 0.0003756551
2025-05-14 21:36:36,487 Train Loss: 0.0008785, Val Loss: 0.0017616
2025-05-14 21:36:36,487 Epoch 291/500
2025-05-14 21:37:32,987 Current Learning Rate: 0.0003726146
2025-05-14 21:37:32,987 Train Loss: 0.0008699, Val Loss: 0.0017564
2025-05-14 21:37:32,987 Epoch 292/500
2025-05-14 21:38:28,806 Current Learning Rate: 0.0003695792
2025-05-14 21:38:29,013 Train Loss: 0.0008665, Val Loss: 0.0017410
2025-05-14 21:38:29,014 Epoch 293/500
2025-05-14 21:39:25,708 Current Learning Rate: 0.0003665490
2025-05-14 21:39:25,963 Train Loss: 0.0008689, Val Loss: 0.0017381
2025-05-14 21:39:25,963 Epoch 294/500
2025-05-14 21:40:21,580 Current Learning Rate: 0.0003635240
2025-05-14 21:40:21,581 Train Loss: 0.0008630, Val Loss: 0.0017641
2025-05-14 21:40:21,581 Epoch 295/500
2025-05-14 21:41:17,195 Current Learning Rate: 0.0003605044
2025-05-14 21:41:17,195 Train Loss: 0.0008571, Val Loss: 0.0017744
2025-05-14 21:41:17,195 Epoch 296/500
2025-05-14 21:42:13,068 Current Learning Rate: 0.0003574904
2025-05-14 21:42:13,069 Train Loss: 0.0008592, Val Loss: 0.0017588
2025-05-14 21:42:13,069 Epoch 297/500
2025-05-14 21:43:09,691 Current Learning Rate: 0.0003544819
2025-05-14 21:43:09,692 Train Loss: 0.0008528, Val Loss: 0.0017684
2025-05-14 21:43:09,692 Epoch 298/500
2025-05-14 21:44:06,356 Current Learning Rate: 0.0003514792
2025-05-14 21:44:06,357 Train Loss: 0.0008450, Val Loss: 0.0017577
2025-05-14 21:44:06,357 Epoch 299/500
2025-05-14 21:45:02,400 Current Learning Rate: 0.0003484824
2025-05-14 21:45:02,400 Train Loss: 0.0008488, Val Loss: 0.0017617
2025-05-14 21:45:02,401 Epoch 300/500
2025-05-14 21:45:58,320 Current Learning Rate: 0.0003454915
2025-05-14 21:45:58,514 Saved periodic model at epoch 300 to /jizhicfs/easyluwu/ocean_project/NeurIPS_2025_wuhao/checkpoints/PastNet_0512_LiNS2d_epoch_300.pth
2025-05-14 21:45:58,515 Train Loss: 0.0008504, Val Loss: 0.0017546
2025-05-14 21:45:58,515 Epoch 301/500
2025-05-14 21:46:55,144 Current Learning Rate: 0.0003425067
2025-05-14 21:46:55,144 Train Loss: 0.0008503, Val Loss: 0.0017547
2025-05-14 21:46:55,144 Epoch 302/500
2025-05-14 21:47:50,766 Current Learning Rate: 0.0003395282
2025-05-14 21:47:50,767 Train Loss: 0.0008409, Val Loss: 0.0017750
2025-05-14 21:47:50,767 Epoch 303/500
2025-05-14 21:48:46,481 Current Learning Rate: 0.0003365560
2025-05-14 21:48:46,482 Train Loss: 0.0008331, Val Loss: 0.0017422
2025-05-14 21:48:46,482 Epoch 304/500
2025-05-14 21:49:42,606 Current Learning Rate: 0.0003335902
2025-05-14 21:49:42,606 Train Loss: 0.0008336, Val Loss: 0.0017651
2025-05-14 21:49:42,607 Epoch 305/500
2025-05-14 21:50:39,297 Current Learning Rate: 0.0003306310
2025-05-14 21:50:39,298 Train Loss: 0.0008311, Val Loss: 0.0017548
2025-05-14 21:50:39,298 Epoch 306/500
2025-05-14 21:51:35,179 Current Learning Rate: 0.0003276785
2025-05-14 21:51:35,179 Train Loss: 0.0008344, Val Loss: 0.0017456
2025-05-14 21:51:35,179 Epoch 307/500
2025-05-14 21:52:31,380 Current Learning Rate: 0.0003247328
2025-05-14 21:52:31,381 Train Loss: 0.0008193, Val Loss: 0.0017437
2025-05-14 21:52:31,381 Epoch 308/500
2025-05-14 21:53:27,127 Current Learning Rate: 0.0003217941
2025-05-14 21:53:27,128 Train Loss: 0.0008243, Val Loss: 0.0017482
2025-05-14 21:53:27,128 Epoch 309/500
2025-05-14 21:54:23,765 Current Learning Rate: 0.0003188623
2025-05-14 21:54:23,766 Train Loss: 0.0008223, Val Loss: 0.0017451
2025-05-14 21:54:23,766 Epoch 310/500
2025-05-14 21:55:19,069 Current Learning Rate: 0.0003159377
2025-05-14 21:55:19,070 Train Loss: 0.0008153, Val Loss: 0.0017454
2025-05-14 21:55:19,070 Epoch 311/500
2025-05-14 21:56:14,946 Current Learning Rate: 0.0003130204
2025-05-14 21:56:14,947 Train Loss: 0.0008252, Val Loss: 0.0017468
2025-05-14 21:56:14,947 Epoch 312/500
2025-05-14 21:57:11,077 Current Learning Rate: 0.0003101105
2025-05-14 21:57:11,283 Train Loss: 0.0008149, Val Loss: 0.0017320
2025-05-14 21:57:11,283 Epoch 313/500
2025-05-14 21:58:08,186 Current Learning Rate: 0.0003072080
2025-05-14 21:58:08,187 Train Loss: 0.0008183, Val Loss: 0.0017368
2025-05-14 21:58:08,187 Epoch 314/500
2025-05-14 21:59:03,956 Current Learning Rate: 0.0003043132
2025-05-14 21:59:04,150 Train Loss: 0.0008075, Val Loss: 0.0017278
2025-05-14 21:59:04,150 Epoch 315/500
2025-05-14 21:59:59,497 Current Learning Rate: 0.0003014261
2025-05-14 21:59:59,498 Train Loss: 0.0008031, Val Loss: 0.0017451
2025-05-14 21:59:59,498 Epoch 316/500
2025-05-14 22:00:55,776 Current Learning Rate: 0.0002985468
2025-05-14 22:00:55,776 Train Loss: 0.0008047, Val Loss: 0.0017440
2025-05-14 22:00:55,776 Epoch 317/500
2025-05-14 22:01:51,753 Current Learning Rate: 0.0002956755
2025-05-14 22:01:51,753 Train Loss: 0.0008068, Val Loss: 0.0017428
2025-05-14 22:01:51,753 Epoch 318/500
2025-05-14 22:02:47,425 Current Learning Rate: 0.0002928122
2025-05-14 22:02:47,425 Train Loss: 0.0008055, Val Loss: 0.0017370
2025-05-14 22:02:47,426 Epoch 319/500
2025-05-14 22:03:43,262 Current Learning Rate: 0.0002899571
2025-05-14 22:03:43,262 Train Loss: 0.0007983, Val Loss: 0.0017565
2025-05-14 22:03:43,262 Epoch 320/500
2025-05-14 22:04:39,609 Current Learning Rate: 0.0002871104
2025-05-14 22:04:39,609 Train Loss: 0.0007959, Val Loss: 0.0017375
2025-05-14 22:04:39,609 Epoch 321/500
2025-05-14 22:05:36,390 Current Learning Rate: 0.0002842720
2025-05-14 22:05:36,390 Train Loss: 0.0007973, Val Loss: 0.0017393
2025-05-14 22:05:36,391 Epoch 322/500
2025-05-14 22:06:32,160 Current Learning Rate: 0.0002814421
2025-05-14 22:06:32,161 Train Loss: 0.0007930, Val Loss: 0.0017547
2025-05-14 22:06:32,161 Epoch 323/500
2025-05-14 22:07:27,607 Current Learning Rate: 0.0002786209
2025-05-14 22:07:27,608 Train Loss: 0.0007880, Val Loss: 0.0017303
2025-05-14 22:07:27,608 Epoch 324/500
2025-05-14 22:08:23,641 Current Learning Rate: 0.0002758084
2025-05-14 22:08:23,815 Train Loss: 0.0007897, Val Loss: 0.0017253
2025-05-14 22:08:23,816 Epoch 325/500
2025-05-14 22:09:20,158 Current Learning Rate: 0.0002730048
2025-05-14 22:09:20,159 Train Loss: 0.0007844, Val Loss: 0.0017264
2025-05-14 22:09:20,159 Epoch 326/500
2025-05-14 22:10:15,034 Current Learning Rate: 0.0002702101
2025-05-14 22:10:15,035 Train Loss: 0.0007828, Val Loss: 0.0017358
2025-05-14 22:10:15,035 Epoch 327/500
2025-05-14 22:11:10,470 Current Learning Rate: 0.0002674245
2025-05-14 22:11:10,470 Train Loss: 0.0007776, Val Loss: 0.0017352
2025-05-14 22:11:10,470 Epoch 328/500
2025-05-14 22:12:06,754 Current Learning Rate: 0.0002646480
2025-05-14 22:12:06,754 Train Loss: 0.0007751, Val Loss: 0.0017624
2025-05-14 22:12:06,755 Epoch 329/500
2025-05-14 22:13:02,560 Current Learning Rate: 0.0002618809
2025-05-14 22:13:02,945 Train Loss: 0.0007726, Val Loss: 0.0017214
2025-05-14 22:13:02,945 Epoch 330/500
2025-05-14 22:13:59,083 Current Learning Rate: 0.0002591232
2025-05-14 22:13:59,084 Train Loss: 0.0007741, Val Loss: 0.0017227
2025-05-14 22:13:59,084 Epoch 331/500
2025-05-14 22:14:55,039 Current Learning Rate: 0.0002563749
2025-05-14 22:14:55,039 Train Loss: 0.0007732, Val Loss: 0.0017327
2025-05-14 22:14:55,039 Epoch 332/500
2025-05-14 22:15:51,617 Current Learning Rate: 0.0002536363
2025-05-14 22:15:51,617 Train Loss: 0.0007777, Val Loss: 0.0017219
2025-05-14 22:15:51,617 Epoch 333/500
2025-05-14 22:16:47,779 Current Learning Rate: 0.0002509074
2025-05-14 22:16:47,779 Train Loss: 0.0007711, Val Loss: 0.0017320
2025-05-14 22:16:47,780 Epoch 334/500
2025-05-14 22:17:43,892 Current Learning Rate: 0.0002481884
2025-05-14 22:17:43,893 Train Loss: 0.0007727, Val Loss: 0.0017251
2025-05-14 22:17:43,893 Epoch 335/500
2025-05-14 22:18:39,797 Current Learning Rate: 0.0002454793
2025-05-14 22:18:39,797 Train Loss: 0.0007616, Val Loss: 0.0017263
2025-05-14 22:18:39,797 Epoch 336/500
2025-05-14 22:19:36,618 Current Learning Rate: 0.0002427802
2025-05-14 22:19:36,618 Train Loss: 0.0007639, Val Loss: 0.0017240
2025-05-14 22:19:36,619 Epoch 337/500
2025-05-14 22:20:32,008 Current Learning Rate: 0.0002400913
2025-05-14 22:20:32,009 Train Loss: 0.0007629, Val Loss: 0.0017225
2025-05-14 22:20:32,009 Epoch 338/500
2025-05-14 22:21:28,934 Current Learning Rate: 0.0002374127
2025-05-14 22:21:28,934 Train Loss: 0.0007623, Val Loss: 0.0017261
2025-05-14 22:21:28,934 Epoch 339/500
2025-05-14 22:22:24,786 Current Learning Rate: 0.0002347444
2025-05-14 22:22:24,981 Train Loss: 0.0007557, Val Loss: 0.0017173
2025-05-14 22:22:24,982 Epoch 340/500
2025-05-14 22:23:21,821 Current Learning Rate: 0.0002320866
2025-05-14 22:23:21,822 Train Loss: 0.0007571, Val Loss: 0.0017409
2025-05-14 22:23:21,822 Epoch 341/500
2025-05-14 22:24:17,697 Current Learning Rate: 0.0002294394
2025-05-14 22:24:17,697 Train Loss: 0.0007524, Val Loss: 0.0017315
2025-05-14 22:24:17,697 Epoch 342/500
2025-05-14 22:25:13,121 Current Learning Rate: 0.0002268028
2025-05-14 22:25:13,122 Train Loss: 0.0007523, Val Loss: 0.0017272
2025-05-14 22:25:13,122 Epoch 343/500
2025-05-14 22:26:08,748 Current Learning Rate: 0.0002241771
2025-05-14 22:26:08,748 Train Loss: 0.0007515, Val Loss: 0.0017194
2025-05-14 22:26:08,748 Epoch 344/500
2025-05-14 22:27:05,184 Current Learning Rate: 0.0002215622
2025-05-14 22:27:05,185 Train Loss: 0.0007480, Val Loss: 0.0017247
2025-05-14 22:27:05,185 Epoch 345/500
2025-05-14 22:28:01,291 Current Learning Rate: 0.0002189583
2025-05-14 22:28:01,292 Train Loss: 0.0007453, Val Loss: 0.0017461
2025-05-14 22:28:01,292 Epoch 346/500
2025-05-14 22:28:57,370 Current Learning Rate: 0.0002163655
2025-05-14 22:28:57,370 Train Loss: 0.0007429, Val Loss: 0.0017198
2025-05-14 22:28:57,371 Epoch 347/500
2025-05-14 22:29:53,088 Current Learning Rate: 0.0002137839
2025-05-14 22:29:53,088 Train Loss: 0.0007408, Val Loss: 0.0017323
2025-05-14 22:29:53,088 Epoch 348/500
2025-05-14 22:30:49,553 Current Learning Rate: 0.0002112136
2025-05-14 22:30:49,554 Train Loss: 0.0007386, Val Loss: 0.0017253
2025-05-14 22:30:49,554 Epoch 349/500
2025-05-14 22:31:45,383 Current Learning Rate: 0.0002086548
2025-05-14 22:31:45,563 Train Loss: 0.0007403, Val Loss: 0.0017151
2025-05-14 22:31:45,563 Epoch 350/500
2025-05-14 22:32:41,489 Current Learning Rate: 0.0002061074
2025-05-14 22:32:41,679 Saved periodic model at epoch 350 to /jizhicfs/easyluwu/ocean_project/NeurIPS_2025_wuhao/checkpoints/PastNet_0512_LiNS2d_epoch_350.pth
2025-05-14 22:32:41,679 Train Loss: 0.0007358, Val Loss: 0.0017300
2025-05-14 22:32:41,679 Epoch 351/500
2025-05-14 22:33:37,607 Current Learning Rate: 0.0002035716
2025-05-14 22:33:37,607 Train Loss: 0.0007355, Val Loss: 0.0017336
2025-05-14 22:33:37,608 Epoch 352/500
2025-05-14 22:34:34,384 Current Learning Rate: 0.0002010475
2025-05-14 22:34:34,385 Train Loss: 0.0007366, Val Loss: 0.0017365
2025-05-14 22:34:34,385 Epoch 353/500
2025-05-14 22:35:30,120 Current Learning Rate: 0.0001985352
2025-05-14 22:35:30,120 Train Loss: 0.0007314, Val Loss: 0.0017215
2025-05-14 22:35:30,120 Epoch 354/500
2025-05-14 22:36:26,747 Current Learning Rate: 0.0001960349
2025-05-14 22:36:26,747 Train Loss: 0.0007291, Val Loss: 0.0017294
2025-05-14 22:36:26,748 Epoch 355/500
2025-05-14 22:37:22,912 Current Learning Rate: 0.0001935465
2025-05-14 22:37:22,913 Train Loss: 0.0007263, Val Loss: 0.0017242
2025-05-14 22:37:22,913 Epoch 356/500
2025-05-14 22:38:19,741 Current Learning Rate: 0.0001910702
2025-05-14 22:38:19,741 Train Loss: 0.0007224, Val Loss: 0.0017279
2025-05-14 22:38:19,741 Epoch 357/500
2025-05-14 22:39:15,577 Current Learning Rate: 0.0001886061
2025-05-14 22:39:15,578 Train Loss: 0.0007255, Val Loss: 0.0017532
2025-05-14 22:39:15,578 Epoch 358/500
2025-05-14 22:40:11,071 Current Learning Rate: 0.0001861543
2025-05-14 22:40:11,071 Train Loss: 0.0007270, Val Loss: 0.0017370
2025-05-14 22:40:11,072 Epoch 359/500
2025-05-14 22:41:07,185 Current Learning Rate: 0.0001837149
2025-05-14 22:41:07,186 Train Loss: 0.0007180, Val Loss: 0.0017257
2025-05-14 22:41:07,186 Epoch 360/500
2025-05-14 22:42:03,762 Current Learning Rate: 0.0001812880
2025-05-14 22:42:03,961 Train Loss: 0.0007179, Val Loss: 0.0017060
2025-05-14 22:42:03,961 Epoch 361/500
2025-05-14 22:43:00,138 Current Learning Rate: 0.0001788737
2025-05-14 22:43:00,139 Train Loss: 0.0007167, Val Loss: 0.0017728
2025-05-14 22:43:00,139 Epoch 362/500
2025-05-14 22:43:55,794 Current Learning Rate: 0.0001764720
2025-05-14 22:43:55,794 Train Loss: 0.0007162, Val Loss: 0.0017179
2025-05-14 22:43:55,795 Epoch 363/500
2025-05-14 22:44:51,892 Current Learning Rate: 0.0001740831
2025-05-14 22:44:51,893 Train Loss: 0.0007162, Val Loss: 0.0017271
2025-05-14 22:44:51,893 Epoch 364/500
2025-05-14 22:45:48,307 Current Learning Rate: 0.0001717071
2025-05-14 22:45:48,307 Train Loss: 0.0007136, Val Loss: 0.0017277
2025-05-14 22:45:48,307 Epoch 365/500
2025-05-14 22:46:43,724 Current Learning Rate: 0.0001693441
2025-05-14 22:46:43,724 Train Loss: 0.0007107, Val Loss: 0.0017135
2025-05-14 22:46:43,724 Epoch 366/500
2025-05-14 22:47:39,227 Current Learning Rate: 0.0001669941
2025-05-14 22:47:39,227 Train Loss: 0.0007069, Val Loss: 0.0017105
2025-05-14 22:47:39,227 Epoch 367/500
2025-05-14 22:48:35,589 Current Learning Rate: 0.0001646572
2025-05-14 22:48:35,589 Train Loss: 0.0007033, Val Loss: 0.0017086
2025-05-14 22:48:35,589 Epoch 368/500
2025-05-14 22:49:31,983 Current Learning Rate: 0.0001623336
2025-05-14 22:49:32,163 Train Loss: 0.0007049, Val Loss: 0.0017028
2025-05-14 22:49:32,163 Epoch 369/500
2025-05-14 22:50:27,921 Current Learning Rate: 0.0001600233
2025-05-14 22:50:27,922 Train Loss: 0.0007062, Val Loss: 0.0017182
2025-05-14 22:50:27,922 Epoch 370/500
2025-05-14 22:51:23,763 Current Learning Rate: 0.0001577264
2025-05-14 22:51:23,763 Train Loss: 0.0007066, Val Loss: 0.0017235
2025-05-14 22:51:23,763 Epoch 371/500
2025-05-14 22:52:19,782 Current Learning Rate: 0.0001554431
2025-05-14 22:52:19,783 Train Loss: 0.0007029, Val Loss: 0.0017193
2025-05-14 22:52:19,783 Epoch 372/500
2025-05-14 22:53:16,281 Current Learning Rate: 0.0001531733
2025-05-14 22:53:16,282 Train Loss: 0.0007020, Val Loss: 0.0017200
2025-05-14 22:53:16,282 Epoch 373/500
2025-05-14 22:54:12,033 Current Learning Rate: 0.0001509173
2025-05-14 22:54:12,034 Train Loss: 0.0007043, Val Loss: 0.0017147
2025-05-14 22:54:12,034 Epoch 374/500
2025-05-14 22:55:08,507 Current Learning Rate: 0.0001486750
2025-05-14 22:55:08,508 Train Loss: 0.0006988, Val Loss: 0.0017343
2025-05-14 22:55:08,508 Epoch 375/500
2025-05-14 22:56:04,666 Current Learning Rate: 0.0001464466
2025-05-14 22:56:04,666 Train Loss: 0.0006965, Val Loss: 0.0017056
2025-05-14 22:56:04,666 Epoch 376/500
2025-05-14 22:57:02,063 Current Learning Rate: 0.0001442322
2025-05-14 22:57:02,064 Train Loss: 0.0006922, Val Loss: 0.0017106
2025-05-14 22:57:02,064 Epoch 377/500
2025-05-14 22:57:58,506 Current Learning Rate: 0.0001420318
2025-05-14 22:57:58,507 Train Loss: 0.0006947, Val Loss: 0.0017384
2025-05-14 22:57:58,507 Epoch 378/500
2025-05-14 22:58:54,235 Current Learning Rate: 0.0001398455
2025-05-14 22:58:54,235 Train Loss: 0.0006903, Val Loss: 0.0017262
2025-05-14 22:58:54,235 Epoch 379/500
2025-05-14 22:59:50,598 Current Learning Rate: 0.0001376734
2025-05-14 22:59:50,599 Train Loss: 0.0006926, Val Loss: 0.0017167
2025-05-14 22:59:50,599 Epoch 380/500
2025-05-14 23:00:47,107 Current Learning Rate: 0.0001355157
2025-05-14 23:00:47,108 Train Loss: 0.0006902, Val Loss: 0.0017142
2025-05-14 23:00:47,108 Epoch 381/500
2025-05-14 23:01:42,798 Current Learning Rate: 0.0001333723
2025-05-14 23:01:42,798 Train Loss: 0.0006931, Val Loss: 0.0017204
2025-05-14 23:01:42,798 Epoch 382/500
2025-05-14 23:02:38,328 Current Learning Rate: 0.0001312434
2025-05-14 23:02:38,328 Train Loss: 0.0006864, Val Loss: 0.0017412
2025-05-14 23:02:38,328 Epoch 383/500
2025-05-14 23:03:34,727 Current Learning Rate: 0.0001291291
2025-05-14 23:03:34,728 Train Loss: 0.0006862, Val Loss: 0.0017175
2025-05-14 23:03:34,728 Epoch 384/500
2025-05-14 23:04:31,159 Current Learning Rate: 0.0001270294
2025-05-14 23:04:31,160 Train Loss: 0.0006843, Val Loss: 0.0017216
2025-05-14 23:04:31,160 Epoch 385/500
2025-05-14 23:05:26,625 Current Learning Rate: 0.0001249445
2025-05-14 23:05:26,625 Train Loss: 0.0006832, Val Loss: 0.0017172
2025-05-14 23:05:26,625 Epoch 386/500
2025-05-14 23:06:22,302 Current Learning Rate: 0.0001228743
2025-05-14 23:06:22,303 Train Loss: 0.0006808, Val Loss: 0.0017233
2025-05-14 23:06:22,303 Epoch 387/500
2025-05-14 23:07:18,659 Current Learning Rate: 0.0001208190
2025-05-14 23:07:18,660 Train Loss: 0.0006804, Val Loss: 0.0017353
2025-05-14 23:07:18,660 Epoch 388/500
2025-05-14 23:08:13,996 Current Learning Rate: 0.0001187787
2025-05-14 23:08:13,997 Train Loss: 0.0006827, Val Loss: 0.0017124
2025-05-14 23:08:13,997 Epoch 389/500
2025-05-14 23:09:09,863 Current Learning Rate: 0.0001167535
2025-05-14 23:09:09,863 Train Loss: 0.0006760, Val Loss: 0.0017171
2025-05-14 23:09:09,863 Epoch 390/500
2025-05-14 23:10:05,663 Current Learning Rate: 0.0001147434
2025-05-14 23:10:05,664 Train Loss: 0.0006763, Val Loss: 0.0017353
2025-05-14 23:10:05,664 Epoch 391/500
2025-05-14 23:11:02,383 Current Learning Rate: 0.0001127485
2025-05-14 23:11:02,384 Train Loss: 0.0006792, Val Loss: 0.0017218
2025-05-14 23:11:02,384 Epoch 392/500
2025-05-14 23:11:58,785 Current Learning Rate: 0.0001107688
2025-05-14 23:11:58,786 Train Loss: 0.0006731, Val Loss: 0.0017198
2025-05-14 23:11:58,786 Epoch 393/500
2025-05-14 23:12:54,832 Current Learning Rate: 0.0001088046
2025-05-14 23:12:54,833 Train Loss: 0.0006729, Val Loss: 0.0017318
2025-05-14 23:12:54,833 Epoch 394/500
2025-05-14 23:13:50,543 Current Learning Rate: 0.0001068558
2025-05-14 23:13:50,543 Train Loss: 0.0006715, Val Loss: 0.0017212
2025-05-14 23:13:50,543 Epoch 395/500
2025-05-14 23:14:46,982 Current Learning Rate: 0.0001049225
2025-05-14 23:14:46,983 Train Loss: 0.0006726, Val Loss: 0.0017164
2025-05-14 23:14:46,983 Epoch 396/500
2025-05-14 23:15:42,639 Current Learning Rate: 0.0001030048
2025-05-14 23:15:42,640 Train Loss: 0.0006696, Val Loss: 0.0017179
2025-05-14 23:15:42,640 Epoch 397/500
2025-05-14 23:16:38,276 Current Learning Rate: 0.0001011028
2025-05-14 23:16:38,277 Train Loss: 0.0006665, Val Loss: 0.0017185
2025-05-14 23:16:38,277 Epoch 398/500
2025-05-14 23:17:33,939 Current Learning Rate: 0.0000992165
2025-05-14 23:17:33,939 Train Loss: 0.0006682, Val Loss: 0.0017098
2025-05-14 23:17:33,940 Epoch 399/500
2025-05-14 23:18:30,745 Current Learning Rate: 0.0000973461
2025-05-14 23:18:30,746 Train Loss: 0.0006668, Val Loss: 0.0017178
2025-05-14 23:18:30,746 Epoch 400/500
2025-05-14 23:19:26,517 Current Learning Rate: 0.0000954915
2025-05-14 23:19:26,733 Saved periodic model at epoch 400 to /jizhicfs/easyluwu/ocean_project/NeurIPS_2025_wuhao/checkpoints/PastNet_0512_LiNS2d_epoch_400.pth
2025-05-14 23:19:26,733 Train Loss: 0.0006653, Val Loss: 0.0017162
2025-05-14 23:19:26,733 Epoch 401/500
2025-05-14 23:20:22,319 Current Learning Rate: 0.0000936529
2025-05-14 23:20:22,319 Train Loss: 0.0006625, Val Loss: 0.0017103
2025-05-14 23:20:22,320 Epoch 402/500
2025-05-14 23:21:18,236 Current Learning Rate: 0.0000918304
2025-05-14 23:21:18,236 Train Loss: 0.0006620, Val Loss: 0.0017113
2025-05-14 23:21:18,236 Epoch 403/500
2025-05-14 23:22:14,720 Current Learning Rate: 0.0000900239
2025-05-14 23:22:14,720 Train Loss: 0.0006612, Val Loss: 0.0017415
2025-05-14 23:22:14,720 Epoch 404/500
2025-05-14 23:23:10,470 Current Learning Rate: 0.0000882337
2025-05-14 23:23:10,470 Train Loss: 0.0006612, Val Loss: 0.0017250
2025-05-14 23:23:10,470 Epoch 405/500
2025-05-14 23:24:06,542 Current Learning Rate: 0.0000864597
2025-05-14 23:24:06,543 Train Loss: 0.0006591, Val Loss: 0.0017184
2025-05-14 23:24:06,543 Epoch 406/500
2025-05-14 23:25:02,702 Current Learning Rate: 0.0000847021
2025-05-14 23:25:02,703 Train Loss: 0.0006581, Val Loss: 0.0017103
2025-05-14 23:25:02,703 Epoch 407/500
2025-05-14 23:25:59,031 Current Learning Rate: 0.0000829608
2025-05-14 23:25:59,031 Train Loss: 0.0006570, Val Loss: 0.0017177
2025-05-14 23:25:59,031 Epoch 408/500
2025-05-14 23:26:55,586 Current Learning Rate: 0.0000812360
2025-05-14 23:26:55,586 Train Loss: 0.0006562, Val Loss: 0.0017058
2025-05-14 23:26:55,586 Epoch 409/500
2025-05-14 23:27:51,488 Current Learning Rate: 0.0000795277
2025-05-14 23:27:51,488 Train Loss: 0.0006560, Val Loss: 0.0017113
2025-05-14 23:27:51,488 Epoch 410/500
2025-05-14 23:28:47,502 Current Learning Rate: 0.0000778360
2025-05-14 23:28:47,502 Train Loss: 0.0006553, Val Loss: 0.0017086
2025-05-14 23:28:47,502 Epoch 411/500
2025-05-14 23:29:43,984 Current Learning Rate: 0.0000761610
2025-05-14 23:29:43,984 Train Loss: 0.0006563, Val Loss: 0.0017157
2025-05-14 23:29:43,984 Epoch 412/500
2025-05-14 23:30:40,123 Current Learning Rate: 0.0000745028
2025-05-14 23:30:40,124 Train Loss: 0.0006504, Val Loss: 0.0017130
2025-05-14 23:30:40,124 Epoch 413/500
2025-05-14 23:31:36,447 Current Learning Rate: 0.0000728613
2025-05-14 23:31:36,447 Train Loss: 0.0006521, Val Loss: 0.0017206
2025-05-14 23:31:36,447 Epoch 414/500
2025-05-14 23:32:32,327 Current Learning Rate: 0.0000712367
2025-05-14 23:32:32,328 Train Loss: 0.0006523, Val Loss: 0.0017190
2025-05-14 23:32:32,328 Epoch 415/500
2025-05-14 23:33:28,857 Current Learning Rate: 0.0000696290
2025-05-14 23:33:28,857 Train Loss: 0.0006496, Val Loss: 0.0017202
2025-05-14 23:33:28,857 Epoch 416/500
2025-05-14 23:34:25,755 Current Learning Rate: 0.0000680383
2025-05-14 23:34:25,755 Train Loss: 0.0006512, Val Loss: 0.0017170
2025-05-14 23:34:25,755 Epoch 417/500
2025-05-14 23:35:21,443 Current Learning Rate: 0.0000664646
2025-05-14 23:35:21,444 Train Loss: 0.0006470, Val Loss: 0.0017036
2025-05-14 23:35:21,444 Epoch 418/500
2025-05-14 23:36:16,905 Current Learning Rate: 0.0000649081
2025-05-14 23:36:16,905 Train Loss: 0.0006464, Val Loss: 0.0017101
2025-05-14 23:36:16,905 Epoch 419/500
2025-05-14 23:37:13,217 Current Learning Rate: 0.0000633688
2025-05-14 23:37:13,217 Train Loss: 0.0006448, Val Loss: 0.0017080
2025-05-14 23:37:13,217 Epoch 420/500
2025-05-14 23:38:09,422 Current Learning Rate: 0.0000618467
2025-05-14 23:38:09,422 Train Loss: 0.0006451, Val Loss: 0.0017225
2025-05-14 23:38:09,423 Epoch 421/500
2025-05-14 23:39:05,379 Current Learning Rate: 0.0000603418
2025-05-14 23:39:05,379 Train Loss: 0.0006461, Val Loss: 0.0017162
2025-05-14 23:39:05,380 Epoch 422/500
2025-05-14 23:40:00,989 Current Learning Rate: 0.0000588544
2025-05-14 23:40:00,989 Train Loss: 0.0006453, Val Loss: 0.0017163
2025-05-14 23:40:00,989 Epoch 423/500
2025-05-14 23:40:57,821 Current Learning Rate: 0.0000573843
2025-05-14 23:40:57,821 Train Loss: 0.0006426, Val Loss: 0.0017053
2025-05-14 23:40:57,821 Epoch 424/500
2025-05-14 23:41:54,264 Current Learning Rate: 0.0000559318
2025-05-14 23:41:54,265 Train Loss: 0.0006433, Val Loss: 0.0017064
2025-05-14 23:41:54,265 Epoch 425/500
2025-05-14 23:42:49,866 Current Learning Rate: 0.0000544967
2025-05-14 23:42:49,866 Train Loss: 0.0006383, Val Loss: 0.0017074
2025-05-14 23:42:49,867 Epoch 426/500
2025-05-14 23:43:46,047 Current Learning Rate: 0.0000530793
2025-05-14 23:43:46,047 Train Loss: 0.0006383, Val Loss: 0.0017098
2025-05-14 23:43:46,047 Epoch 427/500
2025-05-14 23:44:42,288 Current Learning Rate: 0.0000516795
2025-05-14 23:44:42,289 Train Loss: 0.0006403, Val Loss: 0.0017076
2025-05-14 23:44:42,289 Epoch 428/500
2025-05-14 23:45:38,131 Current Learning Rate: 0.0000502974
2025-05-14 23:45:38,131 Train Loss: 0.0006403, Val Loss: 0.0017053
2025-05-14 23:45:38,132 Epoch 429/500
2025-05-14 23:46:34,013 Current Learning Rate: 0.0000489330
2025-05-14 23:46:34,014 Train Loss: 0.0006374, Val Loss: 0.0017072
2025-05-14 23:46:34,015 Epoch 430/500
2025-05-14 23:47:30,230 Current Learning Rate: 0.0000475865
2025-05-14 23:47:30,230 Train Loss: 0.0006378, Val Loss: 0.0017125
2025-05-14 23:47:30,231 Epoch 431/500
2025-05-14 23:48:26,205 Current Learning Rate: 0.0000462578
2025-05-14 23:48:26,206 Train Loss: 0.0006375, Val Loss: 0.0017143
2025-05-14 23:48:26,206 Epoch 432/500
2025-05-14 23:49:22,583 Current Learning Rate: 0.0000449470
2025-05-14 23:49:22,584 Train Loss: 0.0006359, Val Loss: 0.0017184
2025-05-14 23:49:22,584 Epoch 433/500
2025-05-14 23:50:18,491 Current Learning Rate: 0.0000436542
2025-05-14 23:50:18,492 Train Loss: 0.0006370, Val Loss: 0.0017110
2025-05-14 23:50:18,493 Epoch 434/500
2025-05-14 23:51:15,034 Current Learning Rate: 0.0000423794
2025-05-14 23:51:15,035 Train Loss: 0.0006348, Val Loss: 0.0017124
2025-05-14 23:51:15,035 Epoch 435/500
2025-05-14 23:52:11,239 Current Learning Rate: 0.0000411227
2025-05-14 23:52:11,240 Train Loss: 0.0006356, Val Loss: 0.0017118
2025-05-14 23:52:11,240 Epoch 436/500
2025-05-14 23:53:07,048 Current Learning Rate: 0.0000398841
2025-05-14 23:53:07,049 Train Loss: 0.0006337, Val Loss: 0.0017186
2025-05-14 23:53:07,050 Epoch 437/500
2025-05-14 23:54:03,403 Current Learning Rate: 0.0000386636
2025-05-14 23:54:03,404 Train Loss: 0.0006325, Val Loss: 0.0017174
2025-05-14 23:54:03,404 Epoch 438/500
2025-05-14 23:55:00,581 Current Learning Rate: 0.0000374614
2025-05-14 23:55:00,582 Train Loss: 0.0006319, Val Loss: 0.0017137
2025-05-14 23:55:00,582 Epoch 439/500
2025-05-14 23:55:56,954 Current Learning Rate: 0.0000362774
2025-05-14 23:55:56,955 Train Loss: 0.0006311, Val Loss: 0.0017161
2025-05-14 23:55:56,955 Epoch 440/500
2025-05-14 23:56:52,843 Current Learning Rate: 0.0000351118
2025-05-14 23:56:52,843 Train Loss: 0.0006298, Val Loss: 0.0017101
2025-05-14 23:56:52,843 Epoch 441/500
2025-05-14 23:57:48,695 Current Learning Rate: 0.0000339644
2025-05-14 23:57:48,696 Train Loss: 0.0006299, Val Loss: 0.0017202
2025-05-14 23:57:48,696 Epoch 442/500
2025-05-14 23:58:45,478 Current Learning Rate: 0.0000328355
2025-05-14 23:58:45,479 Train Loss: 0.0006290, Val Loss: 0.0017116
2025-05-14 23:58:45,479 Epoch 443/500
2025-05-14 23:59:41,144 Current Learning Rate: 0.0000317251
2025-05-14 23:59:41,144 Train Loss: 0.0006302, Val Loss: 0.0017129
2025-05-14 23:59:41,144 Epoch 444/500
2025-05-15 00:00:36,747 Current Learning Rate: 0.0000306331
2025-05-15 00:00:36,747 Train Loss: 0.0006279, Val Loss: 0.0017151
2025-05-15 00:00:36,748 Epoch 445/500
2025-05-15 00:01:33,659 Current Learning Rate: 0.0000295596
2025-05-15 00:01:33,659 Train Loss: 0.0006294, Val Loss: 0.0017079
2025-05-15 00:01:33,659 Epoch 446/500
2025-05-15 00:02:30,784 Current Learning Rate: 0.0000285047
2025-05-15 00:02:30,784 Train Loss: 0.0006279, Val Loss: 0.0017116
2025-05-15 00:02:30,784 Epoch 447/500
2025-05-15 00:03:27,637 Current Learning Rate: 0.0000274685
2025-05-15 00:03:27,637 Train Loss: 0.0006259, Val Loss: 0.0017158
2025-05-15 00:03:27,637 Epoch 448/500
2025-05-15 00:04:24,024 Current Learning Rate: 0.0000264508
2025-05-15 00:04:24,024 Train Loss: 0.0006272, Val Loss: 0.0017139
2025-05-15 00:04:24,024 Epoch 449/500
2025-05-15 00:05:20,500 Current Learning Rate: 0.0000254519
2025-05-15 00:05:20,500 Train Loss: 0.0006282, Val Loss: 0.0017181
2025-05-15 00:05:20,501 Epoch 450/500
2025-05-15 00:06:16,907 Current Learning Rate: 0.0000244717
2025-05-15 00:06:17,092 Saved periodic model at epoch 450 to /jizhicfs/easyluwu/ocean_project/NeurIPS_2025_wuhao/checkpoints/PastNet_0512_LiNS2d_epoch_450.pth
2025-05-15 00:06:17,092 Train Loss: 0.0006279, Val Loss: 0.0017082
2025-05-15 00:06:17,092 Epoch 451/500
2025-05-15 00:07:13,027 Current Learning Rate: 0.0000235103
2025-05-15 00:07:13,028 Train Loss: 0.0006258, Val Loss: 0.0017157
2025-05-15 00:07:13,028 Epoch 452/500
2025-05-15 00:08:08,807 Current Learning Rate: 0.0000225677
2025-05-15 00:08:08,808 Train Loss: 0.0006240, Val Loss: 0.0017133
2025-05-15 00:08:08,808 Epoch 453/500
2025-05-15 00:09:03,948 Current Learning Rate: 0.0000216440
2025-05-15 00:09:03,948 Train Loss: 0.0006236, Val Loss: 0.0017077
2025-05-15 00:09:03,948 Epoch 454/500
2025-05-15 00:10:00,703 Current Learning Rate: 0.0000207391
2025-05-15 00:10:00,703 Train Loss: 0.0006242, Val Loss: 0.0017108
2025-05-15 00:10:00,703 Epoch 455/500
2025-05-15 00:10:56,930 Current Learning Rate: 0.0000198532
2025-05-15 00:10:56,931 Train Loss: 0.0006246, Val Loss: 0.0017150
2025-05-15 00:10:56,931 Epoch 456/500
2025-05-15 00:11:52,873 Current Learning Rate: 0.0000189862
2025-05-15 00:11:52,873 Train Loss: 0.0006218, Val Loss: 0.0017119
2025-05-15 00:11:52,873 Epoch 457/500
2025-05-15 00:12:47,235 Current Learning Rate: 0.0000181382
2025-05-15 00:12:47,236 Train Loss: 0.0006232, Val Loss: 0.0017119
2025-05-15 00:12:47,236 Epoch 458/500
2025-05-15 00:13:39,174 Current Learning Rate: 0.0000173092
2025-05-15 00:13:39,174 Train Loss: 0.0006219, Val Loss: 0.0017117
2025-05-15 00:13:39,175 Epoch 459/500
2025-05-15 00:14:11,702 Current Learning Rate: 0.0000164993
2025-05-15 00:14:11,703 Train Loss: 0.0006215, Val Loss: 0.0017129
2025-05-15 00:14:11,703 Epoch 460/500
2025-05-15 00:14:44,791 Current Learning Rate: 0.0000157084
2025-05-15 00:14:44,791 Train Loss: 0.0006220, Val Loss: 0.0017155
2025-05-15 00:14:44,791 Epoch 461/500
2025-05-15 00:15:18,107 Current Learning Rate: 0.0000149367
2025-05-15 00:15:18,107 Train Loss: 0.0006209, Val Loss: 0.0017161
2025-05-15 00:15:18,107 Epoch 462/500
2025-05-15 00:15:52,371 Current Learning Rate: 0.0000141841
2025-05-15 00:15:52,372 Train Loss: 0.0006222, Val Loss: 0.0017142
2025-05-15 00:15:52,372 Epoch 463/500
2025-05-15 00:16:26,518 Current Learning Rate: 0.0000134507
2025-05-15 00:16:26,518 Train Loss: 0.0006219, Val Loss: 0.0017094
2025-05-15 00:16:26,519 Epoch 464/500
2025-05-15 00:16:59,424 Current Learning Rate: 0.0000127366
2025-05-15 00:16:59,425 Train Loss: 0.0006190, Val Loss: 0.0017175
2025-05-15 00:16:59,425 Epoch 465/500
2025-05-15 00:17:32,091 Current Learning Rate: 0.0000120416
2025-05-15 00:17:32,092 Train Loss: 0.0006194, Val Loss: 0.0017128
2025-05-15 00:17:32,092 Epoch 466/500
2025-05-15 00:18:06,698 Current Learning Rate: 0.0000113659
2025-05-15 00:18:06,699 Train Loss: 0.0006185, Val Loss: 0.0017101
2025-05-15 00:18:06,699 Epoch 467/500
2025-05-15 00:18:39,431 Current Learning Rate: 0.0000107095
2025-05-15 00:18:39,431 Train Loss: 0.0006177, Val Loss: 0.0017087
2025-05-15 00:18:39,431 Epoch 468/500
2025-05-15 00:19:12,581 Current Learning Rate: 0.0000100725
2025-05-15 00:19:12,582 Train Loss: 0.0006179, Val Loss: 0.0017117
2025-05-15 00:19:12,582 Epoch 469/500
2025-05-15 00:19:46,704 Current Learning Rate: 0.0000094547
2025-05-15 00:19:46,705 Train Loss: 0.0006165, Val Loss: 0.0017047
2025-05-15 00:19:46,705 Epoch 470/500
2025-05-15 00:20:20,745 Current Learning Rate: 0.0000088564
2025-05-15 00:20:20,745 Train Loss: 0.0006175, Val Loss: 0.0017078
2025-05-15 00:20:20,745 Epoch 471/500
2025-05-15 00:20:54,083 Current Learning Rate: 0.0000082774
2025-05-15 00:20:54,084 Train Loss: 0.0006182, Val Loss: 0.0017191
2025-05-15 00:20:54,084 Epoch 472/500
2025-05-15 00:21:27,058 Current Learning Rate: 0.0000077178
2025-05-15 00:21:27,058 Train Loss: 0.0006211, Val Loss: 0.0017199
2025-05-15 00:21:27,058 Epoch 473/500
2025-05-15 00:22:00,805 Current Learning Rate: 0.0000071777
2025-05-15 00:22:00,806 Train Loss: 0.0006189, Val Loss: 0.0017139
2025-05-15 00:22:00,806 Epoch 474/500
2025-05-15 00:22:35,423 Current Learning Rate: 0.0000066570
2025-05-15 00:22:35,423 Train Loss: 0.0006182, Val Loss: 0.0017136
2025-05-15 00:22:35,423 Epoch 475/500
2025-05-15 00:23:08,059 Current Learning Rate: 0.0000061558
2025-05-15 00:23:08,059 Train Loss: 0.0006170, Val Loss: 0.0017087
2025-05-15 00:23:08,059 Epoch 476/500
2025-05-15 00:23:41,074 Current Learning Rate: 0.0000056741
2025-05-15 00:23:41,075 Train Loss: 0.0006170, Val Loss: 0.0017060
2025-05-15 00:23:41,075 Epoch 477/500
2025-05-15 00:24:15,538 Current Learning Rate: 0.0000052119
2025-05-15 00:24:15,538 Train Loss: 0.0006161, Val Loss: 0.0017097
2025-05-15 00:24:15,551 Epoch 478/500
2025-05-15 00:24:49,691 Current Learning Rate: 0.0000047693
2025-05-15 00:24:49,692 Train Loss: 0.0006132, Val Loss: 0.0017077
2025-05-15 00:24:49,693 Epoch 479/500
2025-05-15 00:25:23,614 Current Learning Rate: 0.0000043462
2025-05-15 00:25:23,615 Train Loss: 0.0006148, Val Loss: 0.0017120
2025-05-15 00:25:23,615 Epoch 480/500
2025-05-15 00:25:55,938 Current Learning Rate: 0.0000039426
2025-05-15 00:25:55,939 Train Loss: 0.0006129, Val Loss: 0.0017116
2025-05-15 00:25:55,939 Epoch 481/500
2025-05-15 00:26:30,486 Current Learning Rate: 0.0000035587
2025-05-15 00:26:30,487 Train Loss: 0.0006122, Val Loss: 0.0017089
2025-05-15 00:26:30,487 Epoch 482/500
2025-05-15 00:27:04,094 Current Learning Rate: 0.0000031943
2025-05-15 00:27:04,095 Train Loss: 0.0006136, Val Loss: 0.0017087
2025-05-15 00:27:04,095 Epoch 483/500
2025-05-15 00:27:37,213 Current Learning Rate: 0.0000028496
2025-05-15 00:27:37,213 Train Loss: 0.0006141, Val Loss: 0.0017135
2025-05-15 00:27:37,213 Epoch 484/500
2025-05-15 00:28:10,092 Current Learning Rate: 0.0000025245
2025-05-15 00:28:10,092 Train Loss: 0.0006150, Val Loss: 0.0017136
2025-05-15 00:28:10,092 Epoch 485/500
2025-05-15 00:28:44,416 Current Learning Rate: 0.0000022190
2025-05-15 00:28:44,416 Train Loss: 0.0006147, Val Loss: 0.0017050
2025-05-15 00:28:44,417 Epoch 486/500
2025-05-15 00:29:17,754 Current Learning Rate: 0.0000019332
2025-05-15 00:29:17,754 Train Loss: 0.0006171, Val Loss: 0.0017097
2025-05-15 00:29:17,767 Epoch 487/500
2025-05-15 00:29:51,202 Current Learning Rate: 0.0000016670
2025-05-15 00:29:51,202 Train Loss: 0.0006139, Val Loss: 0.0017157
2025-05-15 00:29:51,203 Epoch 488/500
2025-05-15 00:30:24,491 Current Learning Rate: 0.0000014205
2025-05-15 00:30:24,491 Train Loss: 0.0006149, Val Loss: 0.0017043
2025-05-15 00:30:24,491 Epoch 489/500
2025-05-15 00:30:58,854 Current Learning Rate: 0.0000011937
2025-05-15 00:30:58,854 Train Loss: 0.0006145, Val Loss: 0.0017156
2025-05-15 00:30:58,855 Epoch 490/500
2025-05-15 00:31:31,419 Current Learning Rate: 0.0000009866
2025-05-15 00:31:31,420 Train Loss: 0.0006139, Val Loss: 0.0017115
2025-05-15 00:31:31,420 Epoch 491/500
2025-05-15 00:32:04,557 Current Learning Rate: 0.0000007992
2025-05-15 00:32:04,558 Train Loss: 0.0006140, Val Loss: 0.0017109
2025-05-15 00:32:04,558 Epoch 492/500
2025-05-15 00:32:37,274 Current Learning Rate: 0.0000006315
2025-05-15 00:32:37,275 Train Loss: 0.0006148, Val Loss: 0.0017088
2025-05-15 00:32:37,275 Epoch 493/500
2025-05-15 00:33:11,716 Current Learning Rate: 0.0000004835
2025-05-15 00:33:11,717 Train Loss: 0.0006155, Val Loss: 0.0017135
2025-05-15 00:33:11,717 Epoch 494/500
2025-05-15 00:33:45,574 Current Learning Rate: 0.0000003553
2025-05-15 00:33:45,575 Train Loss: 0.0006143, Val Loss: 0.0017149
2025-05-15 00:33:45,575 Epoch 495/500
2025-05-15 00:34:18,268 Current Learning Rate: 0.0000002467
2025-05-15 00:34:18,269 Train Loss: 0.0006119, Val Loss: 0.0017109
2025-05-15 00:34:18,269 Epoch 496/500
2025-05-15 00:34:51,294 Current Learning Rate: 0.0000001579
2025-05-15 00:34:51,294 Train Loss: 0.0006096, Val Loss: 0.0017104
2025-05-15 00:34:51,295 Epoch 497/500
2025-05-15 00:35:25,750 Current Learning Rate: 0.0000000888
2025-05-15 00:35:25,750 Train Loss: 0.0006108, Val Loss: 0.0017108
2025-05-15 00:35:25,751 Epoch 498/500
2025-05-15 00:35:58,529 Current Learning Rate: 0.0000000395
2025-05-15 00:35:58,529 Train Loss: 0.0006113, Val Loss: 0.0017096
2025-05-15 00:35:58,529 Epoch 499/500
2025-05-15 00:36:31,844 Current Learning Rate: 0.0000000099
2025-05-15 00:36:31,844 Train Loss: 0.0006122, Val Loss: 0.0017079
2025-05-15 00:36:31,845 Epoch 500/500
2025-05-15 00:37:04,949 Current Learning Rate: 0.0000000000
2025-05-15 00:37:05,137 Saved periodic model at epoch 500 to /jizhicfs/easyluwu/ocean_project/NeurIPS_2025_wuhao/checkpoints/PastNet_0512_LiNS2d_epoch_500.pth
2025-05-15 00:37:05,137 Train Loss: 0.0006123, Val Loss: 0.0017097
