2025-05-14 15:03:04,073 Epoch 1/500
2025-05-14 15:04:23,075 Current Learning Rate: 0.0009999901
2025-05-14 15:04:23,312 Train Loss: 0.5657569, Val Loss: 0.0280016
2025-05-14 15:04:23,313 Epoch 2/500
2025-05-14 15:05:37,942 Current Learning Rate: 0.0009999605
2025-05-14 15:05:37,943 Train Loss: 0.0508115, Val Loss: 0.0294007
2025-05-14 15:05:37,943 Epoch 3/500
2025-05-14 15:06:54,174 Current Learning Rate: 0.0009999112
2025-05-14 15:06:54,374 Train Loss: 0.0319298, Val Loss: 0.0243023
2025-05-14 15:06:54,375 Epoch 4/500
2025-05-14 15:08:09,104 Current Learning Rate: 0.0009998421
2025-05-14 15:08:09,104 Train Loss: 0.0269354, Val Loss: 0.0249379
2025-05-14 15:08:09,104 Epoch 5/500
2025-05-14 15:09:23,698 Current Learning Rate: 0.0009997533
2025-05-14 15:09:24,171 Train Loss: 0.0241411, Val Loss: 0.0231132
2025-05-14 15:09:24,171 Epoch 6/500
2025-05-14 15:10:39,149 Current Learning Rate: 0.0009996447
2025-05-14 15:10:39,336 Train Loss: 0.0222372, Val Loss: 0.0188533
2025-05-14 15:10:39,337 Epoch 7/500
2025-05-14 15:12:06,370 Current Learning Rate: 0.0009995165
2025-05-14 15:12:06,370 Train Loss: 0.0204465, Val Loss: 0.0188707
2025-05-14 15:12:06,370 Epoch 8/500
2025-05-14 15:13:46,795 Current Learning Rate: 0.0009993685
2025-05-14 15:13:47,308 Train Loss: 0.0190805, Val Loss: 0.0158825
2025-05-14 15:13:47,308 Epoch 9/500
2025-05-14 15:15:28,088 Current Learning Rate: 0.0009992008
2025-05-14 15:15:28,088 Train Loss: 0.0178891, Val Loss: 0.0175142
2025-05-14 15:15:28,088 Epoch 10/500
2025-05-14 15:17:26,352 Current Learning Rate: 0.0009990134
2025-05-14 15:17:26,548 Train Loss: 0.0168669, Val Loss: 0.0152124
2025-05-14 15:17:26,548 Epoch 11/500
2025-05-14 15:19:24,173 Current Learning Rate: 0.0009988063
2025-05-14 15:19:24,409 Train Loss: 0.0157031, Val Loss: 0.0149052
2025-05-14 15:19:24,409 Epoch 12/500
2025-05-14 15:21:22,254 Current Learning Rate: 0.0009985795
2025-05-14 15:21:22,444 Train Loss: 0.0149845, Val Loss: 0.0133686
2025-05-14 15:21:22,444 Epoch 13/500
2025-05-14 15:23:21,463 Current Learning Rate: 0.0009983330
2025-05-14 15:23:21,464 Train Loss: 0.0140870, Val Loss: 0.0145732
2025-05-14 15:23:21,464 Epoch 14/500
2025-05-14 15:25:19,143 Current Learning Rate: 0.0009980668
2025-05-14 15:25:19,387 Train Loss: 0.0134218, Val Loss: 0.0120162
2025-05-14 15:25:19,387 Epoch 15/500
2025-05-14 15:27:18,538 Current Learning Rate: 0.0009977810
2025-05-14 15:27:18,538 Train Loss: 0.0128928, Val Loss: 0.0122588
2025-05-14 15:27:18,539 Epoch 16/500
2025-05-14 15:29:16,517 Current Learning Rate: 0.0009974755
2025-05-14 15:29:16,728 Train Loss: 0.0120770, Val Loss: 0.0108267
2025-05-14 15:29:16,729 Epoch 17/500
2025-05-14 15:31:15,604 Current Learning Rate: 0.0009971504
2025-05-14 15:31:15,605 Train Loss: 0.0117287, Val Loss: 0.0116133
2025-05-14 15:31:15,605 Epoch 18/500
2025-05-14 15:33:13,417 Current Learning Rate: 0.0009968057
2025-05-14 15:33:13,627 Train Loss: 0.0113673, Val Loss: 0.0105321
2025-05-14 15:33:13,627 Epoch 19/500
2025-05-14 15:35:10,728 Current Learning Rate: 0.0009964413
2025-05-14 15:35:10,915 Train Loss: 0.0107899, Val Loss: 0.0099949
2025-05-14 15:35:10,915 Epoch 20/500
2025-05-14 15:37:08,523 Current Learning Rate: 0.0009960574
2025-05-14 15:37:08,710 Train Loss: 0.0104575, Val Loss: 0.0098616
2025-05-14 15:37:08,710 Epoch 21/500
2025-05-14 15:39:05,289 Current Learning Rate: 0.0009956538
2025-05-14 15:39:05,290 Train Loss: 0.0102501, Val Loss: 0.0100857
2025-05-14 15:39:05,290 Epoch 22/500
2025-05-14 15:41:03,011 Current Learning Rate: 0.0009952307
2025-05-14 15:41:03,896 Train Loss: 0.0096464, Val Loss: 0.0093046
2025-05-14 15:41:03,896 Epoch 23/500
2025-05-14 15:43:01,231 Current Learning Rate: 0.0009947881
2025-05-14 15:43:01,435 Train Loss: 0.0093820, Val Loss: 0.0081544
2025-05-14 15:43:01,436 Epoch 24/500
2025-05-14 15:44:58,379 Current Learning Rate: 0.0009943259
2025-05-14 15:44:58,380 Train Loss: 0.0090503, Val Loss: 0.0098749
2025-05-14 15:44:58,380 Epoch 25/500
2025-05-14 15:46:56,094 Current Learning Rate: 0.0009938442
2025-05-14 15:46:56,095 Train Loss: 0.0086977, Val Loss: 0.0083887
2025-05-14 15:46:56,095 Epoch 26/500
2025-05-14 15:48:51,493 Current Learning Rate: 0.0009933430
2025-05-14 15:48:51,695 Train Loss: 0.0085653, Val Loss: 0.0077181
2025-05-14 15:48:51,695 Epoch 27/500
2025-05-14 15:50:49,078 Current Learning Rate: 0.0009928223
2025-05-14 15:50:49,312 Train Loss: 0.0084608, Val Loss: 0.0072398
2025-05-14 15:50:49,312 Epoch 28/500
2025-05-14 15:52:46,290 Current Learning Rate: 0.0009922822
2025-05-14 15:52:46,492 Train Loss: 0.0083088, Val Loss: 0.0069004
2025-05-14 15:52:46,493 Epoch 29/500
2025-05-14 15:54:43,684 Current Learning Rate: 0.0009917226
2025-05-14 15:54:43,684 Train Loss: 0.0079671, Val Loss: 0.0076054
2025-05-14 15:54:43,684 Epoch 30/500
2025-05-14 15:56:41,525 Current Learning Rate: 0.0009911436
2025-05-14 15:56:41,525 Train Loss: 0.0078257, Val Loss: 0.0076412
2025-05-14 15:56:41,526 Epoch 31/500
2025-05-14 15:58:38,733 Current Learning Rate: 0.0009905453
2025-05-14 15:58:38,734 Train Loss: 0.0076321, Val Loss: 0.0070759
2025-05-14 15:58:38,734 Epoch 32/500
2025-05-14 16:00:35,626 Current Learning Rate: 0.0009899275
2025-05-14 16:00:35,627 Train Loss: 0.0073791, Val Loss: 0.0073947
2025-05-14 16:00:35,627 Epoch 33/500
2025-05-14 16:02:33,548 Current Learning Rate: 0.0009892905
2025-05-14 16:02:33,739 Train Loss: 0.0072565, Val Loss: 0.0068428
2025-05-14 16:02:33,739 Epoch 34/500
2025-05-14 16:04:31,110 Current Learning Rate: 0.0009886341
2025-05-14 16:04:31,293 Train Loss: 0.0069522, Val Loss: 0.0060090
2025-05-14 16:04:31,293 Epoch 35/500
2025-05-14 16:06:28,512 Current Learning Rate: 0.0009879584
2025-05-14 16:06:28,512 Train Loss: 0.0070393, Val Loss: 0.0069370
2025-05-14 16:06:28,513 Epoch 36/500
2025-05-14 16:08:24,623 Current Learning Rate: 0.0009872634
2025-05-14 16:08:24,624 Train Loss: 0.0068561, Val Loss: 0.0066864
2025-05-14 16:08:24,624 Epoch 37/500
2025-05-14 16:10:21,799 Current Learning Rate: 0.0009865493
2025-05-14 16:10:21,799 Train Loss: 0.0067312, Val Loss: 0.0063134
2025-05-14 16:10:21,799 Epoch 38/500
2025-05-14 16:12:19,026 Current Learning Rate: 0.0009858159
2025-05-14 16:12:19,026 Train Loss: 0.0066240, Val Loss: 0.0064847
2025-05-14 16:12:19,027 Epoch 39/500
2025-05-14 16:14:16,475 Current Learning Rate: 0.0009850633
2025-05-14 16:14:16,721 Train Loss: 0.0066153, Val Loss: 0.0058182
2025-05-14 16:14:16,721 Epoch 40/500
2025-05-14 16:16:14,486 Current Learning Rate: 0.0009842916
2025-05-14 16:16:14,494 Train Loss: 0.0063061, Val Loss: 0.0059037
2025-05-14 16:16:14,494 Epoch 41/500
2025-05-14 16:18:11,579 Current Learning Rate: 0.0009835007
2025-05-14 16:18:11,580 Train Loss: 0.0062998, Val Loss: 0.0059775
2025-05-14 16:18:11,580 Epoch 42/500
2025-05-14 16:20:08,831 Current Learning Rate: 0.0009826908
2025-05-14 16:20:08,831 Train Loss: 0.0060287, Val Loss: 0.0060635
2025-05-14 16:20:08,831 Epoch 43/500
2025-05-14 16:22:06,041 Current Learning Rate: 0.0009818618
2025-05-14 16:22:06,244 Train Loss: 0.0060145, Val Loss: 0.0053922
2025-05-14 16:22:06,245 Epoch 44/500
2025-05-14 16:24:03,624 Current Learning Rate: 0.0009810138
2025-05-14 16:24:03,824 Train Loss: 0.0060969, Val Loss: 0.0053756
2025-05-14 16:24:03,824 Epoch 45/500
2025-05-14 16:26:01,390 Current Learning Rate: 0.0009801468
2025-05-14 16:26:01,390 Train Loss: 0.0058302, Val Loss: 0.0066716
2025-05-14 16:26:01,391 Epoch 46/500
2025-05-14 16:27:57,871 Current Learning Rate: 0.0009792609
2025-05-14 16:27:58,118 Train Loss: 0.0056792, Val Loss: 0.0052208
2025-05-14 16:27:58,118 Epoch 47/500
2025-05-14 16:29:55,190 Current Learning Rate: 0.0009783560
2025-05-14 16:29:55,190 Train Loss: 0.0057876, Val Loss: 0.0053606
2025-05-14 16:29:55,190 Epoch 48/500
2025-05-14 16:31:52,032 Current Learning Rate: 0.0009774323
2025-05-14 16:31:52,247 Train Loss: 0.0055860, Val Loss: 0.0051244
2025-05-14 16:31:52,248 Epoch 49/500
2025-05-14 16:33:48,836 Current Learning Rate: 0.0009764897
2025-05-14 16:33:48,836 Train Loss: 0.0055236, Val Loss: 0.0055213
2025-05-14 16:33:48,837 Epoch 50/500
2025-05-14 16:35:46,369 Current Learning Rate: 0.0009755283
2025-05-14 16:35:46,596 Saved periodic model at epoch 50 to /jizhicfs/easyluwu/ocean_project/NeurIPS_2025_wuhao/checkpoints/ResNet_0512_LiNS2d_epoch_50.pth
2025-05-14 16:35:46,597 Train Loss: 0.0056128, Val Loss: 0.0053423
2025-05-14 16:35:46,597 Epoch 51/500
2025-05-14 16:37:43,181 Current Learning Rate: 0.0009745481
2025-05-14 16:37:43,360 Train Loss: 0.0054193, Val Loss: 0.0048509
2025-05-14 16:37:43,361 Epoch 52/500
2025-05-14 16:39:40,133 Current Learning Rate: 0.0009735492
2025-05-14 16:39:40,313 Train Loss: 0.0052918, Val Loss: 0.0048215
2025-05-14 16:39:40,313 Epoch 53/500
2025-05-14 16:41:36,830 Current Learning Rate: 0.0009725315
2025-05-14 16:41:36,831 Train Loss: 0.0052449, Val Loss: 0.0055428
2025-05-14 16:41:36,831 Epoch 54/500
2025-05-14 16:43:34,576 Current Learning Rate: 0.0009714953
2025-05-14 16:43:34,578 Train Loss: 0.0051613, Val Loss: 0.0054888
2025-05-14 16:43:34,578 Epoch 55/500
2025-05-14 16:45:32,779 Current Learning Rate: 0.0009704404
2025-05-14 16:45:32,791 Train Loss: 0.0052565, Val Loss: 0.0048787
2025-05-14 16:45:32,792 Epoch 56/500
2025-05-14 16:47:30,002 Current Learning Rate: 0.0009693669
2025-05-14 16:47:30,207 Train Loss: 0.0050583, Val Loss: 0.0043161
2025-05-14 16:47:30,207 Epoch 57/500
2025-05-14 16:49:27,867 Current Learning Rate: 0.0009682749
2025-05-14 16:49:27,867 Train Loss: 0.0050710, Val Loss: 0.0049567
2025-05-14 16:49:27,867 Epoch 58/500
2025-05-14 16:51:26,522 Current Learning Rate: 0.0009671645
2025-05-14 16:51:26,522 Train Loss: 0.0048098, Val Loss: 0.0043797
2025-05-14 16:51:26,523 Epoch 59/500
2025-05-14 16:53:24,093 Current Learning Rate: 0.0009660356
2025-05-14 16:53:24,094 Train Loss: 0.0049257, Val Loss: 0.0049999
2025-05-14 16:53:24,094 Epoch 60/500
2025-05-14 16:55:22,513 Current Learning Rate: 0.0009648882
2025-05-14 16:55:22,695 Train Loss: 0.0048375, Val Loss: 0.0042218
2025-05-14 16:55:22,695 Epoch 61/500
2025-05-14 16:57:19,967 Current Learning Rate: 0.0009637226
2025-05-14 16:57:20,168 Train Loss: 0.0048421, Val Loss: 0.0041024
2025-05-14 16:57:20,168 Epoch 62/500
2025-05-14 16:59:17,787 Current Learning Rate: 0.0009625386
2025-05-14 16:59:17,788 Train Loss: 0.0045828, Val Loss: 0.0047218
2025-05-14 16:59:17,788 Epoch 63/500
2025-05-14 17:01:14,294 Current Learning Rate: 0.0009613364
2025-05-14 17:01:14,295 Train Loss: 0.0047563, Val Loss: 0.0054783
2025-05-14 17:01:14,295 Epoch 64/500
2025-05-14 17:03:11,746 Current Learning Rate: 0.0009601159
2025-05-14 17:03:11,746 Train Loss: 0.0046189, Val Loss: 0.0041607
2025-05-14 17:03:11,747 Epoch 65/500
2025-05-14 17:05:09,612 Current Learning Rate: 0.0009588773
2025-05-14 17:05:09,612 Train Loss: 0.0045919, Val Loss: 0.0045946
2025-05-14 17:05:09,613 Epoch 66/500
2025-05-14 17:07:07,251 Current Learning Rate: 0.0009576206
2025-05-14 17:07:07,251 Train Loss: 0.0044113, Val Loss: 0.0069149
2025-05-14 17:07:07,252 Epoch 67/500
2025-05-14 17:09:04,660 Current Learning Rate: 0.0009563458
2025-05-14 17:09:04,847 Train Loss: 0.0043158, Val Loss: 0.0040073
2025-05-14 17:09:04,847 Epoch 68/500
2025-05-14 17:11:03,280 Current Learning Rate: 0.0009550530
2025-05-14 17:11:03,280 Train Loss: 0.0043578, Val Loss: 0.0041034
2025-05-14 17:11:03,281 Epoch 69/500
2025-05-14 17:13:00,839 Current Learning Rate: 0.0009537422
2025-05-14 17:13:00,840 Train Loss: 0.0042843, Val Loss: 0.0044855
2025-05-14 17:13:00,840 Epoch 70/500
2025-05-14 17:14:58,381 Current Learning Rate: 0.0009524135
2025-05-14 17:14:58,382 Train Loss: 0.0045631, Val Loss: 0.0043314
2025-05-14 17:14:58,382 Epoch 71/500
2025-05-14 17:16:56,018 Current Learning Rate: 0.0009510670
2025-05-14 17:16:56,019 Train Loss: 0.0042630, Val Loss: 0.0043956
2025-05-14 17:16:56,019 Epoch 72/500
2025-05-14 17:18:54,124 Current Learning Rate: 0.0009497026
2025-05-14 17:18:54,125 Train Loss: 0.0042747, Val Loss: 0.0043759
2025-05-14 17:18:54,125 Epoch 73/500
2025-05-14 17:20:51,770 Current Learning Rate: 0.0009483205
2025-05-14 17:20:51,771 Train Loss: 0.0042072, Val Loss: 0.0054289
2025-05-14 17:20:51,771 Epoch 74/500
2025-05-14 17:22:49,549 Current Learning Rate: 0.0009469207
2025-05-14 17:22:49,733 Train Loss: 0.0041487, Val Loss: 0.0037944
2025-05-14 17:22:49,734 Epoch 75/500
2025-05-14 17:24:47,908 Current Learning Rate: 0.0009455033
2025-05-14 17:24:47,908 Train Loss: 0.0040534, Val Loss: 0.0051847
2025-05-14 17:24:47,908 Epoch 76/500
2025-05-14 17:26:45,466 Current Learning Rate: 0.0009440682
2025-05-14 17:26:45,466 Train Loss: 0.0040521, Val Loss: 0.0039533
2025-05-14 17:26:45,466 Epoch 77/500
2025-05-14 17:28:43,135 Current Learning Rate: 0.0009426157
2025-05-14 17:28:43,136 Train Loss: 0.0040312, Val Loss: 0.0046850
2025-05-14 17:28:43,136 Epoch 78/500
2025-05-14 17:30:40,419 Current Learning Rate: 0.0009411456
2025-05-14 17:30:40,420 Train Loss: 0.0039566, Val Loss: 0.0055352
2025-05-14 17:30:40,420 Epoch 79/500
2025-05-14 17:32:38,271 Current Learning Rate: 0.0009396582
2025-05-14 17:32:38,272 Train Loss: 0.0039196, Val Loss: 0.0042404
2025-05-14 17:32:38,272 Epoch 80/500
2025-05-14 17:34:35,791 Current Learning Rate: 0.0009381533
2025-05-14 17:34:35,792 Train Loss: 0.0039389, Val Loss: 0.0058283
2025-05-14 17:34:35,792 Epoch 81/500
2025-05-14 17:36:32,781 Current Learning Rate: 0.0009366312
2025-05-14 17:36:32,782 Train Loss: 0.0039543, Val Loss: 0.0043688
2025-05-14 17:36:32,782 Epoch 82/500
2025-05-14 17:38:29,750 Current Learning Rate: 0.0009350919
2025-05-14 17:38:29,935 Train Loss: 0.0037679, Val Loss: 0.0036580
2025-05-14 17:38:29,935 Epoch 83/500
2025-05-14 17:40:27,649 Current Learning Rate: 0.0009335354
2025-05-14 17:40:27,650 Train Loss: 0.0038645, Val Loss: 0.0039178
2025-05-14 17:40:27,650 Epoch 84/500
2025-05-14 17:42:25,120 Current Learning Rate: 0.0009319617
2025-05-14 17:42:25,121 Train Loss: 0.0038070, Val Loss: 0.0043609
2025-05-14 17:42:25,121 Epoch 85/500
2025-05-14 17:44:22,436 Current Learning Rate: 0.0009303710
2025-05-14 17:44:22,437 Train Loss: 0.0038188, Val Loss: 0.0046533
2025-05-14 17:44:22,437 Epoch 86/500
2025-05-14 17:46:19,717 Current Learning Rate: 0.0009287633
2025-05-14 17:46:19,717 Train Loss: 0.0037240, Val Loss: 0.0050373
2025-05-14 17:46:19,717 Epoch 87/500
2025-05-14 17:48:17,129 Current Learning Rate: 0.0009271387
2025-05-14 17:48:17,130 Train Loss: 0.0037785, Val Loss: 0.0059456
2025-05-14 17:48:17,130 Epoch 88/500
2025-05-14 17:50:14,583 Current Learning Rate: 0.0009254972
2025-05-14 17:50:14,583 Train Loss: 0.0038744, Val Loss: 0.0051135
2025-05-14 17:50:14,583 Epoch 89/500
2025-05-14 17:52:12,102 Current Learning Rate: 0.0009238390
2025-05-14 17:52:12,103 Train Loss: 0.0036864, Val Loss: 0.0038114
2025-05-14 17:52:12,103 Epoch 90/500
2025-05-14 17:54:09,286 Current Learning Rate: 0.0009221640
2025-05-14 17:54:09,298 Train Loss: 0.0035971, Val Loss: 0.0036788
2025-05-14 17:54:09,298 Epoch 91/500
2025-05-14 17:56:07,568 Current Learning Rate: 0.0009204723
2025-05-14 17:56:07,748 Train Loss: 0.0036269, Val Loss: 0.0032477
2025-05-14 17:56:07,748 Epoch 92/500
2025-05-14 17:58:04,970 Current Learning Rate: 0.0009187640
2025-05-14 17:58:04,971 Train Loss: 0.0035865, Val Loss: 0.0064735
2025-05-14 17:58:04,971 Epoch 93/500
2025-05-14 18:00:02,910 Current Learning Rate: 0.0009170392
2025-05-14 18:00:02,911 Train Loss: 0.0035868, Val Loss: 0.0047497
2025-05-14 18:00:02,911 Epoch 94/500
2025-05-14 18:02:00,690 Current Learning Rate: 0.0009152979
2025-05-14 18:02:00,690 Train Loss: 0.0034812, Val Loss: 0.0052142
2025-05-14 18:02:00,691 Epoch 95/500
2025-05-14 18:03:58,613 Current Learning Rate: 0.0009135403
2025-05-14 18:03:58,613 Train Loss: 0.0034940, Val Loss: 0.0035764
2025-05-14 18:03:58,614 Epoch 96/500
2025-05-14 18:05:56,406 Current Learning Rate: 0.0009117663
2025-05-14 18:05:56,406 Train Loss: 0.0034490, Val Loss: 0.0046695
2025-05-14 18:05:56,407 Epoch 97/500
2025-05-14 18:07:53,923 Current Learning Rate: 0.0009099761
2025-05-14 18:07:53,923 Train Loss: 0.0033604, Val Loss: 0.0036386
2025-05-14 18:07:53,924 Epoch 98/500
2025-05-14 18:09:51,487 Current Learning Rate: 0.0009081696
2025-05-14 18:09:51,488 Train Loss: 0.0033626, Val Loss: 0.0040820
2025-05-14 18:09:51,488 Epoch 99/500
2025-05-14 18:11:49,349 Current Learning Rate: 0.0009063471
2025-05-14 18:11:49,350 Train Loss: 0.0034270, Val Loss: 0.0034897
2025-05-14 18:11:49,350 Epoch 100/500
2025-05-14 18:13:46,103 Current Learning Rate: 0.0009045085
2025-05-14 18:13:46,295 Saved periodic model at epoch 100 to /jizhicfs/easyluwu/ocean_project/NeurIPS_2025_wuhao/checkpoints/ResNet_0512_LiNS2d_epoch_100.pth
2025-05-14 18:13:46,296 Train Loss: 0.0033884, Val Loss: 0.0043755
2025-05-14 18:13:46,296 Epoch 101/500
2025-05-14 18:15:43,449 Current Learning Rate: 0.0009026539
2025-05-14 18:15:43,449 Train Loss: 0.0033848, Val Loss: 0.0041127
2025-05-14 18:15:43,450 Epoch 102/500
2025-05-14 18:17:40,432 Current Learning Rate: 0.0009007835
2025-05-14 18:17:40,432 Train Loss: 0.0033788, Val Loss: 0.0037145
2025-05-14 18:17:40,432 Epoch 103/500
2025-05-14 18:19:38,011 Current Learning Rate: 0.0008988972
2025-05-14 18:19:38,011 Train Loss: 0.0033229, Val Loss: 0.0035619
2025-05-14 18:19:38,011 Epoch 104/500
2025-05-14 18:21:36,208 Current Learning Rate: 0.0008969952
2025-05-14 18:21:36,408 Train Loss: 0.0033215, Val Loss: 0.0030280
2025-05-14 18:21:36,408 Epoch 105/500
2025-05-14 18:23:33,513 Current Learning Rate: 0.0008950775
2025-05-14 18:23:33,513 Train Loss: 0.0031468, Val Loss: 0.0039151
2025-05-14 18:23:33,514 Epoch 106/500
2025-05-14 18:25:31,297 Current Learning Rate: 0.0008931442
2025-05-14 18:25:31,298 Train Loss: 0.0033117, Val Loss: 0.0032838
2025-05-14 18:25:31,298 Epoch 107/500
2025-05-14 18:27:28,548 Current Learning Rate: 0.0008911954
2025-05-14 18:27:28,548 Train Loss: 0.0031434, Val Loss: 0.0037407
2025-05-14 18:27:28,548 Epoch 108/500
2025-05-14 18:29:26,722 Current Learning Rate: 0.0008892312
2025-05-14 18:29:26,723 Train Loss: 0.0031208, Val Loss: 0.0041847
2025-05-14 18:29:26,723 Epoch 109/500
2025-05-14 18:31:24,121 Current Learning Rate: 0.0008872515
2025-05-14 18:31:24,121 Train Loss: 0.0032889, Val Loss: 0.0032242
2025-05-14 18:31:24,121 Epoch 110/500
2025-05-14 18:33:21,987 Current Learning Rate: 0.0008852566
2025-05-14 18:33:21,988 Train Loss: 0.0031515, Val Loss: 0.0034436
2025-05-14 18:33:21,988 Epoch 111/500
2025-05-14 18:35:19,543 Current Learning Rate: 0.0008832465
2025-05-14 18:35:19,552 Train Loss: 0.0031449, Val Loss: 0.0031278
2025-05-14 18:35:19,552 Epoch 112/500
2025-05-14 18:37:17,865 Current Learning Rate: 0.0008812213
2025-05-14 18:37:17,865 Train Loss: 0.0031485, Val Loss: 0.0064062
2025-05-14 18:37:17,865 Epoch 113/500
2025-05-14 18:39:15,528 Current Learning Rate: 0.0008791810
2025-05-14 18:39:15,529 Train Loss: 0.0030770, Val Loss: 0.0035387
2025-05-14 18:39:15,529 Epoch 114/500
2025-05-14 18:41:13,428 Current Learning Rate: 0.0008771257
2025-05-14 18:41:13,429 Train Loss: 0.0030516, Val Loss: 0.0062035
2025-05-14 18:41:13,429 Epoch 115/500
2025-05-14 18:43:10,700 Current Learning Rate: 0.0008750555
2025-05-14 18:43:10,700 Train Loss: 0.0030446, Val Loss: 0.0034784
2025-05-14 18:43:10,700 Epoch 116/500
2025-05-14 18:45:07,903 Current Learning Rate: 0.0008729706
2025-05-14 18:45:07,904 Train Loss: 0.0030832, Val Loss: 0.0032715
2025-05-14 18:45:07,904 Epoch 117/500
2025-05-14 18:47:05,340 Current Learning Rate: 0.0008708709
2025-05-14 18:47:05,341 Train Loss: 0.0028925, Val Loss: 0.0030586
2025-05-14 18:47:05,341 Epoch 118/500
2025-05-14 18:49:03,066 Current Learning Rate: 0.0008687566
2025-05-14 18:49:03,322 Train Loss: 0.0029492, Val Loss: 0.0028219
2025-05-14 18:49:03,322 Epoch 119/500
2025-05-14 18:51:00,281 Current Learning Rate: 0.0008666277
2025-05-14 18:51:00,281 Train Loss: 0.0029739, Val Loss: 0.0030738
2025-05-14 18:51:00,282 Epoch 120/500
2025-05-14 18:52:58,339 Current Learning Rate: 0.0008644843
2025-05-14 18:52:58,340 Train Loss: 0.0028858, Val Loss: 0.0042747
2025-05-14 18:52:58,340 Epoch 121/500
2025-05-14 18:54:56,220 Current Learning Rate: 0.0008623266
2025-05-14 18:54:56,221 Train Loss: 0.0029173, Val Loss: 0.0038842
2025-05-14 18:54:56,221 Epoch 122/500
2025-05-14 18:56:54,255 Current Learning Rate: 0.0008601545
2025-05-14 18:56:54,256 Train Loss: 0.0029393, Val Loss: 0.0040711
2025-05-14 18:56:54,256 Epoch 123/500
2025-05-14 18:58:51,793 Current Learning Rate: 0.0008579682
2025-05-14 18:58:51,794 Train Loss: 0.0029402, Val Loss: 0.0035086
2025-05-14 18:58:51,794 Epoch 124/500
2025-05-14 19:00:49,207 Current Learning Rate: 0.0008557678
2025-05-14 19:00:49,208 Train Loss: 0.0027979, Val Loss: 0.0029862
2025-05-14 19:00:49,208 Epoch 125/500
2025-05-14 19:02:46,327 Current Learning Rate: 0.0008535534
2025-05-14 19:02:46,327 Train Loss: 0.0027915, Val Loss: 0.0034618
2025-05-14 19:02:46,327 Epoch 126/500
2025-05-14 19:04:43,730 Current Learning Rate: 0.0008513250
2025-05-14 19:04:43,936 Train Loss: 0.0027490, Val Loss: 0.0027818
2025-05-14 19:04:43,936 Epoch 127/500
2025-05-14 19:06:41,822 Current Learning Rate: 0.0008490827
2025-05-14 19:06:41,992 Train Loss: 0.0028302, Val Loss: 0.0027685
2025-05-14 19:06:41,992 Epoch 128/500
2025-05-14 19:08:40,724 Current Learning Rate: 0.0008468267
2025-05-14 19:08:40,725 Train Loss: 0.0028655, Val Loss: 0.0032240
2025-05-14 19:08:40,725 Epoch 129/500
2025-05-14 19:10:38,279 Current Learning Rate: 0.0008445569
2025-05-14 19:10:38,279 Train Loss: 0.0027488, Val Loss: 0.0028928
2025-05-14 19:10:38,280 Epoch 130/500
2025-05-14 19:12:36,369 Current Learning Rate: 0.0008422736
2025-05-14 19:12:36,370 Train Loss: 0.0027787, Val Loss: 0.0029233
2025-05-14 19:12:36,370 Epoch 131/500
2025-05-14 19:14:33,949 Current Learning Rate: 0.0008399767
2025-05-14 19:14:33,950 Train Loss: 0.0027077, Val Loss: 0.0034197
2025-05-14 19:14:33,950 Epoch 132/500
2025-05-14 19:16:30,876 Current Learning Rate: 0.0008376664
2025-05-14 19:16:31,136 Train Loss: 0.0027033, Val Loss: 0.0026429
2025-05-14 19:16:31,136 Epoch 133/500
2025-05-14 19:18:27,944 Current Learning Rate: 0.0008353428
2025-05-14 19:18:27,945 Train Loss: 0.0027478, Val Loss: 0.0042396
2025-05-14 19:18:27,945 Epoch 134/500
2025-05-14 19:20:25,301 Current Learning Rate: 0.0008330059
2025-05-14 19:20:25,301 Train Loss: 0.0027260, Val Loss: 0.0027014
2025-05-14 19:20:25,302 Epoch 135/500
2025-05-14 19:22:23,154 Current Learning Rate: 0.0008306559
2025-05-14 19:22:23,155 Train Loss: 0.0026813, Val Loss: 0.0027377
2025-05-14 19:22:23,155 Epoch 136/500
2025-05-14 19:24:20,567 Current Learning Rate: 0.0008282929
2025-05-14 19:24:20,567 Train Loss: 0.0027324, Val Loss: 0.0027155
2025-05-14 19:24:20,567 Epoch 137/500
2025-05-14 19:26:18,375 Current Learning Rate: 0.0008259169
2025-05-14 19:26:18,375 Train Loss: 0.0027067, Val Loss: 0.0026488
2025-05-14 19:26:18,376 Epoch 138/500
2025-05-14 19:28:14,624 Current Learning Rate: 0.0008235280
2025-05-14 19:28:14,625 Train Loss: 0.0025925, Val Loss: 0.0026848
2025-05-14 19:28:14,625 Epoch 139/500
2025-05-14 19:30:12,102 Current Learning Rate: 0.0008211263
2025-05-14 19:30:12,102 Train Loss: 0.0026465, Val Loss: 0.0029226
2025-05-14 19:30:12,102 Epoch 140/500
2025-05-14 19:32:09,592 Current Learning Rate: 0.0008187120
2025-05-14 19:32:09,592 Train Loss: 0.0026288, Val Loss: 0.0028981
2025-05-14 19:32:09,593 Epoch 141/500
2025-05-14 19:34:06,854 Current Learning Rate: 0.0008162851
2025-05-14 19:34:06,854 Train Loss: 0.0026094, Val Loss: 0.0029088
2025-05-14 19:34:06,854 Epoch 142/500
2025-05-14 19:36:04,647 Current Learning Rate: 0.0008138457
2025-05-14 19:36:04,903 Train Loss: 0.0025884, Val Loss: 0.0026178
2025-05-14 19:36:04,903 Epoch 143/500
2025-05-14 19:38:02,868 Current Learning Rate: 0.0008113939
2025-05-14 19:38:03,078 Train Loss: 0.0025633, Val Loss: 0.0025275
2025-05-14 19:38:03,078 Epoch 144/500
2025-05-14 19:40:00,382 Current Learning Rate: 0.0008089298
2025-05-14 19:40:00,383 Train Loss: 0.0025676, Val Loss: 0.0030697
2025-05-14 19:40:00,383 Epoch 145/500
2025-05-14 19:41:57,854 Current Learning Rate: 0.0008064535
2025-05-14 19:41:57,854 Train Loss: 0.0025904, Val Loss: 0.0029160
2025-05-14 19:41:57,855 Epoch 146/500
2025-05-14 19:43:55,452 Current Learning Rate: 0.0008039651
2025-05-14 19:43:55,452 Train Loss: 0.0025401, Val Loss: 0.0027265
2025-05-14 19:43:55,452 Epoch 147/500
2025-05-14 19:45:53,454 Current Learning Rate: 0.0008014648
2025-05-14 19:45:53,454 Train Loss: 0.0025696, Val Loss: 0.0026862
2025-05-14 19:45:53,454 Epoch 148/500
2025-05-14 19:47:50,152 Current Learning Rate: 0.0007989525
2025-05-14 19:47:50,152 Train Loss: 0.0025610, Val Loss: 0.0025719
2025-05-14 19:47:50,152 Epoch 149/500
2025-05-14 19:49:48,075 Current Learning Rate: 0.0007964284
2025-05-14 19:49:48,076 Train Loss: 0.0024617, Val Loss: 0.0026094
2025-05-14 19:49:48,076 Epoch 150/500
2025-05-14 19:51:44,997 Current Learning Rate: 0.0007938926
2025-05-14 19:51:45,183 Saved periodic model at epoch 150 to /jizhicfs/easyluwu/ocean_project/NeurIPS_2025_wuhao/checkpoints/ResNet_0512_LiNS2d_epoch_150.pth
2025-05-14 19:51:45,183 Train Loss: 0.0024549, Val Loss: 0.0029824
2025-05-14 19:51:45,183 Epoch 151/500
2025-05-14 19:53:42,902 Current Learning Rate: 0.0007913452
2025-05-14 19:53:42,903 Train Loss: 0.0024918, Val Loss: 0.0027574
2025-05-14 19:53:42,903 Epoch 152/500
2025-05-14 19:55:39,425 Current Learning Rate: 0.0007887864
2025-05-14 19:55:39,426 Train Loss: 0.0025539, Val Loss: 0.0028011
2025-05-14 19:55:39,426 Epoch 153/500
2025-05-14 19:57:37,659 Current Learning Rate: 0.0007862161
2025-05-14 19:57:37,660 Train Loss: 0.0025564, Val Loss: 0.0030832
2025-05-14 19:57:37,660 Epoch 154/500
2025-05-14 19:59:34,668 Current Learning Rate: 0.0007836345
2025-05-14 19:59:34,669 Train Loss: 0.0024694, Val Loss: 0.0027994
2025-05-14 19:59:34,669 Epoch 155/500
2025-05-14 20:01:31,780 Current Learning Rate: 0.0007810417
2025-05-14 20:01:31,783 Train Loss: 0.0023825, Val Loss: 0.0025975
2025-05-14 20:01:31,783 Epoch 156/500
2025-05-14 20:03:29,204 Current Learning Rate: 0.0007784378
2025-05-14 20:03:29,205 Train Loss: 0.0024356, Val Loss: 0.0025530
2025-05-14 20:03:29,205 Epoch 157/500
2025-05-14 20:05:27,019 Current Learning Rate: 0.0007758229
2025-05-14 20:05:27,020 Train Loss: 0.0023906, Val Loss: 0.0028837
2025-05-14 20:05:27,020 Epoch 158/500
2025-05-14 20:07:24,963 Current Learning Rate: 0.0007731972
2025-05-14 20:07:24,964 Train Loss: 0.0024484, Val Loss: 0.0025826
2025-05-14 20:07:24,964 Epoch 159/500
2025-05-14 20:09:23,012 Current Learning Rate: 0.0007705606
2025-05-14 20:09:23,013 Train Loss: 0.0024023, Val Loss: 0.0031865
2025-05-14 20:09:23,013 Epoch 160/500
2025-05-14 20:11:21,081 Current Learning Rate: 0.0007679134
2025-05-14 20:11:21,082 Train Loss: 0.0023562, Val Loss: 0.0027781
2025-05-14 20:11:21,082 Epoch 161/500
2025-05-14 20:13:19,402 Current Learning Rate: 0.0007652556
2025-05-14 20:13:19,402 Train Loss: 0.0024050, Val Loss: 0.0025300
2025-05-14 20:13:19,402 Epoch 162/500
2025-05-14 20:15:16,941 Current Learning Rate: 0.0007625873
2025-05-14 20:15:16,942 Train Loss: 0.0023466, Val Loss: 0.0026754
2025-05-14 20:15:16,942 Epoch 163/500
2025-05-14 20:17:15,727 Current Learning Rate: 0.0007599087
2025-05-14 20:17:15,946 Train Loss: 0.0023306, Val Loss: 0.0024286
2025-05-14 20:17:15,947 Epoch 164/500
2025-05-14 20:19:13,675 Current Learning Rate: 0.0007572198
2025-05-14 20:19:13,676 Train Loss: 0.0023381, Val Loss: 0.0028231
2025-05-14 20:19:13,676 Epoch 165/500
2025-05-14 20:21:11,150 Current Learning Rate: 0.0007545207
2025-05-14 20:21:11,342 Train Loss: 0.0022947, Val Loss: 0.0023758
2025-05-14 20:21:11,343 Epoch 166/500
2025-05-14 20:23:08,536 Current Learning Rate: 0.0007518116
2025-05-14 20:23:08,536 Train Loss: 0.0023263, Val Loss: 0.0025563
2025-05-14 20:23:08,536 Epoch 167/500
2025-05-14 20:24:54,541 Current Learning Rate: 0.0007490926
2025-05-14 20:24:54,541 Train Loss: 0.0023155, Val Loss: 0.0026512
2025-05-14 20:24:54,541 Epoch 168/500
2025-05-14 20:26:35,143 Current Learning Rate: 0.0007463637
2025-05-14 20:26:35,144 Train Loss: 0.0023410, Val Loss: 0.0026760
2025-05-14 20:26:35,144 Epoch 169/500
2025-05-14 20:28:15,489 Current Learning Rate: 0.0007436251
2025-05-14 20:28:15,489 Train Loss: 0.0022802, Val Loss: 0.0027246
2025-05-14 20:28:15,489 Epoch 170/500
2025-05-14 20:29:56,536 Current Learning Rate: 0.0007408768
2025-05-14 20:29:56,539 Train Loss: 0.0023049, Val Loss: 0.0024331
2025-05-14 20:29:56,539 Epoch 171/500
2025-05-14 20:31:37,772 Current Learning Rate: 0.0007381191
2025-05-14 20:31:37,772 Train Loss: 0.0022619, Val Loss: 0.0027314
2025-05-14 20:31:37,772 Epoch 172/500
2025-05-14 20:33:18,215 Current Learning Rate: 0.0007353520
2025-05-14 20:33:18,215 Train Loss: 0.0023313, Val Loss: 0.0024300
2025-05-14 20:33:18,216 Epoch 173/500
2025-05-14 20:34:59,024 Current Learning Rate: 0.0007325755
2025-05-14 20:34:59,024 Train Loss: 0.0021901, Val Loss: 0.0024986
2025-05-14 20:34:59,024 Epoch 174/500
2025-05-14 20:36:38,476 Current Learning Rate: 0.0007297899
2025-05-14 20:36:38,476 Train Loss: 0.0022523, Val Loss: 0.0025006
2025-05-14 20:36:38,477 Epoch 175/500
2025-05-14 20:38:19,623 Current Learning Rate: 0.0007269952
2025-05-14 20:38:19,827 Train Loss: 0.0022298, Val Loss: 0.0023176
2025-05-14 20:38:19,827 Epoch 176/500
2025-05-14 20:40:00,094 Current Learning Rate: 0.0007241916
2025-05-14 20:40:00,094 Train Loss: 0.0021846, Val Loss: 0.0025983
2025-05-14 20:40:00,094 Epoch 177/500
2025-05-14 20:41:40,236 Current Learning Rate: 0.0007213791
2025-05-14 20:41:40,236 Train Loss: 0.0022382, Val Loss: 0.0024149
2025-05-14 20:41:40,236 Epoch 178/500
2025-05-14 20:43:21,063 Current Learning Rate: 0.0007185579
2025-05-14 20:43:21,064 Train Loss: 0.0021924, Val Loss: 0.0025192
2025-05-14 20:43:21,064 Epoch 179/500
2025-05-14 20:45:01,923 Current Learning Rate: 0.0007157280
2025-05-14 20:45:01,924 Train Loss: 0.0021705, Val Loss: 0.0023317
2025-05-14 20:45:01,924 Epoch 180/500
2025-05-14 20:46:42,150 Current Learning Rate: 0.0007128896
2025-05-14 20:46:42,151 Train Loss: 0.0022414, Val Loss: 0.0024086
2025-05-14 20:46:42,151 Epoch 181/500
2025-05-14 20:48:23,236 Current Learning Rate: 0.0007100429
2025-05-14 20:48:23,237 Train Loss: 0.0021767, Val Loss: 0.0023304
2025-05-14 20:48:23,237 Epoch 182/500
2025-05-14 20:50:03,672 Current Learning Rate: 0.0007071878
2025-05-14 20:50:03,673 Train Loss: 0.0021651, Val Loss: 0.0023378
2025-05-14 20:50:03,673 Epoch 183/500
2025-05-14 20:51:44,587 Current Learning Rate: 0.0007043245
2025-05-14 20:51:44,588 Train Loss: 0.0021929, Val Loss: 0.0024653
2025-05-14 20:51:44,588 Epoch 184/500
2025-05-14 20:53:25,472 Current Learning Rate: 0.0007014532
2025-05-14 20:53:25,693 Train Loss: 0.0022130, Val Loss: 0.0022875
2025-05-14 20:53:25,694 Epoch 185/500
2025-05-14 20:55:06,561 Current Learning Rate: 0.0006985739
2025-05-14 20:55:06,561 Train Loss: 0.0021805, Val Loss: 0.0024028
2025-05-14 20:55:06,561 Epoch 186/500
2025-05-14 20:56:47,389 Current Learning Rate: 0.0006956868
2025-05-14 20:56:47,580 Train Loss: 0.0021440, Val Loss: 0.0022198
2025-05-14 20:56:47,580 Epoch 187/500
2025-05-14 20:58:27,295 Current Learning Rate: 0.0006927920
2025-05-14 20:58:27,296 Train Loss: 0.0021713, Val Loss: 0.0027265
2025-05-14 20:58:27,296 Epoch 188/500
2025-05-14 21:00:09,028 Current Learning Rate: 0.0006898895
2025-05-14 21:00:09,029 Train Loss: 0.0021239, Val Loss: 0.0024054
2025-05-14 21:00:09,029 Epoch 189/500
2025-05-14 21:01:49,562 Current Learning Rate: 0.0006869796
2025-05-14 21:01:49,562 Train Loss: 0.0021840, Val Loss: 0.0024964
2025-05-14 21:01:49,562 Epoch 190/500
2025-05-14 21:03:30,922 Current Learning Rate: 0.0006840623
2025-05-14 21:03:30,922 Train Loss: 0.0021261, Val Loss: 0.0024160
2025-05-14 21:03:30,922 Epoch 191/500
2025-05-14 21:05:12,223 Current Learning Rate: 0.0006811377
2025-05-14 21:05:12,224 Train Loss: 0.0021172, Val Loss: 0.0025724
2025-05-14 21:05:12,224 Epoch 192/500
2025-05-14 21:06:48,410 Current Learning Rate: 0.0006782059
2025-05-14 21:06:48,411 Train Loss: 0.0021339, Val Loss: 0.0024317
2025-05-14 21:06:48,411 Epoch 193/500
2025-05-14 21:08:03,681 Current Learning Rate: 0.0006752672
2025-05-14 21:08:03,682 Train Loss: 0.0021321, Val Loss: 0.0025861
2025-05-14 21:08:03,682 Epoch 194/500
2025-05-14 21:09:19,377 Current Learning Rate: 0.0006723215
2025-05-14 21:09:19,377 Train Loss: 0.0020775, Val Loss: 0.0023847
2025-05-14 21:09:19,377 Epoch 195/500
2025-05-14 21:10:33,791 Current Learning Rate: 0.0006693690
2025-05-14 21:10:33,791 Train Loss: 0.0020371, Val Loss: 0.0022387
2025-05-14 21:10:33,791 Epoch 196/500
2025-05-14 21:11:49,496 Current Learning Rate: 0.0006664098
2025-05-14 21:11:49,670 Train Loss: 0.0020709, Val Loss: 0.0022073
2025-05-14 21:11:49,670 Epoch 197/500
2025-05-14 21:13:05,234 Current Learning Rate: 0.0006634440
2025-05-14 21:13:05,235 Train Loss: 0.0020526, Val Loss: 0.0022219
2025-05-14 21:13:05,235 Epoch 198/500
2025-05-14 21:14:19,937 Current Learning Rate: 0.0006604718
2025-05-14 21:14:19,938 Train Loss: 0.0020615, Val Loss: 0.0023255
2025-05-14 21:14:19,938 Epoch 199/500
2025-05-14 21:15:36,280 Current Learning Rate: 0.0006574933
2025-05-14 21:15:36,280 Train Loss: 0.0020589, Val Loss: 0.0023281
2025-05-14 21:15:36,281 Epoch 200/500
2025-05-14 21:16:51,580 Current Learning Rate: 0.0006545085
2025-05-14 21:16:51,759 Saved periodic model at epoch 200 to /jizhicfs/easyluwu/ocean_project/NeurIPS_2025_wuhao/checkpoints/ResNet_0512_LiNS2d_epoch_200.pth
2025-05-14 21:16:51,759 Train Loss: 0.0020699, Val Loss: 0.0023030
2025-05-14 21:16:51,759 Epoch 201/500
2025-05-14 21:18:07,108 Current Learning Rate: 0.0006515176
2025-05-14 21:18:07,109 Train Loss: 0.0020368, Val Loss: 0.0022996
2025-05-14 21:18:07,109 Epoch 202/500
2025-05-14 21:19:22,963 Current Learning Rate: 0.0006485208
2025-05-14 21:19:22,963 Train Loss: 0.0020065, Val Loss: 0.0029422
2025-05-14 21:19:22,963 Epoch 203/500
2025-05-14 21:20:37,735 Current Learning Rate: 0.0006455181
2025-05-14 21:20:37,950 Train Loss: 0.0020115, Val Loss: 0.0021696
2025-05-14 21:20:37,950 Epoch 204/500
2025-05-14 21:21:52,878 Current Learning Rate: 0.0006425096
2025-05-14 21:21:52,879 Train Loss: 0.0020667, Val Loss: 0.0022571
2025-05-14 21:21:52,879 Epoch 205/500
2025-05-14 21:23:08,646 Current Learning Rate: 0.0006394956
2025-05-14 21:23:08,646 Train Loss: 0.0020076, Val Loss: 0.0026852
2025-05-14 21:23:08,647 Epoch 206/500
2025-05-14 21:24:24,089 Current Learning Rate: 0.0006364760
2025-05-14 21:24:24,089 Train Loss: 0.0019917, Val Loss: 0.0024474
2025-05-14 21:24:24,089 Epoch 207/500
2025-05-14 21:25:39,335 Current Learning Rate: 0.0006334510
2025-05-14 21:25:39,335 Train Loss: 0.0020085, Val Loss: 0.0026925
2025-05-14 21:25:39,336 Epoch 208/500
2025-05-14 21:26:54,803 Current Learning Rate: 0.0006304208
2025-05-14 21:26:54,804 Train Loss: 0.0020252, Val Loss: 0.0026925
2025-05-14 21:26:54,804 Epoch 209/500
2025-05-14 21:28:10,511 Current Learning Rate: 0.0006273854
2025-05-14 21:28:10,511 Train Loss: 0.0020277, Val Loss: 0.0023081
2025-05-14 21:28:10,511 Epoch 210/500
2025-05-14 21:29:26,345 Current Learning Rate: 0.0006243449
2025-05-14 21:29:26,346 Train Loss: 0.0020041, Val Loss: 0.0022682
2025-05-14 21:29:26,346 Epoch 211/500
2025-05-14 21:30:41,337 Current Learning Rate: 0.0006212996
2025-05-14 21:30:41,337 Train Loss: 0.0020099, Val Loss: 0.0024111
2025-05-14 21:30:41,337 Epoch 212/500
2025-05-14 21:31:56,647 Current Learning Rate: 0.0006182495
2025-05-14 21:31:56,648 Train Loss: 0.0019583, Val Loss: 0.0021755
2025-05-14 21:31:56,648 Epoch 213/500
2025-05-14 21:33:11,791 Current Learning Rate: 0.0006151947
2025-05-14 21:33:11,791 Train Loss: 0.0019671, Val Loss: 0.0023331
2025-05-14 21:33:11,792 Epoch 214/500
2025-05-14 21:34:27,344 Current Learning Rate: 0.0006121354
2025-05-14 21:34:27,548 Train Loss: 0.0019841, Val Loss: 0.0020335
2025-05-14 21:34:27,549 Epoch 215/500
2025-05-14 21:35:43,348 Current Learning Rate: 0.0006090716
2025-05-14 21:35:43,348 Train Loss: 0.0019746, Val Loss: 0.0023685
2025-05-14 21:35:43,348 Epoch 216/500
2025-05-14 21:36:59,057 Current Learning Rate: 0.0006060036
2025-05-14 21:36:59,058 Train Loss: 0.0019393, Val Loss: 0.0024731
2025-05-14 21:36:59,058 Epoch 217/500
2025-05-14 21:38:14,907 Current Learning Rate: 0.0006029313
2025-05-14 21:38:14,908 Train Loss: 0.0019363, Val Loss: 0.0022665
2025-05-14 21:38:14,908 Epoch 218/500
2025-05-14 21:39:30,254 Current Learning Rate: 0.0005998550
2025-05-14 21:39:30,254 Train Loss: 0.0019584, Val Loss: 0.0023561
2025-05-14 21:39:30,255 Epoch 219/500
2025-05-14 21:40:45,571 Current Learning Rate: 0.0005967747
2025-05-14 21:40:45,571 Train Loss: 0.0019012, Val Loss: 0.0022719
2025-05-14 21:40:45,571 Epoch 220/500
2025-05-14 21:42:01,170 Current Learning Rate: 0.0005936907
2025-05-14 21:42:01,170 Train Loss: 0.0019209, Val Loss: 0.0022347
2025-05-14 21:42:01,170 Epoch 221/500
2025-05-14 21:43:15,066 Current Learning Rate: 0.0005906029
2025-05-14 21:43:15,066 Train Loss: 0.0018912, Val Loss: 0.0022808
2025-05-14 21:43:15,066 Epoch 222/500
2025-05-14 21:44:30,333 Current Learning Rate: 0.0005875115
2025-05-14 21:44:30,333 Train Loss: 0.0019230, Val Loss: 0.0022835
2025-05-14 21:44:30,333 Epoch 223/500
2025-05-14 21:45:46,287 Current Learning Rate: 0.0005844167
2025-05-14 21:45:46,287 Train Loss: 0.0019112, Val Loss: 0.0020492
2025-05-14 21:45:46,288 Epoch 224/500
2025-05-14 21:46:59,692 Current Learning Rate: 0.0005813186
2025-05-14 21:46:59,692 Train Loss: 0.0018778, Val Loss: 0.0027495
2025-05-14 21:46:59,692 Epoch 225/500
2025-05-14 21:48:15,494 Current Learning Rate: 0.0005782172
2025-05-14 21:48:15,494 Train Loss: 0.0018814, Val Loss: 0.0021715
2025-05-14 21:48:15,494 Epoch 226/500
2025-05-14 21:49:31,184 Current Learning Rate: 0.0005751128
2025-05-14 21:49:31,184 Train Loss: 0.0019228, Val Loss: 0.0023221
2025-05-14 21:49:31,184 Epoch 227/500
2025-05-14 21:50:45,803 Current Learning Rate: 0.0005720054
2025-05-14 21:50:45,803 Train Loss: 0.0019103, Val Loss: 0.0024302
2025-05-14 21:50:45,804 Epoch 228/500
2025-05-14 21:52:01,327 Current Learning Rate: 0.0005688951
2025-05-14 21:52:01,327 Train Loss: 0.0018882, Val Loss: 0.0022037
2025-05-14 21:52:01,327 Epoch 229/500
2025-05-14 21:53:16,446 Current Learning Rate: 0.0005657822
2025-05-14 21:53:16,446 Train Loss: 0.0018831, Val Loss: 0.0027192
2025-05-14 21:53:16,446 Epoch 230/500
2025-05-14 21:54:31,838 Current Learning Rate: 0.0005626666
2025-05-14 21:54:31,839 Train Loss: 0.0018832, Val Loss: 0.0022044
2025-05-14 21:54:31,839 Epoch 231/500
2025-05-14 21:55:47,689 Current Learning Rate: 0.0005595486
2025-05-14 21:55:47,689 Train Loss: 0.0018338, Val Loss: 0.0026590
2025-05-14 21:55:47,689 Epoch 232/500
2025-05-14 21:57:02,998 Current Learning Rate: 0.0005564282
2025-05-14 21:57:02,998 Train Loss: 0.0018790, Val Loss: 0.0025121
2025-05-14 21:57:02,998 Epoch 233/500
2025-05-14 21:58:18,220 Current Learning Rate: 0.0005533056
2025-05-14 21:58:18,221 Train Loss: 0.0018489, Val Loss: 0.0022943
2025-05-14 21:58:18,221 Epoch 234/500
2025-05-14 21:59:34,162 Current Learning Rate: 0.0005501809
2025-05-14 21:59:34,162 Train Loss: 0.0018446, Val Loss: 0.0023890
2025-05-14 21:59:34,163 Epoch 235/500
2025-05-14 22:00:49,707 Current Learning Rate: 0.0005470542
2025-05-14 22:00:49,707 Train Loss: 0.0018452, Val Loss: 0.0022481
2025-05-14 22:00:49,707 Epoch 236/500
2025-05-14 22:02:05,039 Current Learning Rate: 0.0005439256
2025-05-14 22:02:05,040 Train Loss: 0.0018788, Val Loss: 0.0023270
2025-05-14 22:02:05,040 Epoch 237/500
2025-05-14 22:03:19,796 Current Learning Rate: 0.0005407953
2025-05-14 22:03:19,796 Train Loss: 0.0018242, Val Loss: 0.0022373
2025-05-14 22:03:19,797 Epoch 238/500
2025-05-14 22:04:36,184 Current Learning Rate: 0.0005376634
2025-05-14 22:04:36,184 Train Loss: 0.0018341, Val Loss: 0.0023148
2025-05-14 22:04:36,185 Epoch 239/500
2025-05-14 22:05:51,187 Current Learning Rate: 0.0005345300
2025-05-14 22:05:51,188 Train Loss: 0.0018638, Val Loss: 0.0024421
2025-05-14 22:05:51,188 Epoch 240/500
2025-05-14 22:07:07,002 Current Learning Rate: 0.0005313953
2025-05-14 22:07:07,003 Train Loss: 0.0018518, Val Loss: 0.0024735
2025-05-14 22:07:07,003 Epoch 241/500
2025-05-14 22:08:22,653 Current Learning Rate: 0.0005282593
2025-05-14 22:08:22,653 Train Loss: 0.0018318, Val Loss: 0.0023505
2025-05-14 22:08:22,654 Epoch 242/500
2025-05-14 22:09:37,893 Current Learning Rate: 0.0005251222
2025-05-14 22:09:37,893 Train Loss: 0.0017960, Val Loss: 0.0020807
2025-05-14 22:09:37,893 Epoch 243/500
2025-05-14 22:10:53,791 Current Learning Rate: 0.0005219841
2025-05-14 22:10:53,792 Train Loss: 0.0018297, Val Loss: 0.0024765
2025-05-14 22:10:53,792 Epoch 244/500
2025-05-14 22:12:09,329 Current Learning Rate: 0.0005188451
2025-05-14 22:12:09,329 Train Loss: 0.0017886, Val Loss: 0.0021658
2025-05-14 22:12:09,329 Epoch 245/500
2025-05-14 22:13:24,367 Current Learning Rate: 0.0005157054
2025-05-14 22:13:24,367 Train Loss: 0.0017812, Val Loss: 0.0021764
2025-05-14 22:13:24,367 Epoch 246/500
2025-05-14 22:14:40,797 Current Learning Rate: 0.0005125650
2025-05-14 22:14:40,798 Train Loss: 0.0018097, Val Loss: 0.0021831
2025-05-14 22:14:40,798 Epoch 247/500
2025-05-14 22:15:56,373 Current Learning Rate: 0.0005094242
2025-05-14 22:15:56,373 Train Loss: 0.0018236, Val Loss: 0.0021273
2025-05-14 22:15:56,373 Epoch 248/500
2025-05-14 22:17:11,400 Current Learning Rate: 0.0005062830
2025-05-14 22:17:11,401 Train Loss: 0.0017935, Val Loss: 0.0023401
2025-05-14 22:17:11,401 Epoch 249/500
2025-05-14 22:18:27,406 Current Learning Rate: 0.0005031416
2025-05-14 22:18:27,407 Train Loss: 0.0017596, Val Loss: 0.0022093
2025-05-14 22:18:27,407 Epoch 250/500
2025-05-14 22:19:42,492 Current Learning Rate: 0.0005000000
2025-05-14 22:19:42,674 Saved periodic model at epoch 250 to /jizhicfs/easyluwu/ocean_project/NeurIPS_2025_wuhao/checkpoints/ResNet_0512_LiNS2d_epoch_250.pth
2025-05-14 22:19:42,674 Train Loss: 0.0017951, Val Loss: 0.0024628
2025-05-14 22:19:42,674 Epoch 251/500
2025-05-14 22:20:57,491 Current Learning Rate: 0.0004968584
2025-05-14 22:20:57,492 Train Loss: 0.0017626, Val Loss: 0.0021291
2025-05-14 22:20:57,492 Epoch 252/500
2025-05-14 22:22:12,205 Current Learning Rate: 0.0004937170
2025-05-14 22:22:12,206 Train Loss: 0.0017627, Val Loss: 0.0020893
2025-05-14 22:22:12,206 Epoch 253/500
2025-05-14 22:23:26,163 Current Learning Rate: 0.0004905758
2025-05-14 22:23:26,163 Train Loss: 0.0017355, Val Loss: 0.0022663
2025-05-14 22:23:26,164 Epoch 254/500
2025-05-14 22:24:41,897 Current Learning Rate: 0.0004874350
2025-05-14 22:24:41,898 Train Loss: 0.0017850, Val Loss: 0.0022303
2025-05-14 22:24:41,898 Epoch 255/500
2025-05-14 22:25:57,538 Current Learning Rate: 0.0004842946
2025-05-14 22:25:57,539 Train Loss: 0.0017451, Val Loss: 0.0021379
2025-05-14 22:25:57,539 Epoch 256/500
2025-05-14 22:27:12,181 Current Learning Rate: 0.0004811549
2025-05-14 22:27:12,182 Train Loss: 0.0017304, Val Loss: 0.0021222
2025-05-14 22:27:12,182 Epoch 257/500
2025-05-14 22:28:27,764 Current Learning Rate: 0.0004780159
2025-05-14 22:28:27,764 Train Loss: 0.0017466, Val Loss: 0.0022810
2025-05-14 22:28:27,765 Epoch 258/500
2025-05-14 22:29:42,401 Current Learning Rate: 0.0004748778
2025-05-14 22:29:42,401 Train Loss: 0.0017491, Val Loss: 0.0022863
2025-05-14 22:29:42,401 Epoch 259/500
2025-05-14 22:30:57,702 Current Learning Rate: 0.0004717407
2025-05-14 22:30:57,702 Train Loss: 0.0017368, Val Loss: 0.0022675
2025-05-14 22:30:57,702 Epoch 260/500
2025-05-14 22:32:13,561 Current Learning Rate: 0.0004686047
2025-05-14 22:32:13,562 Train Loss: 0.0017474, Val Loss: 0.0022269
2025-05-14 22:32:13,562 Epoch 261/500
2025-05-14 22:33:28,603 Current Learning Rate: 0.0004654700
2025-05-14 22:33:28,604 Train Loss: 0.0017762, Val Loss: 0.0020374
2025-05-14 22:33:28,604 Epoch 262/500
2025-05-14 22:34:43,854 Current Learning Rate: 0.0004623366
2025-05-14 22:34:43,855 Train Loss: 0.0017185, Val Loss: 0.0020682
2025-05-14 22:34:43,855 Epoch 263/500
2025-05-14 22:35:59,673 Current Learning Rate: 0.0004592047
2025-05-14 22:35:59,673 Train Loss: 0.0017414, Val Loss: 0.0020768
2025-05-14 22:35:59,673 Epoch 264/500
2025-05-14 22:37:15,053 Current Learning Rate: 0.0004560744
2025-05-14 22:37:15,255 Train Loss: 0.0017152, Val Loss: 0.0019763
2025-05-14 22:37:15,255 Epoch 265/500
2025-05-14 22:38:29,990 Current Learning Rate: 0.0004529458
2025-05-14 22:38:29,990 Train Loss: 0.0017112, Val Loss: 0.0024166
2025-05-14 22:38:29,991 Epoch 266/500
2025-05-14 22:39:45,290 Current Learning Rate: 0.0004498191
2025-05-14 22:39:45,291 Train Loss: 0.0017165, Val Loss: 0.0023101
2025-05-14 22:39:45,291 Epoch 267/500
2025-05-14 22:41:01,462 Current Learning Rate: 0.0004466944
2025-05-14 22:41:01,830 Train Loss: 0.0017138, Val Loss: 0.0019753
2025-05-14 22:41:01,831 Epoch 268/500
2025-05-14 22:42:17,274 Current Learning Rate: 0.0004435718
2025-05-14 22:42:17,275 Train Loss: 0.0017075, Val Loss: 0.0021217
2025-05-14 22:42:17,275 Epoch 269/500
2025-05-14 22:43:32,359 Current Learning Rate: 0.0004404514
2025-05-14 22:43:32,359 Train Loss: 0.0016922, Val Loss: 0.0021687
2025-05-14 22:43:32,360 Epoch 270/500
2025-05-14 22:44:47,946 Current Learning Rate: 0.0004373334
2025-05-14 22:44:47,947 Train Loss: 0.0017483, Val Loss: 0.0022179
2025-05-14 22:44:47,947 Epoch 271/500
2025-05-14 22:46:02,401 Current Learning Rate: 0.0004342178
2025-05-14 22:46:02,401 Train Loss: 0.0017206, Val Loss: 0.0023028
2025-05-14 22:46:02,402 Epoch 272/500
2025-05-14 22:47:18,412 Current Learning Rate: 0.0004311049
2025-05-14 22:47:18,413 Train Loss: 0.0016750, Val Loss: 0.0021164
2025-05-14 22:47:18,413 Epoch 273/500
2025-05-14 22:48:33,714 Current Learning Rate: 0.0004279946
2025-05-14 22:48:33,715 Train Loss: 0.0017139, Val Loss: 0.0020990
2025-05-14 22:48:33,715 Epoch 274/500
2025-05-14 22:49:47,973 Current Learning Rate: 0.0004248872
2025-05-14 22:49:47,973 Train Loss: 0.0016870, Val Loss: 0.0021200
2025-05-14 22:49:47,973 Epoch 275/500
2025-05-14 22:51:03,403 Current Learning Rate: 0.0004217828
2025-05-14 22:51:03,403 Train Loss: 0.0016851, Val Loss: 0.0024860
2025-05-14 22:51:03,404 Epoch 276/500
2025-05-14 22:52:19,084 Current Learning Rate: 0.0004186814
2025-05-14 22:52:19,084 Train Loss: 0.0016821, Val Loss: 0.0020959
2025-05-14 22:52:19,084 Epoch 277/500
2025-05-14 22:53:34,051 Current Learning Rate: 0.0004155833
2025-05-14 22:53:34,051 Train Loss: 0.0016679, Val Loss: 0.0023128
2025-05-14 22:53:34,052 Epoch 278/500
2025-05-14 22:54:48,999 Current Learning Rate: 0.0004124885
2025-05-14 22:54:49,000 Train Loss: 0.0016569, Val Loss: 0.0020440
2025-05-14 22:54:49,000 Epoch 279/500
2025-05-14 22:56:04,313 Current Learning Rate: 0.0004093971
2025-05-14 22:56:04,313 Train Loss: 0.0016560, Val Loss: 0.0022579
2025-05-14 22:56:04,314 Epoch 280/500
2025-05-14 22:57:19,144 Current Learning Rate: 0.0004063093
2025-05-14 22:57:19,144 Train Loss: 0.0016537, Val Loss: 0.0022950
2025-05-14 22:57:19,144 Epoch 281/500
2025-05-14 22:58:35,128 Current Learning Rate: 0.0004032253
2025-05-14 22:58:35,128 Train Loss: 0.0016808, Val Loss: 0.0021551
2025-05-14 22:58:35,128 Epoch 282/500
2025-05-14 22:59:50,201 Current Learning Rate: 0.0004001450
2025-05-14 22:59:50,415 Train Loss: 0.0016341, Val Loss: 0.0019291
2025-05-14 22:59:50,415 Epoch 283/500
2025-05-14 23:01:06,096 Current Learning Rate: 0.0003970687
2025-05-14 23:01:06,096 Train Loss: 0.0016622, Val Loss: 0.0021151
2025-05-14 23:01:06,096 Epoch 284/500
2025-05-14 23:02:22,027 Current Learning Rate: 0.0003939964
2025-05-14 23:02:22,027 Train Loss: 0.0016521, Val Loss: 0.0019946
2025-05-14 23:02:22,027 Epoch 285/500
2025-05-14 23:03:36,848 Current Learning Rate: 0.0003909284
2025-05-14 23:03:36,849 Train Loss: 0.0016245, Val Loss: 0.0021106
2025-05-14 23:03:36,849 Epoch 286/500
2025-05-14 23:04:53,067 Current Learning Rate: 0.0003878646
2025-05-14 23:04:53,067 Train Loss: 0.0016279, Val Loss: 0.0021680
2025-05-14 23:04:53,068 Epoch 287/500
2025-05-14 23:06:08,581 Current Learning Rate: 0.0003848053
2025-05-14 23:06:08,582 Train Loss: 0.0016540, Val Loss: 0.0020465
2025-05-14 23:06:08,582 Epoch 288/500
2025-05-14 23:07:23,896 Current Learning Rate: 0.0003817505
2025-05-14 23:07:23,896 Train Loss: 0.0016214, Val Loss: 0.0022546
2025-05-14 23:07:23,896 Epoch 289/500
2025-05-14 23:08:39,832 Current Learning Rate: 0.0003787004
2025-05-14 23:08:39,832 Train Loss: 0.0016302, Val Loss: 0.0023391
2025-05-14 23:08:39,832 Epoch 290/500
2025-05-14 23:09:55,194 Current Learning Rate: 0.0003756551
2025-05-14 23:09:55,194 Train Loss: 0.0016145, Val Loss: 0.0020390
2025-05-14 23:09:55,195 Epoch 291/500
2025-05-14 23:11:10,870 Current Learning Rate: 0.0003726146
2025-05-14 23:11:10,870 Train Loss: 0.0016143, Val Loss: 0.0023327
2025-05-14 23:11:10,871 Epoch 292/500
2025-05-14 23:12:26,194 Current Learning Rate: 0.0003695792
2025-05-14 23:12:26,195 Train Loss: 0.0016092, Val Loss: 0.0021253
2025-05-14 23:12:26,195 Epoch 293/500
2025-05-14 23:13:41,802 Current Learning Rate: 0.0003665490
2025-05-14 23:13:41,803 Train Loss: 0.0016124, Val Loss: 0.0022073
2025-05-14 23:13:41,803 Epoch 294/500
2025-05-14 23:14:56,652 Current Learning Rate: 0.0003635240
2025-05-14 23:14:56,653 Train Loss: 0.0016141, Val Loss: 0.0021557
2025-05-14 23:14:56,653 Epoch 295/500
2025-05-14 23:16:11,764 Current Learning Rate: 0.0003605044
2025-05-14 23:16:11,764 Train Loss: 0.0016153, Val Loss: 0.0021028
2025-05-14 23:16:11,764 Epoch 296/500
2025-05-14 23:17:27,326 Current Learning Rate: 0.0003574904
2025-05-14 23:17:27,327 Train Loss: 0.0016062, Val Loss: 0.0022724
2025-05-14 23:17:27,327 Epoch 297/500
2025-05-14 23:18:42,392 Current Learning Rate: 0.0003544819
2025-05-14 23:18:42,392 Train Loss: 0.0016037, Val Loss: 0.0021541
2025-05-14 23:18:42,393 Epoch 298/500
2025-05-14 23:19:57,582 Current Learning Rate: 0.0003514792
2025-05-14 23:19:57,583 Train Loss: 0.0016100, Val Loss: 0.0022479
2025-05-14 23:19:57,583 Epoch 299/500
2025-05-14 23:21:13,320 Current Learning Rate: 0.0003484824
2025-05-14 23:21:13,321 Train Loss: 0.0016059, Val Loss: 0.0020666
2025-05-14 23:21:13,321 Epoch 300/500
2025-05-14 23:22:28,003 Current Learning Rate: 0.0003454915
2025-05-14 23:22:28,205 Saved periodic model at epoch 300 to /jizhicfs/easyluwu/ocean_project/NeurIPS_2025_wuhao/checkpoints/ResNet_0512_LiNS2d_epoch_300.pth
2025-05-14 23:22:28,205 Train Loss: 0.0015829, Val Loss: 0.0019700
2025-05-14 23:22:28,205 Epoch 301/500
2025-05-14 23:23:43,944 Current Learning Rate: 0.0003425067
2025-05-14 23:23:43,944 Train Loss: 0.0016090, Val Loss: 0.0022833
2025-05-14 23:23:43,944 Epoch 302/500
2025-05-14 23:24:59,733 Current Learning Rate: 0.0003395282
2025-05-14 23:24:59,733 Train Loss: 0.0015761, Val Loss: 0.0021049
2025-05-14 23:24:59,733 Epoch 303/500
2025-05-14 23:26:14,639 Current Learning Rate: 0.0003365560
2025-05-14 23:26:14,640 Train Loss: 0.0016019, Val Loss: 0.0021055
2025-05-14 23:26:14,640 Epoch 304/500
2025-05-14 23:27:30,410 Current Learning Rate: 0.0003335902
2025-05-14 23:27:30,410 Train Loss: 0.0015870, Val Loss: 0.0022308
2025-05-14 23:27:30,410 Epoch 305/500
2025-05-14 23:28:45,988 Current Learning Rate: 0.0003306310
2025-05-14 23:28:45,989 Train Loss: 0.0015802, Val Loss: 0.0020518
2025-05-14 23:28:45,989 Epoch 306/500
2025-05-14 23:30:00,002 Current Learning Rate: 0.0003276785
2025-05-14 23:30:00,003 Train Loss: 0.0015884, Val Loss: 0.0020763
2025-05-14 23:30:00,003 Epoch 307/500
2025-05-14 23:31:14,324 Current Learning Rate: 0.0003247328
2025-05-14 23:31:14,325 Train Loss: 0.0015585, Val Loss: 0.0021752
2025-05-14 23:31:14,325 Epoch 308/500
2025-05-14 23:32:29,342 Current Learning Rate: 0.0003217941
2025-05-14 23:32:29,343 Train Loss: 0.0015623, Val Loss: 0.0021875
2025-05-14 23:32:29,343 Epoch 309/500
2025-05-14 23:33:44,152 Current Learning Rate: 0.0003188623
2025-05-14 23:33:44,152 Train Loss: 0.0015620, Val Loss: 0.0020952
2025-05-14 23:33:44,153 Epoch 310/500
2025-05-14 23:34:59,796 Current Learning Rate: 0.0003159377
2025-05-14 23:34:59,797 Train Loss: 0.0015760, Val Loss: 0.0020398
2025-05-14 23:34:59,797 Epoch 311/500
2025-05-14 23:36:14,930 Current Learning Rate: 0.0003130204
2025-05-14 23:36:14,931 Train Loss: 0.0015386, Val Loss: 0.0021280
2025-05-14 23:36:14,931 Epoch 312/500
2025-05-14 23:37:29,775 Current Learning Rate: 0.0003101105
2025-05-14 23:37:29,775 Train Loss: 0.0015624, Val Loss: 0.0020743
2025-05-14 23:37:29,775 Epoch 313/500
2025-05-14 23:38:45,651 Current Learning Rate: 0.0003072080
2025-05-14 23:38:45,652 Train Loss: 0.0015451, Val Loss: 0.0022943
2025-05-14 23:38:45,652 Epoch 314/500
2025-05-14 23:40:00,160 Current Learning Rate: 0.0003043132
2025-05-14 23:40:00,161 Train Loss: 0.0015732, Val Loss: 0.0020928
2025-05-14 23:40:00,161 Epoch 315/500
2025-05-14 23:41:15,164 Current Learning Rate: 0.0003014261
2025-05-14 23:41:15,165 Train Loss: 0.0015445, Val Loss: 0.0021424
2025-05-14 23:41:15,166 Epoch 316/500
2025-05-14 23:42:31,058 Current Learning Rate: 0.0002985468
2025-05-14 23:42:31,060 Train Loss: 0.0015540, Val Loss: 0.0022881
2025-05-14 23:42:31,060 Epoch 317/500
2025-05-14 23:43:46,663 Current Learning Rate: 0.0002956755
2025-05-14 23:43:46,664 Train Loss: 0.0015497, Val Loss: 0.0020056
2025-05-14 23:43:46,664 Epoch 318/500
2025-05-14 23:45:02,416 Current Learning Rate: 0.0002928122
2025-05-14 23:45:02,417 Train Loss: 0.0015383, Val Loss: 0.0020401
2025-05-14 23:45:02,418 Epoch 319/500
2025-05-14 23:46:17,422 Current Learning Rate: 0.0002899571
2025-05-14 23:46:17,424 Train Loss: 0.0015194, Val Loss: 0.0021160
2025-05-14 23:46:17,424 Epoch 320/500
2025-05-14 23:47:32,804 Current Learning Rate: 0.0002871104
2025-05-14 23:47:32,805 Train Loss: 0.0015340, Val Loss: 0.0023322
2025-05-14 23:47:32,805 Epoch 321/500
2025-05-14 23:48:48,187 Current Learning Rate: 0.0002842720
2025-05-14 23:48:48,189 Train Loss: 0.0015234, Val Loss: 0.0020833
2025-05-14 23:48:48,189 Epoch 322/500
2025-05-14 23:50:03,360 Current Learning Rate: 0.0002814421
2025-05-14 23:50:03,360 Train Loss: 0.0015299, Val Loss: 0.0020339
2025-05-14 23:50:03,361 Epoch 323/500
2025-05-14 23:51:18,676 Current Learning Rate: 0.0002786209
2025-05-14 23:51:18,677 Train Loss: 0.0015227, Val Loss: 0.0021244
2025-05-14 23:51:18,677 Epoch 324/500
2025-05-14 23:52:33,932 Current Learning Rate: 0.0002758084
2025-05-14 23:52:33,938 Train Loss: 0.0015227, Val Loss: 0.0020024
2025-05-14 23:52:33,938 Epoch 325/500
2025-05-14 23:53:49,442 Current Learning Rate: 0.0002730048
2025-05-14 23:53:49,443 Train Loss: 0.0015087, Val Loss: 0.0020057
2025-05-14 23:53:49,443 Epoch 326/500
2025-05-14 23:55:04,646 Current Learning Rate: 0.0002702101
2025-05-14 23:55:04,828 Train Loss: 0.0015411, Val Loss: 0.0018994
2025-05-14 23:55:04,828 Epoch 327/500
2025-05-14 23:56:20,006 Current Learning Rate: 0.0002674245
2025-05-14 23:56:20,006 Train Loss: 0.0015262, Val Loss: 0.0021941
2025-05-14 23:56:20,006 Epoch 328/500
2025-05-14 23:57:35,857 Current Learning Rate: 0.0002646480
2025-05-14 23:57:35,857 Train Loss: 0.0015242, Val Loss: 0.0021883
2025-05-14 23:57:35,857 Epoch 329/500
2025-05-14 23:58:51,017 Current Learning Rate: 0.0002618809
2025-05-14 23:58:51,018 Train Loss: 0.0015163, Val Loss: 0.0020479
2025-05-14 23:58:51,018 Epoch 330/500
2025-05-15 00:00:06,689 Current Learning Rate: 0.0002591232
2025-05-15 00:00:06,689 Train Loss: 0.0014976, Val Loss: 0.0020454
2025-05-15 00:00:06,689 Epoch 331/500
2025-05-15 00:01:22,255 Current Learning Rate: 0.0002563749
2025-05-15 00:01:22,255 Train Loss: 0.0014989, Val Loss: 0.0021883
2025-05-15 00:01:22,255 Epoch 332/500
2025-05-15 00:02:36,067 Current Learning Rate: 0.0002536363
2025-05-15 00:02:36,067 Train Loss: 0.0015097, Val Loss: 0.0024511
2025-05-15 00:02:36,068 Epoch 333/500
2025-05-15 00:03:50,984 Current Learning Rate: 0.0002509074
2025-05-15 00:03:50,985 Train Loss: 0.0015049, Val Loss: 0.0021056
2025-05-15 00:03:50,985 Epoch 334/500
2025-05-15 00:05:06,418 Current Learning Rate: 0.0002481884
2025-05-15 00:05:06,419 Train Loss: 0.0014982, Val Loss: 0.0021216
2025-05-15 00:05:06,419 Epoch 335/500
2025-05-15 00:06:20,962 Current Learning Rate: 0.0002454793
2025-05-15 00:06:20,962 Train Loss: 0.0014936, Val Loss: 0.0022065
2025-05-15 00:06:20,963 Epoch 336/500
2025-05-15 00:07:36,609 Current Learning Rate: 0.0002427802
2025-05-15 00:07:36,609 Train Loss: 0.0014851, Val Loss: 0.0019657
2025-05-15 00:07:36,609 Epoch 337/500
2025-05-15 00:08:52,003 Current Learning Rate: 0.0002400913
2025-05-15 00:08:52,004 Train Loss: 0.0014967, Val Loss: 0.0021562
2025-05-15 00:08:52,004 Epoch 338/500
2025-05-15 00:10:06,918 Current Learning Rate: 0.0002374127
2025-05-15 00:10:06,918 Train Loss: 0.0015185, Val Loss: 0.0020359
2025-05-15 00:10:06,918 Epoch 339/500
2025-05-15 00:11:22,880 Current Learning Rate: 0.0002347444
2025-05-15 00:11:22,880 Train Loss: 0.0014946, Val Loss: 0.0020672
2025-05-15 00:11:22,880 Epoch 340/500
2025-05-15 00:12:38,760 Current Learning Rate: 0.0002320866
2025-05-15 00:12:38,760 Train Loss: 0.0014813, Val Loss: 0.0021452
2025-05-15 00:12:38,761 Epoch 341/500
2025-05-15 00:13:44,105 Current Learning Rate: 0.0002294394
2025-05-15 00:13:44,105 Train Loss: 0.0014751, Val Loss: 0.0020822
2025-05-15 00:13:44,106 Epoch 342/500
2025-05-15 00:14:29,633 Current Learning Rate: 0.0002268028
2025-05-15 00:14:29,634 Train Loss: 0.0014866, Val Loss: 0.0020977
2025-05-15 00:14:29,634 Epoch 343/500
2025-05-15 00:15:15,362 Current Learning Rate: 0.0002241771
2025-05-15 00:15:15,362 Train Loss: 0.0014643, Val Loss: 0.0021260
2025-05-15 00:15:15,363 Epoch 344/500
2025-05-15 00:15:59,006 Current Learning Rate: 0.0002215622
2025-05-15 00:15:59,007 Train Loss: 0.0014681, Val Loss: 0.0021520
2025-05-15 00:15:59,007 Epoch 345/500
2025-05-15 00:16:44,424 Current Learning Rate: 0.0002189583
2025-05-15 00:16:44,425 Train Loss: 0.0014661, Val Loss: 0.0020084
2025-05-15 00:16:44,425 Epoch 346/500
2025-05-15 00:17:29,670 Current Learning Rate: 0.0002163655
2025-05-15 00:17:29,671 Train Loss: 0.0014775, Val Loss: 0.0021760
2025-05-15 00:17:29,671 Epoch 347/500
2025-05-15 00:18:13,532 Current Learning Rate: 0.0002137839
2025-05-15 00:18:13,533 Train Loss: 0.0014716, Val Loss: 0.0019401
2025-05-15 00:18:13,533 Epoch 348/500
2025-05-15 00:18:59,268 Current Learning Rate: 0.0002112136
2025-05-15 00:18:59,269 Train Loss: 0.0014651, Val Loss: 0.0021060
2025-05-15 00:18:59,269 Epoch 349/500
2025-05-15 00:19:45,080 Current Learning Rate: 0.0002086548
2025-05-15 00:19:45,080 Train Loss: 0.0014573, Val Loss: 0.0020334
2025-05-15 00:19:45,080 Epoch 350/500
2025-05-15 00:20:29,750 Current Learning Rate: 0.0002061074
2025-05-15 00:20:29,941 Saved periodic model at epoch 350 to /jizhicfs/easyluwu/ocean_project/NeurIPS_2025_wuhao/checkpoints/ResNet_0512_LiNS2d_epoch_350.pth
2025-05-15 00:20:29,941 Train Loss: 0.0014644, Val Loss: 0.0020015
2025-05-15 00:20:29,941 Epoch 351/500
2025-05-15 00:21:15,328 Current Learning Rate: 0.0002035716
2025-05-15 00:21:15,328 Train Loss: 0.0014545, Val Loss: 0.0019422
2025-05-15 00:21:15,328 Epoch 352/500
2025-05-15 00:22:00,837 Current Learning Rate: 0.0002010475
2025-05-15 00:22:00,837 Train Loss: 0.0014598, Val Loss: 0.0019502
2025-05-15 00:22:00,837 Epoch 353/500
2025-05-15 00:22:46,543 Current Learning Rate: 0.0001985352
2025-05-15 00:22:46,543 Train Loss: 0.0014507, Val Loss: 0.0020877
2025-05-15 00:22:46,544 Epoch 354/500
2025-05-15 00:23:31,952 Current Learning Rate: 0.0001960349
2025-05-15 00:23:31,953 Train Loss: 0.0014508, Val Loss: 0.0022367
2025-05-15 00:23:31,953 Epoch 355/500
2025-05-15 00:24:16,040 Current Learning Rate: 0.0001935465
2025-05-15 00:24:16,040 Train Loss: 0.0014461, Val Loss: 0.0020828
2025-05-15 00:24:16,040 Epoch 356/500
2025-05-15 00:25:01,778 Current Learning Rate: 0.0001910702
2025-05-15 00:25:01,779 Train Loss: 0.0014364, Val Loss: 0.0022669
2025-05-15 00:25:01,779 Epoch 357/500
2025-05-15 00:25:47,459 Current Learning Rate: 0.0001886061
2025-05-15 00:25:47,459 Train Loss: 0.0014516, Val Loss: 0.0022269
2025-05-15 00:25:47,460 Epoch 358/500
2025-05-15 00:26:31,403 Current Learning Rate: 0.0001861543
2025-05-15 00:26:31,403 Train Loss: 0.0014381, Val Loss: 0.0020058
2025-05-15 00:26:31,403 Epoch 359/500
2025-05-15 00:27:17,368 Current Learning Rate: 0.0001837149
2025-05-15 00:27:17,368 Train Loss: 0.0014387, Val Loss: 0.0023234
2025-05-15 00:27:17,369 Epoch 360/500
2025-05-15 00:28:02,946 Current Learning Rate: 0.0001812880
2025-05-15 00:28:02,946 Train Loss: 0.0014277, Val Loss: 0.0019957
2025-05-15 00:28:02,947 Epoch 361/500
2025-05-15 00:28:47,251 Current Learning Rate: 0.0001788737
2025-05-15 00:28:47,252 Train Loss: 0.0014284, Val Loss: 0.0019931
2025-05-15 00:28:47,252 Epoch 362/500
2025-05-15 00:29:32,911 Current Learning Rate: 0.0001764720
2025-05-15 00:29:32,912 Train Loss: 0.0014295, Val Loss: 0.0020245
2025-05-15 00:29:32,912 Epoch 363/500
2025-05-15 00:30:18,478 Current Learning Rate: 0.0001740831
2025-05-15 00:30:18,478 Train Loss: 0.0014353, Val Loss: 0.0022004
2025-05-15 00:30:18,479 Epoch 364/500
2025-05-15 00:31:02,602 Current Learning Rate: 0.0001717071
2025-05-15 00:31:02,602 Train Loss: 0.0014282, Val Loss: 0.0021252
2025-05-15 00:31:02,603 Epoch 365/500
2025-05-15 00:31:48,280 Current Learning Rate: 0.0001693441
2025-05-15 00:31:48,281 Train Loss: 0.0014255, Val Loss: 0.0020313
2025-05-15 00:31:48,281 Epoch 366/500
2025-05-15 00:32:33,912 Current Learning Rate: 0.0001669941
2025-05-15 00:32:33,913 Train Loss: 0.0014174, Val Loss: 0.0019522
2025-05-15 00:32:33,913 Epoch 367/500
2025-05-15 00:33:17,814 Current Learning Rate: 0.0001646572
2025-05-15 00:33:17,815 Train Loss: 0.0014141, Val Loss: 0.0019882
2025-05-15 00:33:17,815 Epoch 368/500
2025-05-15 00:34:03,480 Current Learning Rate: 0.0001623336
2025-05-15 00:34:03,480 Train Loss: 0.0014169, Val Loss: 0.0020425
2025-05-15 00:34:03,480 Epoch 369/500
2025-05-15 00:34:49,379 Current Learning Rate: 0.0001600233
2025-05-15 00:34:49,380 Train Loss: 0.0014081, Val Loss: 0.0020705
2025-05-15 00:34:49,380 Epoch 370/500
2025-05-15 00:35:33,392 Current Learning Rate: 0.0001577264
2025-05-15 00:35:33,393 Train Loss: 0.0014157, Val Loss: 0.0019140
2025-05-15 00:35:33,393 Epoch 371/500
2025-05-15 00:36:19,229 Current Learning Rate: 0.0001554431
2025-05-15 00:36:19,230 Train Loss: 0.0014127, Val Loss: 0.0022037
2025-05-15 00:36:19,230 Epoch 372/500
2025-05-15 00:37:04,233 Current Learning Rate: 0.0001531733
2025-05-15 00:37:04,234 Train Loss: 0.0014191, Val Loss: 0.0020092
2025-05-15 00:37:04,234 Epoch 373/500
2025-05-15 00:37:22,956 Current Learning Rate: 0.0001509173
2025-05-15 00:37:22,957 Train Loss: 0.0013990, Val Loss: 0.0020756
2025-05-15 00:37:22,957 Epoch 374/500
2025-05-15 00:37:41,574 Current Learning Rate: 0.0001486750
2025-05-15 00:37:41,574 Train Loss: 0.0014037, Val Loss: 0.0021103
2025-05-15 00:37:41,574 Epoch 375/500
2025-05-15 00:38:00,326 Current Learning Rate: 0.0001464466
2025-05-15 00:38:00,327 Train Loss: 0.0014163, Val Loss: 0.0021562
2025-05-15 00:38:00,327 Epoch 376/500
2025-05-15 00:38:18,953 Current Learning Rate: 0.0001442322
2025-05-15 00:38:18,953 Train Loss: 0.0014153, Val Loss: 0.0021417
2025-05-15 00:38:18,954 Epoch 377/500
2025-05-15 00:38:37,497 Current Learning Rate: 0.0001420318
2025-05-15 00:38:37,497 Train Loss: 0.0014059, Val Loss: 0.0020074
2025-05-15 00:38:37,497 Epoch 378/500
2025-05-15 00:38:56,135 Current Learning Rate: 0.0001398455
2025-05-15 00:38:56,135 Train Loss: 0.0014092, Val Loss: 0.0020001
2025-05-15 00:38:56,135 Epoch 379/500
2025-05-15 00:39:14,776 Current Learning Rate: 0.0001376734
2025-05-15 00:39:14,776 Train Loss: 0.0014055, Val Loss: 0.0020344
2025-05-15 00:39:14,776 Epoch 380/500
2025-05-15 00:39:33,383 Current Learning Rate: 0.0001355157
2025-05-15 00:39:33,384 Train Loss: 0.0013934, Val Loss: 0.0021081
2025-05-15 00:39:33,384 Epoch 381/500
2025-05-15 00:39:51,996 Current Learning Rate: 0.0001333723
2025-05-15 00:39:51,996 Train Loss: 0.0014025, Val Loss: 0.0021057
2025-05-15 00:39:51,996 Epoch 382/500
2025-05-15 00:40:10,661 Current Learning Rate: 0.0001312434
2025-05-15 00:40:10,662 Train Loss: 0.0013935, Val Loss: 0.0020886
2025-05-15 00:40:10,662 Epoch 383/500
2025-05-15 00:40:29,307 Current Learning Rate: 0.0001291291
2025-05-15 00:40:29,307 Train Loss: 0.0013824, Val Loss: 0.0020063
2025-05-15 00:40:29,307 Epoch 384/500
2025-05-15 00:40:47,921 Current Learning Rate: 0.0001270294
2025-05-15 00:40:47,921 Train Loss: 0.0013922, Val Loss: 0.0021588
2025-05-15 00:40:47,922 Epoch 385/500
2025-05-15 00:41:06,620 Current Learning Rate: 0.0001249445
2025-05-15 00:41:06,620 Train Loss: 0.0013882, Val Loss: 0.0022919
2025-05-15 00:41:06,620 Epoch 386/500
2025-05-15 00:41:25,273 Current Learning Rate: 0.0001228743
2025-05-15 00:41:25,273 Train Loss: 0.0013844, Val Loss: 0.0020632
2025-05-15 00:41:25,274 Epoch 387/500
2025-05-15 00:41:43,888 Current Learning Rate: 0.0001208190
2025-05-15 00:41:43,889 Train Loss: 0.0013871, Val Loss: 0.0022206
2025-05-15 00:41:43,889 Epoch 388/500
2025-05-15 00:42:02,571 Current Learning Rate: 0.0001187787
2025-05-15 00:42:02,572 Train Loss: 0.0013886, Val Loss: 0.0022196
2025-05-15 00:42:02,572 Epoch 389/500
2025-05-15 00:42:21,192 Current Learning Rate: 0.0001167535
2025-05-15 00:42:21,192 Train Loss: 0.0013871, Val Loss: 0.0020234
2025-05-15 00:42:21,192 Epoch 390/500
2025-05-15 00:42:39,814 Current Learning Rate: 0.0001147434
2025-05-15 00:42:39,814 Train Loss: 0.0013739, Val Loss: 0.0020534
2025-05-15 00:42:39,814 Epoch 391/500
2025-05-15 00:42:58,469 Current Learning Rate: 0.0001127485
2025-05-15 00:42:58,469 Train Loss: 0.0013916, Val Loss: 0.0020148
2025-05-15 00:42:58,470 Epoch 392/500
2025-05-15 00:43:17,118 Current Learning Rate: 0.0001107688
2025-05-15 00:43:17,119 Train Loss: 0.0013750, Val Loss: 0.0020451
2025-05-15 00:43:17,119 Epoch 393/500
2025-05-15 00:43:35,749 Current Learning Rate: 0.0001088046
2025-05-15 00:43:35,750 Train Loss: 0.0013737, Val Loss: 0.0021236
2025-05-15 00:43:35,750 Epoch 394/500
2025-05-15 00:43:54,397 Current Learning Rate: 0.0001068558
2025-05-15 00:43:54,397 Train Loss: 0.0013766, Val Loss: 0.0020975
2025-05-15 00:43:54,398 Epoch 395/500
2025-05-15 00:44:12,968 Current Learning Rate: 0.0001049225
2025-05-15 00:44:12,968 Train Loss: 0.0013635, Val Loss: 0.0021432
2025-05-15 00:44:12,969 Epoch 396/500
2025-05-15 00:44:31,571 Current Learning Rate: 0.0001030048
2025-05-15 00:44:31,572 Train Loss: 0.0013656, Val Loss: 0.0020553
2025-05-15 00:44:31,572 Epoch 397/500
2025-05-15 00:44:50,317 Current Learning Rate: 0.0001011028
2025-05-15 00:44:50,317 Train Loss: 0.0013762, Val Loss: 0.0020621
2025-05-15 00:44:50,317 Epoch 398/500
2025-05-15 00:45:08,983 Current Learning Rate: 0.0000992165
2025-05-15 00:45:08,984 Train Loss: 0.0013652, Val Loss: 0.0020612
2025-05-15 00:45:08,984 Epoch 399/500
2025-05-15 00:45:27,562 Current Learning Rate: 0.0000973461
2025-05-15 00:45:27,562 Train Loss: 0.0013644, Val Loss: 0.0021960
2025-05-15 00:45:27,562 Epoch 400/500
2025-05-15 00:45:46,240 Current Learning Rate: 0.0000954915
2025-05-15 00:45:46,434 Saved periodic model at epoch 400 to /jizhicfs/easyluwu/ocean_project/NeurIPS_2025_wuhao/checkpoints/ResNet_0512_LiNS2d_epoch_400.pth
2025-05-15 00:45:46,434 Train Loss: 0.0013557, Val Loss: 0.0020779
2025-05-15 00:45:46,434 Epoch 401/500
2025-05-15 00:46:05,025 Current Learning Rate: 0.0000936529
2025-05-15 00:46:05,026 Train Loss: 0.0013604, Val Loss: 0.0020637
2025-05-15 00:46:05,026 Epoch 402/500
2025-05-15 00:46:23,722 Current Learning Rate: 0.0000918304
2025-05-15 00:46:23,723 Train Loss: 0.0013633, Val Loss: 0.0019824
2025-05-15 00:46:23,723 Epoch 403/500
2025-05-15 00:46:42,316 Current Learning Rate: 0.0000900239
2025-05-15 00:46:42,317 Train Loss: 0.0013562, Val Loss: 0.0021788
2025-05-15 00:46:42,317 Epoch 404/500
2025-05-15 00:47:00,996 Current Learning Rate: 0.0000882337
2025-05-15 00:47:00,996 Train Loss: 0.0013649, Val Loss: 0.0019616
2025-05-15 00:47:00,996 Epoch 405/500
2025-05-15 00:47:19,569 Current Learning Rate: 0.0000864597
2025-05-15 00:47:19,570 Train Loss: 0.0013618, Val Loss: 0.0020430
2025-05-15 00:47:19,570 Epoch 406/500
2025-05-15 00:47:38,082 Current Learning Rate: 0.0000847021
2025-05-15 00:47:38,082 Train Loss: 0.0013545, Val Loss: 0.0020496
2025-05-15 00:47:38,082 Epoch 407/500
2025-05-15 00:47:56,647 Current Learning Rate: 0.0000829608
2025-05-15 00:47:56,648 Train Loss: 0.0013564, Val Loss: 0.0020782
2025-05-15 00:47:56,648 Epoch 408/500
2025-05-15 00:48:15,162 Current Learning Rate: 0.0000812360
2025-05-15 00:48:15,332 Train Loss: 0.0013501, Val Loss: 0.0018891
2025-05-15 00:48:15,332 Epoch 409/500
2025-05-15 00:48:33,848 Current Learning Rate: 0.0000795277
2025-05-15 00:48:33,849 Train Loss: 0.0013568, Val Loss: 0.0021190
2025-05-15 00:48:33,849 Epoch 410/500
2025-05-15 00:48:52,432 Current Learning Rate: 0.0000778360
2025-05-15 00:48:52,432 Train Loss: 0.0013478, Val Loss: 0.0020389
2025-05-15 00:48:52,433 Epoch 411/500
2025-05-15 00:49:10,974 Current Learning Rate: 0.0000761610
2025-05-15 00:49:10,974 Train Loss: 0.0013490, Val Loss: 0.0020437
2025-05-15 00:49:10,974 Epoch 412/500
2025-05-15 00:49:29,418 Current Learning Rate: 0.0000745028
2025-05-15 00:49:29,419 Train Loss: 0.0013498, Val Loss: 0.0021084
2025-05-15 00:49:29,419 Epoch 413/500
2025-05-15 00:49:47,928 Current Learning Rate: 0.0000728613
2025-05-15 00:49:47,928 Train Loss: 0.0013542, Val Loss: 0.0019550
2025-05-15 00:49:47,928 Epoch 414/500
2025-05-15 00:50:06,454 Current Learning Rate: 0.0000712367
2025-05-15 00:50:06,454 Train Loss: 0.0013438, Val Loss: 0.0019886
2025-05-15 00:50:06,454 Epoch 415/500
2025-05-15 00:50:24,924 Current Learning Rate: 0.0000696290
2025-05-15 00:50:24,924 Train Loss: 0.0013374, Val Loss: 0.0019258
2025-05-15 00:50:24,924 Epoch 416/500
2025-05-15 00:50:43,511 Current Learning Rate: 0.0000680383
2025-05-15 00:50:43,511 Train Loss: 0.0013405, Val Loss: 0.0020290
2025-05-15 00:50:43,511 Epoch 417/500
2025-05-15 00:51:02,352 Current Learning Rate: 0.0000664646
2025-05-15 00:51:02,352 Train Loss: 0.0013409, Val Loss: 0.0021274
2025-05-15 00:51:02,353 Epoch 418/500
2025-05-15 00:51:21,046 Current Learning Rate: 0.0000649081
2025-05-15 00:51:21,047 Train Loss: 0.0013380, Val Loss: 0.0021775
2025-05-15 00:51:21,047 Epoch 419/500
2025-05-15 00:51:39,728 Current Learning Rate: 0.0000633688
2025-05-15 00:51:39,728 Train Loss: 0.0013403, Val Loss: 0.0021077
2025-05-15 00:51:39,728 Epoch 420/500
2025-05-15 00:51:58,507 Current Learning Rate: 0.0000618467
2025-05-15 00:51:58,507 Train Loss: 0.0013378, Val Loss: 0.0021047
2025-05-15 00:51:58,507 Epoch 421/500
2025-05-15 00:52:17,196 Current Learning Rate: 0.0000603418
2025-05-15 00:52:17,197 Train Loss: 0.0013371, Val Loss: 0.0020685
2025-05-15 00:52:17,197 Epoch 422/500
2025-05-15 00:52:35,903 Current Learning Rate: 0.0000588544
2025-05-15 00:52:35,903 Train Loss: 0.0013312, Val Loss: 0.0019441
2025-05-15 00:52:35,903 Epoch 423/500
2025-05-15 00:52:54,614 Current Learning Rate: 0.0000573843
2025-05-15 00:52:54,615 Train Loss: 0.0013263, Val Loss: 0.0020996
2025-05-15 00:52:54,615 Epoch 424/500
2025-05-15 00:53:13,464 Current Learning Rate: 0.0000559318
2025-05-15 00:53:13,464 Train Loss: 0.0013263, Val Loss: 0.0019735
2025-05-15 00:53:13,464 Epoch 425/500
2025-05-15 00:53:32,090 Current Learning Rate: 0.0000544967
2025-05-15 00:53:32,090 Train Loss: 0.0013354, Val Loss: 0.0019756
2025-05-15 00:53:32,090 Epoch 426/500
2025-05-15 00:53:50,740 Current Learning Rate: 0.0000530793
2025-05-15 00:53:50,741 Train Loss: 0.0013252, Val Loss: 0.0019892
2025-05-15 00:53:50,741 Epoch 427/500
2025-05-15 00:54:09,443 Current Learning Rate: 0.0000516795
2025-05-15 00:54:09,443 Train Loss: 0.0013299, Val Loss: 0.0022840
2025-05-15 00:54:09,443 Epoch 428/500
2025-05-15 00:54:28,207 Current Learning Rate: 0.0000502974
2025-05-15 00:54:28,208 Train Loss: 0.0013241, Val Loss: 0.0021056
2025-05-15 00:54:28,208 Epoch 429/500
2025-05-15 00:54:46,850 Current Learning Rate: 0.0000489330
2025-05-15 00:54:46,850 Train Loss: 0.0013385, Val Loss: 0.0021418
2025-05-15 00:54:46,850 Epoch 430/500
2025-05-15 00:55:05,681 Current Learning Rate: 0.0000475865
2025-05-15 00:55:05,681 Train Loss: 0.0013273, Val Loss: 0.0020475
2025-05-15 00:55:05,681 Epoch 431/500
2025-05-15 00:55:24,414 Current Learning Rate: 0.0000462578
2025-05-15 00:55:24,414 Train Loss: 0.0013216, Val Loss: 0.0019878
2025-05-15 00:55:24,414 Epoch 432/500
2025-05-15 00:55:43,075 Current Learning Rate: 0.0000449470
2025-05-15 00:55:43,075 Train Loss: 0.0013238, Val Loss: 0.0020654
2025-05-15 00:55:43,075 Epoch 433/500
2025-05-15 00:56:01,737 Current Learning Rate: 0.0000436542
2025-05-15 00:56:01,738 Train Loss: 0.0013199, Val Loss: 0.0020106
2025-05-15 00:56:01,738 Epoch 434/500
2025-05-15 00:56:20,429 Current Learning Rate: 0.0000423794
2025-05-15 00:56:20,430 Train Loss: 0.0013274, Val Loss: 0.0022161
2025-05-15 00:56:20,430 Epoch 435/500
2025-05-15 00:56:39,082 Current Learning Rate: 0.0000411227
2025-05-15 00:56:39,082 Train Loss: 0.0013204, Val Loss: 0.0020700
2025-05-15 00:56:39,082 Epoch 436/500
2025-05-15 00:56:57,768 Current Learning Rate: 0.0000398841
2025-05-15 00:56:57,768 Train Loss: 0.0013252, Val Loss: 0.0020697
2025-05-15 00:56:57,769 Epoch 437/500
2025-05-15 00:57:16,430 Current Learning Rate: 0.0000386636
2025-05-15 00:57:16,430 Train Loss: 0.0013182, Val Loss: 0.0020617
2025-05-15 00:57:16,431 Epoch 438/500
2025-05-15 00:57:35,076 Current Learning Rate: 0.0000374614
2025-05-15 00:57:35,076 Train Loss: 0.0013163, Val Loss: 0.0020641
2025-05-15 00:57:35,076 Epoch 439/500
2025-05-15 00:57:53,867 Current Learning Rate: 0.0000362774
2025-05-15 00:57:54,051 Train Loss: 0.0013108, Val Loss: 0.0018561
2025-05-15 00:57:54,051 Epoch 440/500
2025-05-15 00:58:12,720 Current Learning Rate: 0.0000351118
2025-05-15 00:58:12,720 Train Loss: 0.0013088, Val Loss: 0.0020459
2025-05-15 00:58:12,720 Epoch 441/500
2025-05-15 00:58:31,404 Current Learning Rate: 0.0000339644
2025-05-15 00:58:31,405 Train Loss: 0.0013148, Val Loss: 0.0020264
2025-05-15 00:58:31,405 Epoch 442/500
2025-05-15 00:58:50,156 Current Learning Rate: 0.0000328355
2025-05-15 00:58:50,156 Train Loss: 0.0013112, Val Loss: 0.0020640
2025-05-15 00:58:50,156 Epoch 443/500
2025-05-15 00:59:08,826 Current Learning Rate: 0.0000317251
2025-05-15 00:59:08,826 Train Loss: 0.0013115, Val Loss: 0.0020662
2025-05-15 00:59:08,827 Epoch 444/500
2025-05-15 00:59:27,504 Current Learning Rate: 0.0000306331
2025-05-15 00:59:27,505 Train Loss: 0.0013115, Val Loss: 0.0020147
2025-05-15 00:59:27,505 Epoch 445/500
2025-05-15 00:59:46,140 Current Learning Rate: 0.0000295596
2025-05-15 00:59:46,140 Train Loss: 0.0013218, Val Loss: 0.0022080
2025-05-15 00:59:46,140 Epoch 446/500
2025-05-15 01:00:04,778 Current Learning Rate: 0.0000285047
2025-05-15 01:00:04,778 Train Loss: 0.0013128, Val Loss: 0.0020034
2025-05-15 01:00:04,779 Epoch 447/500
2025-05-15 01:00:23,463 Current Learning Rate: 0.0000274685
2025-05-15 01:00:23,463 Train Loss: 0.0013111, Val Loss: 0.0022707
2025-05-15 01:00:23,464 Epoch 448/500
2025-05-15 01:00:42,153 Current Learning Rate: 0.0000264508
2025-05-15 01:00:42,153 Train Loss: 0.0013051, Val Loss: 0.0020237
2025-05-15 01:00:42,153 Epoch 449/500
2025-05-15 01:01:00,968 Current Learning Rate: 0.0000254519
2025-05-15 01:01:00,968 Train Loss: 0.0013077, Val Loss: 0.0021472
2025-05-15 01:01:00,968 Epoch 450/500
2025-05-15 01:01:19,715 Current Learning Rate: 0.0000244717
2025-05-15 01:01:19,904 Saved periodic model at epoch 450 to /jizhicfs/easyluwu/ocean_project/NeurIPS_2025_wuhao/checkpoints/ResNet_0512_LiNS2d_epoch_450.pth
2025-05-15 01:01:19,904 Train Loss: 0.0013099, Val Loss: 0.0021293
2025-05-15 01:01:19,904 Epoch 451/500
2025-05-15 01:01:38,443 Current Learning Rate: 0.0000235103
2025-05-15 01:01:38,443 Train Loss: 0.0013086, Val Loss: 0.0019644
2025-05-15 01:01:38,444 Epoch 452/500
2025-05-15 01:01:57,183 Current Learning Rate: 0.0000225677
2025-05-15 01:01:57,183 Train Loss: 0.0013080, Val Loss: 0.0020722
2025-05-15 01:01:57,184 Epoch 453/500
2025-05-15 01:02:15,887 Current Learning Rate: 0.0000216440
2025-05-15 01:02:15,887 Train Loss: 0.0013070, Val Loss: 0.0021467
2025-05-15 01:02:15,887 Epoch 454/500
2025-05-15 01:02:34,581 Current Learning Rate: 0.0000207391
2025-05-15 01:02:34,581 Train Loss: 0.0012999, Val Loss: 0.0020153
2025-05-15 01:02:34,582 Epoch 455/500
2025-05-15 01:02:53,235 Current Learning Rate: 0.0000198532
2025-05-15 01:02:53,236 Train Loss: 0.0013077, Val Loss: 0.0022343
2025-05-15 01:02:53,236 Epoch 456/500
2025-05-15 01:03:11,974 Current Learning Rate: 0.0000189862
2025-05-15 01:03:11,974 Train Loss: 0.0013038, Val Loss: 0.0019852
2025-05-15 01:03:11,974 Epoch 457/500
2025-05-15 01:03:30,589 Current Learning Rate: 0.0000181382
2025-05-15 01:03:30,589 Train Loss: 0.0013054, Val Loss: 0.0020995
2025-05-15 01:03:30,589 Epoch 458/500
2025-05-15 01:03:49,279 Current Learning Rate: 0.0000173092
2025-05-15 01:03:49,280 Train Loss: 0.0012976, Val Loss: 0.0019821
2025-05-15 01:03:49,280 Epoch 459/500
2025-05-15 01:04:07,997 Current Learning Rate: 0.0000164993
2025-05-15 01:04:07,997 Train Loss: 0.0013062, Val Loss: 0.0019902
2025-05-15 01:04:07,998 Epoch 460/500
2025-05-15 01:04:26,719 Current Learning Rate: 0.0000157084
2025-05-15 01:04:26,720 Train Loss: 0.0013025, Val Loss: 0.0019896
2025-05-15 01:04:26,720 Epoch 461/500
2025-05-15 01:04:45,377 Current Learning Rate: 0.0000149367
2025-05-15 01:04:45,377 Train Loss: 0.0013018, Val Loss: 0.0019770
2025-05-15 01:04:45,377 Epoch 462/500
2025-05-15 01:05:04,072 Current Learning Rate: 0.0000141841
2025-05-15 01:05:04,072 Train Loss: 0.0012960, Val Loss: 0.0021882
2025-05-15 01:05:04,073 Epoch 463/500
2025-05-15 01:05:22,802 Current Learning Rate: 0.0000134507
2025-05-15 01:05:22,802 Train Loss: 0.0012981, Val Loss: 0.0020835
2025-05-15 01:05:22,802 Epoch 464/500
2025-05-15 01:05:41,406 Current Learning Rate: 0.0000127366
2025-05-15 01:05:41,406 Train Loss: 0.0012969, Val Loss: 0.0020583
2025-05-15 01:05:41,407 Epoch 465/500
2025-05-15 01:06:00,054 Current Learning Rate: 0.0000120416
2025-05-15 01:06:00,054 Train Loss: 0.0012992, Val Loss: 0.0019906
2025-05-15 01:06:00,055 Epoch 466/500
2025-05-15 01:06:18,749 Current Learning Rate: 0.0000113659
2025-05-15 01:06:18,749 Train Loss: 0.0012968, Val Loss: 0.0020405
2025-05-15 01:06:18,749 Epoch 467/500
2025-05-15 01:06:37,407 Current Learning Rate: 0.0000107095
2025-05-15 01:06:37,408 Train Loss: 0.0012949, Val Loss: 0.0020173
2025-05-15 01:06:37,408 Epoch 468/500
2025-05-15 01:06:56,045 Current Learning Rate: 0.0000100725
2025-05-15 01:06:56,045 Train Loss: 0.0012978, Val Loss: 0.0022481
2025-05-15 01:06:56,045 Epoch 469/500
2025-05-15 01:07:14,597 Current Learning Rate: 0.0000094547
2025-05-15 01:07:14,598 Train Loss: 0.0012926, Val Loss: 0.0020997
2025-05-15 01:07:14,598 Epoch 470/500
2025-05-15 01:07:33,216 Current Learning Rate: 0.0000088564
2025-05-15 01:07:33,217 Train Loss: 0.0012974, Val Loss: 0.0021563
2025-05-15 01:07:33,217 Epoch 471/500
2025-05-15 01:07:51,921 Current Learning Rate: 0.0000082774
2025-05-15 01:07:51,922 Train Loss: 0.0012977, Val Loss: 0.0019571
2025-05-15 01:07:51,922 Epoch 472/500
2025-05-15 01:08:10,629 Current Learning Rate: 0.0000077178
2025-05-15 01:08:10,630 Train Loss: 0.0012923, Val Loss: 0.0018925
2025-05-15 01:08:10,630 Epoch 473/500
2025-05-15 01:08:29,243 Current Learning Rate: 0.0000071777
2025-05-15 01:08:29,243 Train Loss: 0.0012918, Val Loss: 0.0019763
2025-05-15 01:08:29,244 Epoch 474/500
2025-05-15 01:08:47,898 Current Learning Rate: 0.0000066570
2025-05-15 01:08:47,898 Train Loss: 0.0012958, Val Loss: 0.0020418
2025-05-15 01:08:47,898 Epoch 475/500
2025-05-15 01:09:06,521 Current Learning Rate: 0.0000061558
2025-05-15 01:09:06,522 Train Loss: 0.0012930, Val Loss: 0.0020494
2025-05-15 01:09:06,522 Epoch 476/500
2025-05-15 01:09:25,248 Current Learning Rate: 0.0000056741
2025-05-15 01:09:25,249 Train Loss: 0.0012921, Val Loss: 0.0021137
2025-05-15 01:09:25,249 Epoch 477/500
2025-05-15 01:09:44,010 Current Learning Rate: 0.0000052119
2025-05-15 01:09:44,010 Train Loss: 0.0012895, Val Loss: 0.0020137
2025-05-15 01:09:44,011 Epoch 478/500
2025-05-15 01:10:02,827 Current Learning Rate: 0.0000047693
2025-05-15 01:10:02,833 Train Loss: 0.0012912, Val Loss: 0.0020032
2025-05-15 01:10:02,833 Epoch 479/500
2025-05-15 01:10:21,426 Current Learning Rate: 0.0000043462
2025-05-15 01:10:21,427 Train Loss: 0.0012939, Val Loss: 0.0019874
2025-05-15 01:10:21,427 Epoch 480/500
2025-05-15 01:10:40,097 Current Learning Rate: 0.0000039426
2025-05-15 01:10:40,098 Train Loss: 0.0012907, Val Loss: 0.0020734
2025-05-15 01:10:40,098 Epoch 481/500
2025-05-15 01:10:58,726 Current Learning Rate: 0.0000035587
2025-05-15 01:10:58,727 Train Loss: 0.0012922, Val Loss: 0.0020010
2025-05-15 01:10:58,727 Epoch 482/500
2025-05-15 01:11:17,399 Current Learning Rate: 0.0000031943
2025-05-15 01:11:17,622 Train Loss: 0.0012923, Val Loss: 0.0018435
2025-05-15 01:11:17,622 Epoch 483/500
2025-05-15 01:11:36,287 Current Learning Rate: 0.0000028496
2025-05-15 01:11:36,287 Train Loss: 0.0012831, Val Loss: 0.0019265
2025-05-15 01:11:36,287 Epoch 484/500
2025-05-15 01:11:54,917 Current Learning Rate: 0.0000025245
2025-05-15 01:11:54,918 Train Loss: 0.0012896, Val Loss: 0.0020203
2025-05-15 01:11:54,918 Epoch 485/500
2025-05-15 01:12:13,689 Current Learning Rate: 0.0000022190
2025-05-15 01:12:13,690 Train Loss: 0.0012890, Val Loss: 0.0020088
2025-05-15 01:12:13,690 Epoch 486/500
2025-05-15 01:12:32,445 Current Learning Rate: 0.0000019332
2025-05-15 01:12:32,446 Train Loss: 0.0012939, Val Loss: 0.0020792
2025-05-15 01:12:32,446 Epoch 487/500
2025-05-15 01:12:51,099 Current Learning Rate: 0.0000016670
2025-05-15 01:12:51,100 Train Loss: 0.0012903, Val Loss: 0.0021343
2025-05-15 01:12:51,100 Epoch 488/500
2025-05-15 01:13:09,781 Current Learning Rate: 0.0000014205
2025-05-15 01:13:09,781 Train Loss: 0.0012929, Val Loss: 0.0019700
2025-05-15 01:13:09,781 Epoch 489/500
2025-05-15 01:13:28,524 Current Learning Rate: 0.0000011937
2025-05-15 01:13:28,524 Train Loss: 0.0012948, Val Loss: 0.0019957
2025-05-15 01:13:28,524 Epoch 490/500
2025-05-15 01:13:47,143 Current Learning Rate: 0.0000009866
2025-05-15 01:13:47,143 Train Loss: 0.0012867, Val Loss: 0.0021384
2025-05-15 01:13:47,143 Epoch 491/500
2025-05-15 01:14:05,840 Current Learning Rate: 0.0000007992
2025-05-15 01:14:05,840 Train Loss: 0.0012846, Val Loss: 0.0022542
2025-05-15 01:14:05,841 Epoch 492/500
2025-05-15 01:14:24,491 Current Learning Rate: 0.0000006315
2025-05-15 01:14:24,491 Train Loss: 0.0012853, Val Loss: 0.0020093
2025-05-15 01:14:24,492 Epoch 493/500
2025-05-15 01:14:43,156 Current Learning Rate: 0.0000004835
2025-05-15 01:14:43,157 Train Loss: 0.0012906, Val Loss: 0.0021941
2025-05-15 01:14:43,157 Epoch 494/500
2025-05-15 01:15:01,801 Current Learning Rate: 0.0000003553
2025-05-15 01:15:01,802 Train Loss: 0.0012876, Val Loss: 0.0020595
2025-05-15 01:15:01,802 Epoch 495/500
2025-05-15 01:15:20,456 Current Learning Rate: 0.0000002467
2025-05-15 01:15:20,456 Train Loss: 0.0012951, Val Loss: 0.0021050
2025-05-15 01:15:20,456 Epoch 496/500
2025-05-15 01:15:39,163 Current Learning Rate: 0.0000001579
2025-05-15 01:15:39,163 Train Loss: 0.0012914, Val Loss: 0.0021441
2025-05-15 01:15:39,163 Epoch 497/500
2025-05-15 01:15:57,870 Current Learning Rate: 0.0000000888
2025-05-15 01:15:57,870 Train Loss: 0.0012892, Val Loss: 0.0021552
2025-05-15 01:15:57,870 Epoch 498/500
2025-05-15 01:16:16,600 Current Learning Rate: 0.0000000395
2025-05-15 01:16:16,601 Train Loss: 0.0012894, Val Loss: 0.0020615
2025-05-15 01:16:16,601 Epoch 499/500
2025-05-15 01:16:35,268 Current Learning Rate: 0.0000000099
2025-05-15 01:16:35,269 Train Loss: 0.0012884, Val Loss: 0.0020348
2025-05-15 01:16:35,269 Epoch 500/500
2025-05-15 01:16:53,896 Current Learning Rate: 0.0000000000
2025-05-15 01:16:54,050 Saved periodic model at epoch 500 to /jizhicfs/easyluwu/ocean_project/NeurIPS_2025_wuhao/checkpoints/ResNet_0512_LiNS2d_epoch_500.pth
2025-05-15 01:16:54,051 Train Loss: 0.0012870, Val Loss: 0.0021556
