2025-05-14 15:01:52,346 Epoch 1/500
2025-05-14 15:02:09,387 Current Learning Rate: 0.0009999901
2025-05-14 15:02:09,593 Train Loss: 0.0267125, Val Loss: 0.0131915
2025-05-14 15:02:09,593 Epoch 2/500
2025-05-14 15:02:20,826 Current Learning Rate: 0.0009999605
2025-05-14 15:02:21,006 Train Loss: 0.0124205, Val Loss: 0.0091150
2025-05-14 15:02:21,006 Epoch 3/500
2025-05-14 15:02:36,352 Current Learning Rate: 0.0009999112
2025-05-14 15:02:36,546 Train Loss: 0.0098280, Val Loss: 0.0080946
2025-05-14 15:02:36,546 Epoch 4/500
2025-05-14 15:02:50,160 Current Learning Rate: 0.0009998421
2025-05-14 15:02:50,371 Train Loss: 0.0084098, Val Loss: 0.0071811
2025-05-14 15:02:50,372 Epoch 5/500
2025-05-14 15:03:06,289 Current Learning Rate: 0.0009997533
2025-05-14 15:03:06,480 Train Loss: 0.0077099, Val Loss: 0.0064341
2025-05-14 15:03:06,480 Epoch 6/500
2025-05-14 15:03:34,950 Current Learning Rate: 0.0009996447
2025-05-14 15:03:35,188 Train Loss: 0.0070918, Val Loss: 0.0056956
2025-05-14 15:03:35,189 Epoch 7/500
2025-05-14 15:04:05,016 Current Learning Rate: 0.0009995165
2025-05-14 15:04:05,238 Train Loss: 0.0066226, Val Loss: 0.0054467
2025-05-14 15:04:05,239 Epoch 8/500
2025-05-14 15:04:30,765 Current Learning Rate: 0.0009993685
2025-05-14 15:04:30,987 Train Loss: 0.0062913, Val Loss: 0.0052125
2025-05-14 15:04:30,987 Epoch 9/500
2025-05-14 15:05:01,119 Current Learning Rate: 0.0009992008
2025-05-14 15:05:01,120 Train Loss: 0.0060074, Val Loss: 0.0053464
2025-05-14 15:05:01,120 Epoch 10/500
2025-05-14 15:05:29,558 Current Learning Rate: 0.0009990134
2025-05-14 15:05:29,778 Train Loss: 0.0057793, Val Loss: 0.0046841
2025-05-14 15:05:29,778 Epoch 11/500
2025-05-14 15:05:58,519 Current Learning Rate: 0.0009988063
2025-05-14 15:05:58,520 Train Loss: 0.0056079, Val Loss: 0.0047948
2025-05-14 15:05:58,520 Epoch 12/500
2025-05-14 15:06:27,221 Current Learning Rate: 0.0009985795
2025-05-14 15:06:27,451 Train Loss: 0.0054238, Val Loss: 0.0043585
2025-05-14 15:06:27,452 Epoch 13/500
2025-05-14 15:06:56,353 Current Learning Rate: 0.0009983330
2025-05-14 15:06:56,354 Train Loss: 0.0052248, Val Loss: 0.0043670
2025-05-14 15:06:56,354 Epoch 14/500
2025-05-14 15:07:24,383 Current Learning Rate: 0.0009980668
2025-05-14 15:07:24,610 Train Loss: 0.0051021, Val Loss: 0.0041712
2025-05-14 15:07:24,611 Epoch 15/500
2025-05-14 15:07:53,812 Current Learning Rate: 0.0009977810
2025-05-14 15:07:54,028 Train Loss: 0.0049603, Val Loss: 0.0040695
2025-05-14 15:07:54,028 Epoch 16/500
2025-05-14 15:08:20,665 Current Learning Rate: 0.0009974755
2025-05-14 15:08:20,862 Train Loss: 0.0048747, Val Loss: 0.0039875
2025-05-14 15:08:20,863 Epoch 17/500
2025-05-14 15:08:49,928 Current Learning Rate: 0.0009971504
2025-05-14 15:08:49,929 Train Loss: 0.0047504, Val Loss: 0.0040596
2025-05-14 15:08:49,929 Epoch 18/500
2025-05-14 15:09:18,269 Current Learning Rate: 0.0009968057
2025-05-14 15:09:18,596 Train Loss: 0.0047205, Val Loss: 0.0038540
2025-05-14 15:09:18,597 Epoch 19/500
2025-05-14 15:09:47,079 Current Learning Rate: 0.0009964413
2025-05-14 15:09:47,080 Train Loss: 0.0046267, Val Loss: 0.0039092
2025-05-14 15:09:47,080 Epoch 20/500
2025-05-14 15:10:15,330 Current Learning Rate: 0.0009960574
2025-05-14 15:10:15,555 Train Loss: 0.0045001, Val Loss: 0.0036702
2025-05-14 15:10:15,555 Epoch 21/500
2025-05-14 15:10:43,984 Current Learning Rate: 0.0009956538
2025-05-14 15:10:44,168 Train Loss: 0.0044113, Val Loss: 0.0035935
2025-05-14 15:10:44,168 Epoch 22/500
2025-05-14 15:11:12,849 Current Learning Rate: 0.0009952307
2025-05-14 15:11:12,849 Train Loss: 0.0043581, Val Loss: 0.0036155
2025-05-14 15:11:12,849 Epoch 23/500
2025-05-14 15:11:52,820 Current Learning Rate: 0.0009947881
2025-05-14 15:11:53,099 Train Loss: 0.0042649, Val Loss: 0.0035516
2025-05-14 15:11:53,099 Epoch 24/500
2025-05-14 15:12:33,659 Current Learning Rate: 0.0009943259
2025-05-14 15:12:33,660 Train Loss: 0.0041919, Val Loss: 0.0037028
2025-05-14 15:12:33,660 Epoch 25/500
2025-05-14 15:13:14,652 Current Learning Rate: 0.0009938442
2025-05-14 15:13:14,852 Train Loss: 0.0041563, Val Loss: 0.0034705
2025-05-14 15:13:14,852 Epoch 26/500
2025-05-14 15:13:54,804 Current Learning Rate: 0.0009933430
2025-05-14 15:13:55,134 Train Loss: 0.0041028, Val Loss: 0.0033343
2025-05-14 15:13:55,135 Epoch 27/500
2025-05-14 15:14:36,701 Current Learning Rate: 0.0009928223
2025-05-14 15:14:36,702 Train Loss: 0.0040649, Val Loss: 0.0033518
2025-05-14 15:14:36,706 Epoch 28/500
2025-05-14 15:15:17,752 Current Learning Rate: 0.0009922822
2025-05-14 15:15:18,004 Train Loss: 0.0040309, Val Loss: 0.0033098
2025-05-14 15:15:18,004 Epoch 29/500
2025-05-14 15:16:02,393 Current Learning Rate: 0.0009917226
2025-05-14 15:16:02,393 Train Loss: 0.0039541, Val Loss: 0.0033479
2025-05-14 15:16:02,394 Epoch 30/500
2025-05-14 15:16:47,989 Current Learning Rate: 0.0009911436
2025-05-14 15:16:47,989 Train Loss: 0.0039370, Val Loss: 0.0033934
2025-05-14 15:16:47,989 Epoch 31/500
2025-05-14 15:17:33,593 Current Learning Rate: 0.0009905453
2025-05-14 15:17:33,800 Train Loss: 0.0038719, Val Loss: 0.0032520
2025-05-14 15:17:33,801 Epoch 32/500
2025-05-14 15:18:18,766 Current Learning Rate: 0.0009899275
2025-05-14 15:18:18,767 Train Loss: 0.0037999, Val Loss: 0.0033780
2025-05-14 15:18:18,767 Epoch 33/500
2025-05-14 15:19:04,996 Current Learning Rate: 0.0009892905
2025-05-14 15:19:04,997 Train Loss: 0.0038081, Val Loss: 0.0032699
2025-05-14 15:19:04,997 Epoch 34/500
2025-05-14 15:19:49,115 Current Learning Rate: 0.0009886341
2025-05-14 15:19:49,340 Train Loss: 0.0037414, Val Loss: 0.0032080
2025-05-14 15:19:49,341 Epoch 35/500
2025-05-14 15:20:35,665 Current Learning Rate: 0.0009879584
2025-05-14 15:20:35,665 Train Loss: 0.0037151, Val Loss: 0.0032338
2025-05-14 15:20:35,665 Epoch 36/500
2025-05-14 15:21:21,030 Current Learning Rate: 0.0009872634
2025-05-14 15:21:21,247 Train Loss: 0.0036815, Val Loss: 0.0031288
2025-05-14 15:21:21,247 Epoch 37/500
2025-05-14 15:22:06,431 Current Learning Rate: 0.0009865493
2025-05-14 15:22:06,431 Train Loss: 0.0036577, Val Loss: 0.0031366
2025-05-14 15:22:06,432 Epoch 38/500
2025-05-14 15:22:52,872 Current Learning Rate: 0.0009858159
2025-05-14 15:22:53,087 Train Loss: 0.0035898, Val Loss: 0.0031079
2025-05-14 15:22:53,087 Epoch 39/500
2025-05-14 15:23:37,584 Current Learning Rate: 0.0009850633
2025-05-14 15:23:37,800 Train Loss: 0.0035873, Val Loss: 0.0030154
2025-05-14 15:23:37,801 Epoch 40/500
2025-05-14 15:24:24,646 Current Learning Rate: 0.0009842916
2025-05-14 15:24:24,646 Train Loss: 0.0035205, Val Loss: 0.0031470
2025-05-14 15:24:24,646 Epoch 41/500
2025-05-14 15:25:09,750 Current Learning Rate: 0.0009835007
2025-05-14 15:25:09,992 Train Loss: 0.0034910, Val Loss: 0.0029890
2025-05-14 15:25:09,993 Epoch 42/500
2025-05-14 15:25:55,371 Current Learning Rate: 0.0009826908
2025-05-14 15:25:55,371 Train Loss: 0.0034921, Val Loss: 0.0031200
2025-05-14 15:25:55,372 Epoch 43/500
2025-05-14 15:26:40,349 Current Learning Rate: 0.0009818618
2025-05-14 15:26:40,555 Train Loss: 0.0034495, Val Loss: 0.0029112
2025-05-14 15:26:40,556 Epoch 44/500
2025-05-14 15:27:25,439 Current Learning Rate: 0.0009810138
2025-05-14 15:27:25,788 Train Loss: 0.0034393, Val Loss: 0.0028985
2025-05-14 15:27:25,789 Epoch 45/500
2025-05-14 15:28:10,622 Current Learning Rate: 0.0009801468
2025-05-14 15:28:10,623 Train Loss: 0.0034051, Val Loss: 0.0029219
2025-05-14 15:28:10,623 Epoch 46/500
2025-05-14 15:28:56,990 Current Learning Rate: 0.0009792609
2025-05-14 15:28:56,996 Train Loss: 0.0033726, Val Loss: 0.0029295
2025-05-14 15:28:56,996 Epoch 47/500
2025-05-14 15:29:42,243 Current Learning Rate: 0.0009783560
2025-05-14 15:29:42,491 Train Loss: 0.0033808, Val Loss: 0.0028689
2025-05-14 15:29:42,492 Epoch 48/500
2025-05-14 15:30:28,571 Current Learning Rate: 0.0009774323
2025-05-14 15:30:28,572 Train Loss: 0.0033612, Val Loss: 0.0030307
2025-05-14 15:30:28,573 Epoch 49/500
2025-05-14 15:31:14,214 Current Learning Rate: 0.0009764897
2025-05-14 15:31:14,214 Train Loss: 0.0033327, Val Loss: 0.0029849
2025-05-14 15:31:14,214 Epoch 50/500
2025-05-14 15:31:59,130 Current Learning Rate: 0.0009755283
2025-05-14 15:31:59,372 Saved periodic model at epoch 50 to /jizhicfs/easyluwu/ocean_project/NeurIPS_2025_wuhao/checkpoints/U_net_0512_LiNS2d_epoch_50.pth
2025-05-14 15:31:59,373 Train Loss: 0.0033276, Val Loss: 0.0028817
2025-05-14 15:31:59,373 Epoch 51/500
2025-05-14 15:32:45,466 Current Learning Rate: 0.0009745481
2025-05-14 15:32:45,675 Train Loss: 0.0033077, Val Loss: 0.0028240
2025-05-14 15:32:45,675 Epoch 52/500
2025-05-14 15:33:30,634 Current Learning Rate: 0.0009735492
2025-05-14 15:33:30,636 Train Loss: 0.0032601, Val Loss: 0.0028312
2025-05-14 15:33:30,636 Epoch 53/500
2025-05-14 15:34:16,149 Current Learning Rate: 0.0009725315
2025-05-14 15:34:16,359 Train Loss: 0.0032721, Val Loss: 0.0028093
2025-05-14 15:34:16,359 Epoch 54/500
2025-05-14 15:35:02,107 Current Learning Rate: 0.0009714953
2025-05-14 15:35:04,198 Train Loss: 0.0032143, Val Loss: 0.0027910
2025-05-14 15:35:04,198 Epoch 55/500
2025-05-14 15:35:48,479 Current Learning Rate: 0.0009704404
2025-05-14 15:35:48,480 Train Loss: 0.0032493, Val Loss: 0.0027961
2025-05-14 15:35:48,480 Epoch 56/500
2025-05-14 15:36:34,157 Current Learning Rate: 0.0009693669
2025-05-14 15:36:34,158 Train Loss: 0.0031809, Val Loss: 0.0028324
2025-05-14 15:36:34,158 Epoch 57/500
2025-05-14 15:37:19,689 Current Learning Rate: 0.0009682749
2025-05-14 15:37:19,689 Train Loss: 0.0031801, Val Loss: 0.0028576
2025-05-14 15:37:19,690 Epoch 58/500
2025-05-14 15:38:04,659 Current Learning Rate: 0.0009671645
2025-05-14 15:38:04,893 Train Loss: 0.0031468, Val Loss: 0.0027789
2025-05-14 15:38:04,893 Epoch 59/500
2025-05-14 15:38:50,374 Current Learning Rate: 0.0009660356
2025-05-14 15:38:50,561 Train Loss: 0.0031861, Val Loss: 0.0027149
2025-05-14 15:38:50,561 Epoch 60/500
2025-05-14 15:39:34,712 Current Learning Rate: 0.0009648882
2025-05-14 15:39:34,712 Train Loss: 0.0031356, Val Loss: 0.0027711
2025-05-14 15:39:34,712 Epoch 61/500
2025-05-14 15:40:19,925 Current Learning Rate: 0.0009637226
2025-05-14 15:40:19,925 Train Loss: 0.0031272, Val Loss: 0.0027240
2025-05-14 15:40:19,925 Epoch 62/500
2025-05-14 15:41:04,380 Current Learning Rate: 0.0009625386
2025-05-14 15:41:04,381 Train Loss: 0.0031213, Val Loss: 0.0027167
2025-05-14 15:41:04,381 Epoch 63/500
2025-05-14 15:41:49,888 Current Learning Rate: 0.0009613364
2025-05-14 15:41:50,104 Train Loss: 0.0030958, Val Loss: 0.0027067
2025-05-14 15:41:50,104 Epoch 64/500
2025-05-14 15:42:34,751 Current Learning Rate: 0.0009601159
2025-05-14 15:42:34,752 Train Loss: 0.0031109, Val Loss: 0.0027244
2025-05-14 15:42:34,752 Epoch 65/500
2025-05-14 15:43:18,656 Current Learning Rate: 0.0009588773
2025-05-14 15:43:18,657 Train Loss: 0.0030584, Val Loss: 0.0027322
2025-05-14 15:43:18,657 Epoch 66/500
2025-05-14 15:44:04,797 Current Learning Rate: 0.0009576206
2025-05-14 15:44:04,797 Train Loss: 0.0030684, Val Loss: 0.0027884
2025-05-14 15:44:04,797 Epoch 67/500
2025-05-14 15:44:49,881 Current Learning Rate: 0.0009563458
2025-05-14 15:44:50,089 Train Loss: 0.0030328, Val Loss: 0.0026632
2025-05-14 15:44:50,090 Epoch 68/500
2025-05-14 15:45:35,548 Current Learning Rate: 0.0009550530
2025-05-14 15:45:35,549 Train Loss: 0.0030145, Val Loss: 0.0026675
2025-05-14 15:45:35,549 Epoch 69/500
2025-05-14 15:46:20,998 Current Learning Rate: 0.0009537422
2025-05-14 15:46:21,224 Train Loss: 0.0029964, Val Loss: 0.0026519
2025-05-14 15:46:21,224 Epoch 70/500
2025-05-14 15:47:05,990 Current Learning Rate: 0.0009524135
2025-05-14 15:47:06,217 Train Loss: 0.0029960, Val Loss: 0.0026315
2025-05-14 15:47:06,217 Epoch 71/500
2025-05-14 15:47:50,516 Current Learning Rate: 0.0009510670
2025-05-14 15:47:50,517 Train Loss: 0.0029770, Val Loss: 0.0026830
2025-05-14 15:47:50,517 Epoch 72/500
2025-05-14 15:48:35,719 Current Learning Rate: 0.0009497026
2025-05-14 15:48:35,719 Train Loss: 0.0030248, Val Loss: 0.0026836
2025-05-14 15:48:35,720 Epoch 73/500
2025-05-14 15:49:20,012 Current Learning Rate: 0.0009483205
2025-05-14 15:49:20,012 Train Loss: 0.0029575, Val Loss: 0.0027097
2025-05-14 15:49:20,013 Epoch 74/500
2025-05-14 15:50:04,156 Current Learning Rate: 0.0009469207
2025-05-14 15:50:04,385 Train Loss: 0.0029618, Val Loss: 0.0026202
2025-05-14 15:50:04,385 Epoch 75/500
2025-05-14 15:50:49,050 Current Learning Rate: 0.0009455033
2025-05-14 15:50:49,051 Train Loss: 0.0029247, Val Loss: 0.0026785
2025-05-14 15:50:49,053 Epoch 76/500
2025-05-14 15:51:34,249 Current Learning Rate: 0.0009440682
2025-05-14 15:51:34,449 Train Loss: 0.0029226, Val Loss: 0.0026075
2025-05-14 15:51:34,449 Epoch 77/500
2025-05-14 15:52:19,452 Current Learning Rate: 0.0009426157
2025-05-14 15:52:19,670 Train Loss: 0.0029080, Val Loss: 0.0025904
2025-05-14 15:52:19,670 Epoch 78/500
2025-05-14 15:53:04,742 Current Learning Rate: 0.0009411456
2025-05-14 15:53:04,742 Train Loss: 0.0029014, Val Loss: 0.0026723
2025-05-14 15:53:04,742 Epoch 79/500
2025-05-14 15:53:50,038 Current Learning Rate: 0.0009396582
2025-05-14 15:53:50,249 Train Loss: 0.0028732, Val Loss: 0.0025710
2025-05-14 15:53:50,250 Epoch 80/500
2025-05-14 15:54:35,334 Current Learning Rate: 0.0009381533
2025-05-14 15:54:35,335 Train Loss: 0.0028851, Val Loss: 0.0026419
2025-05-14 15:54:35,335 Epoch 81/500
2025-05-14 15:55:19,921 Current Learning Rate: 0.0009366312
2025-05-14 15:55:19,921 Train Loss: 0.0028578, Val Loss: 0.0026096
2025-05-14 15:55:19,921 Epoch 82/500
2025-05-14 15:56:04,958 Current Learning Rate: 0.0009350919
2025-05-14 15:56:05,314 Train Loss: 0.0028420, Val Loss: 0.0025625
2025-05-14 15:56:05,314 Epoch 83/500
2025-05-14 15:56:50,448 Current Learning Rate: 0.0009335354
2025-05-14 15:56:50,448 Train Loss: 0.0028527, Val Loss: 0.0025810
2025-05-14 15:56:50,449 Epoch 84/500
2025-05-14 15:57:35,339 Current Learning Rate: 0.0009319617
2025-05-14 15:57:35,339 Train Loss: 0.0028646, Val Loss: 0.0026649
2025-05-14 15:57:35,340 Epoch 85/500
2025-05-14 15:58:20,295 Current Learning Rate: 0.0009303710
2025-05-14 15:58:20,508 Train Loss: 0.0028379, Val Loss: 0.0025592
2025-05-14 15:58:20,509 Epoch 86/500
2025-05-14 15:59:05,615 Current Learning Rate: 0.0009287633
2025-05-14 15:59:05,616 Train Loss: 0.0028307, Val Loss: 0.0026036
2025-05-14 15:59:05,616 Epoch 87/500
2025-05-14 15:59:51,242 Current Learning Rate: 0.0009271387
2025-05-14 15:59:51,449 Train Loss: 0.0028092, Val Loss: 0.0025344
2025-05-14 15:59:51,449 Epoch 88/500
2025-05-14 16:00:35,815 Current Learning Rate: 0.0009254972
2025-05-14 16:00:35,816 Train Loss: 0.0028062, Val Loss: 0.0026279
2025-05-14 16:00:35,816 Epoch 89/500
2025-05-14 16:01:20,977 Current Learning Rate: 0.0009238390
2025-05-14 16:01:20,977 Train Loss: 0.0028101, Val Loss: 0.0025703
2025-05-14 16:01:20,978 Epoch 90/500
2025-05-14 16:02:06,098 Current Learning Rate: 0.0009221640
2025-05-14 16:02:06,330 Train Loss: 0.0027876, Val Loss: 0.0025209
2025-05-14 16:02:06,330 Epoch 91/500
2025-05-14 16:02:50,397 Current Learning Rate: 0.0009204723
2025-05-14 16:02:50,397 Train Loss: 0.0028223, Val Loss: 0.0025333
2025-05-14 16:02:50,397 Epoch 92/500
2025-05-14 16:03:34,999 Current Learning Rate: 0.0009187640
2025-05-14 16:03:35,000 Train Loss: 0.0027813, Val Loss: 0.0025553
2025-05-14 16:03:35,000 Epoch 93/500
2025-05-14 16:04:20,005 Current Learning Rate: 0.0009170392
2025-05-14 16:04:20,006 Train Loss: 0.0027996, Val Loss: 0.0025781
2025-05-14 16:04:20,006 Epoch 94/500
2025-05-14 16:05:05,049 Current Learning Rate: 0.0009152979
2025-05-14 16:05:05,049 Train Loss: 0.0027828, Val Loss: 0.0026123
2025-05-14 16:05:05,050 Epoch 95/500
2025-05-14 16:05:49,163 Current Learning Rate: 0.0009135403
2025-05-14 16:05:49,374 Train Loss: 0.0027547, Val Loss: 0.0025039
2025-05-14 16:05:49,375 Epoch 96/500
2025-05-14 16:06:34,465 Current Learning Rate: 0.0009117663
2025-05-14 16:06:34,465 Train Loss: 0.0027569, Val Loss: 0.0025178
2025-05-14 16:06:34,465 Epoch 97/500
2025-05-14 16:07:18,566 Current Learning Rate: 0.0009099761
2025-05-14 16:07:18,566 Train Loss: 0.0027275, Val Loss: 0.0025174
2025-05-14 16:07:18,566 Epoch 98/500
2025-05-14 16:08:04,651 Current Learning Rate: 0.0009081696
2025-05-14 16:08:04,652 Train Loss: 0.0027300, Val Loss: 0.0025307
2025-05-14 16:08:04,652 Epoch 99/500
2025-05-14 16:08:49,086 Current Learning Rate: 0.0009063471
2025-05-14 16:08:49,086 Train Loss: 0.0027054, Val Loss: 0.0025240
2025-05-14 16:08:49,086 Epoch 100/500
2025-05-14 16:09:33,444 Current Learning Rate: 0.0009045085
2025-05-14 16:09:33,631 Saved periodic model at epoch 100 to /jizhicfs/easyluwu/ocean_project/NeurIPS_2025_wuhao/checkpoints/U_net_0512_LiNS2d_epoch_100.pth
2025-05-14 16:09:33,631 Train Loss: 0.0027244, Val Loss: 0.0025353
2025-05-14 16:09:33,631 Epoch 101/500
2025-05-14 16:10:18,533 Current Learning Rate: 0.0009026539
2025-05-14 16:10:18,533 Train Loss: 0.0027108, Val Loss: 0.0025264
2025-05-14 16:10:18,534 Epoch 102/500
2025-05-14 16:11:02,811 Current Learning Rate: 0.0009007835
2025-05-14 16:11:02,812 Train Loss: 0.0027289, Val Loss: 0.0025877
2025-05-14 16:11:02,812 Epoch 103/500
2025-05-14 16:11:47,962 Current Learning Rate: 0.0008988972
2025-05-14 16:11:47,962 Train Loss: 0.0027196, Val Loss: 0.0025305
2025-05-14 16:11:47,962 Epoch 104/500
2025-05-14 16:12:31,826 Current Learning Rate: 0.0008969952
2025-05-14 16:12:32,041 Train Loss: 0.0026973, Val Loss: 0.0025007
2025-05-14 16:12:32,041 Epoch 105/500
2025-05-14 16:13:17,664 Current Learning Rate: 0.0008950775
2025-05-14 16:13:17,664 Train Loss: 0.0027063, Val Loss: 0.0025398
2025-05-14 16:13:17,665 Epoch 106/500
2025-05-14 16:14:02,477 Current Learning Rate: 0.0008931442
2025-05-14 16:14:03,018 Train Loss: 0.0026880, Val Loss: 0.0024804
2025-05-14 16:14:03,018 Epoch 107/500
2025-05-14 16:14:48,752 Current Learning Rate: 0.0008911954
2025-05-14 16:14:48,752 Train Loss: 0.0026562, Val Loss: 0.0025377
2025-05-14 16:14:48,752 Epoch 108/500
2025-05-14 16:15:34,430 Current Learning Rate: 0.0008892312
2025-05-14 16:15:34,431 Train Loss: 0.0026675, Val Loss: 0.0025846
2025-05-14 16:15:34,431 Epoch 109/500
2025-05-14 16:16:18,716 Current Learning Rate: 0.0008872515
2025-05-14 16:16:18,717 Train Loss: 0.0026637, Val Loss: 0.0024953
2025-05-14 16:16:18,717 Epoch 110/500
2025-05-14 16:17:04,030 Current Learning Rate: 0.0008852566
2025-05-14 16:17:04,031 Train Loss: 0.0026419, Val Loss: 0.0025377
2025-05-14 16:17:04,031 Epoch 111/500
2025-05-14 16:17:48,627 Current Learning Rate: 0.0008832465
2025-05-14 16:17:48,627 Train Loss: 0.0026482, Val Loss: 0.0024815
2025-05-14 16:17:48,628 Epoch 112/500
2025-05-14 16:18:33,266 Current Learning Rate: 0.0008812213
2025-05-14 16:18:33,266 Train Loss: 0.0026419, Val Loss: 0.0025294
2025-05-14 16:18:33,266 Epoch 113/500
2025-05-14 16:19:18,421 Current Learning Rate: 0.0008791810
2025-05-14 16:19:18,668 Train Loss: 0.0026268, Val Loss: 0.0024788
2025-05-14 16:19:18,668 Epoch 114/500
2025-05-14 16:20:04,326 Current Learning Rate: 0.0008771257
2025-05-14 16:20:04,327 Train Loss: 0.0026234, Val Loss: 0.0024905
2025-05-14 16:20:04,327 Epoch 115/500
2025-05-14 16:20:48,622 Current Learning Rate: 0.0008750555
2025-05-14 16:20:48,829 Train Loss: 0.0026144, Val Loss: 0.0024077
2025-05-14 16:20:48,829 Epoch 116/500
2025-05-14 16:21:33,857 Current Learning Rate: 0.0008729706
2025-05-14 16:21:33,857 Train Loss: 0.0026210, Val Loss: 0.0024885
2025-05-14 16:21:33,857 Epoch 117/500
2025-05-14 16:22:17,975 Current Learning Rate: 0.0008708709
2025-05-14 16:22:17,976 Train Loss: 0.0026089, Val Loss: 0.0025074
2025-05-14 16:22:17,976 Epoch 118/500
2025-05-14 16:23:02,888 Current Learning Rate: 0.0008687566
2025-05-14 16:23:02,889 Train Loss: 0.0025956, Val Loss: 0.0024917
2025-05-14 16:23:02,890 Epoch 119/500
2025-05-14 16:23:47,979 Current Learning Rate: 0.0008666277
2025-05-14 16:23:47,979 Train Loss: 0.0025925, Val Loss: 0.0025000
2025-05-14 16:23:47,979 Epoch 120/500
2025-05-14 16:24:33,367 Current Learning Rate: 0.0008644843
2025-05-14 16:24:33,367 Train Loss: 0.0025855, Val Loss: 0.0024783
2025-05-14 16:24:33,368 Epoch 121/500
2025-05-14 16:25:18,446 Current Learning Rate: 0.0008623266
2025-05-14 16:25:18,446 Train Loss: 0.0025910, Val Loss: 0.0024623
2025-05-14 16:25:18,446 Epoch 122/500
2025-05-14 16:26:03,588 Current Learning Rate: 0.0008601545
2025-05-14 16:26:03,808 Train Loss: 0.0025848, Val Loss: 0.0024007
2025-05-14 16:26:03,808 Epoch 123/500
2025-05-14 16:26:48,758 Current Learning Rate: 0.0008579682
2025-05-14 16:26:48,758 Train Loss: 0.0025922, Val Loss: 0.0024889
2025-05-14 16:26:48,758 Epoch 124/500
2025-05-14 16:27:34,283 Current Learning Rate: 0.0008557678
2025-05-14 16:27:34,284 Train Loss: 0.0025528, Val Loss: 0.0024497
2025-05-14 16:27:34,284 Epoch 125/500
2025-05-14 16:28:19,189 Current Learning Rate: 0.0008535534
2025-05-14 16:28:19,189 Train Loss: 0.0025693, Val Loss: 0.0024381
2025-05-14 16:28:19,190 Epoch 126/500
2025-05-14 16:29:05,147 Current Learning Rate: 0.0008513250
2025-05-14 16:29:05,148 Train Loss: 0.0025432, Val Loss: 0.0024602
2025-05-14 16:29:05,148 Epoch 127/500
2025-05-14 16:29:50,251 Current Learning Rate: 0.0008490827
2025-05-14 16:29:50,252 Train Loss: 0.0025509, Val Loss: 0.0024080
2025-05-14 16:29:50,252 Epoch 128/500
2025-05-14 16:30:35,509 Current Learning Rate: 0.0008468267
2025-05-14 16:30:35,509 Train Loss: 0.0025535, Val Loss: 0.0024293
2025-05-14 16:30:35,510 Epoch 129/500
2025-05-14 16:31:20,644 Current Learning Rate: 0.0008445569
2025-05-14 16:31:20,644 Train Loss: 0.0025410, Val Loss: 0.0024559
2025-05-14 16:31:20,644 Epoch 130/500
2025-05-14 16:32:04,425 Current Learning Rate: 0.0008422736
2025-05-14 16:32:04,426 Train Loss: 0.0025441, Val Loss: 0.0024437
2025-05-14 16:32:04,426 Epoch 131/500
2025-05-14 16:32:50,065 Current Learning Rate: 0.0008399767
2025-05-14 16:32:50,066 Train Loss: 0.0025299, Val Loss: 0.0024998
2025-05-14 16:32:50,066 Epoch 132/500
2025-05-14 16:33:34,114 Current Learning Rate: 0.0008376664
2025-05-14 16:33:34,115 Train Loss: 0.0025071, Val Loss: 0.0024089
2025-05-14 16:33:34,115 Epoch 133/500
2025-05-14 16:34:19,398 Current Learning Rate: 0.0008353428
2025-05-14 16:34:19,398 Train Loss: 0.0025297, Val Loss: 0.0024157
2025-05-14 16:34:19,398 Epoch 134/500
2025-05-14 16:35:04,255 Current Learning Rate: 0.0008330059
2025-05-14 16:35:04,255 Train Loss: 0.0025307, Val Loss: 0.0024074
2025-05-14 16:35:04,255 Epoch 135/500
2025-05-14 16:35:49,235 Current Learning Rate: 0.0008306559
2025-05-14 16:35:49,235 Train Loss: 0.0025079, Val Loss: 0.0024034
2025-05-14 16:35:49,235 Epoch 136/500
2025-05-14 16:36:33,552 Current Learning Rate: 0.0008282929
2025-05-14 16:36:33,552 Train Loss: 0.0025179, Val Loss: 0.0024951
2025-05-14 16:36:33,552 Epoch 137/500
2025-05-14 16:37:18,701 Current Learning Rate: 0.0008259169
2025-05-14 16:37:18,945 Train Loss: 0.0025043, Val Loss: 0.0023972
2025-05-14 16:37:18,946 Epoch 138/500
2025-05-14 16:38:04,243 Current Learning Rate: 0.0008235280
2025-05-14 16:38:04,244 Train Loss: 0.0025149, Val Loss: 0.0024469
2025-05-14 16:38:04,244 Epoch 139/500
2025-05-14 16:38:49,448 Current Learning Rate: 0.0008211263
2025-05-14 16:38:49,448 Train Loss: 0.0024834, Val Loss: 0.0023995
2025-05-14 16:38:49,448 Epoch 140/500
2025-05-14 16:39:34,532 Current Learning Rate: 0.0008187120
2025-05-14 16:39:34,532 Train Loss: 0.0024974, Val Loss: 0.0024287
2025-05-14 16:39:34,532 Epoch 141/500
2025-05-14 16:40:18,893 Current Learning Rate: 0.0008162851
2025-05-14 16:40:18,894 Train Loss: 0.0024873, Val Loss: 0.0023978
2025-05-14 16:40:18,894 Epoch 142/500
2025-05-14 16:41:04,809 Current Learning Rate: 0.0008138457
2025-05-14 16:41:05,016 Train Loss: 0.0024849, Val Loss: 0.0023868
2025-05-14 16:41:05,016 Epoch 143/500
2025-05-14 16:41:48,800 Current Learning Rate: 0.0008113939
2025-05-14 16:41:49,013 Train Loss: 0.0024749, Val Loss: 0.0023555
2025-05-14 16:41:49,013 Epoch 144/500
2025-05-14 16:42:34,051 Current Learning Rate: 0.0008089298
2025-05-14 16:42:34,052 Train Loss: 0.0024709, Val Loss: 0.0024733
2025-05-14 16:42:34,052 Epoch 145/500
2025-05-14 16:43:19,418 Current Learning Rate: 0.0008064535
2025-05-14 16:43:19,419 Train Loss: 0.0025143, Val Loss: 0.0023916
2025-05-14 16:43:19,419 Epoch 146/500
2025-05-14 16:44:03,977 Current Learning Rate: 0.0008039651
2025-05-14 16:44:03,977 Train Loss: 0.0024519, Val Loss: 0.0024168
2025-05-14 16:44:03,977 Epoch 147/500
2025-05-14 16:44:49,713 Current Learning Rate: 0.0008014648
2025-05-14 16:44:49,714 Train Loss: 0.0024644, Val Loss: 0.0024035
2025-05-14 16:44:49,714 Epoch 148/500
2025-05-14 16:45:35,181 Current Learning Rate: 0.0007989525
2025-05-14 16:45:35,181 Train Loss: 0.0024832, Val Loss: 0.0024323
2025-05-14 16:45:35,181 Epoch 149/500
2025-05-14 16:46:20,488 Current Learning Rate: 0.0007964284
2025-05-14 16:46:20,489 Train Loss: 0.0024410, Val Loss: 0.0023886
2025-05-14 16:46:20,489 Epoch 150/500
2025-05-14 16:47:05,761 Current Learning Rate: 0.0007938926
2025-05-14 16:47:05,962 Saved periodic model at epoch 150 to /jizhicfs/easyluwu/ocean_project/NeurIPS_2025_wuhao/checkpoints/U_net_0512_LiNS2d_epoch_150.pth
2025-05-14 16:47:05,962 Train Loss: 0.0024576, Val Loss: 0.0024205
2025-05-14 16:47:05,963 Epoch 151/500
2025-05-14 16:47:50,760 Current Learning Rate: 0.0007913452
2025-05-14 16:47:50,760 Train Loss: 0.0024537, Val Loss: 0.0023568
2025-05-14 16:47:50,761 Epoch 152/500
2025-05-14 16:48:36,633 Current Learning Rate: 0.0007887864
2025-05-14 16:48:36,633 Train Loss: 0.0024422, Val Loss: 0.0023880
2025-05-14 16:48:36,634 Epoch 153/500
2025-05-14 16:49:23,037 Current Learning Rate: 0.0007862161
2025-05-14 16:49:23,037 Train Loss: 0.0024513, Val Loss: 0.0024530
2025-05-14 16:49:23,037 Epoch 154/500
2025-05-14 16:50:08,938 Current Learning Rate: 0.0007836345
2025-05-14 16:50:08,938 Train Loss: 0.0024237, Val Loss: 0.0024088
2025-05-14 16:50:08,938 Epoch 155/500
2025-05-14 16:50:54,623 Current Learning Rate: 0.0007810417
2025-05-14 16:50:54,623 Train Loss: 0.0024253, Val Loss: 0.0024281
2025-05-14 16:50:54,624 Epoch 156/500
2025-05-14 16:51:39,995 Current Learning Rate: 0.0007784378
2025-05-14 16:51:39,995 Train Loss: 0.0024197, Val Loss: 0.0023604
2025-05-14 16:51:39,996 Epoch 157/500
2025-05-14 16:52:25,908 Current Learning Rate: 0.0007758229
2025-05-14 16:52:25,909 Train Loss: 0.0024213, Val Loss: 0.0023843
2025-05-14 16:52:25,909 Epoch 158/500
2025-05-14 16:53:10,876 Current Learning Rate: 0.0007731972
2025-05-14 16:53:10,877 Train Loss: 0.0024180, Val Loss: 0.0023981
2025-05-14 16:53:10,877 Epoch 159/500
2025-05-14 16:53:57,028 Current Learning Rate: 0.0007705606
2025-05-14 16:53:57,028 Train Loss: 0.0023995, Val Loss: 0.0024281
2025-05-14 16:53:57,028 Epoch 160/500
2025-05-14 16:54:42,486 Current Learning Rate: 0.0007679134
2025-05-14 16:54:42,502 Train Loss: 0.0024029, Val Loss: 0.0024665
2025-05-14 16:54:42,502 Epoch 161/500
2025-05-14 16:55:27,693 Current Learning Rate: 0.0007652556
2025-05-14 16:55:27,694 Train Loss: 0.0024201, Val Loss: 0.0023733
2025-05-14 16:55:27,694 Epoch 162/500
2025-05-14 16:56:13,041 Current Learning Rate: 0.0007625873
2025-05-14 16:56:13,318 Train Loss: 0.0023977, Val Loss: 0.0023535
2025-05-14 16:56:13,319 Epoch 163/500
2025-05-14 16:56:58,280 Current Learning Rate: 0.0007599087
2025-05-14 16:56:58,280 Train Loss: 0.0023922, Val Loss: 0.0023965
2025-05-14 16:56:58,280 Epoch 164/500
2025-05-14 16:57:43,216 Current Learning Rate: 0.0007572198
2025-05-14 16:57:43,216 Train Loss: 0.0023830, Val Loss: 0.0023565
2025-05-14 16:57:43,217 Epoch 165/500
2025-05-14 16:58:26,874 Current Learning Rate: 0.0007545207
2025-05-14 16:58:26,875 Train Loss: 0.0023728, Val Loss: 0.0023622
2025-05-14 16:58:26,875 Epoch 166/500
2025-05-14 16:59:13,076 Current Learning Rate: 0.0007518116
2025-05-14 16:59:13,077 Train Loss: 0.0023890, Val Loss: 0.0024000
2025-05-14 16:59:13,077 Epoch 167/500
2025-05-14 16:59:57,171 Current Learning Rate: 0.0007490926
2025-05-14 16:59:57,395 Train Loss: 0.0023871, Val Loss: 0.0023523
2025-05-14 16:59:57,395 Epoch 168/500
2025-05-14 17:00:42,411 Current Learning Rate: 0.0007463637
2025-05-14 17:00:42,412 Train Loss: 0.0023629, Val Loss: 0.0023847
2025-05-14 17:00:42,412 Epoch 169/500
2025-05-14 17:01:25,947 Current Learning Rate: 0.0007436251
2025-05-14 17:01:25,947 Train Loss: 0.0023701, Val Loss: 0.0024617
2025-05-14 17:01:25,948 Epoch 170/500
2025-05-14 17:02:11,724 Current Learning Rate: 0.0007408768
2025-05-14 17:02:11,724 Train Loss: 0.0023737, Val Loss: 0.0023829
2025-05-14 17:02:11,724 Epoch 171/500
2025-05-14 17:02:56,541 Current Learning Rate: 0.0007381191
2025-05-14 17:02:56,542 Train Loss: 0.0023704, Val Loss: 0.0023841
2025-05-14 17:02:56,542 Epoch 172/500
2025-05-14 17:03:41,292 Current Learning Rate: 0.0007353520
2025-05-14 17:03:41,292 Train Loss: 0.0023698, Val Loss: 0.0023737
2025-05-14 17:03:41,292 Epoch 173/500
2025-05-14 17:04:26,757 Current Learning Rate: 0.0007325755
2025-05-14 17:04:26,758 Train Loss: 0.0023454, Val Loss: 0.0023536
2025-05-14 17:04:26,758 Epoch 174/500
2025-05-14 17:05:12,105 Current Learning Rate: 0.0007297899
2025-05-14 17:05:12,317 Train Loss: 0.0023653, Val Loss: 0.0023405
2025-05-14 17:05:12,317 Epoch 175/500
2025-05-14 17:05:57,631 Current Learning Rate: 0.0007269952
2025-05-14 17:05:57,631 Train Loss: 0.0023522, Val Loss: 0.0023537
2025-05-14 17:05:57,631 Epoch 176/500
2025-05-14 17:06:42,376 Current Learning Rate: 0.0007241916
2025-05-14 17:06:42,376 Train Loss: 0.0023657, Val Loss: 0.0023612
2025-05-14 17:06:42,377 Epoch 177/500
2025-05-14 17:07:27,367 Current Learning Rate: 0.0007213791
2025-05-14 17:07:27,558 Train Loss: 0.0023585, Val Loss: 0.0023398
2025-05-14 17:07:27,559 Epoch 178/500
2025-05-14 17:08:13,163 Current Learning Rate: 0.0007185579
2025-05-14 17:08:13,163 Train Loss: 0.0023426, Val Loss: 0.0023472
2025-05-14 17:08:13,163 Epoch 179/500
2025-05-14 17:08:58,557 Current Learning Rate: 0.0007157280
2025-05-14 17:08:58,777 Train Loss: 0.0023248, Val Loss: 0.0023325
2025-05-14 17:08:58,778 Epoch 180/500
2025-05-14 17:09:43,037 Current Learning Rate: 0.0007128896
2025-05-14 17:09:43,037 Train Loss: 0.0023416, Val Loss: 0.0024769
2025-05-14 17:09:43,037 Epoch 181/500
2025-05-14 17:10:28,573 Current Learning Rate: 0.0007100429
2025-05-14 17:10:28,573 Train Loss: 0.0023345, Val Loss: 0.0024091
2025-05-14 17:10:28,574 Epoch 182/500
2025-05-14 17:11:13,649 Current Learning Rate: 0.0007071878
2025-05-14 17:11:13,649 Train Loss: 0.0023381, Val Loss: 0.0023680
2025-05-14 17:11:13,649 Epoch 183/500
2025-05-14 17:11:59,130 Current Learning Rate: 0.0007043245
2025-05-14 17:11:59,326 Train Loss: 0.0023329, Val Loss: 0.0023305
2025-05-14 17:11:59,326 Epoch 184/500
2025-05-14 17:12:44,616 Current Learning Rate: 0.0007014532
2025-05-14 17:12:44,616 Train Loss: 0.0023269, Val Loss: 0.0023555
2025-05-14 17:12:44,616 Epoch 185/500
2025-05-14 17:13:30,019 Current Learning Rate: 0.0006985739
2025-05-14 17:13:30,020 Train Loss: 0.0023110, Val Loss: 0.0023432
2025-05-14 17:13:30,020 Epoch 186/500
2025-05-14 17:14:14,218 Current Learning Rate: 0.0006956868
2025-05-14 17:14:14,219 Train Loss: 0.0023074, Val Loss: 0.0023449
2025-05-14 17:14:14,219 Epoch 187/500
2025-05-14 17:14:59,632 Current Learning Rate: 0.0006927920
2025-05-14 17:14:59,853 Train Loss: 0.0023038, Val Loss: 0.0023299
2025-05-14 17:14:59,853 Epoch 188/500
2025-05-14 17:15:45,307 Current Learning Rate: 0.0006898895
2025-05-14 17:15:45,516 Train Loss: 0.0023131, Val Loss: 0.0023196
2025-05-14 17:15:45,516 Epoch 189/500
2025-05-14 17:16:31,471 Current Learning Rate: 0.0006869796
2025-05-14 17:16:31,471 Train Loss: 0.0022930, Val Loss: 0.0023780
2025-05-14 17:16:31,471 Epoch 190/500
2025-05-14 17:17:16,339 Current Learning Rate: 0.0006840623
2025-05-14 17:17:16,339 Train Loss: 0.0023147, Val Loss: 0.0024740
2025-05-14 17:17:16,340 Epoch 191/500
2025-05-14 17:18:01,784 Current Learning Rate: 0.0006811377
2025-05-14 17:18:01,784 Train Loss: 0.0022950, Val Loss: 0.0023352
2025-05-14 17:18:01,784 Epoch 192/500
2025-05-14 17:18:46,793 Current Learning Rate: 0.0006782059
2025-05-14 17:18:46,793 Train Loss: 0.0022900, Val Loss: 0.0023499
2025-05-14 17:18:46,793 Epoch 193/500
2025-05-14 17:19:31,386 Current Learning Rate: 0.0006752672
2025-05-14 17:19:31,387 Train Loss: 0.0022952, Val Loss: 0.0023218
2025-05-14 17:19:31,387 Epoch 194/500
2025-05-14 17:20:17,249 Current Learning Rate: 0.0006723215
2025-05-14 17:20:17,249 Train Loss: 0.0022786, Val Loss: 0.0023277
2025-05-14 17:20:17,250 Epoch 195/500
2025-05-14 17:21:02,234 Current Learning Rate: 0.0006693690
2025-05-14 17:21:02,234 Train Loss: 0.0022899, Val Loss: 0.0023675
2025-05-14 17:21:02,234 Epoch 196/500
2025-05-14 17:21:48,315 Current Learning Rate: 0.0006664098
2025-05-14 17:21:48,315 Train Loss: 0.0022724, Val Loss: 0.0023756
2025-05-14 17:21:48,315 Epoch 197/500
2025-05-14 17:22:33,344 Current Learning Rate: 0.0006634440
2025-05-14 17:22:33,532 Train Loss: 0.0022766, Val Loss: 0.0023128
2025-05-14 17:22:33,532 Epoch 198/500
2025-05-14 17:23:19,081 Current Learning Rate: 0.0006604718
2025-05-14 17:23:19,082 Train Loss: 0.0022651, Val Loss: 0.0024215
2025-05-14 17:23:19,082 Epoch 199/500
2025-05-14 17:24:04,039 Current Learning Rate: 0.0006574933
2025-05-14 17:24:04,039 Train Loss: 0.0022794, Val Loss: 0.0023329
2025-05-14 17:24:04,039 Epoch 200/500
2025-05-14 17:24:49,273 Current Learning Rate: 0.0006545085
2025-05-14 17:24:49,509 Saved periodic model at epoch 200 to /jizhicfs/easyluwu/ocean_project/NeurIPS_2025_wuhao/checkpoints/U_net_0512_LiNS2d_epoch_200.pth
2025-05-14 17:24:49,510 Train Loss: 0.0022683, Val Loss: 0.0023292
2025-05-14 17:24:49,510 Epoch 201/500
2025-05-14 17:25:35,171 Current Learning Rate: 0.0006515176
2025-05-14 17:25:35,171 Train Loss: 0.0022688, Val Loss: 0.0023399
2025-05-14 17:25:35,172 Epoch 202/500
2025-05-14 17:26:20,121 Current Learning Rate: 0.0006485208
2025-05-14 17:26:20,121 Train Loss: 0.0022637, Val Loss: 0.0024117
2025-05-14 17:26:20,121 Epoch 203/500
2025-05-14 17:27:05,180 Current Learning Rate: 0.0006455181
2025-05-14 17:27:05,181 Train Loss: 0.0022500, Val Loss: 0.0023245
2025-05-14 17:27:05,181 Epoch 204/500
2025-05-14 17:27:49,922 Current Learning Rate: 0.0006425096
2025-05-14 17:27:49,923 Train Loss: 0.0022668, Val Loss: 0.0023363
2025-05-14 17:27:49,923 Epoch 205/500
2025-05-14 17:28:35,853 Current Learning Rate: 0.0006394956
2025-05-14 17:28:35,854 Train Loss: 0.0022539, Val Loss: 0.0023570
2025-05-14 17:28:35,854 Epoch 206/500
2025-05-14 17:29:19,547 Current Learning Rate: 0.0006364760
2025-05-14 17:29:19,548 Train Loss: 0.0022477, Val Loss: 0.0023435
2025-05-14 17:29:19,548 Epoch 207/500
2025-05-14 17:30:05,765 Current Learning Rate: 0.0006334510
2025-05-14 17:30:05,766 Train Loss: 0.0022449, Val Loss: 0.0023439
2025-05-14 17:30:05,766 Epoch 208/500
2025-05-14 17:30:50,834 Current Learning Rate: 0.0006304208
2025-05-14 17:30:50,835 Train Loss: 0.0022507, Val Loss: 0.0023751
2025-05-14 17:30:50,835 Epoch 209/500
2025-05-14 17:31:36,580 Current Learning Rate: 0.0006273854
2025-05-14 17:31:36,580 Train Loss: 0.0022574, Val Loss: 0.0023538
2025-05-14 17:31:36,580 Epoch 210/500
2025-05-14 17:32:21,807 Current Learning Rate: 0.0006243449
2025-05-14 17:32:22,005 Train Loss: 0.0022393, Val Loss: 0.0023083
2025-05-14 17:32:22,005 Epoch 211/500
2025-05-14 17:33:06,449 Current Learning Rate: 0.0006212996
2025-05-14 17:33:06,450 Train Loss: 0.0022455, Val Loss: 0.0023461
2025-05-14 17:33:06,450 Epoch 212/500
2025-05-14 17:33:52,232 Current Learning Rate: 0.0006182495
2025-05-14 17:33:52,233 Train Loss: 0.0022473, Val Loss: 0.0023395
2025-05-14 17:33:52,233 Epoch 213/500
2025-05-14 17:34:36,826 Current Learning Rate: 0.0006151947
2025-05-14 17:34:36,826 Train Loss: 0.0022448, Val Loss: 0.0023261
2025-05-14 17:34:36,827 Epoch 214/500
2025-05-14 17:35:22,378 Current Learning Rate: 0.0006121354
2025-05-14 17:35:22,379 Train Loss: 0.0022213, Val Loss: 0.0023618
2025-05-14 17:35:22,379 Epoch 215/500
2025-05-14 17:36:06,927 Current Learning Rate: 0.0006090716
2025-05-14 17:36:06,928 Train Loss: 0.0022321, Val Loss: 0.0023574
2025-05-14 17:36:06,928 Epoch 216/500
2025-05-14 17:36:51,601 Current Learning Rate: 0.0006060036
2025-05-14 17:36:51,602 Train Loss: 0.0022254, Val Loss: 0.0023338
2025-05-14 17:36:51,602 Epoch 217/500
2025-05-14 17:37:36,941 Current Learning Rate: 0.0006029313
2025-05-14 17:37:36,941 Train Loss: 0.0022268, Val Loss: 0.0023342
2025-05-14 17:37:36,941 Epoch 218/500
2025-05-14 17:38:21,750 Current Learning Rate: 0.0005998550
2025-05-14 17:38:21,998 Train Loss: 0.0022257, Val Loss: 0.0022952
2025-05-14 17:38:21,999 Epoch 219/500
2025-05-14 17:39:06,521 Current Learning Rate: 0.0005967747
2025-05-14 17:39:06,521 Train Loss: 0.0022101, Val Loss: 0.0023230
2025-05-14 17:39:06,521 Epoch 220/500
2025-05-14 17:39:52,331 Current Learning Rate: 0.0005936907
2025-05-14 17:39:52,331 Train Loss: 0.0022170, Val Loss: 0.0023690
2025-05-14 17:39:52,332 Epoch 221/500
2025-05-14 17:40:37,261 Current Learning Rate: 0.0005906029
2025-05-14 17:40:37,261 Train Loss: 0.0022068, Val Loss: 0.0023330
2025-05-14 17:40:37,261 Epoch 222/500
2025-05-14 17:41:22,601 Current Learning Rate: 0.0005875115
2025-05-14 17:41:22,601 Train Loss: 0.0022180, Val Loss: 0.0023649
2025-05-14 17:41:22,601 Epoch 223/500
2025-05-14 17:42:07,200 Current Learning Rate: 0.0005844167
2025-05-14 17:42:07,200 Train Loss: 0.0022082, Val Loss: 0.0023185
2025-05-14 17:42:07,200 Epoch 224/500
2025-05-14 17:42:53,225 Current Learning Rate: 0.0005813186
2025-05-14 17:42:53,225 Train Loss: 0.0021986, Val Loss: 0.0023303
2025-05-14 17:42:53,226 Epoch 225/500
2025-05-14 17:43:38,163 Current Learning Rate: 0.0005782172
2025-05-14 17:43:38,164 Train Loss: 0.0021857, Val Loss: 0.0023000
2025-05-14 17:43:38,164 Epoch 226/500
2025-05-14 17:44:23,329 Current Learning Rate: 0.0005751128
2025-05-14 17:44:23,330 Train Loss: 0.0021928, Val Loss: 0.0023421
2025-05-14 17:44:23,330 Epoch 227/500
2025-05-14 17:45:08,085 Current Learning Rate: 0.0005720054
2025-05-14 17:45:08,085 Train Loss: 0.0022000, Val Loss: 0.0023293
2025-05-14 17:45:08,086 Epoch 228/500
2025-05-14 17:45:53,158 Current Learning Rate: 0.0005688951
2025-05-14 17:45:53,158 Train Loss: 0.0022092, Val Loss: 0.0023135
2025-05-14 17:45:53,158 Epoch 229/500
2025-05-14 17:46:37,630 Current Learning Rate: 0.0005657822
2025-05-14 17:46:37,631 Train Loss: 0.0022006, Val Loss: 0.0023896
2025-05-14 17:46:37,631 Epoch 230/500
2025-05-14 17:47:22,619 Current Learning Rate: 0.0005626666
2025-05-14 17:47:22,845 Train Loss: 0.0021791, Val Loss: 0.0022924
2025-05-14 17:47:22,845 Epoch 231/500
2025-05-14 17:48:08,249 Current Learning Rate: 0.0005595486
2025-05-14 17:48:08,249 Train Loss: 0.0021822, Val Loss: 0.0023118
2025-05-14 17:48:08,249 Epoch 232/500
2025-05-14 17:48:53,483 Current Learning Rate: 0.0005564282
2025-05-14 17:48:53,484 Train Loss: 0.0021905, Val Loss: 0.0023456
2025-05-14 17:48:53,484 Epoch 233/500
2025-05-14 17:49:39,807 Current Learning Rate: 0.0005533056
2025-05-14 17:49:39,807 Train Loss: 0.0021887, Val Loss: 0.0023363
2025-05-14 17:49:39,808 Epoch 234/500
2025-05-14 17:50:24,270 Current Learning Rate: 0.0005501809
2025-05-14 17:50:24,270 Train Loss: 0.0021768, Val Loss: 0.0023192
2025-05-14 17:50:24,270 Epoch 235/500
2025-05-14 17:51:09,980 Current Learning Rate: 0.0005470542
2025-05-14 17:51:10,197 Train Loss: 0.0021806, Val Loss: 0.0022881
2025-05-14 17:51:10,198 Epoch 236/500
2025-05-14 17:51:54,396 Current Learning Rate: 0.0005439256
2025-05-14 17:51:54,396 Train Loss: 0.0021655, Val Loss: 0.0023279
2025-05-14 17:51:54,396 Epoch 237/500
2025-05-14 17:52:40,302 Current Learning Rate: 0.0005407953
2025-05-14 17:52:40,302 Train Loss: 0.0021779, Val Loss: 0.0023465
2025-05-14 17:52:40,302 Epoch 238/500
2025-05-14 17:53:25,713 Current Learning Rate: 0.0005376634
2025-05-14 17:53:25,714 Train Loss: 0.0021689, Val Loss: 0.0023189
2025-05-14 17:53:25,714 Epoch 239/500
2025-05-14 17:54:10,389 Current Learning Rate: 0.0005345300
2025-05-14 17:54:10,389 Train Loss: 0.0021561, Val Loss: 0.0023245
2025-05-14 17:54:10,390 Epoch 240/500
2025-05-14 17:54:56,672 Current Learning Rate: 0.0005313953
2025-05-14 17:54:56,672 Train Loss: 0.0021791, Val Loss: 0.0023380
2025-05-14 17:54:56,673 Epoch 241/500
2025-05-14 17:55:41,541 Current Learning Rate: 0.0005282593
2025-05-14 17:55:41,541 Train Loss: 0.0021637, Val Loss: 0.0023046
2025-05-14 17:55:41,541 Epoch 242/500
2025-05-14 17:56:27,276 Current Learning Rate: 0.0005251222
2025-05-14 17:56:27,276 Train Loss: 0.0021640, Val Loss: 0.0023165
2025-05-14 17:56:27,276 Epoch 243/500
2025-05-14 17:57:11,878 Current Learning Rate: 0.0005219841
2025-05-14 17:57:11,878 Train Loss: 0.0021491, Val Loss: 0.0022909
2025-05-14 17:57:11,878 Epoch 244/500
2025-05-14 17:57:57,012 Current Learning Rate: 0.0005188451
2025-05-14 17:57:57,012 Train Loss: 0.0021437, Val Loss: 0.0023258
2025-05-14 17:57:57,013 Epoch 245/500
2025-05-14 17:58:42,190 Current Learning Rate: 0.0005157054
2025-05-14 17:58:42,191 Train Loss: 0.0021534, Val Loss: 0.0023249
2025-05-14 17:58:42,191 Epoch 246/500
2025-05-14 17:59:28,219 Current Learning Rate: 0.0005125650
2025-05-14 17:59:28,220 Train Loss: 0.0021478, Val Loss: 0.0023163
2025-05-14 17:59:28,220 Epoch 247/500
2025-05-14 18:00:13,263 Current Learning Rate: 0.0005094242
2025-05-14 18:00:13,263 Train Loss: 0.0021374, Val Loss: 0.0022949
2025-05-14 18:00:13,263 Epoch 248/500
2025-05-14 18:00:59,250 Current Learning Rate: 0.0005062830
2025-05-14 18:00:59,250 Train Loss: 0.0021395, Val Loss: 0.0023226
2025-05-14 18:00:59,251 Epoch 249/500
2025-05-14 18:01:44,614 Current Learning Rate: 0.0005031416
2025-05-14 18:01:44,615 Train Loss: 0.0021434, Val Loss: 0.0022994
2025-05-14 18:01:44,615 Epoch 250/500
2025-05-14 18:02:29,308 Current Learning Rate: 0.0005000000
2025-05-14 18:02:29,502 Saved periodic model at epoch 250 to /jizhicfs/easyluwu/ocean_project/NeurIPS_2025_wuhao/checkpoints/U_net_0512_LiNS2d_epoch_250.pth
2025-05-14 18:02:29,502 Train Loss: 0.0021402, Val Loss: 0.0023420
2025-05-14 18:02:29,503 Epoch 251/500
2025-05-14 18:03:14,442 Current Learning Rate: 0.0004968584
2025-05-14 18:03:14,442 Train Loss: 0.0021553, Val Loss: 0.0023099
2025-05-14 18:03:14,443 Epoch 252/500
2025-05-14 18:03:59,804 Current Learning Rate: 0.0004937170
2025-05-14 18:03:59,804 Train Loss: 0.0021394, Val Loss: 0.0023389
2025-05-14 18:03:59,805 Epoch 253/500
2025-05-14 18:04:45,519 Current Learning Rate: 0.0004905758
2025-05-14 18:04:45,519 Train Loss: 0.0021455, Val Loss: 0.0022939
2025-05-14 18:04:45,519 Epoch 254/500
2025-05-14 18:05:31,057 Current Learning Rate: 0.0004874350
2025-05-14 18:05:31,321 Train Loss: 0.0021504, Val Loss: 0.0022785
2025-05-14 18:05:31,321 Epoch 255/500
2025-05-14 18:06:15,974 Current Learning Rate: 0.0004842946
2025-05-14 18:06:15,974 Train Loss: 0.0021310, Val Loss: 0.0022842
2025-05-14 18:06:15,974 Epoch 256/500
2025-05-14 18:07:02,095 Current Learning Rate: 0.0004811549
2025-05-14 18:07:02,095 Train Loss: 0.0021193, Val Loss: 0.0023193
2025-05-14 18:07:02,095 Epoch 257/500
2025-05-14 18:07:47,762 Current Learning Rate: 0.0004780159
2025-05-14 18:07:47,762 Train Loss: 0.0021276, Val Loss: 0.0023252
2025-05-14 18:07:47,763 Epoch 258/500
2025-05-14 18:08:32,464 Current Learning Rate: 0.0004748778
2025-05-14 18:08:32,464 Train Loss: 0.0021150, Val Loss: 0.0022830
2025-05-14 18:08:32,465 Epoch 259/500
2025-05-14 18:09:18,677 Current Learning Rate: 0.0004717407
2025-05-14 18:09:18,678 Train Loss: 0.0021330, Val Loss: 0.0023271
2025-05-14 18:09:18,678 Epoch 260/500
2025-05-14 18:10:03,146 Current Learning Rate: 0.0004686047
2025-05-14 18:10:03,146 Train Loss: 0.0021159, Val Loss: 0.0023217
2025-05-14 18:10:03,147 Epoch 261/500
2025-05-14 18:10:50,157 Current Learning Rate: 0.0004654700
2025-05-14 18:10:50,158 Train Loss: 0.0021160, Val Loss: 0.0023108
2025-05-14 18:10:50,158 Epoch 262/500
2025-05-14 18:11:34,497 Current Learning Rate: 0.0004623366
2025-05-14 18:11:34,498 Train Loss: 0.0021183, Val Loss: 0.0023256
2025-05-14 18:11:34,498 Epoch 263/500
2025-05-14 18:12:19,154 Current Learning Rate: 0.0004592047
2025-05-14 18:12:19,155 Train Loss: 0.0021149, Val Loss: 0.0022966
2025-05-14 18:12:19,155 Epoch 264/500
2025-05-14 18:13:04,890 Current Learning Rate: 0.0004560744
2025-05-14 18:13:05,088 Train Loss: 0.0021046, Val Loss: 0.0022765
2025-05-14 18:13:05,089 Epoch 265/500
2025-05-14 18:13:48,322 Current Learning Rate: 0.0004529458
2025-05-14 18:13:48,322 Train Loss: 0.0020991, Val Loss: 0.0023203
2025-05-14 18:13:48,323 Epoch 266/500
2025-05-14 18:14:33,991 Current Learning Rate: 0.0004498191
2025-05-14 18:14:33,991 Train Loss: 0.0021087, Val Loss: 0.0022840
2025-05-14 18:14:33,991 Epoch 267/500
2025-05-14 18:15:18,586 Current Learning Rate: 0.0004466944
2025-05-14 18:15:18,587 Train Loss: 0.0021167, Val Loss: 0.0023068
2025-05-14 18:15:18,587 Epoch 268/500
2025-05-14 18:16:04,268 Current Learning Rate: 0.0004435718
2025-05-14 18:16:04,268 Train Loss: 0.0020940, Val Loss: 0.0023157
2025-05-14 18:16:04,268 Epoch 269/500
2025-05-14 18:16:48,975 Current Learning Rate: 0.0004404514
2025-05-14 18:16:48,975 Train Loss: 0.0021007, Val Loss: 0.0022973
2025-05-14 18:16:48,975 Epoch 270/500
2025-05-14 18:17:34,895 Current Learning Rate: 0.0004373334
2025-05-14 18:17:34,896 Train Loss: 0.0021118, Val Loss: 0.0023267
2025-05-14 18:17:34,896 Epoch 271/500
2025-05-14 18:18:19,380 Current Learning Rate: 0.0004342178
2025-05-14 18:18:19,380 Train Loss: 0.0021064, Val Loss: 0.0022914
2025-05-14 18:18:19,380 Epoch 272/500
2025-05-14 18:19:04,938 Current Learning Rate: 0.0004311049
2025-05-14 18:19:04,939 Train Loss: 0.0020861, Val Loss: 0.0022972
2025-05-14 18:19:04,939 Epoch 273/500
2025-05-14 18:19:50,393 Current Learning Rate: 0.0004279946
2025-05-14 18:19:50,394 Train Loss: 0.0021005, Val Loss: 0.0023129
2025-05-14 18:19:50,394 Epoch 274/500
2025-05-14 18:20:36,691 Current Learning Rate: 0.0004248872
2025-05-14 18:20:36,692 Train Loss: 0.0020865, Val Loss: 0.0023103
2025-05-14 18:20:36,692 Epoch 275/500
2025-05-14 18:21:21,970 Current Learning Rate: 0.0004217828
2025-05-14 18:21:21,970 Train Loss: 0.0020878, Val Loss: 0.0023678
2025-05-14 18:21:21,971 Epoch 276/500
2025-05-14 18:22:06,370 Current Learning Rate: 0.0004186814
2025-05-14 18:22:06,370 Train Loss: 0.0020896, Val Loss: 0.0022805
2025-05-14 18:22:06,370 Epoch 277/500
2025-05-14 18:22:52,341 Current Learning Rate: 0.0004155833
2025-05-14 18:22:52,341 Train Loss: 0.0020997, Val Loss: 0.0023090
2025-05-14 18:22:52,341 Epoch 278/500
2025-05-14 18:23:36,514 Current Learning Rate: 0.0004124885
2025-05-14 18:23:36,514 Train Loss: 0.0020834, Val Loss: 0.0022875
2025-05-14 18:23:36,514 Epoch 279/500
2025-05-14 18:24:22,374 Current Learning Rate: 0.0004093971
2025-05-14 18:24:22,558 Train Loss: 0.0020873, Val Loss: 0.0022723
2025-05-14 18:24:22,558 Epoch 280/500
2025-05-14 18:25:07,913 Current Learning Rate: 0.0004063093
2025-05-14 18:25:07,913 Train Loss: 0.0020813, Val Loss: 0.0023215
2025-05-14 18:25:07,914 Epoch 281/500
2025-05-14 18:25:53,259 Current Learning Rate: 0.0004032253
2025-05-14 18:25:53,473 Train Loss: 0.0020674, Val Loss: 0.0022709
2025-05-14 18:25:53,473 Epoch 282/500
2025-05-14 18:26:38,584 Current Learning Rate: 0.0004001450
2025-05-14 18:26:38,584 Train Loss: 0.0020663, Val Loss: 0.0023262
2025-05-14 18:26:38,584 Epoch 283/500
2025-05-14 18:27:23,885 Current Learning Rate: 0.0003970687
2025-05-14 18:27:23,886 Train Loss: 0.0020725, Val Loss: 0.0023078
2025-05-14 18:27:23,886 Epoch 284/500
2025-05-14 18:28:08,677 Current Learning Rate: 0.0003939964
2025-05-14 18:28:08,677 Train Loss: 0.0020715, Val Loss: 0.0023236
2025-05-14 18:28:08,677 Epoch 285/500
2025-05-14 18:28:53,311 Current Learning Rate: 0.0003909284
2025-05-14 18:28:53,311 Train Loss: 0.0020588, Val Loss: 0.0022983
2025-05-14 18:28:53,311 Epoch 286/500
2025-05-14 18:29:37,811 Current Learning Rate: 0.0003878646
2025-05-14 18:29:37,811 Train Loss: 0.0020779, Val Loss: 0.0023026
2025-05-14 18:29:37,812 Epoch 287/500
2025-05-14 18:30:23,969 Current Learning Rate: 0.0003848053
2025-05-14 18:30:23,970 Train Loss: 0.0020641, Val Loss: 0.0022779
2025-05-14 18:30:23,970 Epoch 288/500
2025-05-14 18:31:09,309 Current Learning Rate: 0.0003817505
2025-05-14 18:31:09,310 Train Loss: 0.0020593, Val Loss: 0.0023400
2025-05-14 18:31:09,310 Epoch 289/500
2025-05-14 18:31:53,688 Current Learning Rate: 0.0003787004
2025-05-14 18:31:53,688 Train Loss: 0.0020559, Val Loss: 0.0023065
2025-05-14 18:31:53,688 Epoch 290/500
2025-05-14 18:32:39,197 Current Learning Rate: 0.0003756551
2025-05-14 18:32:39,197 Train Loss: 0.0020447, Val Loss: 0.0022756
2025-05-14 18:32:39,198 Epoch 291/500
2025-05-14 18:33:24,139 Current Learning Rate: 0.0003726146
2025-05-14 18:33:24,139 Train Loss: 0.0020540, Val Loss: 0.0022921
2025-05-14 18:33:24,139 Epoch 292/500
2025-05-14 18:34:09,225 Current Learning Rate: 0.0003695792
2025-05-14 18:34:09,225 Train Loss: 0.0020513, Val Loss: 0.0022965
2025-05-14 18:34:09,226 Epoch 293/500
2025-05-14 18:34:54,996 Current Learning Rate: 0.0003665490
2025-05-14 18:34:54,996 Train Loss: 0.0020495, Val Loss: 0.0022855
2025-05-14 18:34:54,996 Epoch 294/500
2025-05-14 18:35:40,619 Current Learning Rate: 0.0003635240
2025-05-14 18:35:40,619 Train Loss: 0.0020509, Val Loss: 0.0022906
2025-05-14 18:35:40,620 Epoch 295/500
2025-05-14 18:36:25,698 Current Learning Rate: 0.0003605044
2025-05-14 18:36:25,699 Train Loss: 0.0020496, Val Loss: 0.0022842
2025-05-14 18:36:25,699 Epoch 296/500
2025-05-14 18:37:12,205 Current Learning Rate: 0.0003574904
2025-05-14 18:37:12,206 Train Loss: 0.0020476, Val Loss: 0.0022916
2025-05-14 18:37:12,206 Epoch 297/500
2025-05-14 18:37:57,211 Current Learning Rate: 0.0003544819
2025-05-14 18:37:57,211 Train Loss: 0.0020458, Val Loss: 0.0023142
2025-05-14 18:37:57,212 Epoch 298/500
2025-05-14 18:38:43,456 Current Learning Rate: 0.0003514792
2025-05-14 18:38:43,456 Train Loss: 0.0020601, Val Loss: 0.0022956
2025-05-14 18:38:43,457 Epoch 299/500
2025-05-14 18:39:27,617 Current Learning Rate: 0.0003484824
2025-05-14 18:39:27,618 Train Loss: 0.0020446, Val Loss: 0.0022824
2025-05-14 18:39:27,618 Epoch 300/500
2025-05-14 18:40:13,598 Current Learning Rate: 0.0003454915
2025-05-14 18:40:13,817 Saved periodic model at epoch 300 to /jizhicfs/easyluwu/ocean_project/NeurIPS_2025_wuhao/checkpoints/U_net_0512_LiNS2d_epoch_300.pth
2025-05-14 18:40:13,817 Train Loss: 0.0020384, Val Loss: 0.0022726
2025-05-14 18:40:13,817 Epoch 301/500
2025-05-14 18:40:58,869 Current Learning Rate: 0.0003425067
2025-05-14 18:40:58,869 Train Loss: 0.0020353, Val Loss: 0.0022876
2025-05-14 18:40:58,869 Epoch 302/500
2025-05-14 18:41:43,678 Current Learning Rate: 0.0003395282
2025-05-14 18:41:43,883 Train Loss: 0.0020385, Val Loss: 0.0022640
2025-05-14 18:41:43,883 Epoch 303/500
2025-05-14 18:42:30,282 Current Learning Rate: 0.0003365560
2025-05-14 18:42:30,283 Train Loss: 0.0020347, Val Loss: 0.0022653
2025-05-14 18:42:30,283 Epoch 304/500
2025-05-14 18:43:14,699 Current Learning Rate: 0.0003335902
2025-05-14 18:43:14,699 Train Loss: 0.0020331, Val Loss: 0.0022854
2025-05-14 18:43:14,699 Epoch 305/500
2025-05-14 18:44:00,179 Current Learning Rate: 0.0003306310
2025-05-14 18:44:00,410 Train Loss: 0.0020317, Val Loss: 0.0022553
2025-05-14 18:44:00,410 Epoch 306/500
2025-05-14 18:44:45,423 Current Learning Rate: 0.0003276785
2025-05-14 18:44:45,423 Train Loss: 0.0020278, Val Loss: 0.0022742
2025-05-14 18:44:45,423 Epoch 307/500
2025-05-14 18:45:30,052 Current Learning Rate: 0.0003247328
2025-05-14 18:45:30,052 Train Loss: 0.0020224, Val Loss: 0.0022742
2025-05-14 18:45:30,053 Epoch 308/500
2025-05-14 18:46:15,026 Current Learning Rate: 0.0003217941
2025-05-14 18:46:15,027 Train Loss: 0.0020306, Val Loss: 0.0022882
2025-05-14 18:46:15,028 Epoch 309/500
2025-05-14 18:47:01,056 Current Learning Rate: 0.0003188623
2025-05-14 18:47:01,057 Train Loss: 0.0020283, Val Loss: 0.0022727
2025-05-14 18:47:01,058 Epoch 310/500
2025-05-14 18:47:45,971 Current Learning Rate: 0.0003159377
2025-05-14 18:47:45,972 Train Loss: 0.0020251, Val Loss: 0.0022675
2025-05-14 18:47:45,972 Epoch 311/500
2025-05-14 18:48:30,953 Current Learning Rate: 0.0003130204
2025-05-14 18:48:30,953 Train Loss: 0.0020185, Val Loss: 0.0022743
2025-05-14 18:48:30,954 Epoch 312/500
2025-05-14 18:49:15,878 Current Learning Rate: 0.0003101105
2025-05-14 18:49:15,880 Train Loss: 0.0020235, Val Loss: 0.0023207
2025-05-14 18:49:15,880 Epoch 313/500
2025-05-14 18:50:01,065 Current Learning Rate: 0.0003072080
2025-05-14 18:50:01,066 Train Loss: 0.0020177, Val Loss: 0.0022816
2025-05-14 18:50:01,066 Epoch 314/500
2025-05-14 18:50:47,210 Current Learning Rate: 0.0003043132
2025-05-14 18:50:47,210 Train Loss: 0.0020112, Val Loss: 0.0022822
2025-05-14 18:50:47,210 Epoch 315/500
2025-05-14 18:51:31,804 Current Learning Rate: 0.0003014261
2025-05-14 18:51:31,804 Train Loss: 0.0020205, Val Loss: 0.0023024
2025-05-14 18:51:31,804 Epoch 316/500
2025-05-14 18:52:17,324 Current Learning Rate: 0.0002985468
2025-05-14 18:52:17,325 Train Loss: 0.0020175, Val Loss: 0.0023113
2025-05-14 18:52:17,325 Epoch 317/500
2025-05-14 18:53:01,960 Current Learning Rate: 0.0002956755
2025-05-14 18:53:01,960 Train Loss: 0.0020107, Val Loss: 0.0022705
2025-05-14 18:53:01,960 Epoch 318/500
2025-05-14 18:53:47,345 Current Learning Rate: 0.0002928122
2025-05-14 18:53:47,345 Train Loss: 0.0020036, Val Loss: 0.0022649
2025-05-14 18:53:47,346 Epoch 319/500
2025-05-14 18:54:33,098 Current Learning Rate: 0.0002899571
2025-05-14 18:54:33,098 Train Loss: 0.0020021, Val Loss: 0.0022727
2025-05-14 18:54:33,098 Epoch 320/500
2025-05-14 18:55:18,489 Current Learning Rate: 0.0002871104
2025-05-14 18:55:18,489 Train Loss: 0.0020046, Val Loss: 0.0022718
2025-05-14 18:55:18,490 Epoch 321/500
2025-05-14 18:56:03,731 Current Learning Rate: 0.0002842720
2025-05-14 18:56:03,731 Train Loss: 0.0020081, Val Loss: 0.0023008
2025-05-14 18:56:03,731 Epoch 322/500
2025-05-14 18:56:49,732 Current Learning Rate: 0.0002814421
2025-05-14 18:56:49,732 Train Loss: 0.0020093, Val Loss: 0.0022770
2025-05-14 18:56:49,733 Epoch 323/500
2025-05-14 18:57:34,402 Current Learning Rate: 0.0002786209
2025-05-14 18:57:34,402 Train Loss: 0.0020031, Val Loss: 0.0022761
2025-05-14 18:57:34,402 Epoch 324/500
2025-05-14 18:58:19,883 Current Learning Rate: 0.0002758084
2025-05-14 18:58:19,884 Train Loss: 0.0020168, Val Loss: 0.0023074
2025-05-14 18:58:19,884 Epoch 325/500
2025-05-14 18:59:04,050 Current Learning Rate: 0.0002730048
2025-05-14 18:59:04,050 Train Loss: 0.0020026, Val Loss: 0.0022793
2025-05-14 18:59:04,050 Epoch 326/500
2025-05-14 18:59:49,166 Current Learning Rate: 0.0002702101
2025-05-14 18:59:49,436 Train Loss: 0.0020036, Val Loss: 0.0022529
2025-05-14 18:59:49,436 Epoch 327/500
2025-05-14 19:00:34,218 Current Learning Rate: 0.0002674245
2025-05-14 19:00:34,218 Train Loss: 0.0019963, Val Loss: 0.0022625
2025-05-14 19:00:34,218 Epoch 328/500
2025-05-14 19:01:19,529 Current Learning Rate: 0.0002646480
2025-05-14 19:01:19,530 Train Loss: 0.0019920, Val Loss: 0.0022844
2025-05-14 19:01:19,530 Epoch 329/500
2025-05-14 19:02:05,566 Current Learning Rate: 0.0002618809
2025-05-14 19:02:05,567 Train Loss: 0.0020000, Val Loss: 0.0022712
2025-05-14 19:02:05,567 Epoch 330/500
2025-05-14 19:02:49,524 Current Learning Rate: 0.0002591232
2025-05-14 19:02:49,525 Train Loss: 0.0019876, Val Loss: 0.0022694
2025-05-14 19:02:49,525 Epoch 331/500
2025-05-14 19:03:35,600 Current Learning Rate: 0.0002563749
2025-05-14 19:03:35,600 Train Loss: 0.0019880, Val Loss: 0.0022663
2025-05-14 19:03:35,600 Epoch 332/500
2025-05-14 19:04:20,277 Current Learning Rate: 0.0002536363
2025-05-14 19:04:20,277 Train Loss: 0.0019918, Val Loss: 0.0023089
2025-05-14 19:04:20,277 Epoch 333/500
2025-05-14 19:05:05,842 Current Learning Rate: 0.0002509074
2025-05-14 19:05:05,842 Train Loss: 0.0019845, Val Loss: 0.0023240
2025-05-14 19:05:05,842 Epoch 334/500
2025-05-14 19:05:50,427 Current Learning Rate: 0.0002481884
2025-05-14 19:05:50,428 Train Loss: 0.0019829, Val Loss: 0.0022794
2025-05-14 19:05:50,428 Epoch 335/500
2025-05-14 19:06:36,134 Current Learning Rate: 0.0002454793
2025-05-14 19:06:36,134 Train Loss: 0.0019831, Val Loss: 0.0022864
2025-05-14 19:06:36,134 Epoch 336/500
2025-05-14 19:07:21,613 Current Learning Rate: 0.0002427802
2025-05-14 19:07:21,613 Train Loss: 0.0019825, Val Loss: 0.0022732
2025-05-14 19:07:21,614 Epoch 337/500
2025-05-14 19:08:07,219 Current Learning Rate: 0.0002400913
2025-05-14 19:08:07,220 Train Loss: 0.0019856, Val Loss: 0.0022833
2025-05-14 19:08:07,220 Epoch 338/500
2025-05-14 19:08:51,736 Current Learning Rate: 0.0002374127
2025-05-14 19:08:51,736 Train Loss: 0.0019809, Val Loss: 0.0022644
2025-05-14 19:08:51,736 Epoch 339/500
2025-05-14 19:09:36,690 Current Learning Rate: 0.0002347444
2025-05-14 19:09:36,903 Train Loss: 0.0019812, Val Loss: 0.0022494
2025-05-14 19:09:36,903 Epoch 340/500
2025-05-14 19:10:22,600 Current Learning Rate: 0.0002320866
2025-05-14 19:10:22,600 Train Loss: 0.0019710, Val Loss: 0.0022773
2025-05-14 19:10:22,600 Epoch 341/500
2025-05-14 19:11:07,796 Current Learning Rate: 0.0002294394
2025-05-14 19:11:07,797 Train Loss: 0.0019798, Val Loss: 0.0023036
2025-05-14 19:11:07,797 Epoch 342/500
2025-05-14 19:11:53,962 Current Learning Rate: 0.0002268028
2025-05-14 19:11:53,963 Train Loss: 0.0019696, Val Loss: 0.0022714
2025-05-14 19:11:53,963 Epoch 343/500
2025-05-14 19:12:39,187 Current Learning Rate: 0.0002241771
2025-05-14 19:12:39,187 Train Loss: 0.0019673, Val Loss: 0.0022694
2025-05-14 19:12:39,187 Epoch 344/500
2025-05-14 19:13:24,407 Current Learning Rate: 0.0002215622
2025-05-14 19:13:24,408 Train Loss: 0.0019847, Val Loss: 0.0022662
2025-05-14 19:13:24,408 Epoch 345/500
2025-05-14 19:14:09,874 Current Learning Rate: 0.0002189583
2025-05-14 19:14:09,874 Train Loss: 0.0019749, Val Loss: 0.0022582
2025-05-14 19:14:09,874 Epoch 346/500
2025-05-14 19:14:54,515 Current Learning Rate: 0.0002163655
2025-05-14 19:14:54,516 Train Loss: 0.0019809, Val Loss: 0.0022786
2025-05-14 19:14:54,516 Epoch 347/500
2025-05-14 19:15:40,272 Current Learning Rate: 0.0002137839
2025-05-14 19:15:40,272 Train Loss: 0.0019689, Val Loss: 0.0022590
2025-05-14 19:15:40,272 Epoch 348/500
2025-05-14 19:16:24,809 Current Learning Rate: 0.0002112136
2025-05-14 19:16:24,810 Train Loss: 0.0019652, Val Loss: 0.0022660
2025-05-14 19:16:24,810 Epoch 349/500
2025-05-14 19:17:08,163 Current Learning Rate: 0.0002086548
2025-05-14 19:17:08,164 Train Loss: 0.0019613, Val Loss: 0.0022656
2025-05-14 19:17:08,164 Epoch 350/500
2025-05-14 19:17:54,304 Current Learning Rate: 0.0002061074
2025-05-14 19:17:54,509 Saved periodic model at epoch 350 to /jizhicfs/easyluwu/ocean_project/NeurIPS_2025_wuhao/checkpoints/U_net_0512_LiNS2d_epoch_350.pth
2025-05-14 19:17:54,509 Train Loss: 0.0019626, Val Loss: 0.0022520
2025-05-14 19:17:54,509 Epoch 351/500
2025-05-14 19:18:38,421 Current Learning Rate: 0.0002035716
2025-05-14 19:18:38,421 Train Loss: 0.0019639, Val Loss: 0.0022589
2025-05-14 19:18:38,421 Epoch 352/500
2025-05-14 19:19:23,834 Current Learning Rate: 0.0002010475
2025-05-14 19:19:23,834 Train Loss: 0.0019617, Val Loss: 0.0022706
2025-05-14 19:19:23,834 Epoch 353/500
2025-05-14 19:20:09,584 Current Learning Rate: 0.0001985352
2025-05-14 19:20:09,584 Train Loss: 0.0019655, Val Loss: 0.0022550
2025-05-14 19:20:09,585 Epoch 354/500
2025-05-14 19:20:55,308 Current Learning Rate: 0.0001960349
2025-05-14 19:20:55,309 Train Loss: 0.0019604, Val Loss: 0.0022763
2025-05-14 19:20:55,309 Epoch 355/500
2025-05-14 19:21:40,748 Current Learning Rate: 0.0001935465
2025-05-14 19:21:40,749 Train Loss: 0.0019606, Val Loss: 0.0022685
2025-05-14 19:21:40,749 Epoch 356/500
2025-05-14 19:22:25,486 Current Learning Rate: 0.0001910702
2025-05-14 19:22:25,487 Train Loss: 0.0019555, Val Loss: 0.0022508
2025-05-14 19:22:25,487 Epoch 357/500
2025-05-14 19:23:11,766 Current Learning Rate: 0.0001886061
2025-05-14 19:23:11,767 Train Loss: 0.0019504, Val Loss: 0.0022829
2025-05-14 19:23:11,767 Epoch 358/500
2025-05-14 19:23:56,278 Current Learning Rate: 0.0001861543
2025-05-14 19:23:56,279 Train Loss: 0.0019570, Val Loss: 0.0022638
2025-05-14 19:23:56,279 Epoch 359/500
2025-05-14 19:24:42,039 Current Learning Rate: 0.0001837149
2025-05-14 19:24:42,039 Train Loss: 0.0019611, Val Loss: 0.0022767
2025-05-14 19:24:42,040 Epoch 360/500
2025-05-14 19:25:26,568 Current Learning Rate: 0.0001812880
2025-05-14 19:25:26,568 Train Loss: 0.0019471, Val Loss: 0.0022549
2025-05-14 19:25:26,568 Epoch 361/500
2025-05-14 19:26:12,342 Current Learning Rate: 0.0001788737
2025-05-14 19:26:12,343 Train Loss: 0.0019480, Val Loss: 0.0022572
2025-05-14 19:26:12,343 Epoch 362/500
2025-05-14 19:26:55,851 Current Learning Rate: 0.0001764720
2025-05-14 19:26:55,851 Train Loss: 0.0019538, Val Loss: 0.0022919
2025-05-14 19:26:55,851 Epoch 363/500
2025-05-14 19:27:41,316 Current Learning Rate: 0.0001740831
2025-05-14 19:27:41,316 Train Loss: 0.0019452, Val Loss: 0.0022713
2025-05-14 19:27:41,317 Epoch 364/500
2025-05-14 19:28:26,571 Current Learning Rate: 0.0001717071
2025-05-14 19:28:26,571 Train Loss: 0.0019492, Val Loss: 0.0022538
2025-05-14 19:28:26,571 Epoch 365/500
2025-05-14 19:29:11,724 Current Learning Rate: 0.0001693441
2025-05-14 19:29:11,724 Train Loss: 0.0019441, Val Loss: 0.0022580
2025-05-14 19:29:11,725 Epoch 366/500
2025-05-14 19:29:58,273 Current Learning Rate: 0.0001669941
2025-05-14 19:29:58,273 Train Loss: 0.0019401, Val Loss: 0.0022612
2025-05-14 19:29:58,273 Epoch 367/500
2025-05-14 19:30:42,818 Current Learning Rate: 0.0001646572
2025-05-14 19:30:42,818 Train Loss: 0.0019433, Val Loss: 0.0022722
2025-05-14 19:30:42,819 Epoch 368/500
2025-05-14 19:31:28,464 Current Learning Rate: 0.0001623336
2025-05-14 19:31:28,464 Train Loss: 0.0019472, Val Loss: 0.0022852
2025-05-14 19:31:28,464 Epoch 369/500
2025-05-14 19:32:13,621 Current Learning Rate: 0.0001600233
2025-05-14 19:32:13,621 Train Loss: 0.0019473, Val Loss: 0.0022505
2025-05-14 19:32:13,621 Epoch 370/500
2025-05-14 19:32:59,455 Current Learning Rate: 0.0001577264
2025-05-14 19:32:59,455 Train Loss: 0.0019415, Val Loss: 0.0022613
2025-05-14 19:32:59,455 Epoch 371/500
2025-05-14 19:33:44,363 Current Learning Rate: 0.0001554431
2025-05-14 19:33:44,363 Train Loss: 0.0019426, Val Loss: 0.0022724
2025-05-14 19:33:44,364 Epoch 372/500
2025-05-14 19:34:29,274 Current Learning Rate: 0.0001531733
2025-05-14 19:34:29,275 Train Loss: 0.0019353, Val Loss: 0.0022753
2025-05-14 19:34:29,275 Epoch 373/500
2025-05-14 19:35:14,482 Current Learning Rate: 0.0001509173
2025-05-14 19:35:14,482 Train Loss: 0.0019390, Val Loss: 0.0022663
2025-05-14 19:35:14,482 Epoch 374/500
2025-05-14 19:35:59,857 Current Learning Rate: 0.0001486750
2025-05-14 19:35:59,858 Train Loss: 0.0019298, Val Loss: 0.0022526
2025-05-14 19:35:59,858 Epoch 375/500
2025-05-14 19:36:44,587 Current Learning Rate: 0.0001464466
2025-05-14 19:36:44,588 Train Loss: 0.0019394, Val Loss: 0.0022850
2025-05-14 19:36:44,588 Epoch 376/500
2025-05-14 19:37:29,810 Current Learning Rate: 0.0001442322
2025-05-14 19:37:29,811 Train Loss: 0.0019404, Val Loss: 0.0022892
2025-05-14 19:37:29,811 Epoch 377/500
2025-05-14 19:38:14,573 Current Learning Rate: 0.0001420318
2025-05-14 19:38:14,801 Train Loss: 0.0019426, Val Loss: 0.0022484
2025-05-14 19:38:14,801 Epoch 378/500
2025-05-14 19:39:00,317 Current Learning Rate: 0.0001398455
2025-05-14 19:39:00,317 Train Loss: 0.0019283, Val Loss: 0.0022746
2025-05-14 19:39:00,318 Epoch 379/500
2025-05-14 19:39:45,018 Current Learning Rate: 0.0001376734
2025-05-14 19:39:45,018 Train Loss: 0.0019329, Val Loss: 0.0022779
2025-05-14 19:39:45,018 Epoch 380/500
2025-05-14 19:40:29,865 Current Learning Rate: 0.0001355157
2025-05-14 19:40:29,866 Train Loss: 0.0019339, Val Loss: 0.0022653
2025-05-14 19:40:29,866 Epoch 381/500
2025-05-14 19:41:15,464 Current Learning Rate: 0.0001333723
2025-05-14 19:41:15,465 Train Loss: 0.0019306, Val Loss: 0.0022811
2025-05-14 19:41:15,466 Epoch 382/500
2025-05-14 19:42:00,252 Current Learning Rate: 0.0001312434
2025-05-14 19:42:00,252 Train Loss: 0.0019270, Val Loss: 0.0022581
2025-05-14 19:42:00,252 Epoch 383/500
2025-05-14 19:42:46,316 Current Learning Rate: 0.0001291291
2025-05-14 19:42:46,317 Train Loss: 0.0019290, Val Loss: 0.0022582
2025-05-14 19:42:46,317 Epoch 384/500
2025-05-14 19:43:30,826 Current Learning Rate: 0.0001270294
2025-05-14 19:43:30,827 Train Loss: 0.0019286, Val Loss: 0.0022585
2025-05-14 19:43:30,827 Epoch 385/500
2025-05-14 19:44:15,620 Current Learning Rate: 0.0001249445
2025-05-14 19:44:15,620 Train Loss: 0.0019269, Val Loss: 0.0022716
2025-05-14 19:44:15,620 Epoch 386/500
2025-05-14 19:45:00,396 Current Learning Rate: 0.0001228743
2025-05-14 19:45:00,397 Train Loss: 0.0019265, Val Loss: 0.0022494
2025-05-14 19:45:00,397 Epoch 387/500
2025-05-14 19:45:46,329 Current Learning Rate: 0.0001208190
2025-05-14 19:45:46,329 Train Loss: 0.0019354, Val Loss: 0.0022701
2025-05-14 19:45:46,330 Epoch 388/500
2025-05-14 19:46:30,640 Current Learning Rate: 0.0001187787
2025-05-14 19:46:30,641 Train Loss: 0.0019278, Val Loss: 0.0022800
2025-05-14 19:46:30,641 Epoch 389/500
2025-05-14 19:47:15,765 Current Learning Rate: 0.0001167535
2025-05-14 19:47:15,766 Train Loss: 0.0019177, Val Loss: 0.0022594
2025-05-14 19:47:15,766 Epoch 390/500
2025-05-14 19:48:00,642 Current Learning Rate: 0.0001147434
2025-05-14 19:48:00,643 Train Loss: 0.0019208, Val Loss: 0.0022655
2025-05-14 19:48:00,643 Epoch 391/500
2025-05-14 19:48:46,217 Current Learning Rate: 0.0001127485
2025-05-14 19:48:46,217 Train Loss: 0.0019269, Val Loss: 0.0022540
2025-05-14 19:48:46,217 Epoch 392/500
2025-05-14 19:49:32,514 Current Learning Rate: 0.0001107688
2025-05-14 19:49:32,514 Train Loss: 0.0019132, Val Loss: 0.0022530
2025-05-14 19:49:32,514 Epoch 393/500
2025-05-14 19:50:16,657 Current Learning Rate: 0.0001088046
2025-05-14 19:50:16,870 Train Loss: 0.0019211, Val Loss: 0.0022456
2025-05-14 19:50:16,871 Epoch 394/500
2025-05-14 19:51:02,348 Current Learning Rate: 0.0001068558
2025-05-14 19:51:02,348 Train Loss: 0.0019225, Val Loss: 0.0022466
2025-05-14 19:51:02,349 Epoch 395/500
2025-05-14 19:51:46,622 Current Learning Rate: 0.0001049225
2025-05-14 19:51:46,623 Train Loss: 0.0019208, Val Loss: 0.0022462
2025-05-14 19:51:46,623 Epoch 396/500
2025-05-14 19:52:32,386 Current Learning Rate: 0.0001030048
2025-05-14 19:52:32,386 Train Loss: 0.0019110, Val Loss: 0.0022628
2025-05-14 19:52:32,387 Epoch 397/500
2025-05-14 19:53:18,062 Current Learning Rate: 0.0001011028
2025-05-14 19:53:18,062 Train Loss: 0.0019181, Val Loss: 0.0022533
2025-05-14 19:53:18,063 Epoch 398/500
2025-05-14 19:54:03,717 Current Learning Rate: 0.0000992165
2025-05-14 19:54:03,717 Train Loss: 0.0019097, Val Loss: 0.0022526
2025-05-14 19:54:03,718 Epoch 399/500
2025-05-14 19:54:48,564 Current Learning Rate: 0.0000973461
2025-05-14 19:54:48,565 Train Loss: 0.0019114, Val Loss: 0.0022797
2025-05-14 19:54:48,565 Epoch 400/500
2025-05-14 19:55:33,967 Current Learning Rate: 0.0000954915
2025-05-14 19:55:34,144 Saved periodic model at epoch 400 to /jizhicfs/easyluwu/ocean_project/NeurIPS_2025_wuhao/checkpoints/U_net_0512_LiNS2d_epoch_400.pth
2025-05-14 19:55:34,144 Train Loss: 0.0019080, Val Loss: 0.0022670
2025-05-14 19:55:34,144 Epoch 401/500
2025-05-14 19:56:18,804 Current Learning Rate: 0.0000936529
2025-05-14 19:56:18,804 Train Loss: 0.0019101, Val Loss: 0.0022550
2025-05-14 19:56:18,804 Epoch 402/500
2025-05-14 19:57:04,152 Current Learning Rate: 0.0000918304
2025-05-14 19:57:04,152 Train Loss: 0.0019097, Val Loss: 0.0022679
2025-05-14 19:57:04,153 Epoch 403/500
2025-05-14 19:57:49,813 Current Learning Rate: 0.0000900239
2025-05-14 19:57:49,814 Train Loss: 0.0019099, Val Loss: 0.0022634
2025-05-14 19:57:49,814 Epoch 404/500
2025-05-14 19:58:33,643 Current Learning Rate: 0.0000882337
2025-05-14 19:58:33,643 Train Loss: 0.0019083, Val Loss: 0.0022489
2025-05-14 19:58:33,643 Epoch 405/500
2025-05-14 19:59:19,667 Current Learning Rate: 0.0000864597
2025-05-14 19:59:19,667 Train Loss: 0.0019077, Val Loss: 0.0022607
2025-05-14 19:59:19,667 Epoch 406/500
2025-05-14 20:00:04,417 Current Learning Rate: 0.0000847021
2025-05-14 20:00:04,417 Train Loss: 0.0019102, Val Loss: 0.0022511
2025-05-14 20:00:04,418 Epoch 407/500
2025-05-14 20:00:49,254 Current Learning Rate: 0.0000829608
2025-05-14 20:00:49,254 Train Loss: 0.0019088, Val Loss: 0.0022602
2025-05-14 20:00:49,255 Epoch 408/500
2025-05-14 20:01:33,366 Current Learning Rate: 0.0000812360
2025-05-14 20:01:33,367 Train Loss: 0.0019078, Val Loss: 0.0022509
2025-05-14 20:01:33,367 Epoch 409/500
2025-05-14 20:02:18,407 Current Learning Rate: 0.0000795277
2025-05-14 20:02:18,407 Train Loss: 0.0019108, Val Loss: 0.0022518
2025-05-14 20:02:18,408 Epoch 410/500
2025-05-14 20:03:03,910 Current Learning Rate: 0.0000778360
2025-05-14 20:03:03,911 Train Loss: 0.0019016, Val Loss: 0.0022622
2025-05-14 20:03:03,911 Epoch 411/500
2025-05-14 20:03:49,103 Current Learning Rate: 0.0000761610
2025-05-14 20:03:49,333 Train Loss: 0.0019036, Val Loss: 0.0022402
2025-05-14 20:03:49,333 Epoch 412/500
2025-05-14 20:04:35,327 Current Learning Rate: 0.0000745028
2025-05-14 20:04:35,327 Train Loss: 0.0018961, Val Loss: 0.0022468
2025-05-14 20:04:35,328 Epoch 413/500
2025-05-14 20:05:20,442 Current Learning Rate: 0.0000728613
2025-05-14 20:05:20,443 Train Loss: 0.0019101, Val Loss: 0.0022537
2025-05-14 20:05:20,443 Epoch 414/500
2025-05-14 20:06:04,979 Current Learning Rate: 0.0000712367
2025-05-14 20:06:04,979 Train Loss: 0.0018978, Val Loss: 0.0022614
2025-05-14 20:06:04,979 Epoch 415/500
2025-05-14 20:06:50,525 Current Learning Rate: 0.0000696290
2025-05-14 20:06:50,525 Train Loss: 0.0018992, Val Loss: 0.0022547
2025-05-14 20:06:50,526 Epoch 416/500
2025-05-14 20:07:35,659 Current Learning Rate: 0.0000680383
2025-05-14 20:07:35,659 Train Loss: 0.0019125, Val Loss: 0.0022731
2025-05-14 20:07:35,659 Epoch 417/500
2025-05-14 20:08:20,857 Current Learning Rate: 0.0000664646
2025-05-14 20:08:20,858 Train Loss: 0.0018974, Val Loss: 0.0022593
2025-05-14 20:08:20,858 Epoch 418/500
2025-05-14 20:09:06,949 Current Learning Rate: 0.0000649081
2025-05-14 20:09:06,949 Train Loss: 0.0018991, Val Loss: 0.0022599
2025-05-14 20:09:06,949 Epoch 419/500
2025-05-14 20:09:52,052 Current Learning Rate: 0.0000633688
2025-05-14 20:09:52,053 Train Loss: 0.0018953, Val Loss: 0.0022573
2025-05-14 20:09:52,053 Epoch 420/500
2025-05-14 20:10:37,651 Current Learning Rate: 0.0000618467
2025-05-14 20:10:37,651 Train Loss: 0.0018973, Val Loss: 0.0022784
2025-05-14 20:10:37,652 Epoch 421/500
2025-05-14 20:11:21,655 Current Learning Rate: 0.0000603418
2025-05-14 20:11:21,656 Train Loss: 0.0018946, Val Loss: 0.0022576
2025-05-14 20:11:21,656 Epoch 422/500
2025-05-14 20:12:07,539 Current Learning Rate: 0.0000588544
2025-05-14 20:12:07,539 Train Loss: 0.0018960, Val Loss: 0.0022475
2025-05-14 20:12:07,540 Epoch 423/500
2025-05-14 20:12:53,592 Current Learning Rate: 0.0000573843
2025-05-14 20:12:53,593 Train Loss: 0.0018896, Val Loss: 0.0022665
2025-05-14 20:12:53,593 Epoch 424/500
2025-05-14 20:13:39,014 Current Learning Rate: 0.0000559318
2025-05-14 20:13:39,014 Train Loss: 0.0018946, Val Loss: 0.0022498
2025-05-14 20:13:39,014 Epoch 425/500
2025-05-14 20:14:24,316 Current Learning Rate: 0.0000544967
2025-05-14 20:14:24,317 Train Loss: 0.0019006, Val Loss: 0.0022464
2025-05-14 20:14:24,318 Epoch 426/500
2025-05-14 20:15:10,287 Current Learning Rate: 0.0000530793
2025-05-14 20:15:10,287 Train Loss: 0.0019020, Val Loss: 0.0022727
2025-05-14 20:15:10,287 Epoch 427/500
2025-05-14 20:15:54,727 Current Learning Rate: 0.0000516795
2025-05-14 20:15:54,728 Train Loss: 0.0019000, Val Loss: 0.0022678
2025-05-14 20:15:54,728 Epoch 428/500
2025-05-14 20:16:40,281 Current Learning Rate: 0.0000502974
2025-05-14 20:16:40,282 Train Loss: 0.0018937, Val Loss: 0.0022533
2025-05-14 20:16:40,282 Epoch 429/500
2025-05-14 20:17:26,656 Current Learning Rate: 0.0000489330
2025-05-14 20:17:26,656 Train Loss: 0.0018983, Val Loss: 0.0022439
2025-05-14 20:17:26,656 Epoch 430/500
2025-05-14 20:18:11,095 Current Learning Rate: 0.0000475865
2025-05-14 20:18:11,096 Train Loss: 0.0018970, Val Loss: 0.0022658
2025-05-14 20:18:11,096 Epoch 431/500
2025-05-14 20:18:57,683 Current Learning Rate: 0.0000462578
2025-05-14 20:18:57,683 Train Loss: 0.0018929, Val Loss: 0.0022506
2025-05-14 20:18:57,684 Epoch 432/500
2025-05-14 20:19:41,369 Current Learning Rate: 0.0000449470
2025-05-14 20:19:41,369 Train Loss: 0.0018938, Val Loss: 0.0022526
2025-05-14 20:19:41,370 Epoch 433/500
2025-05-14 20:20:27,112 Current Learning Rate: 0.0000436542
2025-05-14 20:20:27,112 Train Loss: 0.0018908, Val Loss: 0.0022551
2025-05-14 20:20:27,112 Epoch 434/500
2025-05-14 20:21:11,508 Current Learning Rate: 0.0000423794
2025-05-14 20:21:11,509 Train Loss: 0.0018925, Val Loss: 0.0022596
2025-05-14 20:21:11,509 Epoch 435/500
2025-05-14 20:21:56,709 Current Learning Rate: 0.0000411227
2025-05-14 20:21:56,709 Train Loss: 0.0018890, Val Loss: 0.0022625
2025-05-14 20:21:56,709 Epoch 436/500
2025-05-14 20:22:42,226 Current Learning Rate: 0.0000398841
2025-05-14 20:22:42,227 Train Loss: 0.0018935, Val Loss: 0.0022531
2025-05-14 20:22:42,227 Epoch 437/500
2025-05-14 20:23:27,108 Current Learning Rate: 0.0000386636
2025-05-14 20:23:27,109 Train Loss: 0.0018908, Val Loss: 0.0022508
2025-05-14 20:23:27,109 Epoch 438/500
2025-05-14 20:24:09,679 Current Learning Rate: 0.0000374614
2025-05-14 20:24:09,680 Train Loss: 0.0018902, Val Loss: 0.0022655
2025-05-14 20:24:09,681 Epoch 439/500
2025-05-14 20:24:50,838 Current Learning Rate: 0.0000362774
2025-05-14 20:24:50,838 Train Loss: 0.0018859, Val Loss: 0.0022591
2025-05-14 20:24:50,838 Epoch 440/500
2025-05-14 20:25:31,583 Current Learning Rate: 0.0000351118
2025-05-14 20:25:31,584 Train Loss: 0.0018884, Val Loss: 0.0022498
2025-05-14 20:25:31,584 Epoch 441/500
2025-05-14 20:26:12,261 Current Learning Rate: 0.0000339644
2025-05-14 20:26:12,261 Train Loss: 0.0018911, Val Loss: 0.0022496
2025-05-14 20:26:12,261 Epoch 442/500
2025-05-14 20:26:53,907 Current Learning Rate: 0.0000328355
2025-05-14 20:26:53,908 Train Loss: 0.0018836, Val Loss: 0.0022494
2025-05-14 20:26:53,908 Epoch 443/500
2025-05-14 20:27:35,284 Current Learning Rate: 0.0000317251
2025-05-14 20:27:35,284 Train Loss: 0.0018872, Val Loss: 0.0022601
2025-05-14 20:27:35,284 Epoch 444/500
2025-05-14 20:28:15,819 Current Learning Rate: 0.0000306331
2025-05-14 20:28:15,820 Train Loss: 0.0018852, Val Loss: 0.0022498
2025-05-14 20:28:15,820 Epoch 445/500
2025-05-14 20:28:56,743 Current Learning Rate: 0.0000295596
2025-05-14 20:28:56,743 Train Loss: 0.0018942, Val Loss: 0.0022907
2025-05-14 20:28:56,743 Epoch 446/500
2025-05-14 20:29:38,103 Current Learning Rate: 0.0000285047
2025-05-14 20:29:38,104 Train Loss: 0.0018864, Val Loss: 0.0022449
2025-05-14 20:29:38,104 Epoch 447/500
2025-05-14 20:30:18,689 Current Learning Rate: 0.0000274685
2025-05-14 20:30:18,689 Train Loss: 0.0018807, Val Loss: 0.0022483
2025-05-14 20:30:18,689 Epoch 448/500
2025-05-14 20:31:00,294 Current Learning Rate: 0.0000264508
2025-05-14 20:31:00,294 Train Loss: 0.0018813, Val Loss: 0.0022530
2025-05-14 20:31:00,294 Epoch 449/500
2025-05-14 20:31:40,007 Current Learning Rate: 0.0000254519
2025-05-14 20:31:40,008 Train Loss: 0.0018888, Val Loss: 0.0022583
2025-05-14 20:31:40,008 Epoch 450/500
2025-05-14 20:32:21,858 Current Learning Rate: 0.0000244717
2025-05-14 20:32:22,047 Saved periodic model at epoch 450 to /jizhicfs/easyluwu/ocean_project/NeurIPS_2025_wuhao/checkpoints/U_net_0512_LiNS2d_epoch_450.pth
2025-05-14 20:32:22,048 Train Loss: 0.0018827, Val Loss: 0.0022644
2025-05-14 20:32:22,048 Epoch 451/500
2025-05-14 20:33:03,398 Current Learning Rate: 0.0000235103
2025-05-14 20:33:03,399 Train Loss: 0.0018900, Val Loss: 0.0022508
2025-05-14 20:33:03,399 Epoch 452/500
2025-05-14 20:33:45,201 Current Learning Rate: 0.0000225677
2025-05-14 20:33:45,202 Train Loss: 0.0018810, Val Loss: 0.0022661
2025-05-14 20:33:45,202 Epoch 453/500
2025-05-14 20:34:26,555 Current Learning Rate: 0.0000216440
2025-05-14 20:34:26,555 Train Loss: 0.0018827, Val Loss: 0.0022588
2025-05-14 20:34:26,556 Epoch 454/500
2025-05-14 20:35:06,163 Current Learning Rate: 0.0000207391
2025-05-14 20:35:06,164 Train Loss: 0.0018840, Val Loss: 0.0022539
2025-05-14 20:35:06,164 Epoch 455/500
2025-05-14 20:35:47,874 Current Learning Rate: 0.0000198532
2025-05-14 20:35:47,874 Train Loss: 0.0018849, Val Loss: 0.0022645
2025-05-14 20:35:47,875 Epoch 456/500
2025-05-14 20:36:28,826 Current Learning Rate: 0.0000189862
2025-05-14 20:36:28,826 Train Loss: 0.0018901, Val Loss: 0.0022554
2025-05-14 20:36:28,827 Epoch 457/500
2025-05-14 20:37:09,545 Current Learning Rate: 0.0000181382
2025-05-14 20:37:09,546 Train Loss: 0.0018784, Val Loss: 0.0022457
2025-05-14 20:37:09,546 Epoch 458/500
2025-05-14 20:37:50,574 Current Learning Rate: 0.0000173092
2025-05-14 20:37:50,772 Train Loss: 0.0018875, Val Loss: 0.0022398
2025-05-14 20:37:50,773 Epoch 459/500
2025-05-14 20:38:32,721 Current Learning Rate: 0.0000164993
2025-05-14 20:38:32,722 Train Loss: 0.0018854, Val Loss: 0.0022491
2025-05-14 20:38:32,723 Epoch 460/500
2025-05-14 20:39:13,679 Current Learning Rate: 0.0000157084
2025-05-14 20:39:13,680 Train Loss: 0.0018803, Val Loss: 0.0022493
2025-05-14 20:39:13,680 Epoch 461/500
2025-05-14 20:39:54,648 Current Learning Rate: 0.0000149367
2025-05-14 20:39:54,841 Train Loss: 0.0018839, Val Loss: 0.0022355
2025-05-14 20:39:54,842 Epoch 462/500
2025-05-14 20:40:34,526 Current Learning Rate: 0.0000141841
2025-05-14 20:40:34,526 Train Loss: 0.0018804, Val Loss: 0.0022486
2025-05-14 20:40:34,526 Epoch 463/500
2025-05-14 20:41:16,006 Current Learning Rate: 0.0000134507
2025-05-14 20:41:16,007 Train Loss: 0.0018864, Val Loss: 0.0022570
2025-05-14 20:41:16,007 Epoch 464/500
2025-05-14 20:41:56,100 Current Learning Rate: 0.0000127366
2025-05-14 20:41:56,101 Train Loss: 0.0018771, Val Loss: 0.0022532
2025-05-14 20:41:56,101 Epoch 465/500
2025-05-14 20:42:37,211 Current Learning Rate: 0.0000120416
2025-05-14 20:42:37,212 Train Loss: 0.0018844, Val Loss: 0.0022558
2025-05-14 20:42:37,212 Epoch 466/500
2025-05-14 20:43:18,222 Current Learning Rate: 0.0000113659
2025-05-14 20:43:18,224 Train Loss: 0.0018852, Val Loss: 0.0022497
2025-05-14 20:43:18,224 Epoch 467/500
2025-05-14 20:43:58,033 Current Learning Rate: 0.0000107095
2025-05-14 20:43:58,034 Train Loss: 0.0018745, Val Loss: 0.0022526
2025-05-14 20:43:58,034 Epoch 468/500
2025-05-14 20:44:39,468 Current Learning Rate: 0.0000100725
2025-05-14 20:44:39,469 Train Loss: 0.0018793, Val Loss: 0.0022545
2025-05-14 20:44:39,469 Epoch 469/500
2025-05-14 20:45:19,413 Current Learning Rate: 0.0000094547
2025-05-14 20:45:19,413 Train Loss: 0.0018805, Val Loss: 0.0022603
2025-05-14 20:45:19,414 Epoch 470/500
2025-05-14 20:46:01,135 Current Learning Rate: 0.0000088564
2025-05-14 20:46:01,136 Train Loss: 0.0018809, Val Loss: 0.0022590
2025-05-14 20:46:01,136 Epoch 471/500
2025-05-14 20:46:41,098 Current Learning Rate: 0.0000082774
2025-05-14 20:46:41,098 Train Loss: 0.0018755, Val Loss: 0.0022526
2025-05-14 20:46:41,099 Epoch 472/500
2025-05-14 20:47:22,152 Current Learning Rate: 0.0000077178
2025-05-14 20:47:22,152 Train Loss: 0.0018732, Val Loss: 0.0022477
2025-05-14 20:47:22,153 Epoch 473/500
2025-05-14 20:48:03,447 Current Learning Rate: 0.0000071777
2025-05-14 20:48:03,448 Train Loss: 0.0018828, Val Loss: 0.0022450
2025-05-14 20:48:03,448 Epoch 474/500
2025-05-14 20:48:43,750 Current Learning Rate: 0.0000066570
2025-05-14 20:48:43,750 Train Loss: 0.0018842, Val Loss: 0.0022488
2025-05-14 20:48:43,750 Epoch 475/500
2025-05-14 20:49:24,624 Current Learning Rate: 0.0000061558
2025-05-14 20:49:24,625 Train Loss: 0.0018779, Val Loss: 0.0022616
2025-05-14 20:49:24,625 Epoch 476/500
2025-05-14 20:50:04,964 Current Learning Rate: 0.0000056741
2025-05-14 20:50:04,964 Train Loss: 0.0018764, Val Loss: 0.0022577
2025-05-14 20:50:04,964 Epoch 477/500
2025-05-14 20:50:46,340 Current Learning Rate: 0.0000052119
2025-05-14 20:50:46,341 Train Loss: 0.0018736, Val Loss: 0.0022536
2025-05-14 20:50:46,341 Epoch 478/500
2025-05-14 20:51:27,716 Current Learning Rate: 0.0000047693
2025-05-14 20:51:27,717 Train Loss: 0.0018658, Val Loss: 0.0022558
2025-05-14 20:51:27,717 Epoch 479/500
2025-05-14 20:52:08,404 Current Learning Rate: 0.0000043462
2025-05-14 20:52:08,404 Train Loss: 0.0018815, Val Loss: 0.0022553
2025-05-14 20:52:08,404 Epoch 480/500
2025-05-14 20:52:49,340 Current Learning Rate: 0.0000039426
2025-05-14 20:52:49,341 Train Loss: 0.0018749, Val Loss: 0.0022430
2025-05-14 20:52:49,341 Epoch 481/500
2025-05-14 20:53:30,279 Current Learning Rate: 0.0000035587
2025-05-14 20:53:30,279 Train Loss: 0.0018826, Val Loss: 0.0022503
2025-05-14 20:53:30,279 Epoch 482/500
2025-05-14 20:54:11,501 Current Learning Rate: 0.0000031943
2025-05-14 20:54:11,501 Train Loss: 0.0018746, Val Loss: 0.0022451
2025-05-14 20:54:11,502 Epoch 483/500
2025-05-14 20:54:52,271 Current Learning Rate: 0.0000028496
2025-05-14 20:54:52,271 Train Loss: 0.0018732, Val Loss: 0.0022425
2025-05-14 20:54:52,272 Epoch 484/500
2025-05-14 20:55:33,544 Current Learning Rate: 0.0000025245
2025-05-14 20:55:33,545 Train Loss: 0.0018768, Val Loss: 0.0022429
2025-05-14 20:55:33,545 Epoch 485/500
2025-05-14 20:56:14,711 Current Learning Rate: 0.0000022190
2025-05-14 20:56:14,711 Train Loss: 0.0018720, Val Loss: 0.0022470
2025-05-14 20:56:14,711 Epoch 486/500
2025-05-14 20:56:55,735 Current Learning Rate: 0.0000019332
2025-05-14 20:56:55,735 Train Loss: 0.0018781, Val Loss: 0.0022487
2025-05-14 20:56:55,736 Epoch 487/500
2025-05-14 20:57:36,774 Current Learning Rate: 0.0000016670
2025-05-14 20:57:36,774 Train Loss: 0.0018792, Val Loss: 0.0022478
2025-05-14 20:57:36,774 Epoch 488/500
2025-05-14 20:58:18,208 Current Learning Rate: 0.0000014205
2025-05-14 20:58:18,208 Train Loss: 0.0018755, Val Loss: 0.0022480
2025-05-14 20:58:18,209 Epoch 489/500
2025-05-14 20:59:00,144 Current Learning Rate: 0.0000011937
2025-05-14 20:59:00,144 Train Loss: 0.0018781, Val Loss: 0.0022447
2025-05-14 20:59:00,145 Epoch 490/500
2025-05-14 20:59:42,183 Current Learning Rate: 0.0000009866
2025-05-14 20:59:42,183 Train Loss: 0.0018751, Val Loss: 0.0022387
2025-05-14 20:59:42,183 Epoch 491/500
2025-05-14 21:00:22,657 Current Learning Rate: 0.0000007992
2025-05-14 21:00:22,658 Train Loss: 0.0018730, Val Loss: 0.0022705
2025-05-14 21:00:22,658 Epoch 492/500
2025-05-14 21:01:03,634 Current Learning Rate: 0.0000006315
2025-05-14 21:01:03,635 Train Loss: 0.0018743, Val Loss: 0.0022540
2025-05-14 21:01:03,635 Epoch 493/500
2025-05-14 21:01:45,629 Current Learning Rate: 0.0000004835
2025-05-14 21:01:45,630 Train Loss: 0.0018829, Val Loss: 0.0022432
2025-05-14 21:01:45,630 Epoch 494/500
2025-05-14 21:02:26,473 Current Learning Rate: 0.0000003553
2025-05-14 21:02:26,473 Train Loss: 0.0018716, Val Loss: 0.0022529
2025-05-14 21:02:26,473 Epoch 495/500
2025-05-14 21:03:07,810 Current Learning Rate: 0.0000002467
2025-05-14 21:03:07,810 Train Loss: 0.0018779, Val Loss: 0.0022522
2025-05-14 21:03:07,810 Epoch 496/500
2025-05-14 21:03:49,232 Current Learning Rate: 0.0000001579
2025-05-14 21:03:49,232 Train Loss: 0.0018815, Val Loss: 0.0022614
2025-05-14 21:03:49,233 Epoch 497/500
2025-05-14 21:04:30,878 Current Learning Rate: 0.0000000888
2025-05-14 21:04:30,878 Train Loss: 0.0018780, Val Loss: 0.0022636
2025-05-14 21:04:30,878 Epoch 498/500
2025-05-14 21:05:12,545 Current Learning Rate: 0.0000000395
2025-05-14 21:05:12,545 Train Loss: 0.0018820, Val Loss: 0.0022485
2025-05-14 21:05:12,545 Epoch 499/500
2025-05-14 21:05:54,129 Current Learning Rate: 0.0000000099
2025-05-14 21:05:54,130 Train Loss: 0.0018803, Val Loss: 0.0022476
2025-05-14 21:05:54,130 Epoch 500/500
2025-05-14 21:06:36,195 Current Learning Rate: 0.0000000000
2025-05-14 21:06:36,383 Saved periodic model at epoch 500 to /jizhicfs/easyluwu/ocean_project/NeurIPS_2025_wuhao/checkpoints/U_net_0512_LiNS2d_epoch_500.pth
2025-05-14 21:06:36,383 Train Loss: 0.0018774, Val Loss: 0.0022600
