2025-05-11 14:26:47,659 Epoch 1/500
2025-05-11 14:28:33,997 Epoch 1/500
2025-05-11 14:28:52,984 Current Learning Rate: 0.0009999901
2025-05-11 14:28:53,002 Train Loss: 0.0961476, Val Loss: 0.0463856
2025-05-11 14:28:53,002 Epoch 2/500
2025-05-11 14:29:10,847 Current Learning Rate: 0.0009999605
2025-05-11 14:29:10,848 Train Loss: 0.0605946, Val Loss: 0.2317605
2025-05-11 14:29:10,849 Epoch 3/500
2025-05-11 14:29:28,687 Current Learning Rate: 0.0009999112
2025-05-11 14:29:28,687 Train Loss: 0.0868440, Val Loss: 0.0522268
2025-05-11 14:29:28,687 Epoch 4/500
2025-05-11 14:29:46,551 Current Learning Rate: 0.0009998421
2025-05-11 14:29:46,568 Train Loss: 0.0434323, Val Loss: 0.0382899
2025-05-11 14:29:46,568 Epoch 5/500
2025-05-11 14:30:04,517 Current Learning Rate: 0.0009997533
2025-05-11 14:30:04,533 Train Loss: 0.0308054, Val Loss: 0.0264787
2025-05-11 14:30:04,533 Epoch 6/500
2025-05-11 14:30:22,627 Current Learning Rate: 0.0009996447
2025-05-11 14:30:22,648 Train Loss: 0.0243064, Val Loss: 0.0238886
2025-05-11 14:30:22,648 Epoch 7/500
2025-05-11 14:30:40,657 Current Learning Rate: 0.0009995165
2025-05-11 14:30:40,678 Train Loss: 0.0218020, Val Loss: 0.0217954
2025-05-11 14:30:40,679 Epoch 8/500
2025-05-11 14:30:58,565 Current Learning Rate: 0.0009993685
2025-05-11 14:30:58,582 Train Loss: 0.0205280, Val Loss: 0.0206308
2025-05-11 14:30:58,582 Epoch 9/500
2025-05-11 14:31:16,545 Current Learning Rate: 0.0009992008
2025-05-11 14:31:16,546 Train Loss: 0.0196592, Val Loss: 0.0214736
2025-05-11 14:31:16,546 Epoch 10/500
2025-05-11 14:31:34,588 Current Learning Rate: 0.0009990134
2025-05-11 14:31:34,589 Train Loss: 0.1197571, Val Loss: 0.0763337
2025-05-11 14:31:34,589 Epoch 11/500
2025-05-11 14:31:52,926 Current Learning Rate: 0.0009988063
2025-05-11 14:31:52,926 Train Loss: 0.0661113, Val Loss: 0.0483353
2025-05-11 14:31:52,926 Epoch 12/500
2025-05-11 14:32:11,214 Current Learning Rate: 0.0009985795
2025-05-11 14:32:11,215 Train Loss: 0.0424744, Val Loss: 0.0399039
2025-05-11 14:32:11,215 Epoch 13/500
2025-05-11 14:32:29,496 Current Learning Rate: 0.0009983330
2025-05-11 14:32:29,496 Train Loss: 0.0364781, Val Loss: 0.0337792
2025-05-11 14:32:29,496 Epoch 14/500
2025-05-11 14:32:47,788 Current Learning Rate: 0.0009980668
2025-05-11 14:32:47,789 Train Loss: 0.0306584, Val Loss: 0.0283032
2025-05-11 14:32:47,789 Epoch 15/500
2025-05-11 14:33:05,824 Current Learning Rate: 0.0009977810
2025-05-11 14:33:05,824 Train Loss: 0.0263117, Val Loss: 0.0256756
2025-05-11 14:33:05,824 Epoch 16/500
2025-05-11 14:33:23,929 Current Learning Rate: 0.0009974755
2025-05-11 14:33:23,930 Train Loss: 0.0243212, Val Loss: 0.0237589
2025-05-11 14:33:23,930 Epoch 17/500
2025-05-11 14:33:42,209 Current Learning Rate: 0.0009971504
2025-05-11 14:33:42,209 Train Loss: 0.0227035, Val Loss: 0.0227347
2025-05-11 14:33:42,209 Epoch 18/500
2025-05-11 14:34:00,618 Current Learning Rate: 0.0009968057
2025-05-11 14:34:00,619 Train Loss: 0.0219372, Val Loss: 0.0220674
2025-05-11 14:34:00,620 Epoch 19/500
2025-05-11 14:34:18,989 Current Learning Rate: 0.0009964413
2025-05-11 14:34:18,990 Train Loss: 0.0211409, Val Loss: 0.0217851
2025-05-11 14:34:18,990 Epoch 20/500
2025-05-11 14:34:36,998 Current Learning Rate: 0.0009960574
2025-05-11 14:34:36,999 Train Loss: 0.0847697, Val Loss: 0.0842405
2025-05-11 14:34:36,999 Epoch 21/500
2025-05-11 14:34:55,389 Current Learning Rate: 0.0009956538
2025-05-11 14:34:55,390 Train Loss: 0.0705826, Val Loss: 0.0459648
2025-05-11 14:34:55,390 Epoch 22/500
2025-05-11 14:35:13,804 Current Learning Rate: 0.0009952307
2025-05-11 14:35:13,804 Train Loss: 0.0371343, Val Loss: 0.0315292
2025-05-11 14:35:13,805 Epoch 23/500
2025-05-11 14:35:32,207 Current Learning Rate: 0.0009947881
2025-05-11 14:35:32,207 Train Loss: 0.0275803, Val Loss: 0.0253790
2025-05-11 14:35:32,208 Epoch 24/500
2025-05-11 14:35:50,536 Current Learning Rate: 0.0009943259
2025-05-11 14:35:50,537 Train Loss: 0.0464901, Val Loss: 0.1455876
2025-05-11 14:35:50,537 Epoch 25/500
2025-05-11 14:36:08,863 Current Learning Rate: 0.0009938442
2025-05-11 14:36:08,864 Train Loss: 0.0637138, Val Loss: 0.0362844
2025-05-11 14:36:08,864 Epoch 26/500
2025-05-11 14:36:27,144 Current Learning Rate: 0.0009933430
2025-05-11 14:36:27,144 Train Loss: 0.0294601, Val Loss: 0.0267495
2025-05-11 14:36:27,144 Epoch 27/500
2025-05-11 14:36:45,420 Current Learning Rate: 0.0009928223
2025-05-11 14:36:45,420 Train Loss: 0.0248000, Val Loss: 0.0242834
2025-05-11 14:36:45,420 Epoch 28/500
2025-05-11 14:37:03,722 Current Learning Rate: 0.0009922822
2025-05-11 14:37:03,722 Train Loss: 0.0232933, Val Loss: 0.0233645
2025-05-11 14:37:03,723 Epoch 29/500
2025-05-11 14:37:21,612 Current Learning Rate: 0.0009917226
2025-05-11 14:37:21,613 Train Loss: 0.0388782, Val Loss: 0.0258058
2025-05-11 14:37:21,613 Epoch 30/500
2025-05-11 14:37:39,567 Current Learning Rate: 0.0009911436
2025-05-11 14:37:39,568 Train Loss: 0.0269439, Val Loss: 0.0236126
2025-05-11 14:37:39,568 Epoch 31/500
2025-05-11 14:37:57,523 Current Learning Rate: 0.0009905453
2025-05-11 14:37:57,524 Train Loss: 0.0220991, Val Loss: 0.0226656
2025-05-11 14:37:57,524 Epoch 32/500
2025-05-11 14:38:15,762 Current Learning Rate: 0.0009899275
2025-05-11 14:38:15,763 Train Loss: 0.0215201, Val Loss: 0.0221490
2025-05-11 14:38:15,763 Epoch 33/500
2025-05-11 14:38:34,218 Current Learning Rate: 0.0009892905
2025-05-11 14:38:34,219 Train Loss: 0.0210133, Val Loss: 0.0215594
2025-05-11 14:38:34,219 Epoch 34/500
2025-05-11 14:38:52,599 Current Learning Rate: 0.0009886341
2025-05-11 14:38:52,599 Train Loss: 0.0207062, Val Loss: 0.0214125
2025-05-11 14:38:52,599 Epoch 35/500
2025-05-11 14:39:11,060 Current Learning Rate: 0.0009879584
2025-05-11 14:39:11,061 Train Loss: 0.0205813, Val Loss: 0.0210198
2025-05-11 14:39:11,063 Epoch 36/500
2025-05-11 14:39:29,506 Current Learning Rate: 0.0009872634
2025-05-11 14:39:29,508 Train Loss: 0.0201074, Val Loss: 0.0208007
2025-05-11 14:39:29,509 Epoch 37/500
2025-05-11 14:39:48,042 Current Learning Rate: 0.0009865493
2025-05-11 14:39:48,043 Train Loss: 0.0199325, Val Loss: 0.0209251
2025-05-11 14:39:48,043 Epoch 38/500
2025-05-11 14:40:06,635 Current Learning Rate: 0.0009858159
2025-05-11 14:40:06,636 Train Loss: 0.0586513, Val Loss: 0.0959518
2025-05-11 14:40:06,636 Epoch 39/500
2025-05-11 14:40:25,033 Current Learning Rate: 0.0009850633
2025-05-11 14:40:25,033 Train Loss: 0.0376290, Val Loss: 0.0255842
2025-05-11 14:40:25,034 Epoch 40/500
2025-05-11 14:40:43,490 Current Learning Rate: 0.0009842916
2025-05-11 14:40:43,490 Train Loss: 0.0232074, Val Loss: 0.0227555
2025-05-11 14:40:43,491 Epoch 41/500
2025-05-11 14:41:01,849 Current Learning Rate: 0.0009835007
2025-05-11 14:41:01,850 Train Loss: 0.0217364, Val Loss: 0.0222627
2025-05-11 14:41:01,850 Epoch 42/500
2025-05-11 14:41:20,344 Current Learning Rate: 0.0009826908
2025-05-11 14:41:20,345 Train Loss: 0.0212758, Val Loss: 0.0232689
2025-05-11 14:41:20,345 Epoch 43/500
2025-05-11 14:41:38,907 Current Learning Rate: 0.0009818618
2025-05-11 14:41:38,908 Train Loss: 0.0532248, Val Loss: 0.0313555
2025-05-11 14:41:38,908 Epoch 44/500
2025-05-11 14:41:57,288 Current Learning Rate: 0.0009810138
2025-05-11 14:41:57,289 Train Loss: 0.0244473, Val Loss: 0.0228664
2025-05-11 14:41:57,289 Epoch 45/500
2025-05-11 14:42:15,280 Current Learning Rate: 0.0009801468
2025-05-11 14:42:15,280 Train Loss: 0.0215439, Val Loss: 0.0219359
2025-05-11 14:42:15,281 Epoch 46/500
2025-05-11 14:42:33,679 Current Learning Rate: 0.0009792609
2025-05-11 14:42:33,679 Train Loss: 0.0210155, Val Loss: 0.0221121
2025-05-11 14:42:33,679 Epoch 47/500
2025-05-11 14:42:52,141 Current Learning Rate: 0.0009783560
2025-05-11 14:42:52,141 Train Loss: 0.0208056, Val Loss: 0.0215081
2025-05-11 14:42:52,142 Epoch 48/500
2025-05-11 14:43:10,557 Current Learning Rate: 0.0009774323
2025-05-11 14:43:10,558 Train Loss: 0.0205622, Val Loss: 0.0223040
2025-05-11 14:43:10,559 Epoch 49/500
2025-05-11 14:43:29,276 Current Learning Rate: 0.0009764897
2025-05-11 14:43:29,277 Train Loss: 0.0672692, Val Loss: 0.0470622
2025-05-11 14:43:29,277 Epoch 50/500
2025-05-11 14:43:48,002 Current Learning Rate: 0.0009755283
2025-05-11 14:43:48,020 Saved periodic model at epoch 50 to /jizhicfs/easyluwu/ocean_project/NeurIPS_2025_wuhao/checkpoints/ViT_0511_McWilliams2d_epoch_50.pth
2025-05-11 14:43:48,020 Train Loss: 0.0344145, Val Loss: 0.0269434
2025-05-11 14:43:48,021 Epoch 51/500
2025-05-11 14:44:06,154 Current Learning Rate: 0.0009745481
2025-05-11 14:44:06,155 Train Loss: 0.0244713, Val Loss: 0.0233687
2025-05-11 14:44:06,155 Epoch 52/500
2025-05-11 14:44:24,436 Current Learning Rate: 0.0009735492
2025-05-11 14:44:24,436 Train Loss: 0.0222324, Val Loss: 0.0223438
2025-05-11 14:44:24,437 Epoch 53/500
2025-05-11 14:44:42,953 Current Learning Rate: 0.0009725315
2025-05-11 14:44:42,953 Train Loss: 0.0214977, Val Loss: 0.0220330
2025-05-11 14:44:42,954 Epoch 54/500
2025-05-11 14:45:01,498 Current Learning Rate: 0.0009714953
2025-05-11 14:45:01,498 Train Loss: 0.0209761, Val Loss: 0.0217561
2025-05-11 14:45:01,499 Epoch 55/500
2025-05-11 14:45:20,251 Current Learning Rate: 0.0009704404
2025-05-11 14:45:20,251 Train Loss: 0.0205219, Val Loss: 0.0209987
2025-05-11 14:45:20,251 Epoch 56/500
2025-05-11 14:45:39,024 Current Learning Rate: 0.0009693669
2025-05-11 14:45:39,024 Train Loss: 0.0202394, Val Loss: 0.0217876
2025-05-11 14:45:39,025 Epoch 57/500
2025-05-11 14:46:19,755 Current Learning Rate: 0.0009682749
2025-05-11 14:46:19,756 Train Loss: 0.0200292, Val Loss: 0.0217246
2025-05-11 14:46:19,757 Epoch 58/500
2025-05-11 14:46:38,035 Current Learning Rate: 0.0009671645
2025-05-11 14:46:38,051 Train Loss: 0.0198219, Val Loss: 0.0204617
2025-05-11 14:46:38,052 Epoch 59/500
2025-05-11 14:46:56,446 Current Learning Rate: 0.0009660356
2025-05-11 14:46:56,464 Train Loss: 0.0196448, Val Loss: 0.0203143
2025-05-11 14:46:56,465 Epoch 60/500
2025-05-11 14:47:15,143 Current Learning Rate: 0.0009648882
2025-05-11 14:47:15,143 Train Loss: 0.0194509, Val Loss: 0.0204400
2025-05-11 14:47:15,143 Epoch 61/500
2025-05-11 14:47:33,619 Current Learning Rate: 0.0009637226
2025-05-11 14:47:33,639 Train Loss: 0.0193278, Val Loss: 0.0200556
2025-05-11 14:47:33,639 Epoch 62/500
2025-05-11 14:48:12,245 Current Learning Rate: 0.0009625386
2025-05-11 14:48:12,246 Train Loss: 0.0191437, Val Loss: 0.0219345
2025-05-11 14:48:12,246 Epoch 63/500
2025-05-11 14:50:24,909 Current Learning Rate: 0.0009550530
2025-05-11 14:50:24,909 Train Loss: 0.0203188, Val Loss: 0.0205662
2025-05-11 14:50:24,910 Epoch 69/500
2025-05-11 14:50:43,417 Current Learning Rate: 0.0009537422
2025-05-11 14:50:43,418 Train Loss: 0.0197879, Val Loss: 0.0202802
2025-05-11 14:50:43,418 Epoch 70/500
2025-05-11 14:51:01,993 Current Learning Rate: 0.0009524135
2025-05-11 14:51:01,994 Train Loss: 0.0195197, Val Loss: 0.0206721
2025-05-11 14:51:01,994 Epoch 71/500
2025-05-11 14:51:20,831 Current Learning Rate: 0.0009510670
2025-05-11 14:51:20,834 Train Loss: 0.0192537, Val Loss: 0.0200060
2025-05-11 14:51:20,834 Epoch 72/500
2025-05-11 14:51:39,448 Current Learning Rate: 0.0009497026
2025-05-11 14:51:39,468 Train Loss: 0.0190838, Val Loss: 0.0198234
2025-05-11 14:51:39,469 Epoch 73/500
2025-05-11 14:52:09,196 Current Learning Rate: 0.0009483205
2025-05-11 14:52:09,214 Train Loss: 0.0189313, Val Loss: 0.0197874
2025-05-11 14:52:09,214 Epoch 74/500
2025-05-11 14:53:06,427 Current Learning Rate: 0.0009469207
2025-05-11 14:53:06,446 Train Loss: 0.0188106, Val Loss: 0.0195515
2025-05-11 14:53:06,446 Epoch 75/500
2025-05-11 14:54:03,635 Current Learning Rate: 0.0009455033
2025-05-11 14:54:03,636 Train Loss: 0.0186304, Val Loss: 0.0197026
2025-05-11 14:54:03,636 Epoch 76/500
2025-05-11 14:55:00,727 Current Learning Rate: 0.0009440682
2025-05-11 14:55:00,727 Train Loss: 0.0185106, Val Loss: 0.0201799
2025-05-11 14:55:00,728 Epoch 77/500
2025-05-11 14:55:57,377 Current Learning Rate: 0.0009426157
2025-05-11 14:55:57,378 Train Loss: 0.0184238, Val Loss: 0.0196786
2025-05-11 14:55:57,378 Epoch 78/500
2025-05-11 14:56:54,779 Current Learning Rate: 0.0009411456
2025-05-11 14:56:54,795 Train Loss: 0.0183295, Val Loss: 0.0192225
2025-05-11 14:56:54,795 Epoch 79/500
2025-05-11 14:57:52,494 Current Learning Rate: 0.0009396582
2025-05-11 14:57:52,494 Train Loss: 0.0182079, Val Loss: 0.0193340
2025-05-11 14:57:52,495 Epoch 80/500
2025-05-11 14:58:49,589 Current Learning Rate: 0.0009381533
2025-05-11 14:58:49,607 Train Loss: 0.0180892, Val Loss: 0.0189931
2025-05-11 14:58:49,608 Epoch 81/500
2025-05-11 14:59:46,394 Current Learning Rate: 0.0009366312
2025-05-11 14:59:46,410 Train Loss: 0.0179654, Val Loss: 0.0188954
2025-05-11 14:59:46,410 Epoch 82/500
2025-05-11 15:00:43,717 Current Learning Rate: 0.0009350919
2025-05-11 15:00:43,718 Train Loss: 0.0178386, Val Loss: 0.0195078
2025-05-11 15:00:43,719 Epoch 83/500
2025-05-11 15:01:41,124 Current Learning Rate: 0.0009335354
2025-05-11 15:01:41,124 Train Loss: 0.0177494, Val Loss: 0.0197299
2025-05-11 15:01:41,125 Epoch 84/500
2025-05-11 15:02:37,589 Current Learning Rate: 0.0009319617
2025-05-11 15:02:37,602 Train Loss: 0.0176374, Val Loss: 0.0186726
2025-05-11 15:02:37,603 Epoch 85/500
2025-05-11 15:03:34,007 Current Learning Rate: 0.0009303710
2025-05-11 15:03:34,023 Train Loss: 0.0175533, Val Loss: 0.0185452
2025-05-11 15:03:34,023 Epoch 86/500
2025-05-11 15:04:30,266 Current Learning Rate: 0.0009287633
2025-05-11 15:04:30,283 Train Loss: 0.0174607, Val Loss: 0.0184626
2025-05-11 15:04:30,283 Epoch 87/500
2025-05-11 15:05:27,160 Current Learning Rate: 0.0009271387
2025-05-11 15:05:27,183 Train Loss: 0.0173793, Val Loss: 0.0184276
2025-05-11 15:05:27,184 Epoch 88/500
2025-05-11 15:06:24,531 Current Learning Rate: 0.0009254972
2025-05-11 15:06:24,532 Train Loss: 0.0172895, Val Loss: 0.0185027
2025-05-11 15:06:24,532 Epoch 89/500
2025-05-11 15:07:22,211 Current Learning Rate: 0.0009238390
2025-05-11 15:07:22,228 Train Loss: 0.0172222, Val Loss: 0.0183827
2025-05-11 15:07:22,229 Epoch 90/500
2025-05-11 15:08:19,784 Current Learning Rate: 0.0009221640
2025-05-11 15:08:19,785 Train Loss: 0.0171420, Val Loss: 0.0184538
2025-05-11 15:08:19,785 Epoch 91/500
2025-05-11 15:09:17,533 Current Learning Rate: 0.0009204723
2025-05-11 15:09:17,554 Train Loss: 0.0170487, Val Loss: 0.0182714
2025-05-11 15:09:17,554 Epoch 92/500
2025-05-11 15:10:15,235 Current Learning Rate: 0.0009187640
2025-05-11 15:10:15,255 Train Loss: 0.0169909, Val Loss: 0.0181086
2025-05-11 15:10:15,256 Epoch 93/500
2025-05-11 15:11:11,936 Current Learning Rate: 0.0009170392
2025-05-11 15:11:11,953 Train Loss: 0.0169107, Val Loss: 0.0180720
2025-05-11 15:11:11,953 Epoch 94/500
2025-05-11 15:12:08,309 Current Learning Rate: 0.0009152979
2025-05-11 15:12:08,310 Train Loss: 0.0168707, Val Loss: 0.0181384
2025-05-11 15:12:08,310 Epoch 95/500
2025-05-11 15:13:05,192 Current Learning Rate: 0.0009135403
2025-05-11 15:13:05,193 Train Loss: 0.0168060, Val Loss: 0.0180815
2025-05-11 15:13:05,194 Epoch 96/500
2025-05-11 15:14:01,902 Current Learning Rate: 0.0009117663
2025-05-11 15:14:01,917 Train Loss: 0.0167742, Val Loss: 0.0179143
2025-05-11 15:14:01,918 Epoch 97/500
2025-05-11 15:14:59,087 Current Learning Rate: 0.0009099761
2025-05-11 15:14:59,087 Train Loss: 0.0167070, Val Loss: 0.0180366
2025-05-11 15:14:59,088 Epoch 98/500
2025-05-11 15:15:56,542 Current Learning Rate: 0.0009081696
2025-05-11 15:15:56,558 Train Loss: 0.0166603, Val Loss: 0.0178913
2025-05-11 15:15:56,558 Epoch 99/500
2025-05-11 15:16:53,258 Current Learning Rate: 0.0009063471
2025-05-11 15:16:53,259 Train Loss: 0.0249171, Val Loss: 0.0211578
2025-05-11 15:16:53,260 Epoch 100/500
2025-05-11 15:18:06,876 Current Learning Rate: 0.0009045085
2025-05-11 15:18:06,900 Saved periodic model at epoch 100 to /jizhicfs/easyluwu/ocean_project/NeurIPS_2025_wuhao/checkpoints/ViT_0511_McWilliams2d_epoch_100.pth
2025-05-11 15:18:06,900 Train Loss: 0.0192984, Val Loss: 0.0196510
2025-05-11 15:18:06,900 Epoch 101/500
2025-05-11 15:19:44,937 Current Learning Rate: 0.0009026539
2025-05-11 15:19:44,938 Train Loss: 0.0181714, Val Loss: 0.0189370
2025-05-11 15:19:44,938 Epoch 102/500
2025-05-11 15:21:21,981 Current Learning Rate: 0.0009007835
2025-05-11 15:21:21,982 Train Loss: 0.0176429, Val Loss: 0.0185631
2025-05-11 15:21:21,982 Epoch 103/500
2025-05-11 15:22:59,095 Current Learning Rate: 0.0008988972
2025-05-11 15:22:59,096 Train Loss: 0.0172564, Val Loss: 0.0183293
2025-05-11 15:22:59,096 Epoch 104/500
2025-05-11 15:24:36,110 Current Learning Rate: 0.0008969952
2025-05-11 15:24:36,111 Train Loss: 0.0170563, Val Loss: 0.0181589
2025-05-11 15:24:36,111 Epoch 105/500
2025-05-11 15:26:12,497 Current Learning Rate: 0.0008950775
2025-05-11 15:26:12,497 Train Loss: 0.0169297, Val Loss: 0.0180541
2025-05-11 15:26:12,498 Epoch 106/500
2025-05-11 15:27:48,639 Current Learning Rate: 0.0008931442
2025-05-11 15:27:48,640 Train Loss: 0.0168387, Val Loss: 0.0181796
2025-05-11 15:27:48,640 Epoch 107/500
2025-05-11 15:29:25,009 Current Learning Rate: 0.0008911954
2025-05-11 15:29:25,010 Train Loss: 0.0167654, Val Loss: 0.0178983
2025-05-11 15:29:25,011 Epoch 108/500
2025-05-11 15:31:00,482 Current Learning Rate: 0.0008892312
2025-05-11 15:31:00,509 Train Loss: 0.0166922, Val Loss: 0.0177860
2025-05-11 15:31:00,509 Epoch 109/500
2025-05-11 15:32:35,878 Current Learning Rate: 0.0008872515
2025-05-11 15:32:35,879 Train Loss: 0.0166362, Val Loss: 0.0187241
2025-05-11 15:32:35,880 Epoch 110/500
2025-05-11 15:34:11,701 Current Learning Rate: 0.0008852566
2025-05-11 15:34:11,702 Train Loss: 0.0165990, Val Loss: 0.0178747
2025-05-11 15:34:11,702 Epoch 111/500
2025-05-11 15:35:47,860 Current Learning Rate: 0.0008832465
2025-05-11 15:35:47,879 Train Loss: 0.0165275, Val Loss: 0.0177335
2025-05-11 15:35:47,879 Epoch 112/500
2025-05-11 15:37:24,309 Current Learning Rate: 0.0008812213
2025-05-11 15:37:24,330 Train Loss: 0.0164974, Val Loss: 0.0176482
2025-05-11 15:37:24,331 Epoch 113/500
2025-05-11 15:39:00,828 Current Learning Rate: 0.0008791810
2025-05-11 15:39:00,829 Train Loss: 0.0164498, Val Loss: 0.0176721
2025-05-11 15:39:00,829 Epoch 114/500
2025-05-11 15:40:37,283 Current Learning Rate: 0.0008771257
2025-05-11 15:40:37,304 Train Loss: 0.0164051, Val Loss: 0.0175888
2025-05-11 15:40:37,304 Epoch 115/500
2025-05-11 15:42:13,394 Current Learning Rate: 0.0008750555
2025-05-11 15:42:13,395 Train Loss: 0.0163665, Val Loss: 0.0176062
2025-05-11 15:42:13,395 Epoch 116/500
2025-05-11 15:43:50,457 Current Learning Rate: 0.0008729706
2025-05-11 15:43:50,458 Train Loss: 0.0163346, Val Loss: 0.0175940
2025-05-11 15:43:50,458 Epoch 117/500
2025-05-11 15:45:27,258 Current Learning Rate: 0.0008708709
2025-05-11 15:45:27,259 Train Loss: 0.0162974, Val Loss: 0.0176265
2025-05-11 15:45:27,259 Epoch 118/500
2025-05-11 15:47:04,047 Current Learning Rate: 0.0008687566
2025-05-11 15:47:04,048 Train Loss: 0.0162566, Val Loss: 0.0175902
2025-05-11 15:47:04,048 Epoch 119/500
2025-05-11 15:48:41,360 Current Learning Rate: 0.0008666277
2025-05-11 15:48:41,376 Train Loss: 0.0162186, Val Loss: 0.0173116
2025-05-11 15:48:41,376 Epoch 120/500
2025-05-11 15:50:19,033 Current Learning Rate: 0.0008644843
2025-05-11 15:50:19,052 Train Loss: 0.0154728, Val Loss: 0.0155347
2025-05-11 15:50:19,052 Epoch 121/500
2025-05-11 15:51:56,061 Current Learning Rate: 0.0008623266
2025-05-11 15:51:56,062 Train Loss: 0.0360281, Val Loss: 0.0225406
2025-05-11 15:51:56,062 Epoch 122/500
2025-05-11 15:53:33,668 Current Learning Rate: 0.0008601545
2025-05-11 15:53:33,668 Train Loss: 0.0204280, Val Loss: 0.0214167
2025-05-11 15:53:33,669 Epoch 123/500
2025-05-11 15:55:11,134 Current Learning Rate: 0.0008579682
2025-05-11 15:55:11,134 Train Loss: 0.0196158, Val Loss: 0.0209781
2025-05-11 15:55:11,135 Epoch 124/500
2025-05-11 15:56:48,609 Current Learning Rate: 0.0008557678
2025-05-11 15:56:48,610 Train Loss: 0.0192487, Val Loss: 0.0202386
2025-05-11 15:56:48,610 Epoch 125/500
2025-05-11 15:58:25,944 Current Learning Rate: 0.0008535534
2025-05-11 15:58:25,945 Train Loss: 0.0189068, Val Loss: 0.0196463
2025-05-11 15:58:25,945 Epoch 126/500
2025-05-11 16:00:03,508 Current Learning Rate: 0.0008513250
2025-05-11 16:00:03,509 Train Loss: 0.0183097, Val Loss: 0.0189745
2025-05-11 16:00:03,509 Epoch 127/500
2025-05-11 16:01:40,836 Current Learning Rate: 0.0008490827
2025-05-11 16:01:40,837 Train Loss: 0.0169974, Val Loss: 0.0173224
2025-05-11 16:01:40,837 Epoch 128/500
2025-05-11 16:03:17,782 Current Learning Rate: 0.0008468267
2025-05-11 16:03:17,797 Train Loss: 0.0152027, Val Loss: 0.0151447
2025-05-11 16:03:17,797 Epoch 129/500
2025-05-11 16:04:54,866 Current Learning Rate: 0.0008445569
2025-05-11 16:04:54,881 Train Loss: 0.0129579, Val Loss: 0.0129249
2025-05-11 16:04:54,881 Epoch 130/500
2025-05-11 16:06:32,622 Current Learning Rate: 0.0008422736
2025-05-11 16:06:32,637 Train Loss: 0.0114325, Val Loss: 0.0118209
2025-05-11 16:06:32,637 Epoch 131/500
2025-05-11 16:08:09,625 Current Learning Rate: 0.0008399767
2025-05-11 16:08:09,640 Train Loss: 0.0106169, Val Loss: 0.0112063
2025-05-11 16:08:09,641 Epoch 132/500
2025-05-11 16:09:46,293 Current Learning Rate: 0.0008376664
2025-05-11 16:09:46,313 Train Loss: 0.0099711, Val Loss: 0.0106384
2025-05-11 16:09:46,313 Epoch 133/500
2025-05-11 16:11:23,462 Current Learning Rate: 0.0008353428
2025-05-11 16:11:23,479 Train Loss: 0.0094687, Val Loss: 0.0103300
2025-05-11 16:11:23,479 Epoch 134/500
2025-05-11 16:13:00,521 Current Learning Rate: 0.0008330059
2025-05-11 16:13:00,541 Train Loss: 0.0090182, Val Loss: 0.0095248
2025-05-11 16:13:00,541 Epoch 135/500
2025-05-11 16:14:37,177 Current Learning Rate: 0.0008306559
2025-05-11 16:14:37,193 Train Loss: 0.0086272, Val Loss: 0.0090697
2025-05-11 16:14:37,193 Epoch 136/500
2025-05-11 16:16:13,644 Current Learning Rate: 0.0008282929
2025-05-11 16:16:13,645 Train Loss: 0.0392303, Val Loss: 0.0370173
2025-05-11 16:16:13,645 Epoch 137/500
2025-05-11 16:17:49,110 Current Learning Rate: 0.0008259169
2025-05-11 16:17:49,110 Train Loss: 0.0232983, Val Loss: 0.0215051
2025-05-11 16:17:49,111 Epoch 138/500
2025-05-11 16:19:25,623 Current Learning Rate: 0.0008235280
2025-05-11 16:19:25,624 Train Loss: 0.0199673, Val Loss: 0.0206445
2025-05-11 16:19:25,624 Epoch 139/500
2025-05-11 16:21:02,021 Current Learning Rate: 0.0008211263
2025-05-11 16:21:02,022 Train Loss: 0.0190953, Val Loss: 0.0195694
2025-05-11 16:21:02,022 Epoch 140/500
2025-05-11 16:22:38,946 Current Learning Rate: 0.0008187120
2025-05-11 16:22:38,946 Train Loss: 0.0173588, Val Loss: 0.0173721
2025-05-11 16:22:38,946 Epoch 141/500
2025-05-11 16:24:15,179 Current Learning Rate: 0.0008162851
2025-05-11 16:24:15,180 Train Loss: 0.0142144, Val Loss: 0.0133225
2025-05-11 16:24:15,180 Epoch 142/500
2025-05-11 16:25:51,861 Current Learning Rate: 0.0008138457
2025-05-11 16:25:51,861 Train Loss: 0.0433065, Val Loss: 0.0247371
2025-05-11 16:25:51,862 Epoch 143/500
2025-05-11 16:27:27,470 Current Learning Rate: 0.0008113939
2025-05-11 16:27:27,471 Train Loss: 0.0207596, Val Loss: 0.0208435
2025-05-11 16:27:27,471 Epoch 144/500
2025-05-11 16:29:04,289 Current Learning Rate: 0.0008089298
2025-05-11 16:29:04,290 Train Loss: 0.0195148, Val Loss: 0.0202234
2025-05-11 16:29:04,290 Epoch 145/500
2025-05-11 16:30:41,150 Current Learning Rate: 0.0008064535
2025-05-11 16:30:41,150 Train Loss: 0.0187578, Val Loss: 0.0192325
2025-05-11 16:30:41,150 Epoch 146/500
2025-05-11 16:32:17,820 Current Learning Rate: 0.0008039651
2025-05-11 16:32:17,821 Train Loss: 0.0168629, Val Loss: 0.0156676
2025-05-11 16:32:17,821 Epoch 147/500
2025-05-11 16:33:54,586 Current Learning Rate: 0.0008014648
2025-05-11 16:33:54,586 Train Loss: 0.0127043, Val Loss: 0.0123328
2025-05-11 16:33:54,587 Epoch 148/500
2025-05-11 16:35:30,888 Current Learning Rate: 0.0007989525
2025-05-11 16:35:30,889 Train Loss: 0.0107548, Val Loss: 0.0112847
2025-05-11 16:35:30,889 Epoch 149/500
2025-05-11 16:37:07,963 Current Learning Rate: 0.0007964284
2025-05-11 16:37:07,964 Train Loss: 0.0097266, Val Loss: 0.0100650
2025-05-11 16:37:07,964 Epoch 150/500
2025-05-11 16:38:44,042 Current Learning Rate: 0.0007938926
2025-05-11 16:38:44,059 Saved periodic model at epoch 150 to /jizhicfs/easyluwu/ocean_project/NeurIPS_2025_wuhao/checkpoints/ViT_0511_McWilliams2d_epoch_150.pth
2025-05-11 16:38:44,059 Train Loss: 0.0091171, Val Loss: 0.0094476
2025-05-11 16:38:44,059 Epoch 151/500
2025-05-11 16:40:20,731 Current Learning Rate: 0.0007913452
2025-05-11 16:40:20,731 Train Loss: 0.0086139, Val Loss: 0.0097374
2025-05-11 16:40:20,732 Epoch 152/500
2025-05-11 16:41:57,275 Current Learning Rate: 0.0007887864
2025-05-11 16:41:57,276 Train Loss: 0.0195686, Val Loss: 0.0243383
2025-05-11 16:41:57,276 Epoch 153/500
2025-05-11 16:43:33,510 Current Learning Rate: 0.0007862161
2025-05-11 16:43:33,510 Train Loss: 0.0195177, Val Loss: 0.0190129
2025-05-11 16:43:33,511 Epoch 154/500
2025-05-11 16:45:10,432 Current Learning Rate: 0.0007836345
2025-05-11 16:45:10,433 Train Loss: 0.0160513, Val Loss: 0.0149665
2025-05-11 16:45:10,433 Epoch 155/500
2025-05-11 16:46:46,424 Current Learning Rate: 0.0007810417
2025-05-11 16:46:46,425 Train Loss: 0.0113932, Val Loss: 0.0107654
2025-05-11 16:46:46,425 Epoch 156/500
2025-05-11 16:48:23,374 Current Learning Rate: 0.0007784378
2025-05-11 16:48:23,374 Train Loss: 0.0095419, Val Loss: 0.0098839
2025-05-11 16:48:23,375 Epoch 157/500
2025-05-11 16:49:59,803 Current Learning Rate: 0.0007758229
2025-05-11 16:49:59,804 Train Loss: 0.0088573, Val Loss: 0.0091008
2025-05-11 16:49:59,804 Epoch 158/500
2025-05-11 16:51:36,962 Current Learning Rate: 0.0007731972
2025-05-11 16:51:36,982 Train Loss: 0.0083951, Val Loss: 0.0088552
2025-05-11 16:51:36,982 Epoch 159/500
2025-05-11 16:53:13,774 Current Learning Rate: 0.0007705606
2025-05-11 16:53:13,795 Train Loss: 0.0080060, Val Loss: 0.0083426
2025-05-11 16:53:13,795 Epoch 160/500
2025-05-11 16:54:50,537 Current Learning Rate: 0.0007679134
2025-05-11 16:54:50,538 Train Loss: 0.0077335, Val Loss: 0.0104594
2025-05-11 16:54:50,538 Epoch 161/500
2025-05-11 16:56:27,811 Current Learning Rate: 0.0007652556
2025-05-11 16:56:27,829 Train Loss: 0.0074607, Val Loss: 0.0078145
2025-05-11 16:56:27,829 Epoch 162/500
2025-05-11 16:58:04,873 Current Learning Rate: 0.0007625873
2025-05-11 16:58:04,890 Train Loss: 0.0072333, Val Loss: 0.0077458
2025-05-11 16:58:04,891 Epoch 163/500
2025-05-11 16:59:41,852 Current Learning Rate: 0.0007599087
2025-05-11 16:59:41,852 Train Loss: 0.0069972, Val Loss: 0.0096065
2025-05-11 16:59:41,853 Epoch 164/500
2025-05-11 17:01:19,057 Current Learning Rate: 0.0007572198
2025-05-11 17:01:19,058 Train Loss: 0.0389814, Val Loss: 0.0227981
2025-05-11 17:01:19,058 Epoch 165/500
2025-05-11 17:02:56,714 Current Learning Rate: 0.0007545207
2025-05-11 17:02:56,715 Train Loss: 0.0201913, Val Loss: 0.0199519
2025-05-11 17:02:56,715 Epoch 166/500
2025-05-11 17:04:33,887 Current Learning Rate: 0.0007518116
2025-05-11 17:04:33,888 Train Loss: 0.0179332, Val Loss: 0.0173369
2025-05-11 17:04:33,888 Epoch 167/500
2025-05-11 17:06:11,134 Current Learning Rate: 0.0007490926
2025-05-11 17:06:11,134 Train Loss: 0.0145722, Val Loss: 0.0140391
2025-05-11 17:06:11,134 Epoch 168/500
2025-05-11 17:07:47,711 Current Learning Rate: 0.0007463637
2025-05-11 17:07:47,711 Train Loss: 0.0113784, Val Loss: 0.0116047
2025-05-11 17:07:47,712 Epoch 169/500
2025-05-11 17:09:24,131 Current Learning Rate: 0.0007436251
2025-05-11 17:09:24,132 Train Loss: 0.0100567, Val Loss: 0.0100557
2025-05-11 17:09:24,132 Epoch 170/500
2025-05-11 17:11:01,509 Current Learning Rate: 0.0007408768
2025-05-11 17:11:01,510 Train Loss: 0.0091961, Val Loss: 0.0092871
2025-05-11 17:11:01,510 Epoch 171/500
2025-05-11 17:12:39,568 Current Learning Rate: 0.0007381191
2025-05-11 17:12:39,569 Train Loss: 0.0086023, Val Loss: 0.0090578
2025-05-11 17:12:39,569 Epoch 172/500
2025-05-11 17:14:17,309 Current Learning Rate: 0.0007353520
2025-05-11 17:14:17,310 Train Loss: 0.0080820, Val Loss: 0.0084791
2025-05-11 17:14:17,310 Epoch 173/500
2025-05-11 17:15:54,656 Current Learning Rate: 0.0007325755
2025-05-11 17:15:54,656 Train Loss: 0.0077649, Val Loss: 0.0082463
2025-05-11 17:15:54,656 Epoch 174/500
2025-05-11 17:17:32,443 Current Learning Rate: 0.0007297899
2025-05-11 17:17:32,444 Train Loss: 0.0075304, Val Loss: 0.0079249
2025-05-11 17:17:32,444 Epoch 175/500
2025-05-11 17:19:09,752 Current Learning Rate: 0.0007269952
2025-05-11 17:19:09,768 Train Loss: 0.0072268, Val Loss: 0.0076289
2025-05-11 17:19:09,768 Epoch 176/500
2025-05-11 17:20:46,880 Current Learning Rate: 0.0007241916
2025-05-11 17:20:46,880 Train Loss: 0.0070646, Val Loss: 0.0091932
2025-05-11 17:20:46,880 Epoch 177/500
2025-05-11 17:22:24,190 Current Learning Rate: 0.0007213791
2025-05-11 17:22:24,191 Train Loss: 0.0186958, Val Loss: 0.0458878
2025-05-11 17:22:24,191 Epoch 178/500
2025-05-11 17:24:01,158 Current Learning Rate: 0.0007185579
2025-05-11 17:24:01,158 Train Loss: 0.0217151, Val Loss: 0.0200508
2025-05-11 17:24:01,159 Epoch 179/500
2025-05-11 17:25:38,250 Current Learning Rate: 0.0007157280
2025-05-11 17:25:38,251 Train Loss: 0.0161031, Val Loss: 0.0119491
2025-05-11 17:25:38,251 Epoch 180/500
2025-05-11 17:27:14,769 Current Learning Rate: 0.0007128896
2025-05-11 17:27:14,769 Train Loss: 0.0091440, Val Loss: 0.0089991
2025-05-11 17:27:14,769 Epoch 181/500
2025-05-11 17:28:51,271 Current Learning Rate: 0.0007100429
2025-05-11 17:28:51,272 Train Loss: 0.0078341, Val Loss: 0.0080975
2025-05-11 17:28:51,272 Epoch 182/500
2025-05-11 17:30:28,631 Current Learning Rate: 0.0007071878
2025-05-11 17:30:28,631 Train Loss: 0.0073412, Val Loss: 0.0078492
2025-05-11 17:30:28,632 Epoch 183/500
2025-05-11 17:32:05,101 Current Learning Rate: 0.0007043245
2025-05-11 17:32:05,102 Train Loss: 0.0096858, Val Loss: 0.0091709
2025-05-11 17:32:05,102 Epoch 184/500
2025-05-11 17:33:41,649 Current Learning Rate: 0.0007014532
2025-05-11 17:33:41,667 Train Loss: 0.0071145, Val Loss: 0.0074250
2025-05-11 17:33:41,668 Epoch 185/500
2025-05-11 17:35:18,136 Current Learning Rate: 0.0006985739
2025-05-11 17:35:18,151 Train Loss: 0.0066912, Val Loss: 0.0071738
2025-05-11 17:35:18,151 Epoch 186/500
2025-05-11 17:36:54,693 Current Learning Rate: 0.0006956868
2025-05-11 17:36:54,708 Train Loss: 0.0065400, Val Loss: 0.0070568
2025-05-11 17:36:54,708 Epoch 187/500
2025-05-11 17:38:31,168 Current Learning Rate: 0.0006927920
2025-05-11 17:38:31,169 Train Loss: 0.0064635, Val Loss: 0.0070741
2025-05-11 17:38:31,169 Epoch 188/500
2025-05-11 17:40:07,150 Current Learning Rate: 0.0006898895
2025-05-11 17:40:07,150 Train Loss: 0.0063421, Val Loss: 0.0074815
2025-05-11 17:40:07,151 Epoch 189/500
2025-05-11 17:41:44,068 Current Learning Rate: 0.0006869796
2025-05-11 17:41:44,086 Train Loss: 0.0062237, Val Loss: 0.0068003
2025-05-11 17:41:44,086 Epoch 190/500
2025-05-11 17:43:20,775 Current Learning Rate: 0.0006840623
2025-05-11 17:43:20,776 Train Loss: 0.0061348, Val Loss: 0.0069029
2025-05-11 17:43:20,776 Epoch 191/500
2025-05-11 17:44:56,829 Current Learning Rate: 0.0006811377
2025-05-11 17:44:56,848 Train Loss: 0.0060211, Val Loss: 0.0065467
2025-05-11 17:44:56,848 Epoch 192/500
2025-05-11 17:46:33,999 Current Learning Rate: 0.0006782059
2025-05-11 17:46:34,013 Train Loss: 0.0059543, Val Loss: 0.0064631
2025-05-11 17:46:34,013 Epoch 193/500
2025-05-11 17:48:11,132 Current Learning Rate: 0.0006752672
2025-05-11 17:48:11,149 Train Loss: 0.0058728, Val Loss: 0.0064493
2025-05-11 17:48:11,149 Epoch 194/500
2025-05-11 17:49:48,579 Current Learning Rate: 0.0006723215
2025-05-11 17:49:48,593 Train Loss: 0.0057815, Val Loss: 0.0063036
2025-05-11 17:49:48,594 Epoch 195/500
2025-05-11 17:51:26,205 Current Learning Rate: 0.0006693690
2025-05-11 17:51:26,220 Train Loss: 0.0057156, Val Loss: 0.0062473
2025-05-11 17:51:26,220 Epoch 196/500
2025-05-11 17:53:03,817 Current Learning Rate: 0.0006664098
2025-05-11 17:53:03,842 Train Loss: 0.0056552, Val Loss: 0.0061620
2025-05-11 17:53:03,842 Epoch 197/500
2025-05-11 17:54:41,768 Current Learning Rate: 0.0006634440
2025-05-11 17:54:41,784 Train Loss: 0.0055771, Val Loss: 0.0060525
2025-05-11 17:54:41,784 Epoch 198/500
2025-05-11 17:56:19,600 Current Learning Rate: 0.0006604718
2025-05-11 17:56:19,615 Train Loss: 0.0055078, Val Loss: 0.0059628
2025-05-11 17:56:19,615 Epoch 199/500
2025-05-11 17:57:57,044 Current Learning Rate: 0.0006574933
2025-05-11 17:57:57,044 Train Loss: 0.0054667, Val Loss: 0.0061443
2025-05-11 17:57:57,045 Epoch 200/500
2025-05-11 17:59:34,051 Current Learning Rate: 0.0006545085
2025-05-11 17:59:34,070 Saved periodic model at epoch 200 to /jizhicfs/easyluwu/ocean_project/NeurIPS_2025_wuhao/checkpoints/ViT_0511_McWilliams2d_epoch_200.pth
2025-05-11 17:59:34,070 Train Loss: 0.0053967, Val Loss: 0.0059995
2025-05-11 17:59:34,070 Epoch 201/500
2025-05-11 18:01:10,993 Current Learning Rate: 0.0006515176
2025-05-11 18:01:11,012 Train Loss: 0.0053508, Val Loss: 0.0059062
2025-05-11 18:01:11,013 Epoch 202/500
2025-05-11 18:02:47,979 Current Learning Rate: 0.0006485208
2025-05-11 18:02:47,980 Train Loss: 0.0243315, Val Loss: 0.0202741
2025-05-11 18:02:47,980 Epoch 203/500
2025-05-11 18:04:25,098 Current Learning Rate: 0.0006455181
2025-05-11 18:04:25,099 Train Loss: 0.0146415, Val Loss: 0.0100578
2025-05-11 18:04:25,099 Epoch 204/500
2025-05-11 18:06:02,381 Current Learning Rate: 0.0006425096
2025-05-11 18:06:02,382 Train Loss: 0.0076924, Val Loss: 0.0075238
2025-05-11 18:06:02,382 Epoch 205/500
2025-05-11 18:07:39,649 Current Learning Rate: 0.0006394956
2025-05-11 18:07:39,650 Train Loss: 0.0065353, Val Loss: 0.0068289
2025-05-11 18:07:39,650 Epoch 206/500
2025-05-11 18:09:16,803 Current Learning Rate: 0.0006364760
2025-05-11 18:09:16,804 Train Loss: 0.0061210, Val Loss: 0.0065661
2025-05-11 18:09:16,804 Epoch 207/500
2025-05-11 18:10:54,203 Current Learning Rate: 0.0006334510
2025-05-11 18:10:54,204 Train Loss: 0.0059003, Val Loss: 0.0063592
2025-05-11 18:10:54,204 Epoch 208/500
2025-05-11 18:12:31,412 Current Learning Rate: 0.0006304208
2025-05-11 18:12:31,412 Train Loss: 0.0057618, Val Loss: 0.0061751
2025-05-11 18:12:31,413 Epoch 209/500
2025-05-11 18:14:08,334 Current Learning Rate: 0.0006273854
2025-05-11 18:14:08,335 Train Loss: 0.0056476, Val Loss: 0.0061195
2025-05-11 18:14:08,335 Epoch 210/500
2025-05-11 18:15:45,562 Current Learning Rate: 0.0006243449
2025-05-11 18:15:45,563 Train Loss: 0.0055491, Val Loss: 0.0061244
2025-05-11 18:15:45,563 Epoch 211/500
2025-05-11 18:17:22,860 Current Learning Rate: 0.0006212996
2025-05-11 18:17:22,860 Train Loss: 0.0054877, Val Loss: 0.0060290
2025-05-11 18:17:22,861 Epoch 212/500
2025-05-11 18:19:00,429 Current Learning Rate: 0.0006182495
2025-05-11 18:19:00,430 Train Loss: 0.0054312, Val Loss: 0.0059454
2025-05-11 18:19:00,430 Epoch 213/500
2025-05-11 18:20:37,360 Current Learning Rate: 0.0006151947
2025-05-11 18:20:37,360 Train Loss: 0.0053655, Val Loss: 0.0060315
2025-05-11 18:20:37,360 Epoch 214/500
2025-05-11 18:22:14,920 Current Learning Rate: 0.0006121354
2025-05-11 18:22:14,920 Train Loss: 0.0053122, Val Loss: 0.0059107
2025-05-11 18:22:14,920 Epoch 215/500
2025-05-11 18:23:52,412 Current Learning Rate: 0.0006090716
2025-05-11 18:23:52,428 Train Loss: 0.0052689, Val Loss: 0.0057678
2025-05-11 18:23:52,428 Epoch 216/500
2025-05-11 18:25:29,116 Current Learning Rate: 0.0006060036
2025-05-11 18:25:29,132 Train Loss: 0.0052232, Val Loss: 0.0057452
2025-05-11 18:25:29,133 Epoch 217/500
2025-05-11 18:27:06,443 Current Learning Rate: 0.0006029313
2025-05-11 18:27:06,459 Train Loss: 0.0051810, Val Loss: 0.0057070
2025-05-11 18:27:06,460 Epoch 218/500
2025-05-11 18:28:44,028 Current Learning Rate: 0.0005998550
2025-05-11 18:28:44,043 Train Loss: 0.0051324, Val Loss: 0.0055916
2025-05-11 18:28:44,043 Epoch 219/500
2025-05-11 18:30:21,617 Current Learning Rate: 0.0005967747
2025-05-11 18:30:21,618 Train Loss: 0.0051068, Val Loss: 0.0057529
2025-05-11 18:30:21,618 Epoch 220/500
2025-05-11 18:31:59,021 Current Learning Rate: 0.0005936907
2025-05-11 18:31:59,022 Train Loss: 0.0050689, Val Loss: 0.0057280
2025-05-11 18:31:59,022 Epoch 221/500
2025-05-11 18:33:36,741 Current Learning Rate: 0.0005906029
2025-05-11 18:33:36,742 Train Loss: 0.0050235, Val Loss: 0.0056007
2025-05-11 18:33:36,742 Epoch 222/500
2025-05-11 18:35:14,102 Current Learning Rate: 0.0005875115
2025-05-11 18:35:14,103 Train Loss: 0.0049994, Val Loss: 0.0057608
2025-05-11 18:35:14,104 Epoch 223/500
2025-05-11 18:36:51,576 Current Learning Rate: 0.0005844167
2025-05-11 18:36:51,600 Train Loss: 0.0049593, Val Loss: 0.0055805
2025-05-11 18:36:51,601 Epoch 224/500
2025-05-11 18:38:28,172 Current Learning Rate: 0.0005813186
2025-05-11 18:38:28,197 Train Loss: 0.0049288, Val Loss: 0.0054251
2025-05-11 18:38:28,197 Epoch 225/500
2025-05-11 18:40:04,745 Current Learning Rate: 0.0005782172
2025-05-11 18:40:04,762 Train Loss: 0.0049007, Val Loss: 0.0054174
2025-05-11 18:40:04,762 Epoch 226/500
2025-05-11 18:41:41,454 Current Learning Rate: 0.0005751128
2025-05-11 18:41:41,470 Train Loss: 0.0048704, Val Loss: 0.0053554
2025-05-11 18:41:41,471 Epoch 227/500
2025-05-11 18:43:18,532 Current Learning Rate: 0.0005720054
2025-05-11 18:43:18,533 Train Loss: 0.0048510, Val Loss: 0.0054065
2025-05-11 18:43:18,534 Epoch 228/500
2025-05-11 18:44:55,933 Current Learning Rate: 0.0005688951
2025-05-11 18:44:55,934 Train Loss: 0.0048124, Val Loss: 0.0054229
2025-05-11 18:44:55,934 Epoch 229/500
2025-05-11 18:46:33,123 Current Learning Rate: 0.0005657822
2025-05-11 18:46:33,144 Train Loss: 0.0047908, Val Loss: 0.0053242
2025-05-11 18:46:33,144 Epoch 230/500
2025-05-11 18:48:08,370 Current Learning Rate: 0.0005626666
2025-05-11 18:48:08,372 Train Loss: 0.0047690, Val Loss: 0.0053679
2025-05-11 18:48:08,372 Epoch 231/500
2025-05-11 18:49:43,297 Current Learning Rate: 0.0005595486
2025-05-11 18:49:43,315 Train Loss: 0.0047503, Val Loss: 0.0052237
2025-05-11 18:49:43,315 Epoch 232/500
2025-05-11 18:51:18,660 Current Learning Rate: 0.0005564282
2025-05-11 18:51:18,680 Train Loss: 0.0047185, Val Loss: 0.0051950
2025-05-11 18:51:18,681 Epoch 233/500
2025-05-11 18:52:54,202 Current Learning Rate: 0.0005533056
2025-05-11 18:52:54,202 Train Loss: 0.0046938, Val Loss: 0.0054349
2025-05-11 18:52:54,202 Epoch 234/500
2025-05-11 18:54:29,730 Current Learning Rate: 0.0005501809
2025-05-11 18:54:29,730 Train Loss: 0.0046793, Val Loss: 0.0052917
2025-05-11 18:54:29,730 Epoch 235/500
2025-05-11 18:56:04,754 Current Learning Rate: 0.0005470542
2025-05-11 18:56:04,755 Train Loss: 0.0046484, Val Loss: 0.0052905
2025-05-11 18:56:04,755 Epoch 236/500
2025-05-11 18:57:40,493 Current Learning Rate: 0.0005439256
2025-05-11 18:57:40,493 Train Loss: 0.0046353, Val Loss: 0.0054122
2025-05-11 18:57:40,494 Epoch 237/500
2025-05-11 18:59:16,408 Current Learning Rate: 0.0005407953
2025-05-11 18:59:16,425 Train Loss: 0.0046166, Val Loss: 0.0050738
2025-05-11 18:59:16,426 Epoch 238/500
2025-05-11 19:00:52,503 Current Learning Rate: 0.0005376634
2025-05-11 19:00:52,504 Train Loss: 0.0045996, Val Loss: 0.0050849
2025-05-11 19:00:52,504 Epoch 239/500
2025-05-11 19:02:28,578 Current Learning Rate: 0.0005345300
2025-05-11 19:02:28,579 Train Loss: 0.0045794, Val Loss: 0.0051438
2025-05-11 19:02:28,580 Epoch 240/500
2025-05-11 19:04:04,694 Current Learning Rate: 0.0005313953
2025-05-11 19:04:04,695 Train Loss: 0.0045722, Val Loss: 0.0051494
2025-05-11 19:04:04,696 Epoch 241/500
2025-05-11 19:05:41,147 Current Learning Rate: 0.0005282593
2025-05-11 19:05:41,148 Train Loss: 0.0045346, Val Loss: 0.0050922
2025-05-11 19:05:41,148 Epoch 242/500
2025-05-11 19:07:17,082 Current Learning Rate: 0.0005251222
2025-05-11 19:07:17,100 Train Loss: 0.0045175, Val Loss: 0.0050095
2025-05-11 19:07:17,101 Epoch 243/500
2025-05-11 19:08:53,759 Current Learning Rate: 0.0005219841
2025-05-11 19:08:53,775 Train Loss: 0.0045169, Val Loss: 0.0049999
2025-05-11 19:08:53,776 Epoch 244/500
2025-05-11 19:10:30,134 Current Learning Rate: 0.0005188451
2025-05-11 19:10:30,150 Train Loss: 0.0044946, Val Loss: 0.0049816
2025-05-11 19:10:30,150 Epoch 245/500
2025-05-11 19:12:06,553 Current Learning Rate: 0.0005157054
2025-05-11 19:12:06,572 Train Loss: 0.0044765, Val Loss: 0.0049674
2025-05-11 19:12:06,573 Epoch 246/500
2025-05-11 19:13:42,619 Current Learning Rate: 0.0005125650
2025-05-11 19:13:42,620 Train Loss: 0.0044669, Val Loss: 0.0049815
2025-05-11 19:13:42,620 Epoch 247/500
2025-05-11 19:15:19,163 Current Learning Rate: 0.0005094242
2025-05-11 19:15:19,192 Train Loss: 0.0044483, Val Loss: 0.0049506
2025-05-11 19:15:19,193 Epoch 248/500
2025-05-11 19:16:56,217 Current Learning Rate: 0.0005062830
2025-05-11 19:16:56,218 Train Loss: 0.0044340, Val Loss: 0.0051296
2025-05-11 19:16:56,218 Epoch 249/500
2025-05-11 19:18:32,610 Current Learning Rate: 0.0005031416
2025-05-11 19:18:32,611 Train Loss: 0.0044233, Val Loss: 0.0050709
2025-05-11 19:18:32,611 Epoch 250/500
2025-05-11 19:20:08,991 Current Learning Rate: 0.0005000000
2025-05-11 19:20:09,009 Saved periodic model at epoch 250 to /jizhicfs/easyluwu/ocean_project/NeurIPS_2025_wuhao/checkpoints/ViT_0511_McWilliams2d_epoch_250.pth
2025-05-11 19:20:09,009 Train Loss: 0.0044096, Val Loss: 0.0049914
2025-05-11 19:20:09,009 Epoch 251/500
2025-05-11 19:21:44,933 Current Learning Rate: 0.0004968584
2025-05-11 19:21:44,950 Train Loss: 0.0043914, Val Loss: 0.0048496
2025-05-11 19:21:44,950 Epoch 252/500
2025-05-11 19:23:21,843 Current Learning Rate: 0.0004937170
2025-05-11 19:23:21,844 Train Loss: 0.0043809, Val Loss: 0.0049125
2025-05-11 19:23:21,844 Epoch 253/500
2025-05-11 19:24:58,972 Current Learning Rate: 0.0004905758
2025-05-11 19:24:58,972 Train Loss: 0.0043690, Val Loss: 0.0049328
2025-05-11 19:24:58,972 Epoch 254/500
2025-05-11 19:26:35,689 Current Learning Rate: 0.0004874350
2025-05-11 19:26:35,690 Train Loss: 0.0043551, Val Loss: 0.0048866
2025-05-11 19:26:35,690 Epoch 255/500
2025-05-11 19:28:11,989 Current Learning Rate: 0.0004842946
2025-05-11 19:28:11,989 Train Loss: 0.0043401, Val Loss: 0.0049249
2025-05-11 19:28:11,990 Epoch 256/500
2025-05-11 19:29:48,258 Current Learning Rate: 0.0004811549
2025-05-11 19:29:48,259 Train Loss: 0.0043339, Val Loss: 0.0048690
2025-05-11 19:29:48,259 Epoch 257/500
2025-05-11 19:31:24,678 Current Learning Rate: 0.0004780159
2025-05-11 19:31:24,692 Train Loss: 0.0043180, Val Loss: 0.0048066
2025-05-11 19:31:24,692 Epoch 258/500
2025-05-11 19:33:00,651 Current Learning Rate: 0.0004748778
2025-05-11 19:33:00,652 Train Loss: 0.0043006, Val Loss: 0.0048715
2025-05-11 19:33:00,652 Epoch 259/500
2025-05-11 19:34:36,151 Current Learning Rate: 0.0004717407
2025-05-11 19:34:36,167 Train Loss: 0.0042930, Val Loss: 0.0047907
2025-05-11 19:34:36,167 Epoch 260/500
2025-05-11 19:36:13,158 Current Learning Rate: 0.0004686047
2025-05-11 19:36:13,159 Train Loss: 0.0042829, Val Loss: 0.0047992
2025-05-11 19:36:13,159 Epoch 261/500
2025-05-11 19:37:49,703 Current Learning Rate: 0.0004654700
2025-05-11 19:37:49,718 Train Loss: 0.0042686, Val Loss: 0.0047636
2025-05-11 19:37:49,718 Epoch 262/500
2025-05-11 19:39:26,310 Current Learning Rate: 0.0004623366
2025-05-11 19:39:26,310 Train Loss: 0.0042605, Val Loss: 0.0048351
2025-05-11 19:39:26,311 Epoch 263/500
2025-05-11 19:41:03,322 Current Learning Rate: 0.0004592047
2025-05-11 19:41:03,338 Train Loss: 0.0042518, Val Loss: 0.0047412
2025-05-11 19:41:03,339 Epoch 264/500
2025-05-11 19:42:39,877 Current Learning Rate: 0.0004560744
2025-05-11 19:42:39,894 Train Loss: 0.0042387, Val Loss: 0.0047205
2025-05-11 19:42:39,894 Epoch 265/500
2025-05-11 19:44:16,832 Current Learning Rate: 0.0004529458
2025-05-11 19:44:16,854 Train Loss: 0.0042313, Val Loss: 0.0046518
2025-05-11 19:44:16,855 Epoch 266/500
2025-05-11 19:45:54,142 Current Learning Rate: 0.0004498191
2025-05-11 19:45:54,143 Train Loss: 0.0042159, Val Loss: 0.0046947
2025-05-11 19:45:54,143 Epoch 267/500
2025-05-11 19:47:31,224 Current Learning Rate: 0.0004466944
2025-05-11 19:47:31,225 Train Loss: 0.0042113, Val Loss: 0.0047874
2025-05-11 19:47:31,225 Epoch 268/500
2025-05-11 19:49:08,358 Current Learning Rate: 0.0004435718
2025-05-11 19:49:08,358 Train Loss: 0.0042018, Val Loss: 0.0047354
2025-05-11 19:49:08,359 Epoch 269/500
2025-05-11 19:50:45,169 Current Learning Rate: 0.0004404514
2025-05-11 19:50:45,169 Train Loss: 0.0041870, Val Loss: 0.0046961
2025-05-11 19:50:45,170 Epoch 270/500
2025-05-11 19:52:21,933 Current Learning Rate: 0.0004373334
2025-05-11 19:52:21,933 Train Loss: 0.0041770, Val Loss: 0.0046616
2025-05-11 19:52:21,934 Epoch 271/500
2025-05-11 19:53:58,291 Current Learning Rate: 0.0004342178
2025-05-11 19:53:58,292 Train Loss: 0.0041739, Val Loss: 0.0047029
2025-05-11 19:53:58,292 Epoch 272/500
2025-05-11 19:55:34,748 Current Learning Rate: 0.0004311049
2025-05-11 19:55:34,748 Train Loss: 0.0041656, Val Loss: 0.0046987
2025-05-11 19:55:34,748 Epoch 273/500
2025-05-11 19:57:11,343 Current Learning Rate: 0.0004279946
2025-05-11 19:57:11,344 Train Loss: 0.0041503, Val Loss: 0.0046815
2025-05-11 19:57:11,344 Epoch 274/500
2025-05-11 19:58:48,748 Current Learning Rate: 0.0004248872
2025-05-11 19:58:48,749 Train Loss: 0.0041426, Val Loss: 0.0046944
2025-05-11 19:58:48,750 Epoch 275/500
2025-05-11 20:00:25,812 Current Learning Rate: 0.0004217828
2025-05-11 20:00:25,832 Train Loss: 0.0041404, Val Loss: 0.0045974
2025-05-11 20:00:25,832 Epoch 276/500
2025-05-11 20:02:02,866 Current Learning Rate: 0.0004186814
2025-05-11 20:02:02,866 Train Loss: 0.0041262, Val Loss: 0.0046500
2025-05-11 20:02:02,867 Epoch 277/500
2025-05-11 20:03:40,134 Current Learning Rate: 0.0004155833
2025-05-11 20:03:40,135 Train Loss: 0.0041164, Val Loss: 0.0046090
2025-05-11 20:03:40,136 Epoch 278/500
2025-05-11 20:05:16,447 Current Learning Rate: 0.0004124885
2025-05-11 20:05:16,448 Train Loss: 0.0041154, Val Loss: 0.0046593
2025-05-11 20:05:16,448 Epoch 279/500
2025-05-11 20:06:53,397 Current Learning Rate: 0.0004093971
2025-05-11 20:06:53,398 Train Loss: 0.0041011, Val Loss: 0.0046467
2025-05-11 20:06:53,398 Epoch 280/500
2025-05-11 20:08:36,205 Current Learning Rate: 0.0004063093
2025-05-11 20:08:36,222 Train Loss: 0.0040953, Val Loss: 0.0045268
2025-05-11 20:08:36,222 Epoch 281/500
2025-05-11 20:10:20,866 Current Learning Rate: 0.0004032253
2025-05-11 20:10:20,867 Train Loss: 0.0040851, Val Loss: 0.0046156
2025-05-11 20:10:20,867 Epoch 282/500
2025-05-11 20:11:45,443 Current Learning Rate: 0.0004001450
2025-05-11 20:11:45,443 Train Loss: 0.0040779, Val Loss: 0.0046033
2025-05-11 20:11:45,444 Epoch 283/500
2025-05-11 20:12:50,034 Current Learning Rate: 0.0003970687
2025-05-11 20:12:50,034 Train Loss: 0.0040706, Val Loss: 0.0045528
2025-05-11 20:12:50,034 Epoch 284/500
2025-05-11 20:13:46,657 Current Learning Rate: 0.0003939964
2025-05-11 20:13:46,674 Train Loss: 0.0040655, Val Loss: 0.0044994
2025-05-11 20:13:46,674 Epoch 285/500
2025-05-11 20:15:00,947 Current Learning Rate: 0.0003909284
2025-05-11 20:15:00,948 Train Loss: 0.0040540, Val Loss: 0.0045899
2025-05-11 20:15:00,948 Epoch 286/500
2025-05-11 20:16:17,581 Current Learning Rate: 0.0003878646
2025-05-11 20:16:17,586 Train Loss: 0.0040525, Val Loss: 0.0045273
2025-05-11 20:16:17,586 Epoch 287/500
2025-05-11 20:17:34,556 Current Learning Rate: 0.0003848053
2025-05-11 20:17:34,557 Train Loss: 0.0040389, Val Loss: 0.0046079
2025-05-11 20:17:34,557 Epoch 288/500
2025-05-11 20:18:51,038 Current Learning Rate: 0.0003817505
2025-05-11 20:18:51,039 Train Loss: 0.0040395, Val Loss: 0.0045521
2025-05-11 20:18:51,039 Epoch 289/500
2025-05-11 20:20:07,979 Current Learning Rate: 0.0003787004
2025-05-11 20:20:07,999 Train Loss: 0.0040196, Val Loss: 0.0044938
2025-05-11 20:20:07,999 Epoch 290/500
2025-05-11 20:21:24,682 Current Learning Rate: 0.0003756551
2025-05-11 20:21:24,683 Train Loss: 0.0040186, Val Loss: 0.0045542
2025-05-11 20:21:24,683 Epoch 291/500
2025-05-11 20:22:41,145 Current Learning Rate: 0.0003726146
2025-05-11 20:22:41,163 Train Loss: 0.0040097, Val Loss: 0.0044666
2025-05-11 20:22:41,163 Epoch 292/500
2025-05-11 20:23:57,177 Current Learning Rate: 0.0003695792
2025-05-11 20:23:57,180 Train Loss: 0.0040087, Val Loss: 0.0045316
2025-05-11 20:23:57,181 Epoch 293/500
2025-05-11 20:25:13,956 Current Learning Rate: 0.0003665490
2025-05-11 20:25:13,957 Train Loss: 0.0039951, Val Loss: 0.0044804
2025-05-11 20:25:13,957 Epoch 294/500
2025-05-11 20:26:30,386 Current Learning Rate: 0.0003635240
2025-05-11 20:26:30,387 Train Loss: 0.0039918, Val Loss: 0.0045187
2025-05-11 20:26:30,387 Epoch 295/500
2025-05-11 20:27:46,816 Current Learning Rate: 0.0003605044
2025-05-11 20:27:46,836 Train Loss: 0.0039852, Val Loss: 0.0044559
2025-05-11 20:27:46,836 Epoch 296/500
2025-05-11 20:29:03,108 Current Learning Rate: 0.0003574904
2025-05-11 20:29:03,109 Train Loss: 0.0039766, Val Loss: 0.0044734
2025-05-11 20:29:03,109 Epoch 297/500
2025-05-11 20:30:19,771 Current Learning Rate: 0.0003544819
2025-05-11 20:30:19,772 Train Loss: 0.0039695, Val Loss: 0.0044860
2025-05-11 20:30:19,772 Epoch 298/500
2025-05-11 20:31:35,621 Current Learning Rate: 0.0003514792
2025-05-11 20:31:35,622 Train Loss: 0.0039656, Val Loss: 0.0044616
2025-05-11 20:31:35,622 Epoch 299/500
2025-05-11 20:32:50,598 Current Learning Rate: 0.0003484824
2025-05-11 20:32:50,599 Train Loss: 0.0039610, Val Loss: 0.0044581
2025-05-11 20:32:50,599 Epoch 300/500
2025-05-11 20:34:04,578 Current Learning Rate: 0.0003454915
2025-05-11 20:34:04,623 Saved periodic model at epoch 300 to /jizhicfs/easyluwu/ocean_project/NeurIPS_2025_wuhao/checkpoints/ViT_0511_McWilliams2d_epoch_300.pth
2025-05-11 20:34:04,623 Train Loss: 0.0039513, Val Loss: 0.0044289
2025-05-11 20:34:04,624 Epoch 301/500
2025-05-11 20:35:18,665 Current Learning Rate: 0.0003425067
2025-05-11 20:35:18,692 Train Loss: 0.0039474, Val Loss: 0.0044027
2025-05-11 20:35:18,692 Epoch 302/500
2025-05-11 20:36:32,350 Current Learning Rate: 0.0003395282
2025-05-11 20:36:32,351 Train Loss: 0.0039386, Val Loss: 0.0044658
2025-05-11 20:36:32,351 Epoch 303/500
2025-05-11 20:37:44,574 Current Learning Rate: 0.0003365560
2025-05-11 20:37:44,593 Train Loss: 0.0039343, Val Loss: 0.0043983
2025-05-11 20:37:44,594 Epoch 304/500
2025-05-11 20:38:56,723 Current Learning Rate: 0.0003335902
2025-05-11 20:38:56,724 Train Loss: 0.0039303, Val Loss: 0.0044832
2025-05-11 20:38:56,724 Epoch 305/500
2025-05-11 20:40:08,891 Current Learning Rate: 0.0003306310
2025-05-11 20:40:08,911 Train Loss: 0.0039199, Val Loss: 0.0043800
2025-05-11 20:40:08,911 Epoch 306/500
2025-05-11 20:41:20,858 Current Learning Rate: 0.0003276785
2025-05-11 20:41:20,859 Train Loss: 0.0039115, Val Loss: 0.0044710
2025-05-11 20:41:20,860 Epoch 307/500
2025-05-11 20:42:35,102 Current Learning Rate: 0.0003247328
2025-05-11 20:42:35,103 Train Loss: 0.0039117, Val Loss: 0.0044052
2025-05-11 20:42:35,103 Epoch 308/500
2025-05-11 20:43:54,985 Current Learning Rate: 0.0003217941
2025-05-11 20:43:54,985 Train Loss: 0.0039017, Val Loss: 0.0044104
2025-05-11 20:43:54,985 Epoch 309/500
2025-05-11 20:45:14,669 Current Learning Rate: 0.0003188623
2025-05-11 20:45:14,688 Train Loss: 0.0038985, Val Loss: 0.0043402
2025-05-11 20:45:14,689 Epoch 310/500
2025-05-11 20:46:34,572 Current Learning Rate: 0.0003159377
2025-05-11 20:46:34,573 Train Loss: 0.0038963, Val Loss: 0.0043487
2025-05-11 20:46:34,573 Epoch 311/500
2025-05-11 20:47:54,473 Current Learning Rate: 0.0003130204
2025-05-11 20:47:54,474 Train Loss: 0.0038865, Val Loss: 0.0043556
2025-05-11 20:47:54,474 Epoch 312/500
2025-05-11 20:49:15,067 Current Learning Rate: 0.0003101105
2025-05-11 20:49:15,069 Train Loss: 0.0038810, Val Loss: 0.0044148
2025-05-11 20:49:15,069 Epoch 313/500
2025-05-11 20:50:35,499 Current Learning Rate: 0.0003072080
2025-05-11 20:50:35,500 Train Loss: 0.0038775, Val Loss: 0.0044050
2025-05-11 20:50:35,501 Epoch 314/500
2025-05-11 20:51:55,000 Current Learning Rate: 0.0003043132
2025-05-11 20:51:55,001 Train Loss: 0.0038749, Val Loss: 0.0043645
2025-05-11 20:51:55,002 Epoch 315/500
2025-05-11 20:53:13,473 Current Learning Rate: 0.0003014261
2025-05-11 20:53:13,474 Train Loss: 0.0038639, Val Loss: 0.0043417
2025-05-11 20:53:13,474 Epoch 316/500
2025-05-11 20:54:32,183 Current Learning Rate: 0.0002985468
2025-05-11 20:54:32,185 Train Loss: 0.0038580, Val Loss: 0.0043545
2025-05-11 20:54:32,185 Epoch 317/500
2025-05-11 20:55:50,611 Current Learning Rate: 0.0002956755
2025-05-11 20:55:50,612 Train Loss: 0.0038553, Val Loss: 0.0043854
2025-05-11 20:55:50,612 Epoch 318/500
2025-05-11 20:57:11,179 Current Learning Rate: 0.0002928122
2025-05-11 20:57:11,285 Train Loss: 0.0038496, Val Loss: 0.0042702
2025-05-11 20:57:11,285 Epoch 319/500
2025-05-11 20:58:31,574 Current Learning Rate: 0.0002899571
2025-05-11 20:58:31,575 Train Loss: 0.0038448, Val Loss: 0.0043295
2025-05-11 20:58:31,575 Epoch 320/500
2025-05-11 20:59:52,663 Current Learning Rate: 0.0002871104
2025-05-11 20:59:52,664 Train Loss: 0.0038428, Val Loss: 0.0043118
2025-05-11 20:59:52,664 Epoch 321/500
2025-05-11 21:01:12,713 Current Learning Rate: 0.0002842720
2025-05-11 21:01:12,714 Train Loss: 0.0038338, Val Loss: 0.0042791
2025-05-11 21:01:12,714 Epoch 322/500
2025-05-11 21:02:33,682 Current Learning Rate: 0.0002814421
2025-05-11 21:02:33,683 Train Loss: 0.0038277, Val Loss: 0.0043113
2025-05-11 21:02:33,684 Epoch 323/500
2025-05-11 21:03:53,921 Current Learning Rate: 0.0002786209
2025-05-11 21:03:53,922 Train Loss: 0.0038249, Val Loss: 0.0043217
2025-05-11 21:03:53,923 Epoch 324/500
2025-05-11 21:05:11,443 Current Learning Rate: 0.0002758084
2025-05-11 21:05:11,443 Train Loss: 0.0038216, Val Loss: 0.0043089
2025-05-11 21:05:11,444 Epoch 325/500
2025-05-11 21:06:28,427 Current Learning Rate: 0.0002730048
2025-05-11 21:06:28,427 Train Loss: 0.0038189, Val Loss: 0.0043206
2025-05-11 21:06:28,428 Epoch 326/500
2025-05-11 21:07:46,524 Current Learning Rate: 0.0002702101
2025-05-11 21:07:46,524 Train Loss: 0.0038102, Val Loss: 0.0043165
2025-05-11 21:07:46,524 Epoch 327/500
2025-05-11 21:08:59,286 Current Learning Rate: 0.0002674245
2025-05-11 21:08:59,287 Train Loss: 0.0038074, Val Loss: 0.0042928
2025-05-11 21:08:59,288 Epoch 328/500
2025-05-11 21:10:12,274 Current Learning Rate: 0.0002646480
2025-05-11 21:10:12,274 Train Loss: 0.0038022, Val Loss: 0.0043567
2025-05-11 21:10:12,275 Epoch 329/500
2025-05-11 21:11:24,055 Current Learning Rate: 0.0002618809
2025-05-11 21:11:24,056 Train Loss: 0.0037987, Val Loss: 0.0042721
2025-05-11 21:11:24,056 Epoch 330/500
2025-05-11 21:12:38,552 Current Learning Rate: 0.0002591232
2025-05-11 21:12:38,569 Train Loss: 0.0037954, Val Loss: 0.0042585
2025-05-11 21:12:38,569 Epoch 331/500
2025-05-11 21:13:52,773 Current Learning Rate: 0.0002563749
2025-05-11 21:13:52,793 Train Loss: 0.0037919, Val Loss: 0.0042537
2025-05-11 21:13:52,794 Epoch 332/500
2025-05-11 21:15:09,085 Current Learning Rate: 0.0002536363
2025-05-11 21:15:09,085 Train Loss: 0.0037824, Val Loss: 0.0043021
2025-05-11 21:15:09,086 Epoch 333/500
2025-05-11 21:16:23,945 Current Learning Rate: 0.0002509074
2025-05-11 21:16:23,964 Train Loss: 0.0037809, Val Loss: 0.0042338
2025-05-11 21:16:23,964 Epoch 334/500
2025-05-11 21:17:37,413 Current Learning Rate: 0.0002481884
2025-05-11 21:17:37,413 Train Loss: 0.0037785, Val Loss: 0.0042975
2025-05-11 21:17:37,414 Epoch 335/500
2025-05-11 21:18:53,622 Current Learning Rate: 0.0002454793
2025-05-11 21:18:53,623 Train Loss: 0.0037730, Val Loss: 0.0042677
2025-05-11 21:18:53,623 Epoch 336/500
2025-05-11 21:20:12,115 Current Learning Rate: 0.0002427802
2025-05-11 21:20:12,153 Train Loss: 0.0037648, Val Loss: 0.0042253
2025-05-11 21:20:12,153 Epoch 337/500
2025-05-11 21:21:31,116 Current Learning Rate: 0.0002400913
2025-05-11 21:21:31,135 Train Loss: 0.0037628, Val Loss: 0.0042173
2025-05-11 21:21:31,135 Epoch 338/500
2025-05-11 21:22:49,128 Current Learning Rate: 0.0002374127
2025-05-11 21:22:49,157 Train Loss: 0.0037564, Val Loss: 0.0041959
2025-05-11 21:22:49,157 Epoch 339/500
2025-05-11 21:24:07,335 Current Learning Rate: 0.0002347444
2025-05-11 21:24:07,350 Train Loss: 0.0037552, Val Loss: 0.0041932
2025-05-11 21:24:07,351 Epoch 340/500
2025-05-11 21:25:28,536 Current Learning Rate: 0.0002320866
2025-05-11 21:25:28,537 Train Loss: 0.0037529, Val Loss: 0.0042074
2025-05-11 21:25:28,538 Epoch 341/500
2025-05-11 21:26:50,574 Current Learning Rate: 0.0002294394
2025-05-11 21:26:50,575 Train Loss: 0.0037447, Val Loss: 0.0042158
2025-05-11 21:26:50,575 Epoch 342/500
2025-05-11 21:28:12,697 Current Learning Rate: 0.0002268028
2025-05-11 21:28:12,697 Train Loss: 0.0037470, Val Loss: 0.0042182
2025-05-11 21:28:12,697 Epoch 343/500
2025-05-11 21:29:34,414 Current Learning Rate: 0.0002241771
2025-05-11 21:29:34,414 Train Loss: 0.0037410, Val Loss: 0.0042133
2025-05-11 21:29:34,415 Epoch 344/500
2025-05-11 21:30:54,595 Current Learning Rate: 0.0002215622
2025-05-11 21:30:54,596 Train Loss: 0.0037368, Val Loss: 0.0042390
2025-05-11 21:30:54,596 Epoch 345/500
2025-05-11 21:32:12,034 Current Learning Rate: 0.0002189583
2025-05-11 21:32:12,035 Train Loss: 0.0037307, Val Loss: 0.0041938
2025-05-11 21:32:12,035 Epoch 346/500
2025-05-11 21:33:28,727 Current Learning Rate: 0.0002163655
2025-05-11 21:33:28,727 Train Loss: 0.0037277, Val Loss: 0.0042072
2025-05-11 21:33:28,728 Epoch 347/500
2025-05-11 21:34:45,156 Current Learning Rate: 0.0002137839
2025-05-11 21:34:45,212 Train Loss: 0.0037287, Val Loss: 0.0041836
2025-05-11 21:34:45,212 Epoch 348/500
2025-05-11 21:36:02,457 Current Learning Rate: 0.0002112136
2025-05-11 21:36:02,458 Train Loss: 0.0037216, Val Loss: 0.0041900
2025-05-11 21:36:02,458 Epoch 349/500
2025-05-11 21:37:19,706 Current Learning Rate: 0.0002086548
2025-05-11 21:37:19,707 Train Loss: 0.0037176, Val Loss: 0.0042207
2025-05-11 21:37:19,707 Epoch 350/500
2025-05-11 21:38:38,638 Current Learning Rate: 0.0002061074
2025-05-11 21:38:38,672 Saved periodic model at epoch 350 to /jizhicfs/easyluwu/ocean_project/NeurIPS_2025_wuhao/checkpoints/ViT_0511_McWilliams2d_epoch_350.pth
2025-05-11 21:38:38,672 Train Loss: 0.0037116, Val Loss: 0.0041800
2025-05-11 21:38:38,672 Epoch 351/500
2025-05-11 21:39:58,322 Current Learning Rate: 0.0002035716
2025-05-11 21:39:58,339 Train Loss: 0.0037088, Val Loss: 0.0041531
2025-05-11 21:39:58,339 Epoch 352/500
2025-05-11 21:41:17,238 Current Learning Rate: 0.0002010475
2025-05-11 21:41:17,262 Train Loss: 0.0037083, Val Loss: 0.0041405
2025-05-11 21:41:17,263 Epoch 353/500
2025-05-11 21:42:36,481 Current Learning Rate: 0.0001985352
2025-05-11 21:42:36,481 Train Loss: 0.0037039, Val Loss: 0.0041689
2025-05-11 21:42:36,481 Epoch 354/500
2025-05-11 21:43:58,257 Current Learning Rate: 0.0001960349
2025-05-11 21:43:58,258 Train Loss: 0.0036991, Val Loss: 0.0042007
2025-05-11 21:43:58,259 Epoch 355/500
2025-05-11 21:45:16,983 Current Learning Rate: 0.0001935465
2025-05-11 21:45:16,983 Train Loss: 0.0036978, Val Loss: 0.0041595
2025-05-11 21:45:16,984 Epoch 356/500
2025-05-11 21:46:33,545 Current Learning Rate: 0.0001910702
2025-05-11 21:46:33,545 Train Loss: 0.0036933, Val Loss: 0.0041610
2025-05-11 21:46:33,546 Epoch 357/500
2025-05-11 21:47:50,094 Current Learning Rate: 0.0001886061
2025-05-11 21:47:50,113 Train Loss: 0.0036867, Val Loss: 0.0041260
2025-05-11 21:47:50,113 Epoch 358/500
2025-05-11 21:49:06,991 Current Learning Rate: 0.0001861543
2025-05-11 21:49:06,991 Train Loss: 0.0036873, Val Loss: 0.0041445
2025-05-11 21:49:06,991 Epoch 359/500
2025-05-11 21:50:23,163 Current Learning Rate: 0.0001837149
2025-05-11 21:50:23,164 Train Loss: 0.0036820, Val Loss: 0.0041789
2025-05-11 21:50:23,166 Epoch 360/500
2025-05-11 21:51:39,344 Current Learning Rate: 0.0001812880
2025-05-11 21:51:39,345 Train Loss: 0.0036825, Val Loss: 0.0041942
2025-05-11 21:51:39,345 Epoch 361/500
2025-05-11 21:52:54,933 Current Learning Rate: 0.0001788737
2025-05-11 21:52:54,934 Train Loss: 0.0036788, Val Loss: 0.0041651
2025-05-11 21:52:54,934 Epoch 362/500
2025-05-11 21:54:08,481 Current Learning Rate: 0.0001764720
2025-05-11 21:54:08,498 Train Loss: 0.0036722, Val Loss: 0.0041202
2025-05-11 21:54:08,499 Epoch 363/500
2025-05-11 21:55:21,759 Current Learning Rate: 0.0001740831
2025-05-11 21:55:21,760 Train Loss: 0.0036690, Val Loss: 0.0041468
2025-05-11 21:55:21,760 Epoch 364/500
2025-05-11 21:56:35,174 Current Learning Rate: 0.0001717071
2025-05-11 21:56:35,174 Train Loss: 0.0036677, Val Loss: 0.0041263
2025-05-11 21:56:35,174 Epoch 365/500
2025-05-11 21:57:49,641 Current Learning Rate: 0.0001693441
2025-05-11 21:57:49,659 Train Loss: 0.0036639, Val Loss: 0.0041139
2025-05-11 21:57:49,659 Epoch 366/500
2025-05-11 21:58:34,840 Current Learning Rate: 0.0001669941
2025-05-11 21:58:34,841 Train Loss: 0.0036601, Val Loss: 0.0041515
2025-05-11 21:58:34,841 Epoch 367/500
2025-05-11 21:59:19,426 Current Learning Rate: 0.0001646572
2025-05-11 21:59:19,427 Train Loss: 0.0036561, Val Loss: 0.0041160
2025-05-11 21:59:19,427 Epoch 368/500
2025-05-11 22:00:05,559 Current Learning Rate: 0.0001623336
2025-05-11 22:00:05,560 Train Loss: 0.0036554, Val Loss: 0.0041512
2025-05-11 22:00:05,560 Epoch 369/500
2025-05-11 22:00:53,237 Current Learning Rate: 0.0001600233
2025-05-11 22:00:53,237 Train Loss: 0.0036497, Val Loss: 0.0041244
2025-05-11 22:00:53,237 Epoch 370/500
2025-05-11 22:01:40,518 Current Learning Rate: 0.0001577264
2025-05-11 22:01:40,519 Train Loss: 0.0036508, Val Loss: 0.0041231
2025-05-11 22:01:40,519 Epoch 371/500
2025-05-11 22:02:27,337 Current Learning Rate: 0.0001554431
2025-05-11 22:02:27,353 Train Loss: 0.0036472, Val Loss: 0.0041055
2025-05-11 22:02:27,354 Epoch 372/500
2025-05-11 22:03:14,522 Current Learning Rate: 0.0001531733
2025-05-11 22:03:14,544 Train Loss: 0.0036412, Val Loss: 0.0040914
2025-05-11 22:03:14,544 Epoch 373/500
2025-05-11 22:04:02,586 Current Learning Rate: 0.0001509173
2025-05-11 22:04:02,586 Train Loss: 0.0036419, Val Loss: 0.0041143
2025-05-11 22:04:02,586 Epoch 374/500
2025-05-11 22:04:50,111 Current Learning Rate: 0.0001486750
2025-05-11 22:04:50,112 Train Loss: 0.0036385, Val Loss: 0.0041048
2025-05-11 22:04:50,112 Epoch 375/500
2025-05-11 22:05:37,141 Current Learning Rate: 0.0001464466
2025-05-11 22:05:37,141 Train Loss: 0.0036345, Val Loss: 0.0041159
2025-05-11 22:05:37,142 Epoch 376/500
2025-05-11 22:06:24,775 Current Learning Rate: 0.0001442322
2025-05-11 22:06:24,776 Train Loss: 0.0036331, Val Loss: 0.0041381
2025-05-11 22:06:24,776 Epoch 377/500
2025-05-11 22:07:12,012 Current Learning Rate: 0.0001420318
2025-05-11 22:07:12,013 Train Loss: 0.0036312, Val Loss: 0.0040993
2025-05-11 22:07:12,013 Epoch 378/500
2025-05-11 22:07:59,277 Current Learning Rate: 0.0001398455
2025-05-11 22:07:59,278 Train Loss: 0.0036269, Val Loss: 0.0041216
2025-05-11 22:07:59,278 Epoch 379/500
2025-05-11 22:08:45,930 Current Learning Rate: 0.0001376734
2025-05-11 22:08:45,931 Train Loss: 0.0036233, Val Loss: 0.0040922
2025-05-11 22:08:45,931 Epoch 380/500
2025-05-11 22:09:32,536 Current Learning Rate: 0.0001355157
2025-05-11 22:09:32,537 Train Loss: 0.0036242, Val Loss: 0.0041014
2025-05-11 22:09:32,537 Epoch 381/500
2025-05-11 22:10:20,032 Current Learning Rate: 0.0001333723
2025-05-11 22:10:20,049 Train Loss: 0.0036204, Val Loss: 0.0040807
2025-05-11 22:10:20,049 Epoch 382/500
2025-05-11 22:11:06,940 Current Learning Rate: 0.0001312434
2025-05-11 22:11:06,941 Train Loss: 0.0036165, Val Loss: 0.0040817
2025-05-11 22:11:06,941 Epoch 383/500
2025-05-11 22:11:53,667 Current Learning Rate: 0.0001291291
2025-05-11 22:11:53,685 Train Loss: 0.0036144, Val Loss: 0.0040686
2025-05-11 22:11:53,685 Epoch 384/500
2025-05-11 22:12:40,781 Current Learning Rate: 0.0001270294
2025-05-11 22:12:40,795 Train Loss: 0.0036140, Val Loss: 0.0040647
2025-05-11 22:12:40,795 Epoch 385/500
2025-05-11 22:13:27,425 Current Learning Rate: 0.0001249445
2025-05-11 22:13:27,425 Train Loss: 0.0036102, Val Loss: 0.0040766
2025-05-11 22:13:27,425 Epoch 386/500
2025-05-11 22:14:14,880 Current Learning Rate: 0.0001228743
2025-05-11 22:14:14,881 Train Loss: 0.0036084, Val Loss: 0.0040961
2025-05-11 22:14:14,881 Epoch 387/500
2025-05-11 22:15:02,596 Current Learning Rate: 0.0001208190
2025-05-11 22:15:03,284 Train Loss: 0.0036092, Val Loss: 0.0040633
2025-05-11 22:15:03,284 Epoch 388/500
2025-05-11 22:15:49,579 Current Learning Rate: 0.0001187787
2025-05-11 22:15:49,580 Train Loss: 0.0036046, Val Loss: 0.0040958
2025-05-11 22:15:49,580 Epoch 389/500
2025-05-11 22:16:35,687 Current Learning Rate: 0.0001167535
2025-05-11 22:16:35,701 Train Loss: 0.0035985, Val Loss: 0.0040496
2025-05-11 22:16:35,701 Epoch 390/500
2025-05-11 22:17:21,911 Current Learning Rate: 0.0001147434
2025-05-11 22:17:21,912 Train Loss: 0.0035991, Val Loss: 0.0040727
2025-05-11 22:17:21,912 Epoch 391/500
2025-05-11 22:18:08,016 Current Learning Rate: 0.0001127485
2025-05-11 22:18:08,017 Train Loss: 0.0035953, Val Loss: 0.0040793
2025-05-11 22:18:08,017 Epoch 392/500
2025-05-11 22:18:55,030 Current Learning Rate: 0.0001107688
2025-05-11 22:18:55,030 Train Loss: 0.0035936, Val Loss: 0.0040642
2025-05-11 22:18:55,030 Epoch 393/500
2025-05-11 22:19:40,525 Current Learning Rate: 0.0001088046
2025-05-11 22:19:40,525 Train Loss: 0.0035911, Val Loss: 0.0040633
2025-05-11 22:19:40,526 Epoch 394/500
2025-05-11 22:20:26,732 Current Learning Rate: 0.0001068558
2025-05-11 22:20:26,753 Train Loss: 0.0035892, Val Loss: 0.0040328
2025-05-11 22:20:26,753 Epoch 395/500
2025-05-11 22:21:09,462 Current Learning Rate: 0.0001049225
2025-05-11 22:21:09,462 Train Loss: 0.0035868, Val Loss: 0.0041031
2025-05-11 22:21:09,463 Epoch 396/500
2025-05-11 22:21:51,901 Current Learning Rate: 0.0001030048
2025-05-11 22:21:51,901 Train Loss: 0.0035840, Val Loss: 0.0040482
2025-05-11 22:21:51,901 Epoch 397/500
2025-05-11 22:22:30,790 Current Learning Rate: 0.0001011028
2025-05-11 22:22:30,791 Train Loss: 0.0035830, Val Loss: 0.0040454
2025-05-11 22:22:30,791 Epoch 398/500
2025-05-11 22:23:10,389 Current Learning Rate: 0.0000992165
2025-05-11 22:23:10,389 Train Loss: 0.0035802, Val Loss: 0.0040465
2025-05-11 22:23:10,390 Epoch 399/500
2025-05-11 22:23:50,838 Current Learning Rate: 0.0000973461
2025-05-11 22:23:50,839 Train Loss: 0.0035794, Val Loss: 0.0040576
2025-05-11 22:23:50,840 Epoch 400/500
2025-05-11 22:24:29,931 Current Learning Rate: 0.0000954915
2025-05-11 22:24:29,952 Saved periodic model at epoch 400 to /jizhicfs/easyluwu/ocean_project/NeurIPS_2025_wuhao/checkpoints/ViT_0511_McWilliams2d_epoch_400.pth
2025-05-11 22:24:29,952 Train Loss: 0.0035772, Val Loss: 0.0040342
2025-05-11 22:24:29,952 Epoch 401/500
2025-05-11 22:25:09,244 Current Learning Rate: 0.0000936529
2025-05-11 22:25:09,245 Train Loss: 0.0035747, Val Loss: 0.0040340
2025-05-11 22:25:09,245 Epoch 402/500
2025-05-11 22:25:48,880 Current Learning Rate: 0.0000918304
2025-05-11 22:25:48,880 Train Loss: 0.0035728, Val Loss: 0.0040511
2025-05-11 22:25:48,881 Epoch 403/500
2025-05-11 22:26:28,039 Current Learning Rate: 0.0000900239
2025-05-11 22:26:28,040 Train Loss: 0.0035705, Val Loss: 0.0040330
2025-05-11 22:26:28,040 Epoch 404/500
2025-05-11 22:27:07,521 Current Learning Rate: 0.0000882337
2025-05-11 22:27:07,546 Train Loss: 0.0035681, Val Loss: 0.0040322
2025-05-11 22:27:07,546 Epoch 405/500
2025-05-11 22:27:46,983 Current Learning Rate: 0.0000864597
2025-05-11 22:27:46,983 Train Loss: 0.0035655, Val Loss: 0.0040387
2025-05-11 22:27:46,984 Epoch 406/500
2025-05-11 22:28:26,444 Current Learning Rate: 0.0000847021
2025-05-11 22:28:26,460 Train Loss: 0.0035642, Val Loss: 0.0040208
2025-05-11 22:28:26,461 Epoch 407/500
2025-05-11 22:29:06,576 Current Learning Rate: 0.0000829608
2025-05-11 22:29:06,591 Train Loss: 0.0035624, Val Loss: 0.0040149
2025-05-11 22:29:06,592 Epoch 408/500
2025-05-11 22:29:46,595 Current Learning Rate: 0.0000812360
2025-05-11 22:29:46,596 Train Loss: 0.0035599, Val Loss: 0.0040191
2025-05-11 22:29:46,596 Epoch 409/500
2025-05-11 22:30:25,659 Current Learning Rate: 0.0000795277
2025-05-11 22:30:25,660 Train Loss: 0.0035576, Val Loss: 0.0040347
2025-05-11 22:30:25,660 Epoch 410/500
2025-05-11 22:31:04,714 Current Learning Rate: 0.0000778360
2025-05-11 22:31:04,732 Train Loss: 0.0035583, Val Loss: 0.0040113
2025-05-11 22:31:04,732 Epoch 411/500
2025-05-11 22:31:43,474 Current Learning Rate: 0.0000761610
2025-05-11 22:31:43,475 Train Loss: 0.0035541, Val Loss: 0.0040122
2025-05-11 22:31:43,475 Epoch 412/500
2025-05-11 22:32:22,419 Current Learning Rate: 0.0000745028
2025-05-11 22:32:22,437 Train Loss: 0.0035530, Val Loss: 0.0040071
2025-05-11 22:32:22,437 Epoch 413/500
2025-05-11 22:33:01,242 Current Learning Rate: 0.0000728613
2025-05-11 22:33:01,243 Train Loss: 0.0035518, Val Loss: 0.0040225
2025-05-11 22:33:01,243 Epoch 414/500
2025-05-11 22:33:40,079 Current Learning Rate: 0.0000712367
2025-05-11 22:33:40,080 Train Loss: 0.0035499, Val Loss: 0.0040338
2025-05-11 22:33:40,080 Epoch 415/500
2025-05-11 22:34:19,147 Current Learning Rate: 0.0000696290
2025-05-11 22:34:19,164 Train Loss: 0.0035486, Val Loss: 0.0040037
2025-05-11 22:34:19,165 Epoch 416/500
2025-05-11 22:34:58,021 Current Learning Rate: 0.0000680383
2025-05-11 22:34:58,022 Train Loss: 0.0035457, Val Loss: 0.0040121
2025-05-11 22:34:58,022 Epoch 417/500
2025-05-11 22:35:37,023 Current Learning Rate: 0.0000664646
2025-05-11 22:35:37,024 Train Loss: 0.0035446, Val Loss: 0.0040376
2025-05-11 22:35:37,024 Epoch 418/500
2025-05-11 22:36:16,040 Current Learning Rate: 0.0000649081
2025-05-11 22:36:16,040 Train Loss: 0.0035427, Val Loss: 0.0040051
2025-05-11 22:36:16,040 Epoch 419/500
2025-05-11 22:36:54,892 Current Learning Rate: 0.0000633688
2025-05-11 22:36:54,907 Train Loss: 0.0035434, Val Loss: 0.0039893
2025-05-11 22:36:54,908 Epoch 420/500
2025-05-11 22:37:33,977 Current Learning Rate: 0.0000618467
2025-05-11 22:37:33,995 Train Loss: 0.0035396, Val Loss: 0.0039827
2025-05-11 22:37:33,995 Epoch 421/500
2025-05-11 22:38:12,982 Current Learning Rate: 0.0000603418
2025-05-11 22:38:12,983 Train Loss: 0.0035386, Val Loss: 0.0040210
2025-05-11 22:38:12,983 Epoch 422/500
2025-05-11 22:38:52,632 Current Learning Rate: 0.0000588544
2025-05-11 22:38:52,633 Train Loss: 0.0035364, Val Loss: 0.0040056
2025-05-11 22:38:52,633 Epoch 423/500
2025-05-11 22:39:32,519 Current Learning Rate: 0.0000573843
2025-05-11 22:39:32,519 Train Loss: 0.0035348, Val Loss: 0.0040018
2025-05-11 22:39:32,519 Epoch 424/500
2025-05-11 22:40:12,616 Current Learning Rate: 0.0000559318
2025-05-11 22:40:12,617 Train Loss: 0.0035346, Val Loss: 0.0040018
2025-05-11 22:40:12,617 Epoch 425/500
2025-05-11 22:40:52,120 Current Learning Rate: 0.0000544967
2025-05-11 22:40:52,135 Train Loss: 0.0035329, Val Loss: 0.0039714
2025-05-11 22:40:52,136 Epoch 426/500
2025-05-11 22:41:32,037 Current Learning Rate: 0.0000530793
2025-05-11 22:41:32,038 Train Loss: 0.0035303, Val Loss: 0.0039869
2025-05-11 22:41:32,038 Epoch 427/500
2025-05-11 22:42:10,924 Current Learning Rate: 0.0000516795
2025-05-11 22:42:10,925 Train Loss: 0.0035288, Val Loss: 0.0039940
2025-05-11 22:42:10,925 Epoch 428/500
2025-05-11 22:42:50,209 Current Learning Rate: 0.0000502974
2025-05-11 22:42:50,209 Train Loss: 0.0035283, Val Loss: 0.0039812
2025-05-11 22:42:50,209 Epoch 429/500
2025-05-11 22:43:29,501 Current Learning Rate: 0.0000489330
2025-05-11 22:43:29,502 Train Loss: 0.0035272, Val Loss: 0.0040004
2025-05-11 22:43:29,502 Epoch 430/500
2025-05-11 22:44:08,288 Current Learning Rate: 0.0000475865
2025-05-11 22:44:08,289 Train Loss: 0.0035261, Val Loss: 0.0039792
2025-05-11 22:44:08,289 Epoch 431/500
2025-05-11 22:44:47,418 Current Learning Rate: 0.0000462578
2025-05-11 22:44:47,419 Train Loss: 0.0035247, Val Loss: 0.0039863
2025-05-11 22:44:47,419 Epoch 432/500
2025-05-11 22:45:26,716 Current Learning Rate: 0.0000449470
2025-05-11 22:45:26,717 Train Loss: 0.0035223, Val Loss: 0.0039927
2025-05-11 22:45:26,717 Epoch 433/500
2025-05-11 22:46:06,363 Current Learning Rate: 0.0000436542
2025-05-11 22:46:06,364 Train Loss: 0.0035224, Val Loss: 0.0039963
2025-05-11 22:46:06,364 Epoch 434/500
2025-05-11 22:46:46,555 Current Learning Rate: 0.0000423794
2025-05-11 22:46:46,556 Train Loss: 0.0035206, Val Loss: 0.0039796
2025-05-11 22:46:46,556 Epoch 435/500
2025-05-11 22:47:26,722 Current Learning Rate: 0.0000411227
2025-05-11 22:47:26,722 Train Loss: 0.0035188, Val Loss: 0.0039756
2025-05-11 22:47:26,723 Epoch 436/500
2025-05-11 22:48:06,977 Current Learning Rate: 0.0000398841
2025-05-11 22:48:06,977 Train Loss: 0.0035183, Val Loss: 0.0039897
2025-05-11 22:48:06,978 Epoch 437/500
2025-05-11 22:48:47,299 Current Learning Rate: 0.0000386636
2025-05-11 22:48:47,300 Train Loss: 0.0035171, Val Loss: 0.0039867
2025-05-11 22:48:47,300 Epoch 438/500
2025-05-11 22:49:27,216 Current Learning Rate: 0.0000374614
2025-05-11 22:49:27,216 Train Loss: 0.0035150, Val Loss: 0.0039883
2025-05-11 22:49:27,217 Epoch 439/500
2025-05-11 22:50:07,424 Current Learning Rate: 0.0000362774
2025-05-11 22:50:07,445 Train Loss: 0.0035143, Val Loss: 0.0039647
2025-05-11 22:50:07,445 Epoch 440/500
2025-05-11 22:50:47,635 Current Learning Rate: 0.0000351118
2025-05-11 22:50:47,635 Train Loss: 0.0035137, Val Loss: 0.0039687
2025-05-11 22:50:47,635 Epoch 441/500
2025-05-11 22:51:27,684 Current Learning Rate: 0.0000339644
2025-05-11 22:51:27,685 Train Loss: 0.0035118, Val Loss: 0.0039845
2025-05-11 22:51:27,685 Epoch 442/500
2025-05-11 22:52:07,760 Current Learning Rate: 0.0000328355
2025-05-11 22:52:07,760 Train Loss: 0.0035107, Val Loss: 0.0039792
2025-05-11 22:52:07,761 Epoch 443/500
2025-05-11 22:52:47,472 Current Learning Rate: 0.0000317251
2025-05-11 22:52:47,473 Train Loss: 0.0035096, Val Loss: 0.0039668
2025-05-11 22:52:47,474 Epoch 444/500
2025-05-11 22:53:27,581 Current Learning Rate: 0.0000306331
2025-05-11 22:53:27,581 Train Loss: 0.0035091, Val Loss: 0.0039840
2025-05-11 22:53:27,582 Epoch 445/500
2025-05-11 22:54:07,812 Current Learning Rate: 0.0000295596
2025-05-11 22:54:07,813 Train Loss: 0.0035076, Val Loss: 0.0039678
2025-05-11 22:54:07,813 Epoch 446/500
2025-05-11 22:54:47,928 Current Learning Rate: 0.0000285047
2025-05-11 22:54:47,928 Train Loss: 0.0035069, Val Loss: 0.0039687
2025-05-11 22:54:47,928 Epoch 447/500
2025-05-11 22:55:28,301 Current Learning Rate: 0.0000274685
2025-05-11 22:55:28,302 Train Loss: 0.0035055, Val Loss: 0.0039755
2025-05-11 22:55:28,303 Epoch 448/500
2025-05-11 22:56:08,508 Current Learning Rate: 0.0000264508
2025-05-11 22:56:08,525 Train Loss: 0.0035047, Val Loss: 0.0039539
2025-05-11 22:56:08,525 Epoch 449/500
2025-05-11 22:56:48,959 Current Learning Rate: 0.0000254519
2025-05-11 22:56:48,960 Train Loss: 0.0035037, Val Loss: 0.0039666
2025-05-11 22:56:48,960 Epoch 450/500
2025-05-11 22:57:29,386 Current Learning Rate: 0.0000244717
2025-05-11 22:57:29,403 Saved periodic model at epoch 450 to /jizhicfs/easyluwu/ocean_project/NeurIPS_2025_wuhao/checkpoints/ViT_0511_McWilliams2d_epoch_450.pth
2025-05-11 22:57:29,403 Train Loss: 0.0035027, Val Loss: 0.0039747
2025-05-11 22:57:29,403 Epoch 451/500
2025-05-11 22:58:09,797 Current Learning Rate: 0.0000235103
2025-05-11 22:58:09,798 Train Loss: 0.0035021, Val Loss: 0.0039545
2025-05-11 22:58:09,798 Epoch 452/500
2025-05-11 22:58:50,019 Current Learning Rate: 0.0000225677
2025-05-11 22:58:50,019 Train Loss: 0.0035012, Val Loss: 0.0039681
2025-05-11 22:58:50,020 Epoch 453/500
2025-05-11 22:59:30,437 Current Learning Rate: 0.0000216440
2025-05-11 22:59:30,438 Train Loss: 0.0035000, Val Loss: 0.0039660
2025-05-11 22:59:30,438 Epoch 454/500
2025-05-11 23:00:10,516 Current Learning Rate: 0.0000207391
2025-05-11 23:00:10,516 Train Loss: 0.0034996, Val Loss: 0.0039595
2025-05-11 23:00:10,517 Epoch 455/500
2025-05-11 23:00:50,351 Current Learning Rate: 0.0000198532
2025-05-11 23:00:50,370 Train Loss: 0.0034987, Val Loss: 0.0039530
2025-05-11 23:00:50,371 Epoch 456/500
2025-05-11 23:01:29,468 Current Learning Rate: 0.0000189862
2025-05-11 23:01:29,470 Train Loss: 0.0034981, Val Loss: 0.0039645
2025-05-11 23:01:29,470 Epoch 457/500
2025-05-11 23:02:08,593 Current Learning Rate: 0.0000181382
2025-05-11 23:02:08,593 Train Loss: 0.0034965, Val Loss: 0.0039567
2025-05-11 23:02:08,594 Epoch 458/500
2025-05-11 23:02:47,727 Current Learning Rate: 0.0000173092
2025-05-11 23:02:47,728 Train Loss: 0.0034959, Val Loss: 0.0039649
2025-05-11 23:02:47,729 Epoch 459/500
2025-05-11 23:03:26,771 Current Learning Rate: 0.0000164993
2025-05-11 23:03:26,772 Train Loss: 0.0034953, Val Loss: 0.0039574
2025-05-11 23:03:26,772 Epoch 460/500
2025-05-11 23:04:05,919 Current Learning Rate: 0.0000157084
2025-05-11 23:04:05,919 Train Loss: 0.0034944, Val Loss: 0.0039555
2025-05-11 23:04:05,920 Epoch 461/500
2025-05-11 23:04:45,016 Current Learning Rate: 0.0000149367
2025-05-11 23:04:45,017 Train Loss: 0.0034943, Val Loss: 0.0039581
2025-05-11 23:04:45,017 Epoch 462/500
2025-05-11 23:05:23,835 Current Learning Rate: 0.0000141841
2025-05-11 23:05:23,836 Train Loss: 0.0034935, Val Loss: 0.0039613
2025-05-11 23:05:23,837 Epoch 463/500
2025-05-11 23:06:02,856 Current Learning Rate: 0.0000134507
2025-05-11 23:06:04,167 Train Loss: 0.0034925, Val Loss: 0.0039516
2025-05-11 23:06:04,167 Epoch 464/500
2025-05-11 23:06:43,106 Current Learning Rate: 0.0000127366
2025-05-11 23:06:43,107 Train Loss: 0.0034918, Val Loss: 0.0039588
2025-05-11 23:06:43,108 Epoch 465/500
2025-05-11 23:07:22,228 Current Learning Rate: 0.0000120416
2025-05-11 23:07:22,245 Train Loss: 0.0034910, Val Loss: 0.0039433
2025-05-11 23:07:22,246 Epoch 466/500
2025-05-11 23:08:01,574 Current Learning Rate: 0.0000113659
2025-05-11 23:08:01,576 Train Loss: 0.0034906, Val Loss: 0.0039553
2025-05-11 23:08:01,576 Epoch 467/500
2025-05-11 23:08:41,608 Current Learning Rate: 0.0000107095
2025-05-11 23:08:41,609 Train Loss: 0.0034897, Val Loss: 0.0039509
2025-05-11 23:08:41,609 Epoch 468/500
2025-05-11 23:09:21,086 Current Learning Rate: 0.0000100725
2025-05-11 23:09:21,087 Train Loss: 0.0034896, Val Loss: 0.0039525
2025-05-11 23:09:21,087 Epoch 469/500
2025-05-11 23:09:59,960 Current Learning Rate: 0.0000094547
2025-05-11 23:09:59,961 Train Loss: 0.0034888, Val Loss: 0.0039461
2025-05-11 23:09:59,961 Epoch 470/500
2025-05-11 23:10:39,020 Current Learning Rate: 0.0000088564
2025-05-11 23:10:39,035 Train Loss: 0.0034879, Val Loss: 0.0039419
2025-05-11 23:10:39,035 Epoch 471/500
2025-05-11 23:11:17,672 Current Learning Rate: 0.0000082774
2025-05-11 23:11:17,673 Train Loss: 0.0034874, Val Loss: 0.0039528
2025-05-11 23:11:17,673 Epoch 472/500
2025-05-11 23:11:56,690 Current Learning Rate: 0.0000077178
2025-05-11 23:11:56,691 Train Loss: 0.0034869, Val Loss: 0.0039566
2025-05-11 23:11:56,692 Epoch 473/500
2025-05-11 23:12:35,964 Current Learning Rate: 0.0000071777
2025-05-11 23:12:35,964 Train Loss: 0.0034865, Val Loss: 0.0039535
2025-05-11 23:12:35,965 Epoch 474/500
2025-05-11 23:13:14,912 Current Learning Rate: 0.0000066570
2025-05-11 23:13:14,913 Train Loss: 0.0034860, Val Loss: 0.0039465
2025-05-11 23:13:14,914 Epoch 475/500
2025-05-11 23:13:53,723 Current Learning Rate: 0.0000061558
2025-05-11 23:13:53,723 Train Loss: 0.0034855, Val Loss: 0.0039559
2025-05-11 23:13:53,724 Epoch 476/500
2025-05-11 23:14:32,743 Current Learning Rate: 0.0000056741
2025-05-11 23:14:32,744 Train Loss: 0.0034851, Val Loss: 0.0039472
2025-05-11 23:14:32,744 Epoch 477/500
2025-05-11 23:15:11,505 Current Learning Rate: 0.0000052119
2025-05-11 23:15:11,506 Train Loss: 0.0034847, Val Loss: 0.0039474
2025-05-11 23:15:11,506 Epoch 478/500
2025-05-11 23:15:50,333 Current Learning Rate: 0.0000047693
2025-05-11 23:15:50,334 Train Loss: 0.0034841, Val Loss: 0.0039471
2025-05-11 23:15:50,334 Epoch 479/500
2025-05-11 23:16:28,994 Current Learning Rate: 0.0000043462
2025-05-11 23:16:28,995 Train Loss: 0.0034839, Val Loss: 0.0039514
2025-05-11 23:16:28,995 Epoch 480/500
2025-05-11 23:17:08,008 Current Learning Rate: 0.0000039426
2025-05-11 23:17:08,008 Train Loss: 0.0034835, Val Loss: 0.0039569
2025-05-11 23:17:08,009 Epoch 481/500
2025-05-11 23:17:47,410 Current Learning Rate: 0.0000035587
2025-05-11 23:17:47,410 Train Loss: 0.0034831, Val Loss: 0.0039422
2025-05-11 23:17:47,411 Epoch 482/500
2025-05-11 23:18:26,918 Current Learning Rate: 0.0000031943
2025-05-11 23:18:26,918 Train Loss: 0.0034828, Val Loss: 0.0039500
2025-05-11 23:18:26,919 Epoch 483/500
2025-05-11 23:19:06,731 Current Learning Rate: 0.0000028496
2025-05-11 23:19:06,731 Train Loss: 0.0034824, Val Loss: 0.0039469
2025-05-11 23:19:06,732 Epoch 484/500
2025-05-11 23:19:46,659 Current Learning Rate: 0.0000025245
2025-05-11 23:19:46,676 Train Loss: 0.0034823, Val Loss: 0.0039406
2025-05-11 23:19:46,676 Epoch 485/500
2025-05-11 23:20:26,554 Current Learning Rate: 0.0000022190
2025-05-11 23:20:26,555 Train Loss: 0.0034818, Val Loss: 0.0039441
2025-05-11 23:20:26,555 Epoch 486/500
2025-05-11 23:21:06,602 Current Learning Rate: 0.0000019332
2025-05-11 23:21:06,602 Train Loss: 0.0034817, Val Loss: 0.0039464
2025-05-11 23:21:06,602 Epoch 487/500
2025-05-11 23:21:46,590 Current Learning Rate: 0.0000016670
2025-05-11 23:21:46,591 Train Loss: 0.0034813, Val Loss: 0.0039446
2025-05-11 23:21:46,591 Epoch 488/500
2025-05-11 23:22:27,197 Current Learning Rate: 0.0000014205
2025-05-11 23:22:27,198 Train Loss: 0.0034812, Val Loss: 0.0039424
2025-05-11 23:22:27,198 Epoch 489/500
2025-05-11 23:23:07,498 Current Learning Rate: 0.0000011937
2025-05-11 23:23:07,499 Train Loss: 0.0034809, Val Loss: 0.0039452
2025-05-11 23:23:07,500 Epoch 490/500
2025-05-11 23:23:47,768 Current Learning Rate: 0.0000009866
2025-05-11 23:23:47,769 Train Loss: 0.0034807, Val Loss: 0.0039412
2025-05-11 23:23:47,769 Epoch 491/500
2025-05-11 23:24:27,917 Current Learning Rate: 0.0000007992
2025-05-11 23:24:27,918 Train Loss: 0.0034805, Val Loss: 0.0039434
2025-05-11 23:24:27,919 Epoch 492/500
2025-05-11 23:25:08,172 Current Learning Rate: 0.0000006315
2025-05-11 23:25:08,173 Train Loss: 0.0034802, Val Loss: 0.0039437
2025-05-11 23:25:08,173 Epoch 493/500
2025-05-11 23:25:48,155 Current Learning Rate: 0.0000004835
2025-05-11 23:25:48,156 Train Loss: 0.0034801, Val Loss: 0.0039420
2025-05-11 23:25:48,156 Epoch 494/500
2025-05-11 23:26:28,438 Current Learning Rate: 0.0000003553
2025-05-11 23:26:28,439 Train Loss: 0.0034800, Val Loss: 0.0039429
2025-05-11 23:26:28,439 Epoch 495/500
2025-05-11 23:27:08,045 Current Learning Rate: 0.0000002467
2025-05-11 23:27:08,046 Train Loss: 0.0034798, Val Loss: 0.0039456
2025-05-11 23:27:08,046 Epoch 496/500
2025-05-11 23:27:48,436 Current Learning Rate: 0.0000001579
2025-05-11 23:27:48,436 Train Loss: 0.0034798, Val Loss: 0.0039435
2025-05-11 23:27:48,437 Epoch 497/500
2025-05-11 23:28:28,497 Current Learning Rate: 0.0000000888
2025-05-11 23:28:28,497 Train Loss: 0.0034797, Val Loss: 0.0039424
2025-05-11 23:28:28,498 Epoch 498/500
2025-05-11 23:29:08,653 Current Learning Rate: 0.0000000395
2025-05-11 23:29:08,654 Train Loss: 0.0034796, Val Loss: 0.0039425
2025-05-11 23:29:08,654 Epoch 499/500
2025-05-11 23:29:48,270 Current Learning Rate: 0.0000000099
2025-05-11 23:29:48,271 Train Loss: 0.0034795, Val Loss: 0.0039426
2025-05-11 23:29:48,271 Epoch 500/500
2025-05-11 23:30:27,556 Current Learning Rate: 0.0000000000
2025-05-11 23:30:27,581 Saved periodic model at epoch 500 to /jizhicfs/easyluwu/ocean_project/NeurIPS_2025_wuhao/checkpoints/ViT_0511_McWilliams2d_epoch_500.pth
2025-05-11 23:30:27,581 Train Loss: 0.0034795, Val Loss: 0.0039425
